Using pre-set license
Built from '2022.3/staging' branch; Version is '2022.3.13f1 (5f90a5ebde0f) revision 6262949'; Using compiler version '192829333'; Build Type 'Release'
OS: 'Windows 11  (10.0.22631) 64bit Professional' Language: 'ja' Physical Memory: 32560 MB
BatchMode: 1, IsHumanControllingUs: 0, StartBugReporterOnCrash: 0, Is64bit: 1, IsPro: 1

COMMAND LINE ARGUMENTS:
C:\Program Files\Unity\Hub\Editor\2022.3.13f1\Editor\Unity.exe
-adb2
-batchMode
-noUpm
-name
AssetImportWorker15
-projectPath
C:/Users/fko2347054/Documents/GitHub/TimeAttackDungeon/TimeAttackDungeon
-logFile
Logs/AssetImportWorker15.log
-srvPort
57157
Successfully changed project path to: C:/Users/fko2347054/Documents/GitHub/TimeAttackDungeon/TimeAttackDungeon
C:/Users/fko2347054/Documents/GitHub/TimeAttackDungeon/TimeAttackDungeon
[UnityMemory] Configuration Parameters - Can be set up in boot.config
    "memorysetup-bucket-allocator-granularity=16"
    "memorysetup-bucket-allocator-bucket-count=8"
    "memorysetup-bucket-allocator-block-size=33554432"
    "memorysetup-bucket-allocator-block-count=8"
    "memorysetup-main-allocator-block-size=16777216"
    "memorysetup-thread-allocator-block-size=16777216"
    "memorysetup-gfx-main-allocator-block-size=16777216"
    "memorysetup-gfx-thread-allocator-block-size=16777216"
    "memorysetup-cache-allocator-block-size=4194304"
    "memorysetup-typetree-allocator-block-size=2097152"
    "memorysetup-profiler-bucket-allocator-granularity=16"
    "memorysetup-profiler-bucket-allocator-bucket-count=8"
    "memorysetup-profiler-bucket-allocator-block-size=33554432"
    "memorysetup-profiler-bucket-allocator-block-count=8"
    "memorysetup-profiler-allocator-block-size=16777216"
    "memorysetup-profiler-editor-allocator-block-size=1048576"
    "memorysetup-temp-allocator-size-main=16777216"
    "memorysetup-job-temp-allocator-block-size=2097152"
    "memorysetup-job-temp-allocator-block-size-background=1048576"
    "memorysetup-job-temp-allocator-reduction-small-platforms=262144"
    "memorysetup-allocator-temp-initial-block-size-main=262144"
    "memorysetup-allocator-temp-initial-block-size-worker=262144"
    "memorysetup-temp-allocator-size-background-worker=32768"
    "memorysetup-temp-allocator-size-job-worker=262144"
    "memorysetup-temp-allocator-size-preload-manager=33554432"
    "memorysetup-temp-allocator-size-nav-mesh-worker=65536"
    "memorysetup-temp-allocator-size-audio-worker=65536"
    "memorysetup-temp-allocator-size-cloud-worker=32768"
    "memorysetup-temp-allocator-size-gi-baking-worker=262144"
    "memorysetup-temp-allocator-size-gfx=262144"
Player connection [32092] Host "[IP] 172.18.33.112 [Port] 0 [Flags] 2 [Guid] 490936989 [EditorId] 490936989 [Version] 1048832 [Id] WindowsEditor(7,FIC-PCROOM3C-12) [Debug] 1 [PackageName] WindowsEditor [ProjectName] Editor" joined multi-casting on [225.0.0.222:54997]...

Player connection [32092] Host "[IP] 172.18.33.112 [Port] 0 [Flags] 2 [Guid] 490936989 [EditorId] 490936989 [Version] 1048832 [Id] WindowsEditor(7,FIC-PCROOM3C-12) [Debug] 1 [PackageName] WindowsEditor [ProjectName] Editor" joined alternative multi-casting on [225.0.0.222:34997]...

[Physics::Module] Initialized MultithreadedJobDispatcher with 19 workers.
Refreshing native plugins compatible for Editor in 4.53 ms, found 3 plugins.
Preloading 0 native plugins for Editor in 0.00 ms.
Initialize engine version: 2022.3.13f1 (5f90a5ebde0f)
[Subsystems] Discovering subsystems at path C:/Program Files/Unity/Hub/Editor/2022.3.13f1/Editor/Data/Resources/UnitySubsystems
[Subsystems] Discovering subsystems at path C:/Users/fko2347054/Documents/GitHub/TimeAttackDungeon/TimeAttackDungeon/Assets
GfxDevice: creating device client; threaded=0; jobified=0
Direct3D:
    Version:  Direct3D 11.0 [level 11.1]
    Renderer: NVIDIA GeForce RTX 3070 (ID=0x2488)
    Vendor:   NVIDIA
    VRAM:     8018 MB
    Driver:   31.0.15.5168
Initialize mono
Mono path[0] = 'C:/Program Files/Unity/Hub/Editor/2022.3.13f1/Editor/Data/Managed'
Mono path[1] = 'C:/Program Files/Unity/Hub/Editor/2022.3.13f1/Editor/Data/MonoBleedingEdge/lib/mono/unityjit-win32'
Mono config path = 'C:/Program Files/Unity/Hub/Editor/2022.3.13f1/Editor/Data/MonoBleedingEdge/etc'
Using monoOptions --debugger-agent=transport=dt_socket,embedding=1,server=y,suspend=n,address=127.0.0.1:56172
Begin MonoManager ReloadAssembly
Registering precompiled unity dll's ...
Register platform support module: C:/Program Files/Unity/Hub/Editor/2022.3.13f1/Editor/Data/PlaybackEngines/WebGLSupport/UnityEditor.WebGL.Extensions.dll
Register platform support module: C:/Program Files/Unity/Hub/Editor/2022.3.13f1/Editor/Data/PlaybackEngines/WindowsStandaloneSupport/UnityEditor.WindowsStandalone.Extensions.dll
Registered in 0.004801 seconds.
- Loaded All Assemblies, in  0.261 seconds
Native extension for WindowsStandalone target not found
Native extension for WebGL target not found
Mono: successfully reloaded assembly
- Finished resetting the current domain, in  0.179 seconds
Domain Reload Profiling: 439ms
	BeginReloadAssembly (78ms)
		ExecutionOrderSort (0ms)
		DisableScriptedObjects (0ms)
		BackupInstance (0ms)
		ReleaseScriptingObjects (0ms)
		CreateAndSetChildDomain (1ms)
	RebuildCommonClasses (24ms)
	RebuildNativeTypeToScriptingClass (8ms)
	initialDomainReloadingComplete (44ms)
	LoadAllAssembliesAndSetupDomain (106ms)
		LoadAssemblies (77ms)
		RebuildTransferFunctionScriptingTraits (0ms)
		AnalyzeDomain (104ms)
			TypeCache.Refresh (103ms)
				TypeCache.ScanAssembly (93ms)
			ScanForSourceGeneratedMonoScriptInfo (0ms)
			ResolveRequiredComponents (0ms)
	FinalizeReload (179ms)
		ReleaseScriptCaches (0ms)
		RebuildScriptCaches (0ms)
		SetupLoadedEditorAssemblies (138ms)
			LogAssemblyErrors (0ms)
			InitializePlatformSupportModulesInManaged (7ms)
			SetLoadedEditorAssemblies (4ms)
			RefreshPlugins (0ms)
			BeforeProcessingInitializeOnLoad (2ms)
			ProcessInitializeOnLoadAttributes (91ms)
			ProcessInitializeOnLoadMethodAttributes (34ms)
			AfterProcessingInitializeOnLoad (0ms)
			EditorAssembliesLoaded (0ms)
		ExecutionOrderSort2 (0ms)
		AwakeInstancesAfterBackupRestoration (0ms)
========================================================================
Worker process is ready to serve import requests
Begin MonoManager ReloadAssembly
- Loaded All Assemblies, in  0.432 seconds
Refreshing native plugins compatible for Editor in 1.39 ms, found 3 plugins.
Native extension for WindowsStandalone target not found
Native extension for WebGL target not found
Package Manager log level set to [2]
[Package Manager] Server::EnsureServerProcessIsRunning -- launch failed, reason: Unity was launched with the -noUpm command-line argument
[Package Manager] UpmClient::Send -- Unable to send message (not connected to UPM process).
[Package Manager] Cannot connect to Unity Package Manager local server
Mono: successfully reloaded assembly
- Finished resetting the current domain, in  0.474 seconds
Domain Reload Profiling: 905ms
	BeginReloadAssembly (106ms)
		ExecutionOrderSort (0ms)
		DisableScriptedObjects (3ms)
		BackupInstance (0ms)
		ReleaseScriptingObjects (0ms)
		CreateAndSetChildDomain (14ms)
	RebuildCommonClasses (28ms)
	RebuildNativeTypeToScriptingClass (7ms)
	initialDomainReloadingComplete (29ms)
	LoadAllAssembliesAndSetupDomain (261ms)
		LoadAssemblies (212ms)
		RebuildTransferFunctionScriptingTraits (0ms)
		AnalyzeDomain (114ms)
			TypeCache.Refresh (101ms)
				TypeCache.ScanAssembly (91ms)
			ScanForSourceGeneratedMonoScriptInfo (10ms)
			ResolveRequiredComponents (2ms)
	FinalizeReload (474ms)
		ReleaseScriptCaches (0ms)
		RebuildScriptCaches (0ms)
		SetupLoadedEditorAssemblies (382ms)
			LogAssemblyErrors (0ms)
			InitializePlatformSupportModulesInManaged (4ms)
			SetLoadedEditorAssemblies (3ms)
			RefreshPlugins (0ms)
			BeforeProcessingInitializeOnLoad (38ms)
			ProcessInitializeOnLoadAttributes (320ms)
			ProcessInitializeOnLoadMethodAttributes (13ms)
			AfterProcessingInitializeOnLoad (4ms)
			EditorAssembliesLoaded (0ms)
		ExecutionOrderSort2 (0ms)
		AwakeInstancesAfterBackupRestoration (4ms)
Launched and connected shader compiler UnityShaderCompiler.exe after 0.03 seconds
Refreshing native plugins compatible for Editor in 2.40 ms, found 3 plugins.
Preloading 0 native plugins for Editor in 0.00 ms.
Unloading 3168 Unused Serialized files (Serialized files now loaded: 0)
Unloading 37 unused Assets / (1.9 MB). Loaded Objects now: 3657.
Memory consumption went from 141.5 MB to 139.6 MB.
Total: 3.155400 ms (FindLiveObjects: 0.201400 ms CreateObjectMapping: 0.097800 ms MarkObjects: 2.331400 ms  DeleteObjects: 0.522900 ms)

AssetImportParameters requested are different than current active one (requested -> active):
  custom:container-demuxer-ogg: 62fdf1f143b41e24485cea50d1cbac27 -> 
  custom:video-codec-MediaFoundation-h265: 746d11721c4dcdbdad8f713fa42b33f4 -> 
  custom:video-decoder-ogg-theora: a1e56fd34408186e4bbccfd4996cb3dc -> 
  custom:framework-win-MediaFoundation: 216162199b28c13a410421893ffa2e32 -> 
  custom:CustomObjectIndexerAttribute: 756ad292c208cfabdd7b50bc23989ffe -> 
  custom:container-demuxer-webm: 4f35f7cbe854078d1ac9338744f61a02 -> 
  custom:container-muxer-webm: aa71ff27fc2769a1b78a27578f13a17b -> 
  custom:video-decoder-webm-vp8: 9c59270c3fd7afecdb556c50c9e8de78 -> 
  custom:SearchIndexIgnoredProperties: e643bd26f0fe6173181afceb89e7c659 -> 
  custom:AudioImporter_EditorPlatform: d09bf68614088b80899f8185d706f6e7 -> 
  custom:video-encoder-webm-vp8: eb34c28f22e8b96e1ab97ce403110664 -> 
  custom:audio-decoder-ogg-vorbis: bf7c407c2cedff20999df2af8eb42d56 -> 
  custom:audio-encoder-webm-vorbis: bf7c407c2cedff20999df2af8eb42d56 -> 
========================================================================
Received Import Request.
  Time since last request: 1045008.590109 seconds.
  path: Assets/Cartoon Heroes/Male/Textures/Torsos/Torso_1/Male_Torso_1_Normals.tga
  artifactKey: Guid(28cb9d7c7f5470d4d98b38102298557e) Importer(815301076,1909f56bfc062723c751e8b465ee728b)
Start importing Assets/Cartoon Heroes/Male/Textures/Torsos/Torso_1/Male_Torso_1_Normals.tga using Guid(28cb9d7c7f5470d4d98b38102298557e) Importer(815301076,1909f56bfc062723c751e8b465ee728b)  -> (artifact id: '220037b8f57969ef36146eb618f2156a') in 0.082668 seconds
Number of updated asset objects reloaded before import = 0
Number of asset objects unloaded after import = 2
========================================================================
Received Import Request.
  Time since last request: 0.000022 seconds.
  path: Assets/Cartoon Heroes/Male/Textures/Torsos/Torso_2/Male_Torso_2_Yellow.tga
  artifactKey: Guid(137731f5878a0854888461fe5d956de8) Importer(815301076,1909f56bfc062723c751e8b465ee728b)
Start importing Assets/Cartoon Heroes/Male/Textures/Torsos/Torso_2/Male_Torso_2_Yellow.tga using Guid(137731f5878a0854888461fe5d956de8) Importer(815301076,1909f56bfc062723c751e8b465ee728b)  -> (artifact id: 'ca3a26d8bc558a32a5d1e8b9a9e0e8b7') in 0.019589 seconds
Number of updated asset objects reloaded before import = 0
Number of asset objects unloaded after import = 2
========================================================================
Received Import Request.
  Time since last request: 0.000480 seconds.
  path: Assets/Cartoon Heroes/Male/Textures/Torsos/Torso_3/Male_Torso_3_Skin.tga
  artifactKey: Guid(9c939e5100b9c0041bac3454eeedf307) Importer(815301076,1909f56bfc062723c751e8b465ee728b)
Start importing Assets/Cartoon Heroes/Male/Textures/Torsos/Torso_3/Male_Torso_3_Skin.tga using Guid(9c939e5100b9c0041bac3454eeedf307) Importer(815301076,1909f56bfc062723c751e8b465ee728b)  -> (artifact id: '5474f6c0a6906b2c68b223fce242f6e1') in 0.017008 seconds
Number of updated asset objects reloaded before import = 0
Number of asset objects unloaded after import = 2
========================================================================
Received Import Request.
  Time since last request: 0.267286 seconds.
  path: Assets/com/heparo/terrain/toolkit/editor/resources/Model_00_Visual.png
  artifactKey: Guid(f074983037d8b2d4fbeb64396a539e48) Importer(815301076,1909f56bfc062723c751e8b465ee728b)
Start importing Assets/com/heparo/terrain/toolkit/editor/resources/Model_00_Visual.png using Guid(f074983037d8b2d4fbeb64396a539e48) Importer(815301076,1909f56bfc062723c751e8b465ee728b)  -> (artifact id: 'a21192db7071ae8377dfcb44eb6ce89a') in 0.024128 seconds
Number of updated asset objects reloaded before import = 0
Number of asset objects unloaded after import = 2
========================================================================
Received Import Request.
  Time since last request: 0.000017 seconds.
  path: Assets/com/heparo/terrain/toolkit/editor/resources/Model_04_Visual.png
  artifactKey: Guid(9ef6524050dfd1c4c9536504aa2048ba) Importer(815301076,1909f56bfc062723c751e8b465ee728b)
Start importing Assets/com/heparo/terrain/toolkit/editor/resources/Model_04_Visual.png using Guid(9ef6524050dfd1c4c9536504aa2048ba) Importer(815301076,1909f56bfc062723c751e8b465ee728b)  -> (artifact id: 'a12396eeea33f395317634232b96c519') in 0.013859 seconds
Number of updated asset objects reloaded before import = 0
Number of asset objects unloaded after import = 2
========================================================================
Received Import Request.
  Time since last request: 0.000217 seconds.
  path: Assets/com/heparo/terrain/toolkit/editor/resources/modelBackground.png
  artifactKey: Guid(797a6a7a9d8e4624fa3db25d5c9588b2) Importer(815301076,1909f56bfc062723c751e8b465ee728b)
Start importing Assets/com/heparo/terrain/toolkit/editor/resources/modelBackground.png using Guid(797a6a7a9d8e4624fa3db25d5c9588b2) Importer(815301076,1909f56bfc062723c751e8b465ee728b)  -> (artifact id: 'f5a8d77c2ae08adcb5f4b548ea4c7363') in 0.008047 seconds
Number of updated asset objects reloaded before import = 0
Number of asset objects unloaded after import = 2
========================================================================
Received Import Request.
  Time since last request: 0.842667 seconds.
  path: Assets/Simple Modular Dungeon/Components/Texture Maps/ModularDungeonSeperatedMaterials_Book Binding (Book Variation 002)_Metallic.png
  artifactKey: Guid(9e62eda20b1cfae4d91fb3bbe045fac4) Importer(815301076,1909f56bfc062723c751e8b465ee728b)
Start importing Assets/Simple Modular Dungeon/Components/Texture Maps/ModularDungeonSeperatedMaterials_Book Binding (Book Variation 002)_Metallic.png using Guid(9e62eda20b1cfae4d91fb3bbe045fac4) Importer(815301076,1909f56bfc062723c751e8b465ee728b)  -> (artifact id: '0af660510db2df6a92e913ef1b25027c') in 0.010443 seconds
Number of updated asset objects reloaded before import = 0
Number of asset objects unloaded after import = 2
========================================================================
Received Import Request.
  Time since last request: 31.602766 seconds.
  path: Assets/Fabgrid/Textures/PaintButtonIcon.png
  artifactKey: Guid(9067063fd763985498a291b766ded209) Importer(815301076,1909f56bfc062723c751e8b465ee728b)
Start importing Assets/Fabgrid/Textures/PaintButtonIcon.png using Guid(9067063fd763985498a291b766ded209) Importer(815301076,1909f56bfc062723c751e8b465ee728b)  -> (artifact id: '369c431b4ea94a13120047d9f3911185') in 0.023781 seconds
Number of updated asset objects reloaded before import = 0
Number of asset objects unloaded after import = 2
========================================================================
Received Import Request.
  Time since last request: 0.000054 seconds.
  path: Assets/com/heparo/terrain/toolkit/editor/resources/redToYellow.png
  artifactKey: Guid(19d7a08c94f38a94aab708e669bdfea0) Importer(815301076,1909f56bfc062723c751e8b465ee728b)
Start importing Assets/com/heparo/terrain/toolkit/editor/resources/redToYellow.png using Guid(19d7a08c94f38a94aab708e669bdfea0) Importer(815301076,1909f56bfc062723c751e8b465ee728b)  -> (artifact id: '811c683b5591076437c01bb5cab080a5') in 0.018829 seconds
Number of updated asset objects reloaded before import = 0
Number of asset objects unloaded after import = 2
========================================================================
Received Import Request.
  Time since last request: 0.000015 seconds.
  path: Assets/com/heparo/terrain/toolkit/editor/resources/slopeStop1.png
  artifactKey: Guid(76fd504bf8b40eb4181f2156ff1b8450) Importer(815301076,1909f56bfc062723c751e8b465ee728b)
Start importing Assets/com/heparo/terrain/toolkit/editor/resources/slopeStop1.png using Guid(76fd504bf8b40eb4181f2156ff1b8450) Importer(815301076,1909f56bfc062723c751e8b465ee728b)  -> (artifact id: '73bfeb796c325db9e30ecb86c04d165a') in 0.014920 seconds
Number of updated asset objects reloaded before import = 0
Number of asset objects unloaded after import = 2
========================================================================
Received Import Request.
  Time since last request: 0.290785 seconds.
  path: Assets/Cartoon Heroes/Weapons/Sword_1/Textures/Sword_1_Gray.tga
  artifactKey: Guid(8cc3253390b424946a0fad6625b9f049) Importer(815301076,1909f56bfc062723c751e8b465ee728b)
Start importing Assets/Cartoon Heroes/Weapons/Sword_1/Textures/Sword_1_Gray.tga using Guid(8cc3253390b424946a0fad6625b9f049) Importer(815301076,1909f56bfc062723c751e8b465ee728b)  -> (artifact id: '2718da2731d02f3c363412b9ac4520ab') in 0.021400 seconds
Number of updated asset objects reloaded before import = 0
Number of asset objects unloaded after import = 2
========================================================================
Received Import Request.
  Time since last request: 0.002202 seconds.
  path: Assets/Cartoon Heroes/Weapons/Sword_2/Textures/Sword_2_Yellow.tga
  artifactKey: Guid(2ed8b252901990943a7204bea91cadb4) Importer(815301076,1909f56bfc062723c751e8b465ee728b)
Start importing Assets/Cartoon Heroes/Weapons/Sword_2/Textures/Sword_2_Yellow.tga using Guid(2ed8b252901990943a7204bea91cadb4) Importer(815301076,1909f56bfc062723c751e8b465ee728b)  -> (artifact id: '31853ab8dcb8d3feae2314faf480605d') in 0.032019 seconds
Number of updated asset objects reloaded before import = 0
Number of asset objects unloaded after import = 2
========================================================================
Received Import Request.
  Time since last request: 0.002318 seconds.
  path: Assets/Cartoon Heroes/Weapons/Sword_4/Textures/Sword_4_Gray.tga
  artifactKey: Guid(708e9f5cf5ec14e47a05b9878e7f199e) Importer(815301076,1909f56bfc062723c751e8b465ee728b)
Start importing Assets/Cartoon Heroes/Weapons/Sword_4/Textures/Sword_4_Gray.tga using Guid(708e9f5cf5ec14e47a05b9878e7f199e) Importer(815301076,1909f56bfc062723c751e8b465ee728b)  -> (artifact id: '55f4347feaa16c4b55a9ab1d19b806a8') in 0.019914 seconds
Number of updated asset objects reloaded before import = 0
Number of asset objects unloaded after import = 2
========================================================================
Received Import Request.
  Time since last request: 0.000015 seconds.
  path: Assets/com/heparo/terrain/toolkit/documentation/images/tertoolkit_manual_002.jpg
  artifactKey: Guid(925b5274972e96f42a829e045e012e61) Importer(815301076,1909f56bfc062723c751e8b465ee728b)
Start importing Assets/com/heparo/terrain/toolkit/documentation/images/tertoolkit_manual_002.jpg using Guid(925b5274972e96f42a829e045e012e61) Importer(815301076,1909f56bfc062723c751e8b465ee728b)  -> (artifact id: '0fff5cb0eefe3117970a97b501d376ab') in 0.019553 seconds
Number of updated asset objects reloaded before import = 0
Number of asset objects unloaded after import = 2
========================================================================
Received Import Request.
  Time since last request: 0.729758 seconds.
  path: Assets/com/heparo/terrain/toolkit/documentation/images/tertoolkit_manual_003.jpg
  artifactKey: Guid(348fb3d2268f6104c9a66889ba2b13f0) Importer(815301076,1909f56bfc062723c751e8b465ee728b)
Start importing Assets/com/heparo/terrain/toolkit/documentation/images/tertoolkit_manual_003.jpg using Guid(348fb3d2268f6104c9a66889ba2b13f0) Importer(815301076,1909f56bfc062723c751e8b465ee728b)  -> (artifact id: '32cb9b9ecbb884786c70446cf0805287') in 0.026525 seconds
Number of updated asset objects reloaded before import = 0
Number of asset objects unloaded after import = 2
========================================================================
Received Import Request.
  Time since last request: 0.000015 seconds.
  path: Assets/com/heparo/terrain/toolkit/documentation/images/tertoolkit_manual_009.jpg
  artifactKey: Guid(95bcd824149870343bbfbede3b13ebc3) Importer(815301076,1909f56bfc062723c751e8b465ee728b)
Start importing Assets/com/heparo/terrain/toolkit/documentation/images/tertoolkit_manual_009.jpg using Guid(95bcd824149870343bbfbede3b13ebc3) Importer(815301076,1909f56bfc062723c751e8b465ee728b)  -> (artifact id: 'e3eda65bb8019007f022f0bc34fc2603') in 0.015599 seconds
Number of updated asset objects reloaded before import = 0
Number of asset objects unloaded after import = 2
========================================================================
Received Import Request.
  Time since last request: 0.082828 seconds.
  path: Assets/com/heparo/terrain/toolkit/documentation/images/tertoolkit_manual_013.jpg
  artifactKey: Guid(26e1b8ddd34831d4ca8a197cc984bd39) Importer(815301076,1909f56bfc062723c751e8b465ee728b)
Start importing Assets/com/heparo/terrain/toolkit/documentation/images/tertoolkit_manual_013.jpg using Guid(26e1b8ddd34831d4ca8a197cc984bd39) Importer(815301076,1909f56bfc062723c751e8b465ee728b)  -> (artifact id: '84189d630ec5d523e9852950af26a1b9') in 0.040416 seconds
Number of updated asset objects reloaded before import = 0
Number of asset objects unloaded after import = 2
========================================================================
Received Import Request.
  Time since last request: 0.000015 seconds.
  path: Assets/com/heparo/terrain/toolkit/documentation/images/tertoolkit_manual_022.jpg
  artifactKey: Guid(4931ba360d34cb144ab7ef68427d0354) Importer(815301076,1909f56bfc062723c751e8b465ee728b)
Start importing Assets/com/heparo/terrain/toolkit/documentation/images/tertoolkit_manual_022.jpg using Guid(4931ba360d34cb144ab7ef68427d0354) Importer(815301076,1909f56bfc062723c751e8b465ee728b)  -> (artifact id: '2e22e6fc170e9a762e24ccf169d42d91') in 0.015905 seconds
Number of updated asset objects reloaded before import = 0
Number of asset objects unloaded after import = 2
========================================================================
Received Import Request.
  Time since last request: 0.000029 seconds.
  path: Assets/com/heparo/terrain/toolkit/documentation/images/tertoolkit_manual_018.jpg
  artifactKey: Guid(f70fd539b9746ac48ac156850fb16989) Importer(815301076,1909f56bfc062723c751e8b465ee728b)
Start importing Assets/com/heparo/terrain/toolkit/documentation/images/tertoolkit_manual_018.jpg using Guid(f70fd539b9746ac48ac156850fb16989) Importer(815301076,1909f56bfc062723c751e8b465ee728b)  -> (artifact id: '55f4b931a7a32a5891c4de71686063fd') in 0.014523 seconds
Number of updated asset objects reloaded before import = 0
Number of asset objects unloaded after import = 2
========================================================================
Received Import Request.
  Time since last request: 0.546523 seconds.
  path: Assets/com/heparo/terrain/toolkit/editor/resources/white.png
  artifactKey: Guid(e572f7873d1a58a49ab991e53fba71e8) Importer(815301076,1909f56bfc062723c751e8b465ee728b)
Start importing Assets/com/heparo/terrain/toolkit/editor/resources/white.png using Guid(e572f7873d1a58a49ab991e53fba71e8) Importer(815301076,1909f56bfc062723c751e8b465ee728b)  -> (artifact id: 'cc29c86ab66dcd578b97487ad3d3f773') in 0.021464 seconds
Number of updated asset objects reloaded before import = 0
Number of asset objects unloaded after import = 2
Editor requested this worker to shutdown with reason: Scaling down because of idle timeout
TcpMessagingSession - receive error: operation aborted. errorcode: 995, details: スレッドの終了またはアプリケーションの要求によって、I/O 処理は中止されました。
AssetImportWorker is now disconnected from the server
Process exiting
Exiting without the bug reporter. Application will terminate with return code 0