Using pre-set license
Built from '2022.3/staging' branch; Version is '2022.3.13f1 (5f90a5ebde0f) revision 6262949'; Using compiler version '192829333'; Build Type 'Release'
OS: 'Windows 11  (10.0.22631) 64bit Professional' Language: 'ja' Physical Memory: 32560 MB
BatchMode: 1, IsHumanControllingUs: 0, StartBugReporterOnCrash: 0, Is64bit: 1, IsPro: 1

COMMAND LINE ARGUMENTS:
C:\Program Files\Unity\Hub\Editor\2022.3.13f1\Editor\Unity.exe
-adb2
-batchMode
-noUpm
-name
AssetImportWorker21
-projectPath
C:/Users/fko2347054/Documents/GitHub/TimeAttackDungeon/TimeAttackDungeon
-logFile
Logs/AssetImportWorker21.log
-srvPort
57157
Successfully changed project path to: C:/Users/fko2347054/Documents/GitHub/TimeAttackDungeon/TimeAttackDungeon
C:/Users/fko2347054/Documents/GitHub/TimeAttackDungeon/TimeAttackDungeon
[UnityMemory] Configuration Parameters - Can be set up in boot.config
    "memorysetup-bucket-allocator-granularity=16"
    "memorysetup-bucket-allocator-bucket-count=8"
    "memorysetup-bucket-allocator-block-size=33554432"
    "memorysetup-bucket-allocator-block-count=8"
    "memorysetup-main-allocator-block-size=16777216"
    "memorysetup-thread-allocator-block-size=16777216"
    "memorysetup-gfx-main-allocator-block-size=16777216"
    "memorysetup-gfx-thread-allocator-block-size=16777216"
    "memorysetup-cache-allocator-block-size=4194304"
    "memorysetup-typetree-allocator-block-size=2097152"
    "memorysetup-profiler-bucket-allocator-granularity=16"
    "memorysetup-profiler-bucket-allocator-bucket-count=8"
    "memorysetup-profiler-bucket-allocator-block-size=33554432"
    "memorysetup-profiler-bucket-allocator-block-count=8"
    "memorysetup-profiler-allocator-block-size=16777216"
    "memorysetup-profiler-editor-allocator-block-size=1048576"
    "memorysetup-temp-allocator-size-main=16777216"
    "memorysetup-job-temp-allocator-block-size=2097152"
    "memorysetup-job-temp-allocator-block-size-background=1048576"
    "memorysetup-job-temp-allocator-reduction-small-platforms=262144"
    "memorysetup-allocator-temp-initial-block-size-main=262144"
    "memorysetup-allocator-temp-initial-block-size-worker=262144"
    "memorysetup-temp-allocator-size-background-worker=32768"
    "memorysetup-temp-allocator-size-job-worker=262144"
    "memorysetup-temp-allocator-size-preload-manager=33554432"
    "memorysetup-temp-allocator-size-nav-mesh-worker=65536"
    "memorysetup-temp-allocator-size-audio-worker=65536"
    "memorysetup-temp-allocator-size-cloud-worker=32768"
    "memorysetup-temp-allocator-size-gi-baking-worker=262144"
    "memorysetup-temp-allocator-size-gfx=262144"
Player connection [55380] Host "[IP] 172.18.33.112 [Port] 0 [Flags] 2 [Guid] 3398048509 [EditorId] 3398048509 [Version] 1048832 [Id] WindowsEditor(7,FIC-PCROOM3C-12) [Debug] 1 [PackageName] WindowsEditor [ProjectName] Editor" joined multi-casting on [225.0.0.222:54997]...

Player connection [55380] Host "[IP] 172.18.33.112 [Port] 0 [Flags] 2 [Guid] 3398048509 [EditorId] 3398048509 [Version] 1048832 [Id] WindowsEditor(7,FIC-PCROOM3C-12) [Debug] 1 [PackageName] WindowsEditor [ProjectName] Editor" joined alternative multi-casting on [225.0.0.222:34997]...

[Physics::Module] Initialized MultithreadedJobDispatcher with 19 workers.
Refreshing native plugins compatible for Editor in 4.37 ms, found 3 plugins.
Preloading 0 native plugins for Editor in 0.00 ms.
Initialize engine version: 2022.3.13f1 (5f90a5ebde0f)
[Subsystems] Discovering subsystems at path C:/Program Files/Unity/Hub/Editor/2022.3.13f1/Editor/Data/Resources/UnitySubsystems
[Subsystems] Discovering subsystems at path C:/Users/fko2347054/Documents/GitHub/TimeAttackDungeon/TimeAttackDungeon/Assets
GfxDevice: creating device client; threaded=0; jobified=0
Direct3D:
    Version:  Direct3D 11.0 [level 11.1]
    Renderer: NVIDIA GeForce RTX 3070 (ID=0x2488)
    Vendor:   NVIDIA
    VRAM:     8018 MB
    Driver:   31.0.15.5168
Initialize mono
Mono path[0] = 'C:/Program Files/Unity/Hub/Editor/2022.3.13f1/Editor/Data/Managed'
Mono path[1] = 'C:/Program Files/Unity/Hub/Editor/2022.3.13f1/Editor/Data/MonoBleedingEdge/lib/mono/unityjit-win32'
Mono config path = 'C:/Program Files/Unity/Hub/Editor/2022.3.13f1/Editor/Data/MonoBleedingEdge/etc'
Using monoOptions --debugger-agent=transport=dt_socket,embedding=1,server=y,suspend=n,address=127.0.0.1:56728
Begin MonoManager ReloadAssembly
Registering precompiled unity dll's ...
Register platform support module: C:/Program Files/Unity/Hub/Editor/2022.3.13f1/Editor/Data/PlaybackEngines/WebGLSupport/UnityEditor.WebGL.Extensions.dll
Register platform support module: C:/Program Files/Unity/Hub/Editor/2022.3.13f1/Editor/Data/PlaybackEngines/WindowsStandaloneSupport/UnityEditor.WindowsStandalone.Extensions.dll
Registered in 0.004594 seconds.
- Loaded All Assemblies, in  0.247 seconds
Native extension for WindowsStandalone target not found
Native extension for WebGL target not found
Mono: successfully reloaded assembly
- Finished resetting the current domain, in  0.189 seconds
Domain Reload Profiling: 436ms
	BeginReloadAssembly (72ms)
		ExecutionOrderSort (0ms)
		DisableScriptedObjects (0ms)
		BackupInstance (0ms)
		ReleaseScriptingObjects (0ms)
		CreateAndSetChildDomain (1ms)
	RebuildCommonClasses (24ms)
	RebuildNativeTypeToScriptingClass (7ms)
	initialDomainReloadingComplete (39ms)
	LoadAllAssembliesAndSetupDomain (105ms)
		LoadAssemblies (71ms)
		RebuildTransferFunctionScriptingTraits (0ms)
		AnalyzeDomain (104ms)
			TypeCache.Refresh (103ms)
				TypeCache.ScanAssembly (94ms)
			ScanForSourceGeneratedMonoScriptInfo (0ms)
			ResolveRequiredComponents (0ms)
	FinalizeReload (190ms)
		ReleaseScriptCaches (0ms)
		RebuildScriptCaches (0ms)
		SetupLoadedEditorAssemblies (147ms)
			LogAssemblyErrors (0ms)
			InitializePlatformSupportModulesInManaged (6ms)
			SetLoadedEditorAssemblies (4ms)
			RefreshPlugins (0ms)
			BeforeProcessingInitializeOnLoad (2ms)
			ProcessInitializeOnLoadAttributes (93ms)
			ProcessInitializeOnLoadMethodAttributes (42ms)
			AfterProcessingInitializeOnLoad (0ms)
			EditorAssembliesLoaded (0ms)
		ExecutionOrderSort2 (0ms)
		AwakeInstancesAfterBackupRestoration (0ms)
========================================================================
Worker process is ready to serve import requests
Begin MonoManager ReloadAssembly
- Loaded All Assemblies, in  0.412 seconds
Refreshing native plugins compatible for Editor in 1.54 ms, found 3 plugins.
Native extension for WindowsStandalone target not found
Native extension for WebGL target not found
Package Manager log level set to [2]
[Package Manager] Server::EnsureServerProcessIsRunning -- launch failed, reason: Unity was launched with the -noUpm command-line argument
[Package Manager] UpmClient::Send -- Unable to send message (not connected to UPM process).
[Package Manager] Cannot connect to Unity Package Manager local server
Mono: successfully reloaded assembly
- Finished resetting the current domain, in  0.487 seconds
Domain Reload Profiling: 898ms
	BeginReloadAssembly (98ms)
		ExecutionOrderSort (0ms)
		DisableScriptedObjects (4ms)
		BackupInstance (0ms)
		ReleaseScriptingObjects (0ms)
		CreateAndSetChildDomain (15ms)
	RebuildCommonClasses (26ms)
	RebuildNativeTypeToScriptingClass (7ms)
	initialDomainReloadingComplete (26ms)
	LoadAllAssembliesAndSetupDomain (254ms)
		LoadAssemblies (188ms)
		RebuildTransferFunctionScriptingTraits (0ms)
		AnalyzeDomain (122ms)
			TypeCache.Refresh (107ms)
				TypeCache.ScanAssembly (97ms)
			ScanForSourceGeneratedMonoScriptInfo (10ms)
			ResolveRequiredComponents (5ms)
	FinalizeReload (487ms)
		ReleaseScriptCaches (0ms)
		RebuildScriptCaches (0ms)
		SetupLoadedEditorAssemblies (391ms)
			LogAssemblyErrors (0ms)
			InitializePlatformSupportModulesInManaged (4ms)
			SetLoadedEditorAssemblies (4ms)
			RefreshPlugins (0ms)
			BeforeProcessingInitializeOnLoad (38ms)
			ProcessInitializeOnLoadAttributes (327ms)
			ProcessInitializeOnLoadMethodAttributes (15ms)
			AfterProcessingInitializeOnLoad (4ms)
			EditorAssembliesLoaded (0ms)
		ExecutionOrderSort2 (0ms)
		AwakeInstancesAfterBackupRestoration (5ms)
Launched and connected shader compiler UnityShaderCompiler.exe after 0.04 seconds
Refreshing native plugins compatible for Editor in 2.44 ms, found 3 plugins.
Preloading 0 native plugins for Editor in 0.00 ms.
Unloading 3103 Unused Serialized files (Serialized files now loaded: 0)
Unloading 31 unused Assets / (29.6 KB). Loaded Objects now: 3603.
Memory consumption went from 142.6 MB to 142.6 MB.
Total: 2.825800 ms (FindLiveObjects: 0.291600 ms CreateObjectMapping: 0.178300 ms MarkObjects: 2.289500 ms  DeleteObjects: 0.064600 ms)

AssetImportParameters requested are different than current active one (requested -> active):
  custom:scripting/monoscript/fileName/Layer.cs: 28a9c15f2a2c53f65b28c92f54dbfbf9 -> 
  custom:scripting/monoscript/fileName/Category.cs: 3006d49d98db14b84aa65f2d09f1fc1e -> 
  custom:container-demuxer-ogg: 62fdf1f143b41e24485cea50d1cbac27 -> 
  custom:scripting/monoscript/fileName/Tool.cs: be099936d815189850597d589554409d -> 
  custom:scripting/monoscript/fileName/SelectionBox.cs: 731349e70fefdccf4a36d5cb0174ed16 -> 
  custom:scripting/monoscript/fileName/EraserPositionCalculator.cs: 4b8435a1abe38a6d71eeab699266d91b -> 
  custom:scripting/monoscript/fileName/Vector3Extensions.cs: e23141a9c3b911db5103025af5f1d1d3 -> 
  custom:video-codec-MediaFoundation-h265: 746d11721c4dcdbdad8f713fa42b33f4 -> 
  custom:scripting/monoscript/fileName/ToolPanelFactory.cs: 915c954fc2bfddf33b75b96de2566034 -> 
  custom:video-decoder-ogg-theora: a1e56fd34408186e4bbccfd4996cb3dc -> 
  custom:scripting/monoscript/fileName/VisualElementUtility.cs: 6f6e44d1ff7e3764ae212c768ef7a852 -> 
  custom:scripting/monoscript/fileName/Tilemap3D.cs: 0ef5190a7595674db45317b82974ae5e -> 
  custom:framework-win-MediaFoundation: 216162199b28c13a410421893ffa2e32 -> 
  custom:scripting/monoscript/fileName/FabgridHelpWindow.cs: aa519309a2347494c947590dd62d95a0 -> 
  custom:scripting/monoscript/fileName/Tilemap3DEditor.cs: cd00767e77b37927147e4a8913c930c8 -> 
  custom:scripting/monoscript/fileName/RemoveCategoryPopup.cs: 43c06d0eb2db254b508c640e70dc0b61 -> 
  custom:scripting/monoscript/fileName/TilePreviewRenderer.cs: 889a81fc16d8c2b74de30c604b576944 -> 
  custom:scripting/monoscript/fileName/LayerPanel.cs: c369fc5f8c5fa61d1a3ddb22255222d5 -> 
  custom:scripting/monoscript/fileName/SerializableDictionary.cs: 90647cc400823b41df847a6cbfc29026 -> 
  custom:scripting/monoscript/fileName/RectangleTool.cs: d6a1cda47ca34a0deb8854b34cb7d56c -> 918735360672870f95e0d13d8e122888
  custom:scripting/monoscript/fileName/TileRotator.cs: 45b90f0e8b0e8c7ccd158ab15371bf96 -> 
  custom:CustomObjectIndexerAttribute: 756ad292c208cfabdd7b50bc23989ffe -> 
  custom:scripting/monoscript/fileName/AddTile.cs: c202c1646b6e84aa7c89509968f987b0 -> 
  custom:scripting/monoscript/fileName/Configurate.cs: aef6edf58567c6f4a31ca0192a4a3cf4 -> 
  custom:scripting/monoscript/fileName/Paint.cs: a2fa6711b59db0ad07806bd55a243b3e -> 
  custom:scripting/monoscript/fileName/DrawingUtility.cs: 6442c30645f446ca00fa13f1c5db854d -> 
  custom:container-demuxer-webm: 4f35f7cbe854078d1ac9338744f61a02 -> 
  custom:scripting/monoscript/fileName/Brush.cs: 18d5959673a7cd996af46e46b605cd90 -> 
  custom:scripting/monoscript/fileName/Panel.cs: 1745f5cac944ce672f8a621b05a5fc83 -> 
  custom:scripting/monoscript/fileName/ToolFactory.cs: 3ef5cfa0b7b32db2d6de2dbc04fec70e -> 
  custom:scripting/monoscript/fileName/EditTilePopup.cs: c0b3e206bd8ef04872910b9efa46d3b2 -> 
  custom:scripting/monoscript/fileName/AddCategoryPopup.cs: 4a5af658d2ab388fd7bf02ad6e2fe420 -> 
  custom:scripting/monoscript/fileName/FabgridUtility.cs: 1cc3f6cf1d7cd6d1ab1012c7205a53a2 -> 
  custom:scripting/monoscript/fileName/BrushToolPanel.cs: 9709265a949dd0344579f1e7c1a1982c -> 
  custom:container-muxer-webm: aa71ff27fc2769a1b78a27578f13a17b -> 
  custom:scripting/monoscript/fileName/FabgridRaycaster.cs: be4e76468e2b7423cd7bce3c2c097c42 -> 
  custom:scripting/monoscript/fileName/EventHandler.cs: 5e7303d4e2b10b5e728d2f4fd3b372ee -> 
  custom:video-decoder-webm-vp8: 9c59270c3fd7afecdb556c50c9e8de78 -> 
  custom:scripting/monoscript/fileName/FloorTilePositionCalculator.cs: afc7112b63883492d5c2e8ea3289ef10 -> 
  custom:scripting/monoscript/fileName/Batching.cs: 26bc12207cfa9964552cc8dde211d43b -> 
  custom:scripting/monoscript/fileName/Eraser.cs: 03c7e26dc7dd5a3410c8c2a0cde1fbd5 -> 
  custom:SearchIndexIgnoredProperties: e643bd26f0fe6173181afceb89e7c659 -> 
  custom:AudioImporter_EditorPlatform: d09bf68614088b80899f8185d706f6e7 -> 
  custom:scripting/monoscript/fileName/FabgridLogger.cs: d6ceb16130e21d4de9a792b416cb50f6 -> 
  custom:scripting/monoscript/fileName/DebugUtility.cs: 8ed3e1e4dc05e63d9b19c72319b9a546 -> bd490dbb4d22e264b43629b4c0719413
  custom:scripting/monoscript/fileName/TileCollection.cs: 008c86c72aa38afb09d1d0f42e337a4d -> 
  custom:scripting/monoscript/fileName/PathUtility.cs: 0a6ba9c759a750c2a0a64ca279ffd9e0 -> bc44f04172a562131c264196de185160
  custom:scripting/monoscript/fileName/State.cs: 3e4eb54e7deb22faa2e6a48a5e0016b2 -> 7b399a2323d8175a0208ae1f055d7099
  custom:scripting/monoscript/fileName/ActionButton.cs: ddfa90f8c956908298db40bd352a7dd6 -> 
  custom:scripting/monoscript/fileName/TilePositionCalculator.cs: 554a420bbb5cffb933cdf4d9803d03dc -> 
  custom:scripting/monoscript/fileName/GridTilePositionCalculator.cs: 6583f323d88539dc5a5fe4ad8b7e95f1 -> 
  custom:scripting/monoscript/fileName/ToolPanel.cs: bea64f858ed9a899c33eaacd0325c60d -> 
  custom:scripting/monoscript/fileName/LayerBehaviour.cs: ab5630858ed2092989275eb0cd0280be -> 
  custom:scripting/monoscript/fileName/VisualElementExtensions.cs: 91cd1ed51432836872c4c17c65953054 -> 0aad2728225c469038631668406aebb3
  custom:scripting/monoscript/fileName/RectangleToolPanel.cs: a32449d180c6b3c23307217b59e71ca8 -> 
  custom:scripting/monoscript/fileName/StylingUtility.cs: d7b7419654dada6681caa7d717db33ad -> 
  custom:scripting/monoscript/fileName/FabgridMath.cs: 666200bf0ece9ef7fb8f579f0e930771 -> 
  custom:video-encoder-webm-vp8: eb34c28f22e8b96e1ab97ce403110664 -> 
  custom:audio-decoder-ogg-vorbis: bf7c407c2cedff20999df2af8eb42d56 -> 
  custom:scripting/monoscript/fileName/Help.cs: a7ae9747e90cbc7df887ee54b8b7dd05 -> 
  custom:scripting/monoscript/fileName/FSM.cs: af0584e512e49fdad10a1247679a9381 -> 
  custom:scripting/monoscript/fileName/BatchingUtility.cs: 2af19993efbc83dcf1b920f90b5b7582 -> 
  custom:scripting/monoscript/fileName/AdaptiveTilePositionCalculator.cs: b5143269d79b30b504659eefa7fb2e88 -> 
  custom:scripting/monoscript/fileName/TileSet.cs: ed3361b73d7499cd3ac14d49469ee5ca -> 
  custom:scripting/monoscript/fileName/Dialog.cs: 84e53688c5aab11e7e572677b14134c5 -> 
  custom:scripting/monoscript/fileName/MeshTilePositionCalculator.cs: 6413e69266cdf87585e825c5f9c9cb66 -> 
  custom:audio-encoder-webm-vorbis: bf7c407c2cedff20999df2af8eb42d56 -> 
  custom:scripting/monoscript/fileName/Tile.cs: 95629e77caf4499b42c440e93c0ffd15 -> 
  custom:scripting/monoscript/fileName/EraserToolPanel.cs: 8ee6198f59d1aac13435587b79cf016f -> 
  custom:scripting/monoscript/fileName/FabgridRaycastHit.cs: 0e0640e214306a9aa1ca40751bb1e60f -> 
========================================================================
Received Import Request.
  Time since last request: 1063106.976972 seconds.
  path: Assets/TerrainDemo/New Terrain.asset
  artifactKey: Guid(782330d12e564554a9f664c932b6323f) Importer(815301076,1909f56bfc062723c751e8b465ee728b)
Start importing Assets/TerrainDemo/New Terrain.asset using Guid(782330d12e564554a9f664c932b6323f) Importer(815301076,1909f56bfc062723c751e8b465ee728b)  -> (artifact id: 'e13b2e32d8ca9ca54961683520fd0a93') in 0.081133 seconds
Number of updated asset objects reloaded before import = 0
Number of asset objects unloaded after import = 6
========================================================================
Received Import Request.
  Time since last request: 0.000015 seconds.
  path: Assets/TerrainDemo/TerrainData_c124d2d5-f6fb-41b8-a64e-7cead47e2778.asset
  artifactKey: Guid(7dd77434a4d535a44b99957e3293764b) Importer(815301076,1909f56bfc062723c751e8b465ee728b)
Start importing Assets/TerrainDemo/TerrainData_c124d2d5-f6fb-41b8-a64e-7cead47e2778.asset using Guid(7dd77434a4d535a44b99957e3293764b) Importer(815301076,1909f56bfc062723c751e8b465ee728b)  -> (artifact id: '5ae761eae57e384a0584ce8861d7af74') in 0.016592 seconds
Number of updated asset objects reloaded before import = 0
Number of asset objects unloaded after import = 3
========================================================================
Received Import Request.
  Time since last request: 83.498477 seconds.
  path: Assets/TerrainDemo/SecondFloor.asset
  artifactKey: Guid(782330d12e564554a9f664c932b6323f) Importer(815301076,1909f56bfc062723c751e8b465ee728b)
Start importing Assets/TerrainDemo/SecondFloor.asset using Guid(782330d12e564554a9f664c932b6323f) Importer(815301076,1909f56bfc062723c751e8b465ee728b)  -> (artifact id: 'b3298cb97684e8fcefc7026e319e015f') in 0.033998 seconds
Number of updated asset objects reloaded before import = 0
Number of asset objects unloaded after import = 29
========================================================================
Received Prepare
Begin MonoManager ReloadAssembly
- Loaded All Assemblies, in  0.287 seconds
Refreshing native plugins compatible for Editor in 1.67 ms, found 3 plugins.
Native extension for WindowsStandalone target not found
Native extension for WebGL target not found
[Package Manager] Server::EnsureServerProcessIsRunning -- launch failed, reason: Unity was launched with the -noUpm command-line argument
[Package Manager] UpmClient::Send -- Unable to send message (not connected to UPM process).
[Package Manager] Cannot connect to Unity Package Manager local server
Mono: successfully reloaded assembly
- Finished resetting the current domain, in  0.697 seconds
Domain Reload Profiling: 984ms
	BeginReloadAssembly (107ms)
		ExecutionOrderSort (0ms)
		DisableScriptedObjects (3ms)
		BackupInstance (0ms)
		ReleaseScriptingObjects (0ms)
		CreateAndSetChildDomain (25ms)
	RebuildCommonClasses (20ms)
	RebuildNativeTypeToScriptingClass (6ms)
	initialDomainReloadingComplete (18ms)
	LoadAllAssembliesAndSetupDomain (134ms)
		LoadAssemblies (179ms)
		RebuildTransferFunctionScriptingTraits (0ms)
		AnalyzeDomain (9ms)
			TypeCache.Refresh (4ms)
				TypeCache.ScanAssembly (0ms)
			ScanForSourceGeneratedMonoScriptInfo (0ms)
			ResolveRequiredComponents (3ms)
	FinalizeReload (698ms)
		ReleaseScriptCaches (0ms)
		RebuildScriptCaches (0ms)
		SetupLoadedEditorAssemblies (430ms)
			LogAssemblyErrors (0ms)
			InitializePlatformSupportModulesInManaged (4ms)
			SetLoadedEditorAssemblies (4ms)
			RefreshPlugins (0ms)
			BeforeProcessingInitializeOnLoad (47ms)
			ProcessInitializeOnLoadAttributes (352ms)
			ProcessInitializeOnLoadMethodAttributes (18ms)
			AfterProcessingInitializeOnLoad (5ms)
			EditorAssembliesLoaded (0ms)
		ExecutionOrderSort2 (0ms)
		AwakeInstancesAfterBackupRestoration (5ms)
Refreshing native plugins compatible for Editor in 3.04 ms, found 3 plugins.
Preloading 0 native plugins for Editor in 0.00 ms.
Unloading 3095 Unused Serialized files (Serialized files now loaded: 0)
Unloading 23 unused Assets / (31.0 KB). Loaded Objects now: 3609.
Memory consumption went from 143.0 MB to 143.0 MB.
Total: 2.582500 ms (FindLiveObjects: 0.160500 ms CreateObjectMapping: 0.142700 ms MarkObjects: 2.204400 ms  DeleteObjects: 0.071700 ms)

Prepare: number of updated asset objects reloaded= 0
AssetImportParameters requested are different than current active one (requested -> active):
  custom:scripting/monoscript/fileName/Layer.cs: 28a9c15f2a2c53f65b28c92f54dbfbf9 -> 
  custom:scripting/monoscript/fileName/Category.cs: 3006d49d98db14b84aa65f2d09f1fc1e -> 
  custom:container-demuxer-ogg: 62fdf1f143b41e24485cea50d1cbac27 -> 
  custom:scripting/monoscript/fileName/Tool.cs: be099936d815189850597d589554409d -> 
  custom:scripting/monoscript/fileName/SelectionBox.cs: 731349e70fefdccf4a36d5cb0174ed16 -> 
  custom:scripting/monoscript/fileName/EraserPositionCalculator.cs: 4b8435a1abe38a6d71eeab699266d91b -> 
  custom:scripting/monoscript/fileName/Vector3Extensions.cs: e23141a9c3b911db5103025af5f1d1d3 -> 
  custom:video-codec-MediaFoundation-h265: 746d11721c4dcdbdad8f713fa42b33f4 -> 
  custom:scripting/monoscript/fileName/ToolPanelFactory.cs: 915c954fc2bfddf33b75b96de2566034 -> 
  custom:video-decoder-ogg-theora: a1e56fd34408186e4bbccfd4996cb3dc -> 
  custom:scripting/monoscript/fileName/VisualElementUtility.cs: 6f6e44d1ff7e3764ae212c768ef7a852 -> 
  custom:scripting/monoscript/fileName/Tilemap3D.cs: 0ef5190a7595674db45317b82974ae5e -> 
  custom:framework-win-MediaFoundation: 216162199b28c13a410421893ffa2e32 -> 
  custom:scripting/monoscript/fileName/FabgridHelpWindow.cs: aa519309a2347494c947590dd62d95a0 -> 
  custom:scripting/monoscript/fileName/Tilemap3DEditor.cs: cd00767e77b37927147e4a8913c930c8 -> 
  custom:scripting/monoscript/fileName/RemoveCategoryPopup.cs: 43c06d0eb2db254b508c640e70dc0b61 -> 
  custom:scripting/monoscript/fileName/TilePreviewRenderer.cs: 889a81fc16d8c2b74de30c604b576944 -> 
  custom:scripting/monoscript/fileName/LayerPanel.cs: c369fc5f8c5fa61d1a3ddb22255222d5 -> 
  custom:scripting/monoscript/fileName/SerializableDictionary.cs: 90647cc400823b41df847a6cbfc29026 -> 
  custom:scripting/monoscript/fileName/RectangleTool.cs: d6a1cda47ca34a0deb8854b34cb7d56c -> 918735360672870f95e0d13d8e122888
  custom:scripting/monoscript/fileName/TileRotator.cs: 45b90f0e8b0e8c7ccd158ab15371bf96 -> 
  custom:CustomObjectIndexerAttribute: 756ad292c208cfabdd7b50bc23989ffe -> 
  custom:scripting/monoscript/fileName/AddTile.cs: c202c1646b6e84aa7c89509968f987b0 -> 
  custom:scripting/monoscript/fileName/Configurate.cs: aef6edf58567c6f4a31ca0192a4a3cf4 -> 
  custom:scripting/monoscript/fileName/Paint.cs: a2fa6711b59db0ad07806bd55a243b3e -> 
  custom:scripting/monoscript/fileName/DrawingUtility.cs: 6442c30645f446ca00fa13f1c5db854d -> 
  custom:container-demuxer-webm: 4f35f7cbe854078d1ac9338744f61a02 -> 
  custom:scripting/monoscript/fileName/Brush.cs: 18d5959673a7cd996af46e46b605cd90 -> 
  custom:scripting/monoscript/fileName/Panel.cs: 1745f5cac944ce672f8a621b05a5fc83 -> 
  custom:scripting/monoscript/fileName/ToolFactory.cs: 3ef5cfa0b7b32db2d6de2dbc04fec70e -> 
  custom:scripting/monoscript/fileName/EditTilePopup.cs: c0b3e206bd8ef04872910b9efa46d3b2 -> 
  custom:scripting/monoscript/fileName/AddCategoryPopup.cs: 4a5af658d2ab388fd7bf02ad6e2fe420 -> 
  custom:scripting/monoscript/fileName/FabgridUtility.cs: 1cc3f6cf1d7cd6d1ab1012c7205a53a2 -> 
  custom:scripting/monoscript/fileName/BrushToolPanel.cs: 9709265a949dd0344579f1e7c1a1982c -> 
  custom:container-muxer-webm: aa71ff27fc2769a1b78a27578f13a17b -> 
  custom:scripting/monoscript/fileName/FabgridRaycaster.cs: be4e76468e2b7423cd7bce3c2c097c42 -> 
  custom:scripting/monoscript/fileName/EventHandler.cs: 5e7303d4e2b10b5e728d2f4fd3b372ee -> 
  custom:video-decoder-webm-vp8: 9c59270c3fd7afecdb556c50c9e8de78 -> 
  custom:scripting/monoscript/fileName/FloorTilePositionCalculator.cs: afc7112b63883492d5c2e8ea3289ef10 -> 
  custom:scripting/monoscript/fileName/Batching.cs: 26bc12207cfa9964552cc8dde211d43b -> 
  custom:scripting/monoscript/fileName/Eraser.cs: 03c7e26dc7dd5a3410c8c2a0cde1fbd5 -> 
  custom:SearchIndexIgnoredProperties: e643bd26f0fe6173181afceb89e7c659 -> 
  custom:AudioImporter_EditorPlatform: d09bf68614088b80899f8185d706f6e7 -> 
  custom:scripting/monoscript/fileName/FabgridLogger.cs: d6ceb16130e21d4de9a792b416cb50f6 -> 
  custom:scripting/monoscript/fileName/DebugUtility.cs: 8ed3e1e4dc05e63d9b19c72319b9a546 -> bd490dbb4d22e264b43629b4c0719413
  custom:scripting/monoscript/fileName/TileCollection.cs: 008c86c72aa38afb09d1d0f42e337a4d -> 
  custom:scripting/monoscript/fileName/PathUtility.cs: 0a6ba9c759a750c2a0a64ca279ffd9e0 -> bc44f04172a562131c264196de185160
  custom:scripting/monoscript/fileName/State.cs: 3e4eb54e7deb22faa2e6a48a5e0016b2 -> 7b399a2323d8175a0208ae1f055d7099
  custom:scripting/monoscript/fileName/ActionButton.cs: ddfa90f8c956908298db40bd352a7dd6 -> 
  custom:scripting/monoscript/fileName/TilePositionCalculator.cs: 554a420bbb5cffb933cdf4d9803d03dc -> 
  custom:scripting/monoscript/fileName/GridTilePositionCalculator.cs: 6583f323d88539dc5a5fe4ad8b7e95f1 -> 
  custom:scripting/monoscript/fileName/ToolPanel.cs: bea64f858ed9a899c33eaacd0325c60d -> 
  custom:scripting/monoscript/fileName/LayerBehaviour.cs: ab5630858ed2092989275eb0cd0280be -> 
  custom:scripting/monoscript/fileName/VisualElementExtensions.cs: 91cd1ed51432836872c4c17c65953054 -> 0aad2728225c469038631668406aebb3
  custom:scripting/monoscript/fileName/RectangleToolPanel.cs: a32449d180c6b3c23307217b59e71ca8 -> 
  custom:scripting/monoscript/fileName/StylingUtility.cs: d7b7419654dada6681caa7d717db33ad -> 
  custom:scripting/monoscript/fileName/FabgridMath.cs: 666200bf0ece9ef7fb8f579f0e930771 -> 
  custom:video-encoder-webm-vp8: eb34c28f22e8b96e1ab97ce403110664 -> 
  custom:audio-decoder-ogg-vorbis: bf7c407c2cedff20999df2af8eb42d56 -> 
  custom:scripting/monoscript/fileName/Help.cs: a7ae9747e90cbc7df887ee54b8b7dd05 -> 
  custom:scripting/monoscript/fileName/FSM.cs: af0584e512e49fdad10a1247679a9381 -> 
  custom:scripting/monoscript/fileName/BatchingUtility.cs: 2af19993efbc83dcf1b920f90b5b7582 -> 
  custom:scripting/monoscript/fileName/AdaptiveTilePositionCalculator.cs: b5143269d79b30b504659eefa7fb2e88 -> 
  custom:scripting/monoscript/fileName/TileSet.cs: ed3361b73d7499cd3ac14d49469ee5ca -> 
  custom:scripting/monoscript/fileName/Dialog.cs: 84e53688c5aab11e7e572677b14134c5 -> 
  custom:scripting/monoscript/fileName/MeshTilePositionCalculator.cs: 6413e69266cdf87585e825c5f9c9cb66 -> 
  custom:audio-encoder-webm-vorbis: bf7c407c2cedff20999df2af8eb42d56 -> 
  custom:scripting/monoscript/fileName/Tile.cs: 95629e77caf4499b42c440e93c0ffd15 -> 
  custom:scripting/monoscript/fileName/EraserToolPanel.cs: 8ee6198f59d1aac13435587b79cf016f -> 
  custom:scripting/monoscript/fileName/FabgridRaycastHit.cs: 0e0640e214306a9aa1ca40751bb1e60f -> 
========================================================================
Received Prepare
Begin MonoManager ReloadAssembly
- Loaded All Assemblies, in  0.289 seconds
Refreshing native plugins compatible for Editor in 1.40 ms, found 3 plugins.
Native extension for WindowsStandalone target not found
Native extension for WebGL target not found
[Package Manager] Server::EnsureServerProcessIsRunning -- launch failed, reason: Unity was launched with the -noUpm command-line argument
[Package Manager] UpmClient::Send -- Unable to send message (not connected to UPM process).
[Package Manager] Cannot connect to Unity Package Manager local server
Mono: successfully reloaded assembly
- Finished resetting the current domain, in  0.705 seconds
Domain Reload Profiling: 992ms
	BeginReloadAssembly (107ms)
		ExecutionOrderSort (0ms)
		DisableScriptedObjects (4ms)
		BackupInstance (0ms)
		ReleaseScriptingObjects (0ms)
		CreateAndSetChildDomain (23ms)
	RebuildCommonClasses (26ms)
	RebuildNativeTypeToScriptingClass (6ms)
	initialDomainReloadingComplete (18ms)
	LoadAllAssembliesAndSetupDomain (129ms)
		LoadAssemblies (176ms)
		RebuildTransferFunctionScriptingTraits (0ms)
		AnalyzeDomain (8ms)
			TypeCache.Refresh (4ms)
				TypeCache.ScanAssembly (0ms)
			ScanForSourceGeneratedMonoScriptInfo (0ms)
			ResolveRequiredComponents (3ms)
	FinalizeReload (705ms)
		ReleaseScriptCaches (0ms)
		RebuildScriptCaches (0ms)
		SetupLoadedEditorAssemblies (446ms)
			LogAssemblyErrors (0ms)
			InitializePlatformSupportModulesInManaged (5ms)
			SetLoadedEditorAssemblies (4ms)
			RefreshPlugins (0ms)
			BeforeProcessingInitializeOnLoad (49ms)
			ProcessInitializeOnLoadAttributes (369ms)
			ProcessInitializeOnLoadMethodAttributes (16ms)
			AfterProcessingInitializeOnLoad (4ms)
			EditorAssembliesLoaded (0ms)
		ExecutionOrderSort2 (0ms)
		AwakeInstancesAfterBackupRestoration (5ms)
Refreshing native plugins compatible for Editor in 2.16 ms, found 3 plugins.
Preloading 0 native plugins for Editor in 0.00 ms.
Unloading 3096 Unused Serialized files (Serialized files now loaded: 0)
Unloading 23 unused Assets / (31.1 KB). Loaded Objects now: 3612.
Memory consumption went from 145.2 MB to 145.1 MB.
Total: 2.653500 ms (FindLiveObjects: 0.166000 ms CreateObjectMapping: 0.080600 ms MarkObjects: 2.354400 ms  DeleteObjects: 0.051300 ms)

Prepare: number of updated asset objects reloaded= 0
AssetImportParameters requested are different than current active one (requested -> active):
  custom:scripting/monoscript/fileName/Layer.cs: 28a9c15f2a2c53f65b28c92f54dbfbf9 -> 
  custom:scripting/monoscript/fileName/Category.cs: 3006d49d98db14b84aa65f2d09f1fc1e -> 
  custom:container-demuxer-ogg: 62fdf1f143b41e24485cea50d1cbac27 -> 
  custom:scripting/monoscript/fileName/Tool.cs: be099936d815189850597d589554409d -> 
  custom:scripting/monoscript/fileName/SelectionBox.cs: 731349e70fefdccf4a36d5cb0174ed16 -> 
  custom:scripting/monoscript/fileName/EraserPositionCalculator.cs: 4b8435a1abe38a6d71eeab699266d91b -> 
  custom:scripting/monoscript/fileName/Vector3Extensions.cs: e23141a9c3b911db5103025af5f1d1d3 -> 
  custom:video-codec-MediaFoundation-h265: 746d11721c4dcdbdad8f713fa42b33f4 -> 
  custom:scripting/monoscript/fileName/ToolPanelFactory.cs: 915c954fc2bfddf33b75b96de2566034 -> 
  custom:video-decoder-ogg-theora: a1e56fd34408186e4bbccfd4996cb3dc -> 
  custom:scripting/monoscript/fileName/VisualElementUtility.cs: 6f6e44d1ff7e3764ae212c768ef7a852 -> 
  custom:scripting/monoscript/fileName/Tilemap3D.cs: 0ef5190a7595674db45317b82974ae5e -> 
  custom:framework-win-MediaFoundation: 216162199b28c13a410421893ffa2e32 -> 
  custom:scripting/monoscript/fileName/FabgridHelpWindow.cs: aa519309a2347494c947590dd62d95a0 -> 
  custom:scripting/monoscript/fileName/Tilemap3DEditor.cs: cd00767e77b37927147e4a8913c930c8 -> 
  custom:scripting/monoscript/fileName/RemoveCategoryPopup.cs: 43c06d0eb2db254b508c640e70dc0b61 -> 
  custom:scripting/monoscript/fileName/TilePreviewRenderer.cs: 889a81fc16d8c2b74de30c604b576944 -> 
  custom:scripting/monoscript/fileName/LayerPanel.cs: c369fc5f8c5fa61d1a3ddb22255222d5 -> 
  custom:scripting/monoscript/fileName/SerializableDictionary.cs: 90647cc400823b41df847a6cbfc29026 -> 
  custom:scripting/monoscript/fileName/RectangleTool.cs: d6a1cda47ca34a0deb8854b34cb7d56c -> 918735360672870f95e0d13d8e122888
  custom:scripting/monoscript/fileName/TileRotator.cs: 45b90f0e8b0e8c7ccd158ab15371bf96 -> 
  custom:CustomObjectIndexerAttribute: 756ad292c208cfabdd7b50bc23989ffe -> 
  custom:scripting/monoscript/fileName/AddTile.cs: c202c1646b6e84aa7c89509968f987b0 -> 
  custom:scripting/monoscript/fileName/Configurate.cs: aef6edf58567c6f4a31ca0192a4a3cf4 -> 
  custom:scripting/monoscript/fileName/Paint.cs: a2fa6711b59db0ad07806bd55a243b3e -> 
  custom:scripting/monoscript/fileName/DrawingUtility.cs: 6442c30645f446ca00fa13f1c5db854d -> 
  custom:container-demuxer-webm: 4f35f7cbe854078d1ac9338744f61a02 -> 
  custom:scripting/monoscript/fileName/Brush.cs: 18d5959673a7cd996af46e46b605cd90 -> 
  custom:scripting/monoscript/fileName/Panel.cs: 1745f5cac944ce672f8a621b05a5fc83 -> 
  custom:scripting/monoscript/fileName/ToolFactory.cs: 3ef5cfa0b7b32db2d6de2dbc04fec70e -> 
  custom:scripting/monoscript/fileName/EditTilePopup.cs: c0b3e206bd8ef04872910b9efa46d3b2 -> 
  custom:scripting/monoscript/fileName/AddCategoryPopup.cs: 4a5af658d2ab388fd7bf02ad6e2fe420 -> 
  custom:scripting/monoscript/fileName/FabgridUtility.cs: 1cc3f6cf1d7cd6d1ab1012c7205a53a2 -> 
  custom:scripting/monoscript/fileName/BrushToolPanel.cs: 9709265a949dd0344579f1e7c1a1982c -> 
  custom:container-muxer-webm: aa71ff27fc2769a1b78a27578f13a17b -> 
  custom:scripting/monoscript/fileName/FabgridRaycaster.cs: be4e76468e2b7423cd7bce3c2c097c42 -> 
  custom:scripting/monoscript/fileName/EventHandler.cs: 5e7303d4e2b10b5e728d2f4fd3b372ee -> 
  custom:video-decoder-webm-vp8: 9c59270c3fd7afecdb556c50c9e8de78 -> 
  custom:scripting/monoscript/fileName/FloorTilePositionCalculator.cs: afc7112b63883492d5c2e8ea3289ef10 -> 
  custom:scripting/monoscript/fileName/Batching.cs: 26bc12207cfa9964552cc8dde211d43b -> 
  custom:scripting/monoscript/fileName/Eraser.cs: 03c7e26dc7dd5a3410c8c2a0cde1fbd5 -> 
  custom:SearchIndexIgnoredProperties: e643bd26f0fe6173181afceb89e7c659 -> 
  custom:AudioImporter_EditorPlatform: d09bf68614088b80899f8185d706f6e7 -> 
  custom:scripting/monoscript/fileName/FabgridLogger.cs: d6ceb16130e21d4de9a792b416cb50f6 -> 
  custom:scripting/monoscript/fileName/DebugUtility.cs: 8ed3e1e4dc05e63d9b19c72319b9a546 -> bd490dbb4d22e264b43629b4c0719413
  custom:scripting/monoscript/fileName/TileCollection.cs: 008c86c72aa38afb09d1d0f42e337a4d -> 
  custom:scripting/monoscript/fileName/PathUtility.cs: 0a6ba9c759a750c2a0a64ca279ffd9e0 -> bc44f04172a562131c264196de185160
  custom:scripting/monoscript/fileName/State.cs: 3e4eb54e7deb22faa2e6a48a5e0016b2 -> 7b399a2323d8175a0208ae1f055d7099
  custom:scripting/monoscript/fileName/ActionButton.cs: ddfa90f8c956908298db40bd352a7dd6 -> 
  custom:scripting/monoscript/fileName/TilePositionCalculator.cs: 554a420bbb5cffb933cdf4d9803d03dc -> 
  custom:scripting/monoscript/fileName/GridTilePositionCalculator.cs: 6583f323d88539dc5a5fe4ad8b7e95f1 -> 
  custom:scripting/monoscript/fileName/ToolPanel.cs: bea64f858ed9a899c33eaacd0325c60d -> 
  custom:scripting/monoscript/fileName/LayerBehaviour.cs: ab5630858ed2092989275eb0cd0280be -> 
  custom:scripting/monoscript/fileName/VisualElementExtensions.cs: 91cd1ed51432836872c4c17c65953054 -> 0aad2728225c469038631668406aebb3
  custom:scripting/monoscript/fileName/RectangleToolPanel.cs: a32449d180c6b3c23307217b59e71ca8 -> 
  custom:scripting/monoscript/fileName/StylingUtility.cs: d7b7419654dada6681caa7d717db33ad -> 
  custom:scripting/monoscript/fileName/FabgridMath.cs: 666200bf0ece9ef7fb8f579f0e930771 -> 
  custom:video-encoder-webm-vp8: eb34c28f22e8b96e1ab97ce403110664 -> 
  custom:audio-decoder-ogg-vorbis: bf7c407c2cedff20999df2af8eb42d56 -> 
  custom:scripting/monoscript/fileName/Help.cs: a7ae9747e90cbc7df887ee54b8b7dd05 -> 
  custom:scripting/monoscript/fileName/FSM.cs: af0584e512e49fdad10a1247679a9381 -> 
  custom:scripting/monoscript/fileName/BatchingUtility.cs: 2af19993efbc83dcf1b920f90b5b7582 -> 
  custom:scripting/monoscript/fileName/AdaptiveTilePositionCalculator.cs: b5143269d79b30b504659eefa7fb2e88 -> 
  custom:scripting/monoscript/fileName/TileSet.cs: ed3361b73d7499cd3ac14d49469ee5ca -> 
  custom:scripting/monoscript/fileName/Dialog.cs: 84e53688c5aab11e7e572677b14134c5 -> 
  custom:scripting/monoscript/fileName/MeshTilePositionCalculator.cs: 6413e69266cdf87585e825c5f9c9cb66 -> 
  custom:audio-encoder-webm-vorbis: bf7c407c2cedff20999df2af8eb42d56 -> 
  custom:scripting/monoscript/fileName/Tile.cs: 95629e77caf4499b42c440e93c0ffd15 -> 
  custom:scripting/monoscript/fileName/EraserToolPanel.cs: 8ee6198f59d1aac13435587b79cf016f -> 
  custom:scripting/monoscript/fileName/FabgridRaycastHit.cs: 0e0640e214306a9aa1ca40751bb1e60f -> 
========================================================================
Received Prepare
Begin MonoManager ReloadAssembly
- Loaded All Assemblies, in  0.282 seconds
Refreshing native plugins compatible for Editor in 2.06 ms, found 3 plugins.
Native extension for WindowsStandalone target not found
Native extension for WebGL target not found
[Package Manager] Server::EnsureServerProcessIsRunning -- launch failed, reason: Unity was launched with the -noUpm command-line argument
[Package Manager] UpmClient::Send -- Unable to send message (not connected to UPM process).
[Package Manager] Cannot connect to Unity Package Manager local server
Mono: successfully reloaded assembly
- Finished resetting the current domain, in  0.728 seconds
Domain Reload Profiling: 1009ms
	BeginReloadAssembly (106ms)
		ExecutionOrderSort (0ms)
		DisableScriptedObjects (4ms)
		BackupInstance (0ms)
		ReleaseScriptingObjects (0ms)
		CreateAndSetChildDomain (25ms)
	RebuildCommonClasses (20ms)
	RebuildNativeTypeToScriptingClass (7ms)
	initialDomainReloadingComplete (18ms)
	LoadAllAssembliesAndSetupDomain (130ms)
		LoadAssemblies (174ms)
		RebuildTransferFunctionScriptingTraits (0ms)
		AnalyzeDomain (9ms)
			TypeCache.Refresh (4ms)
				TypeCache.ScanAssembly (0ms)
			ScanForSourceGeneratedMonoScriptInfo (0ms)
			ResolveRequiredComponents (3ms)
	FinalizeReload (728ms)
		ReleaseScriptCaches (0ms)
		RebuildScriptCaches (0ms)
		SetupLoadedEditorAssemblies (437ms)
			LogAssemblyErrors (0ms)
			InitializePlatformSupportModulesInManaged (6ms)
			SetLoadedEditorAssemblies (4ms)
			RefreshPlugins (0ms)
			BeforeProcessingInitializeOnLoad (45ms)
			ProcessInitializeOnLoadAttributes (360ms)
			ProcessInitializeOnLoadMethodAttributes (17ms)
			AfterProcessingInitializeOnLoad (5ms)
			EditorAssembliesLoaded (0ms)
		ExecutionOrderSort2 (0ms)
		AwakeInstancesAfterBackupRestoration (6ms)
Refreshing native plugins compatible for Editor in 1.92 ms, found 3 plugins.
Preloading 0 native plugins for Editor in 0.00 ms.
Unloading 3096 Unused Serialized files (Serialized files now loaded: 0)
Unloading 23 unused Assets / (31.0 KB). Loaded Objects now: 3615.
Memory consumption went from 147.1 MB to 147.1 MB.
Total: 2.624500 ms (FindLiveObjects: 0.203700 ms CreateObjectMapping: 0.159200 ms MarkObjects: 2.192700 ms  DeleteObjects: 0.068000 ms)

Prepare: number of updated asset objects reloaded= 0
AssetImportParameters requested are different than current active one (requested -> active):
  custom:scripting/monoscript/fileName/Layer.cs: 28a9c15f2a2c53f65b28c92f54dbfbf9 -> 
  custom:scripting/monoscript/fileName/Category.cs: 3006d49d98db14b84aa65f2d09f1fc1e -> 
  custom:container-demuxer-ogg: 62fdf1f143b41e24485cea50d1cbac27 -> 
  custom:scripting/monoscript/fileName/Tool.cs: be099936d815189850597d589554409d -> 
  custom:scripting/monoscript/fileName/SelectionBox.cs: 731349e70fefdccf4a36d5cb0174ed16 -> 
  custom:scripting/monoscript/fileName/EraserPositionCalculator.cs: 4b8435a1abe38a6d71eeab699266d91b -> 
  custom:scripting/monoscript/fileName/Vector3Extensions.cs: e23141a9c3b911db5103025af5f1d1d3 -> 
  custom:video-codec-MediaFoundation-h265: 746d11721c4dcdbdad8f713fa42b33f4 -> 
  custom:scripting/monoscript/fileName/ToolPanelFactory.cs: 915c954fc2bfddf33b75b96de2566034 -> 
  custom:video-decoder-ogg-theora: a1e56fd34408186e4bbccfd4996cb3dc -> 
  custom:scripting/monoscript/fileName/VisualElementUtility.cs: 6f6e44d1ff7e3764ae212c768ef7a852 -> 
  custom:scripting/monoscript/fileName/Tilemap3D.cs: 0ef5190a7595674db45317b82974ae5e -> 
  custom:framework-win-MediaFoundation: 216162199b28c13a410421893ffa2e32 -> 
  custom:scripting/monoscript/fileName/FabgridHelpWindow.cs: aa519309a2347494c947590dd62d95a0 -> 
  custom:scripting/monoscript/fileName/Tilemap3DEditor.cs: cd00767e77b37927147e4a8913c930c8 -> 
  custom:scripting/monoscript/fileName/RemoveCategoryPopup.cs: 43c06d0eb2db254b508c640e70dc0b61 -> 
  custom:scripting/monoscript/fileName/TilePreviewRenderer.cs: 889a81fc16d8c2b74de30c604b576944 -> 
  custom:scripting/monoscript/fileName/LayerPanel.cs: c369fc5f8c5fa61d1a3ddb22255222d5 -> 
  custom:scripting/monoscript/fileName/SerializableDictionary.cs: 90647cc400823b41df847a6cbfc29026 -> 
  custom:scripting/monoscript/fileName/RectangleTool.cs: d6a1cda47ca34a0deb8854b34cb7d56c -> 918735360672870f95e0d13d8e122888
  custom:scripting/monoscript/fileName/TileRotator.cs: 45b90f0e8b0e8c7ccd158ab15371bf96 -> 
  custom:CustomObjectIndexerAttribute: 756ad292c208cfabdd7b50bc23989ffe -> 
  custom:scripting/monoscript/fileName/AddTile.cs: c202c1646b6e84aa7c89509968f987b0 -> 
  custom:scripting/monoscript/fileName/Configurate.cs: aef6edf58567c6f4a31ca0192a4a3cf4 -> 
  custom:scripting/monoscript/fileName/Paint.cs: a2fa6711b59db0ad07806bd55a243b3e -> 
  custom:scripting/monoscript/fileName/DrawingUtility.cs: 6442c30645f446ca00fa13f1c5db854d -> 
  custom:container-demuxer-webm: 4f35f7cbe854078d1ac9338744f61a02 -> 
  custom:scripting/monoscript/fileName/Brush.cs: 18d5959673a7cd996af46e46b605cd90 -> 
  custom:scripting/monoscript/fileName/Panel.cs: 1745f5cac944ce672f8a621b05a5fc83 -> 
  custom:scripting/monoscript/fileName/ToolFactory.cs: 3ef5cfa0b7b32db2d6de2dbc04fec70e -> 
  custom:scripting/monoscript/fileName/EditTilePopup.cs: c0b3e206bd8ef04872910b9efa46d3b2 -> 
  custom:scripting/monoscript/fileName/AddCategoryPopup.cs: 4a5af658d2ab388fd7bf02ad6e2fe420 -> 
  custom:scripting/monoscript/fileName/FabgridUtility.cs: 1cc3f6cf1d7cd6d1ab1012c7205a53a2 -> 
  custom:scripting/monoscript/fileName/BrushToolPanel.cs: 9709265a949dd0344579f1e7c1a1982c -> 
  custom:container-muxer-webm: aa71ff27fc2769a1b78a27578f13a17b -> 
  custom:scripting/monoscript/fileName/FabgridRaycaster.cs: be4e76468e2b7423cd7bce3c2c097c42 -> 
  custom:scripting/monoscript/fileName/EventHandler.cs: 5e7303d4e2b10b5e728d2f4fd3b372ee -> 
  custom:video-decoder-webm-vp8: 9c59270c3fd7afecdb556c50c9e8de78 -> 
  custom:scripting/monoscript/fileName/FloorTilePositionCalculator.cs: afc7112b63883492d5c2e8ea3289ef10 -> 
  custom:scripting/monoscript/fileName/Batching.cs: 26bc12207cfa9964552cc8dde211d43b -> 
  custom:scripting/monoscript/fileName/Eraser.cs: 03c7e26dc7dd5a3410c8c2a0cde1fbd5 -> 
  custom:SearchIndexIgnoredProperties: e643bd26f0fe6173181afceb89e7c659 -> 
  custom:AudioImporter_EditorPlatform: d09bf68614088b80899f8185d706f6e7 -> 
  custom:scripting/monoscript/fileName/FabgridLogger.cs: d6ceb16130e21d4de9a792b416cb50f6 -> 
  custom:scripting/monoscript/fileName/DebugUtility.cs: 8ed3e1e4dc05e63d9b19c72319b9a546 -> bd490dbb4d22e264b43629b4c0719413
  custom:scripting/monoscript/fileName/TileCollection.cs: 008c86c72aa38afb09d1d0f42e337a4d -> 
  custom:scripting/monoscript/fileName/PathUtility.cs: 0a6ba9c759a750c2a0a64ca279ffd9e0 -> bc44f04172a562131c264196de185160
  custom:scripting/monoscript/fileName/State.cs: 3e4eb54e7deb22faa2e6a48a5e0016b2 -> 7b399a2323d8175a0208ae1f055d7099
  custom:scripting/monoscript/fileName/ActionButton.cs: ddfa90f8c956908298db40bd352a7dd6 -> 
  custom:scripting/monoscript/fileName/TilePositionCalculator.cs: 554a420bbb5cffb933cdf4d9803d03dc -> 
  custom:scripting/monoscript/fileName/GridTilePositionCalculator.cs: 6583f323d88539dc5a5fe4ad8b7e95f1 -> 
  custom:scripting/monoscript/fileName/ToolPanel.cs: bea64f858ed9a899c33eaacd0325c60d -> 
  custom:scripting/monoscript/fileName/LayerBehaviour.cs: ab5630858ed2092989275eb0cd0280be -> 
  custom:scripting/monoscript/fileName/VisualElementExtensions.cs: 91cd1ed51432836872c4c17c65953054 -> 0aad2728225c469038631668406aebb3
  custom:scripting/monoscript/fileName/RectangleToolPanel.cs: a32449d180c6b3c23307217b59e71ca8 -> 
  custom:scripting/monoscript/fileName/StylingUtility.cs: d7b7419654dada6681caa7d717db33ad -> 
  custom:scripting/monoscript/fileName/FabgridMath.cs: 666200bf0ece9ef7fb8f579f0e930771 -> 
  custom:video-encoder-webm-vp8: eb34c28f22e8b96e1ab97ce403110664 -> 
  custom:audio-decoder-ogg-vorbis: bf7c407c2cedff20999df2af8eb42d56 -> 
  custom:scripting/monoscript/fileName/Help.cs: a7ae9747e90cbc7df887ee54b8b7dd05 -> 
  custom:scripting/monoscript/fileName/FSM.cs: af0584e512e49fdad10a1247679a9381 -> 
  custom:scripting/monoscript/fileName/BatchingUtility.cs: 2af19993efbc83dcf1b920f90b5b7582 -> 
  custom:scripting/monoscript/fileName/AdaptiveTilePositionCalculator.cs: b5143269d79b30b504659eefa7fb2e88 -> 
  custom:scripting/monoscript/fileName/TileSet.cs: ed3361b73d7499cd3ac14d49469ee5ca -> 
  custom:scripting/monoscript/fileName/Dialog.cs: 84e53688c5aab11e7e572677b14134c5 -> 
  custom:scripting/monoscript/fileName/MeshTilePositionCalculator.cs: 6413e69266cdf87585e825c5f9c9cb66 -> 
  custom:audio-encoder-webm-vorbis: bf7c407c2cedff20999df2af8eb42d56 -> 
  custom:scripting/monoscript/fileName/Tile.cs: 95629e77caf4499b42c440e93c0ffd15 -> 
  custom:scripting/monoscript/fileName/EraserToolPanel.cs: 8ee6198f59d1aac13435587b79cf016f -> 
  custom:scripting/monoscript/fileName/FabgridRaycastHit.cs: 0e0640e214306a9aa1ca40751bb1e60f -> 
========================================================================
Received Prepare
Begin MonoManager ReloadAssembly
- Loaded All Assemblies, in  0.289 seconds
Refreshing native plugins compatible for Editor in 2.46 ms, found 3 plugins.
Native extension for WindowsStandalone target not found
Native extension for WebGL target not found
[Package Manager] Server::EnsureServerProcessIsRunning -- launch failed, reason: Unity was launched with the -noUpm command-line argument
[Package Manager] UpmClient::Send -- Unable to send message (not connected to UPM process).
[Package Manager] Cannot connect to Unity Package Manager local server
Mono: successfully reloaded assembly
- Finished resetting the current domain, in  0.695 seconds
Domain Reload Profiling: 983ms
	BeginReloadAssembly (104ms)
		ExecutionOrderSort (0ms)
		DisableScriptedObjects (4ms)
		BackupInstance (0ms)
		ReleaseScriptingObjects (0ms)
		CreateAndSetChildDomain (23ms)
	RebuildCommonClasses (21ms)
	RebuildNativeTypeToScriptingClass (12ms)
	initialDomainReloadingComplete (17ms)
	LoadAllAssembliesAndSetupDomain (133ms)
		LoadAssemblies (175ms)
		RebuildTransferFunctionScriptingTraits (0ms)
		AnalyzeDomain (11ms)
			TypeCache.Refresh (5ms)
				TypeCache.ScanAssembly (0ms)
			ScanForSourceGeneratedMonoScriptInfo (0ms)
			ResolveRequiredComponents (4ms)
	FinalizeReload (696ms)
		ReleaseScriptCaches (0ms)
		RebuildScriptCaches (0ms)
		SetupLoadedEditorAssemblies (437ms)
			LogAssemblyErrors (0ms)
			InitializePlatformSupportModulesInManaged (5ms)
			SetLoadedEditorAssemblies (3ms)
			RefreshPlugins (0ms)
			BeforeProcessingInitializeOnLoad (48ms)
			ProcessInitializeOnLoadAttributes (361ms)
			ProcessInitializeOnLoadMethodAttributes (16ms)
			AfterProcessingInitializeOnLoad (5ms)
			EditorAssembliesLoaded (0ms)
		ExecutionOrderSort2 (0ms)
		AwakeInstancesAfterBackupRestoration (5ms)
Refreshing native plugins compatible for Editor in 1.85 ms, found 3 plugins.
Preloading 0 native plugins for Editor in 0.00 ms.
Unloading 3096 Unused Serialized files (Serialized files now loaded: 0)
Unloading 23 unused Assets / (31.1 KB). Loaded Objects now: 3618.
Memory consumption went from 149.1 MB to 149.0 MB.
Total: 2.488000 ms (FindLiveObjects: 0.191300 ms CreateObjectMapping: 0.146000 ms MarkObjects: 2.113000 ms  DeleteObjects: 0.036500 ms)

Prepare: number of updated asset objects reloaded= 0
AssetImportParameters requested are different than current active one (requested -> active):
  custom:scripting/monoscript/fileName/Layer.cs: 28a9c15f2a2c53f65b28c92f54dbfbf9 -> 
  custom:scripting/monoscript/fileName/Category.cs: 3006d49d98db14b84aa65f2d09f1fc1e -> 
  custom:container-demuxer-ogg: 62fdf1f143b41e24485cea50d1cbac27 -> 
  custom:scripting/monoscript/fileName/Tool.cs: be099936d815189850597d589554409d -> 
  custom:scripting/monoscript/fileName/SelectionBox.cs: 731349e70fefdccf4a36d5cb0174ed16 -> 
  custom:scripting/monoscript/fileName/EraserPositionCalculator.cs: 4b8435a1abe38a6d71eeab699266d91b -> 
  custom:scripting/monoscript/fileName/Vector3Extensions.cs: e23141a9c3b911db5103025af5f1d1d3 -> 
  custom:video-codec-MediaFoundation-h265: 746d11721c4dcdbdad8f713fa42b33f4 -> 
  custom:scripting/monoscript/fileName/ToolPanelFactory.cs: 915c954fc2bfddf33b75b96de2566034 -> 
  custom:video-decoder-ogg-theora: a1e56fd34408186e4bbccfd4996cb3dc -> 
  custom:scripting/monoscript/fileName/VisualElementUtility.cs: 6f6e44d1ff7e3764ae212c768ef7a852 -> 
  custom:scripting/monoscript/fileName/Tilemap3D.cs: 0ef5190a7595674db45317b82974ae5e -> 
  custom:framework-win-MediaFoundation: 216162199b28c13a410421893ffa2e32 -> 
  custom:scripting/monoscript/fileName/FabgridHelpWindow.cs: aa519309a2347494c947590dd62d95a0 -> 
  custom:scripting/monoscript/fileName/Tilemap3DEditor.cs: cd00767e77b37927147e4a8913c930c8 -> 
  custom:scripting/monoscript/fileName/RemoveCategoryPopup.cs: 43c06d0eb2db254b508c640e70dc0b61 -> 
  custom:scripting/monoscript/fileName/TilePreviewRenderer.cs: 889a81fc16d8c2b74de30c604b576944 -> 
  custom:scripting/monoscript/fileName/LayerPanel.cs: c369fc5f8c5fa61d1a3ddb22255222d5 -> 
  custom:scripting/monoscript/fileName/SerializableDictionary.cs: 90647cc400823b41df847a6cbfc29026 -> 
  custom:scripting/monoscript/fileName/RectangleTool.cs: d6a1cda47ca34a0deb8854b34cb7d56c -> 918735360672870f95e0d13d8e122888
  custom:scripting/monoscript/fileName/TileRotator.cs: 45b90f0e8b0e8c7ccd158ab15371bf96 -> 
  custom:CustomObjectIndexerAttribute: 756ad292c208cfabdd7b50bc23989ffe -> 
  custom:scripting/monoscript/fileName/AddTile.cs: c202c1646b6e84aa7c89509968f987b0 -> 
  custom:scripting/monoscript/fileName/Configurate.cs: aef6edf58567c6f4a31ca0192a4a3cf4 -> 
  custom:scripting/monoscript/fileName/Paint.cs: a2fa6711b59db0ad07806bd55a243b3e -> 
  custom:scripting/monoscript/fileName/DrawingUtility.cs: 6442c30645f446ca00fa13f1c5db854d -> 
  custom:container-demuxer-webm: 4f35f7cbe854078d1ac9338744f61a02 -> 
  custom:scripting/monoscript/fileName/Brush.cs: 18d5959673a7cd996af46e46b605cd90 -> 
  custom:scripting/monoscript/fileName/Panel.cs: 1745f5cac944ce672f8a621b05a5fc83 -> 
  custom:scripting/monoscript/fileName/ToolFactory.cs: 3ef5cfa0b7b32db2d6de2dbc04fec70e -> 
  custom:scripting/monoscript/fileName/EditTilePopup.cs: c0b3e206bd8ef04872910b9efa46d3b2 -> 
  custom:scripting/monoscript/fileName/AddCategoryPopup.cs: 4a5af658d2ab388fd7bf02ad6e2fe420 -> 
  custom:scripting/monoscript/fileName/FabgridUtility.cs: 1cc3f6cf1d7cd6d1ab1012c7205a53a2 -> 
  custom:scripting/monoscript/fileName/BrushToolPanel.cs: 9709265a949dd0344579f1e7c1a1982c -> 
  custom:container-muxer-webm: aa71ff27fc2769a1b78a27578f13a17b -> 
  custom:scripting/monoscript/fileName/FabgridRaycaster.cs: be4e76468e2b7423cd7bce3c2c097c42 -> 
  custom:scripting/monoscript/fileName/EventHandler.cs: 5e7303d4e2b10b5e728d2f4fd3b372ee -> 
  custom:video-decoder-webm-vp8: 9c59270c3fd7afecdb556c50c9e8de78 -> 
  custom:scripting/monoscript/fileName/FloorTilePositionCalculator.cs: afc7112b63883492d5c2e8ea3289ef10 -> 
  custom:scripting/monoscript/fileName/Batching.cs: 26bc12207cfa9964552cc8dde211d43b -> 
  custom:scripting/monoscript/fileName/Eraser.cs: 03c7e26dc7dd5a3410c8c2a0cde1fbd5 -> 
  custom:SearchIndexIgnoredProperties: e643bd26f0fe6173181afceb89e7c659 -> 
  custom:AudioImporter_EditorPlatform: d09bf68614088b80899f8185d706f6e7 -> 
  custom:scripting/monoscript/fileName/FabgridLogger.cs: d6ceb16130e21d4de9a792b416cb50f6 -> 
  custom:scripting/monoscript/fileName/DebugUtility.cs: 8ed3e1e4dc05e63d9b19c72319b9a546 -> bd490dbb4d22e264b43629b4c0719413
  custom:scripting/monoscript/fileName/TileCollection.cs: 008c86c72aa38afb09d1d0f42e337a4d -> 
  custom:scripting/monoscript/fileName/PathUtility.cs: 0a6ba9c759a750c2a0a64ca279ffd9e0 -> bc44f04172a562131c264196de185160
  custom:scripting/monoscript/fileName/State.cs: 3e4eb54e7deb22faa2e6a48a5e0016b2 -> 7b399a2323d8175a0208ae1f055d7099
  custom:scripting/monoscript/fileName/ActionButton.cs: ddfa90f8c956908298db40bd352a7dd6 -> 
  custom:scripting/monoscript/fileName/TilePositionCalculator.cs: 554a420bbb5cffb933cdf4d9803d03dc -> 
  custom:scripting/monoscript/fileName/GridTilePositionCalculator.cs: 6583f323d88539dc5a5fe4ad8b7e95f1 -> 
  custom:scripting/monoscript/fileName/ToolPanel.cs: bea64f858ed9a899c33eaacd0325c60d -> 
  custom:scripting/monoscript/fileName/LayerBehaviour.cs: ab5630858ed2092989275eb0cd0280be -> 
  custom:scripting/monoscript/fileName/VisualElementExtensions.cs: 91cd1ed51432836872c4c17c65953054 -> 0aad2728225c469038631668406aebb3
  custom:scripting/monoscript/fileName/RectangleToolPanel.cs: a32449d180c6b3c23307217b59e71ca8 -> 
  custom:scripting/monoscript/fileName/StylingUtility.cs: d7b7419654dada6681caa7d717db33ad -> 
  custom:scripting/monoscript/fileName/FabgridMath.cs: 666200bf0ece9ef7fb8f579f0e930771 -> 
  custom:video-encoder-webm-vp8: eb34c28f22e8b96e1ab97ce403110664 -> 
  custom:audio-decoder-ogg-vorbis: bf7c407c2cedff20999df2af8eb42d56 -> 
  custom:scripting/monoscript/fileName/Help.cs: a7ae9747e90cbc7df887ee54b8b7dd05 -> 
  custom:scripting/monoscript/fileName/FSM.cs: af0584e512e49fdad10a1247679a9381 -> 
  custom:scripting/monoscript/fileName/BatchingUtility.cs: 2af19993efbc83dcf1b920f90b5b7582 -> 
  custom:scripting/monoscript/fileName/AdaptiveTilePositionCalculator.cs: b5143269d79b30b504659eefa7fb2e88 -> 
  custom:scripting/monoscript/fileName/TileSet.cs: ed3361b73d7499cd3ac14d49469ee5ca -> 
  custom:scripting/monoscript/fileName/Dialog.cs: 84e53688c5aab11e7e572677b14134c5 -> 
  custom:scripting/monoscript/fileName/MeshTilePositionCalculator.cs: 6413e69266cdf87585e825c5f9c9cb66 -> 
  custom:audio-encoder-webm-vorbis: bf7c407c2cedff20999df2af8eb42d56 -> 
  custom:scripting/monoscript/fileName/Tile.cs: 95629e77caf4499b42c440e93c0ffd15 -> 
  custom:scripting/monoscript/fileName/EraserToolPanel.cs: 8ee6198f59d1aac13435587b79cf016f -> 
  custom:scripting/monoscript/fileName/FabgridRaycastHit.cs: 0e0640e214306a9aa1ca40751bb1e60f -> 
========================================================================
Received Import Request.
  Time since last request: 854.945996 seconds.
  path: Assets/NewLayer.terrainlayer
  artifactKey: Guid(4887c5069fe5d9e4da36bc248b1989e9) Importer(815301076,1909f56bfc062723c751e8b465ee728b)
Start importing Assets/NewLayer.terrainlayer using Guid(4887c5069fe5d9e4da36bc248b1989e9) Importer(815301076,1909f56bfc062723c751e8b465ee728b)  -> (artifact id: '15f3e22fd762f939659f59fa1c5bad22') in 0.066083 seconds
Number of updated asset objects reloaded before import = 0
Number of asset objects unloaded after import = 2
========================================================================
Received Import Request.
  Time since last request: 8.609940 seconds.
  path: Assets/Scenes/FirstFloor.unity
  artifactKey: Guid(5d3ac0950c1edbb4890df7d2fbd3734b) Importer(815301076,1909f56bfc062723c751e8b465ee728b)
Start importing Assets/Scenes/FirstFloor.unity using Guid(5d3ac0950c1edbb4890df7d2fbd3734b) Importer(815301076,1909f56bfc062723c751e8b465ee728b)  -> (artifact id: '9bf2a6dfd9bd2917f1a5876c531485bb') in 0.000491 seconds
Number of updated asset objects reloaded before import = 0
Number of asset objects unloaded after import = 0
========================================================================
Received Prepare
Begin MonoManager ReloadAssembly
- Loaded All Assemblies, in  0.282 seconds
Refreshing native plugins compatible for Editor in 1.85 ms, found 3 plugins.
Native extension for WindowsStandalone target not found
Native extension for WebGL target not found
[Package Manager] Server::EnsureServerProcessIsRunning -- launch failed, reason: Unity was launched with the -noUpm command-line argument
[Package Manager] UpmClient::Send -- Unable to send message (not connected to UPM process).
[Package Manager] Cannot connect to Unity Package Manager local server
Mono: successfully reloaded assembly
- Finished resetting the current domain, in  0.652 seconds
Domain Reload Profiling: 933ms
	BeginReloadAssembly (106ms)
		ExecutionOrderSort (0ms)
		DisableScriptedObjects (4ms)
		BackupInstance (0ms)
		ReleaseScriptingObjects (0ms)
		CreateAndSetChildDomain (24ms)
	RebuildCommonClasses (20ms)
	RebuildNativeTypeToScriptingClass (7ms)
	initialDomainReloadingComplete (19ms)
	LoadAllAssembliesAndSetupDomain (129ms)
		LoadAssemblies (174ms)
		RebuildTransferFunctionScriptingTraits (0ms)
		AnalyzeDomain (9ms)
			TypeCache.Refresh (4ms)
				TypeCache.ScanAssembly (0ms)
			ScanForSourceGeneratedMonoScriptInfo (0ms)
			ResolveRequiredComponents (3ms)
	FinalizeReload (653ms)
		ReleaseScriptCaches (0ms)
		RebuildScriptCaches (0ms)
		SetupLoadedEditorAssemblies (395ms)
			LogAssemblyErrors (0ms)
			InitializePlatformSupportModulesInManaged (4ms)
			SetLoadedEditorAssemblies (4ms)
			RefreshPlugins (0ms)
			BeforeProcessingInitializeOnLoad (39ms)
			ProcessInitializeOnLoadAttributes (329ms)
			ProcessInitializeOnLoadMethodAttributes (15ms)
			AfterProcessingInitializeOnLoad (4ms)
			EditorAssembliesLoaded (0ms)
		ExecutionOrderSort2 (0ms)
		AwakeInstancesAfterBackupRestoration (5ms)
Refreshing native plugins compatible for Editor in 1.55 ms, found 3 plugins.
Preloading 0 native plugins for Editor in 0.00 ms.
Unloading 3095 Unused Serialized files (Serialized files now loaded: 0)
Unloading 23 unused Assets / (31.0 KB). Loaded Objects now: 3624.
Memory consumption went from 155.0 MB to 155.0 MB.
Total: 2.371800 ms (FindLiveObjects: 0.173600 ms CreateObjectMapping: 0.075700 ms MarkObjects: 2.086300 ms  DeleteObjects: 0.035300 ms)

Prepare: number of updated asset objects reloaded= 0
AssetImportParameters requested are different than current active one (requested -> active):
  custom:scripting/monoscript/fileName/Layer.cs: 28a9c15f2a2c53f65b28c92f54dbfbf9 -> 
  custom:scripting/monoscript/fileName/Category.cs: 3006d49d98db14b84aa65f2d09f1fc1e -> 
  custom:container-demuxer-ogg: 62fdf1f143b41e24485cea50d1cbac27 -> 
  custom:scripting/monoscript/fileName/Tool.cs: be099936d815189850597d589554409d -> 
  custom:scripting/monoscript/fileName/SelectionBox.cs: 731349e70fefdccf4a36d5cb0174ed16 -> 
  custom:scripting/monoscript/fileName/EraserPositionCalculator.cs: 4b8435a1abe38a6d71eeab699266d91b -> 
  custom:scripting/monoscript/fileName/Vector3Extensions.cs: e23141a9c3b911db5103025af5f1d1d3 -> 
  custom:video-codec-MediaFoundation-h265: 746d11721c4dcdbdad8f713fa42b33f4 -> 
  custom:scripting/monoscript/fileName/ToolPanelFactory.cs: 915c954fc2bfddf33b75b96de2566034 -> 
  custom:video-decoder-ogg-theora: a1e56fd34408186e4bbccfd4996cb3dc -> 
  custom:scripting/monoscript/fileName/VisualElementUtility.cs: 6f6e44d1ff7e3764ae212c768ef7a852 -> 
  custom:scripting/monoscript/fileName/Tilemap3D.cs: 0ef5190a7595674db45317b82974ae5e -> 
  custom:framework-win-MediaFoundation: 216162199b28c13a410421893ffa2e32 -> 
  custom:scripting/monoscript/fileName/FabgridHelpWindow.cs: aa519309a2347494c947590dd62d95a0 -> 
  custom:scripting/monoscript/fileName/Tilemap3DEditor.cs: cd00767e77b37927147e4a8913c930c8 -> 
  custom:scripting/monoscript/fileName/RemoveCategoryPopup.cs: 43c06d0eb2db254b508c640e70dc0b61 -> 
  custom:scripting/monoscript/fileName/TilePreviewRenderer.cs: 889a81fc16d8c2b74de30c604b576944 -> 
  custom:scripting/monoscript/fileName/LayerPanel.cs: c369fc5f8c5fa61d1a3ddb22255222d5 -> 
  custom:scripting/monoscript/fileName/SerializableDictionary.cs: 90647cc400823b41df847a6cbfc29026 -> 
  custom:scripting/monoscript/fileName/RectangleTool.cs: d6a1cda47ca34a0deb8854b34cb7d56c -> 918735360672870f95e0d13d8e122888
  custom:scripting/monoscript/fileName/TileRotator.cs: 45b90f0e8b0e8c7ccd158ab15371bf96 -> 
  custom:CustomObjectIndexerAttribute: 756ad292c208cfabdd7b50bc23989ffe -> 
  custom:scripting/monoscript/fileName/AddTile.cs: c202c1646b6e84aa7c89509968f987b0 -> 
  custom:scripting/monoscript/fileName/Configurate.cs: aef6edf58567c6f4a31ca0192a4a3cf4 -> 
  custom:scripting/monoscript/fileName/Paint.cs: a2fa6711b59db0ad07806bd55a243b3e -> 
  custom:scripting/monoscript/fileName/DrawingUtility.cs: 6442c30645f446ca00fa13f1c5db854d -> 
  custom:container-demuxer-webm: 4f35f7cbe854078d1ac9338744f61a02 -> 
  custom:scripting/monoscript/fileName/Brush.cs: 18d5959673a7cd996af46e46b605cd90 -> 
  custom:scripting/monoscript/fileName/Panel.cs: 1745f5cac944ce672f8a621b05a5fc83 -> 
  custom:scripting/monoscript/fileName/ToolFactory.cs: 3ef5cfa0b7b32db2d6de2dbc04fec70e -> 
  custom:scripting/monoscript/fileName/EditTilePopup.cs: c0b3e206bd8ef04872910b9efa46d3b2 -> 
  custom:scripting/monoscript/fileName/AddCategoryPopup.cs: 4a5af658d2ab388fd7bf02ad6e2fe420 -> 
  custom:scripting/monoscript/fileName/FabgridUtility.cs: 1cc3f6cf1d7cd6d1ab1012c7205a53a2 -> 
  custom:scripting/monoscript/fileName/BrushToolPanel.cs: 9709265a949dd0344579f1e7c1a1982c -> 
  custom:container-muxer-webm: aa71ff27fc2769a1b78a27578f13a17b -> 
  custom:scripting/monoscript/fileName/FabgridRaycaster.cs: be4e76468e2b7423cd7bce3c2c097c42 -> 
  custom:scripting/monoscript/fileName/EventHandler.cs: 5e7303d4e2b10b5e728d2f4fd3b372ee -> 
  custom:video-decoder-webm-vp8: 9c59270c3fd7afecdb556c50c9e8de78 -> 
  custom:scripting/monoscript/fileName/FloorTilePositionCalculator.cs: afc7112b63883492d5c2e8ea3289ef10 -> 
  custom:scripting/monoscript/fileName/Batching.cs: 26bc12207cfa9964552cc8dde211d43b -> 
  custom:scripting/monoscript/fileName/Eraser.cs: 03c7e26dc7dd5a3410c8c2a0cde1fbd5 -> 
  custom:SearchIndexIgnoredProperties: e643bd26f0fe6173181afceb89e7c659 -> 
  custom:AudioImporter_EditorPlatform: d09bf68614088b80899f8185d706f6e7 -> 
  custom:scripting/monoscript/fileName/FabgridLogger.cs: d6ceb16130e21d4de9a792b416cb50f6 -> 
  custom:scripting/monoscript/fileName/DebugUtility.cs: 8ed3e1e4dc05e63d9b19c72319b9a546 -> bd490dbb4d22e264b43629b4c0719413
  custom:scripting/monoscript/fileName/TileCollection.cs: 008c86c72aa38afb09d1d0f42e337a4d -> 
  custom:scripting/monoscript/fileName/PathUtility.cs: 0a6ba9c759a750c2a0a64ca279ffd9e0 -> bc44f04172a562131c264196de185160
  custom:scripting/monoscript/fileName/State.cs: 3e4eb54e7deb22faa2e6a48a5e0016b2 -> 7b399a2323d8175a0208ae1f055d7099
  custom:scripting/monoscript/fileName/ActionButton.cs: ddfa90f8c956908298db40bd352a7dd6 -> 
  custom:scripting/monoscript/fileName/TilePositionCalculator.cs: 554a420bbb5cffb933cdf4d9803d03dc -> 
  custom:scripting/monoscript/fileName/GridTilePositionCalculator.cs: 6583f323d88539dc5a5fe4ad8b7e95f1 -> 
  custom:scripting/monoscript/fileName/ToolPanel.cs: bea64f858ed9a899c33eaacd0325c60d -> 
  custom:scripting/monoscript/fileName/LayerBehaviour.cs: ab5630858ed2092989275eb0cd0280be -> 
  custom:scripting/monoscript/fileName/VisualElementExtensions.cs: 91cd1ed51432836872c4c17c65953054 -> 0aad2728225c469038631668406aebb3
  custom:scripting/monoscript/fileName/RectangleToolPanel.cs: a32449d180c6b3c23307217b59e71ca8 -> 
  custom:scripting/monoscript/fileName/StylingUtility.cs: d7b7419654dada6681caa7d717db33ad -> 
  custom:scripting/monoscript/fileName/FabgridMath.cs: 666200bf0ece9ef7fb8f579f0e930771 -> 
  custom:video-encoder-webm-vp8: eb34c28f22e8b96e1ab97ce403110664 -> 
  custom:audio-decoder-ogg-vorbis: bf7c407c2cedff20999df2af8eb42d56 -> 
  custom:scripting/monoscript/fileName/Help.cs: a7ae9747e90cbc7df887ee54b8b7dd05 -> 
  custom:scripting/monoscript/fileName/FSM.cs: af0584e512e49fdad10a1247679a9381 -> 
  custom:scripting/monoscript/fileName/BatchingUtility.cs: 2af19993efbc83dcf1b920f90b5b7582 -> 
  custom:scripting/monoscript/fileName/AdaptiveTilePositionCalculator.cs: b5143269d79b30b504659eefa7fb2e88 -> 
  custom:scripting/monoscript/fileName/TileSet.cs: ed3361b73d7499cd3ac14d49469ee5ca -> 
  custom:scripting/monoscript/fileName/Dialog.cs: 84e53688c5aab11e7e572677b14134c5 -> 
  custom:scripting/monoscript/fileName/MeshTilePositionCalculator.cs: 6413e69266cdf87585e825c5f9c9cb66 -> 
  custom:audio-encoder-webm-vorbis: bf7c407c2cedff20999df2af8eb42d56 -> 
  custom:scripting/monoscript/fileName/Tile.cs: 95629e77caf4499b42c440e93c0ffd15 -> 
  custom:scripting/monoscript/fileName/EraserToolPanel.cs: 8ee6198f59d1aac13435587b79cf016f -> 
  custom:scripting/monoscript/fileName/FabgridRaycastHit.cs: 0e0640e214306a9aa1ca40751bb1e60f -> 
