Using pre-set license
Built from '2022.3/staging' branch; Version is '2022.3.13f1 (5f90a5ebde0f) revision 6262949'; Using compiler version '192829333'; Build Type 'Release'
OS: 'Windows 11  (10.0.22631) 64bit Professional' Language: 'ja' Physical Memory: 32560 MB
BatchMode: 1, IsHumanControllingUs: 0, StartBugReporterOnCrash: 0, Is64bit: 1, IsPro: 1

COMMAND LINE ARGUMENTS:
C:\Program Files\Unity\Hub\Editor\2022.3.13f1\Editor\Unity.exe
-adb2
-batchMode
-noUpm
-name
AssetImportWorker1
-projectPath
C:/Users/fko2347054/Documents/GitHub/繧ｿ繧､繝繧｢繧ｿ繝繧ｯ繝繝ｳ繧ｸ繝ｧ繝ｳ/TimeAttackDungeon
-logFile
Logs/AssetImportWorker1.log
-srvPort
62851
Successfully changed project path to: C:/Users/fko2347054/Documents/GitHub/繧ｿ繧､繝繧｢繧ｿ繝繧ｯ繝繝ｳ繧ｸ繝ｧ繝ｳ/TimeAttackDungeon
C:/Users/fko2347054/Documents/GitHub/繧ｿ繧､繝繧｢繧ｿ繝繧ｯ繝繝ｳ繧ｸ繝ｧ繝ｳ/TimeAttackDungeon
[UnityMemory] Configuration Parameters - Can be set up in boot.config
    "memorysetup-bucket-allocator-granularity=16"
    "memorysetup-bucket-allocator-bucket-count=8"
    "memorysetup-bucket-allocator-block-size=33554432"
    "memorysetup-bucket-allocator-block-count=8"
    "memorysetup-main-allocator-block-size=16777216"
    "memorysetup-thread-allocator-block-size=16777216"
    "memorysetup-gfx-main-allocator-block-size=16777216"
    "memorysetup-gfx-thread-allocator-block-size=16777216"
    "memorysetup-cache-allocator-block-size=4194304"
    "memorysetup-typetree-allocator-block-size=2097152"
    "memorysetup-profiler-bucket-allocator-granularity=16"
    "memorysetup-profiler-bucket-allocator-bucket-count=8"
    "memorysetup-profiler-bucket-allocator-block-size=33554432"
    "memorysetup-profiler-bucket-allocator-block-count=8"
    "memorysetup-profiler-allocator-block-size=16777216"
    "memorysetup-profiler-editor-allocator-block-size=1048576"
    "memorysetup-temp-allocator-size-main=16777216"
    "memorysetup-job-temp-allocator-block-size=2097152"
    "memorysetup-job-temp-allocator-block-size-background=1048576"
    "memorysetup-job-temp-allocator-reduction-small-platforms=262144"
    "memorysetup-allocator-temp-initial-block-size-main=262144"
    "memorysetup-allocator-temp-initial-block-size-worker=262144"
    "memorysetup-temp-allocator-size-background-worker=32768"
    "memorysetup-temp-allocator-size-job-worker=262144"
    "memorysetup-temp-allocator-size-preload-manager=33554432"
    "memorysetup-temp-allocator-size-nav-mesh-worker=65536"
    "memorysetup-temp-allocator-size-audio-worker=65536"
    "memorysetup-temp-allocator-size-cloud-worker=32768"
    "memorysetup-temp-allocator-size-gi-baking-worker=262144"
    "memorysetup-temp-allocator-size-gfx=262144"
Player connection [24580] Host "[IP] 172.18.33.112 [Port] 0 [Flags] 2 [Guid] 1855916744 [EditorId] 1855916744 [Version] 1048832 [Id] WindowsEditor(7,FIC-PCROOM3C-12) [Debug] 1 [PackageName] WindowsEditor [ProjectName] Editor" joined multi-casting on [225.0.0.222:54997]...

Player connection [24580] Host "[IP] 172.18.33.112 [Port] 0 [Flags] 2 [Guid] 1855916744 [EditorId] 1855916744 [Version] 1048832 [Id] WindowsEditor(7,FIC-PCROOM3C-12) [Debug] 1 [PackageName] WindowsEditor [ProjectName] Editor" joined alternative multi-casting on [225.0.0.222:34997]...

[Physics::Module] Initialized MultithreadedJobDispatcher with 19 workers.
Refreshing native plugins compatible for Editor in 5.49 ms, found 3 plugins.
Preloading 0 native plugins for Editor in 0.00 ms.
Initialize engine version: 2022.3.13f1 (5f90a5ebde0f)
[Subsystems] Discovering subsystems at path C:/Program Files/Unity/Hub/Editor/2022.3.13f1/Editor/Data/Resources/UnitySubsystems
[Subsystems] Discovering subsystems at path C:/Users/fko2347054/Documents/GitHub/繧ｿ繧､繝繧｢繧ｿ繝繧ｯ繝繝ｳ繧ｸ繝ｧ繝ｳ/TimeAttackDungeon/Assets
GfxDevice: creating device client; threaded=0; jobified=0
Direct3D:
    Version:  Direct3D 11.0 [level 11.1]
    Renderer: NVIDIA GeForce RTX 3070 (ID=0x2488)
    Vendor:   NVIDIA
    VRAM:     8018 MB
    Driver:   31.0.15.5168
Initialize mono
Mono path[0] = 'C:/Program Files/Unity/Hub/Editor/2022.3.13f1/Editor/Data/Managed'
Mono path[1] = 'C:/Program Files/Unity/Hub/Editor/2022.3.13f1/Editor/Data/MonoBleedingEdge/lib/mono/unityjit-win32'
Mono config path = 'C:/Program Files/Unity/Hub/Editor/2022.3.13f1/Editor/Data/MonoBleedingEdge/etc'
Using monoOptions --debugger-agent=transport=dt_socket,embedding=1,server=y,suspend=n,address=127.0.0.1:56848
Begin MonoManager ReloadAssembly
Registering precompiled unity dll's ...
Register platform support module: C:/Program Files/Unity/Hub/Editor/2022.3.13f1/Editor/Data/PlaybackEngines/WebGLSupport/UnityEditor.WebGL.Extensions.dll
Register platform support module: C:/Program Files/Unity/Hub/Editor/2022.3.13f1/Editor/Data/PlaybackEngines/WindowsStandaloneSupport/UnityEditor.WindowsStandalone.Extensions.dll
Registered in 0.005083 seconds.
- Loaded All Assemblies, in  0.274 seconds
Native extension for WindowsStandalone target not found
Native extension for WebGL target not found
Mono: successfully reloaded assembly
- Finished resetting the current domain, in  0.205 seconds
Domain Reload Profiling: 478ms
	BeginReloadAssembly (89ms)
		ExecutionOrderSort (0ms)
		DisableScriptedObjects (0ms)
		BackupInstance (0ms)
		ReleaseScriptingObjects (0ms)
		CreateAndSetChildDomain (1ms)
	RebuildCommonClasses (28ms)
	RebuildNativeTypeToScriptingClass (7ms)
	initialDomainReloadingComplete (44ms)
	LoadAllAssembliesAndSetupDomain (105ms)
		LoadAssemblies (88ms)
		RebuildTransferFunctionScriptingTraits (0ms)
		AnalyzeDomain (103ms)
			TypeCache.Refresh (102ms)
				TypeCache.ScanAssembly (93ms)
			ScanForSourceGeneratedMonoScriptInfo (0ms)
			ResolveRequiredComponents (0ms)
	FinalizeReload (205ms)
		ReleaseScriptCaches (0ms)
		RebuildScriptCaches (0ms)
		SetupLoadedEditorAssemblies (157ms)
			LogAssemblyErrors (0ms)
			InitializePlatformSupportModulesInManaged (8ms)
			SetLoadedEditorAssemblies (5ms)
			RefreshPlugins (0ms)
			BeforeProcessingInitializeOnLoad (2ms)
			ProcessInitializeOnLoadAttributes (105ms)
			ProcessInitializeOnLoadMethodAttributes (37ms)
			AfterProcessingInitializeOnLoad (0ms)
			EditorAssembliesLoaded (0ms)
		ExecutionOrderSort2 (0ms)
		AwakeInstancesAfterBackupRestoration (0ms)
========================================================================
Worker process is ready to serve import requests
Begin MonoManager ReloadAssembly
- Loaded All Assemblies, in  0.536 seconds
Refreshing native plugins compatible for Editor in 2.36 ms, found 3 plugins.
Native extension for WindowsStandalone target not found
Native extension for WebGL target not found
Package Manager log level set to [2]
[Package Manager] Server::EnsureServerProcessIsRunning -- launch failed, reason: Unity was launched with the -noUpm command-line argument
[Package Manager] UpmClient::Send -- Unable to send message (not connected to UPM process).
[Package Manager] Cannot connect to Unity Package Manager local server
Mono: successfully reloaded assembly
- Finished resetting the current domain, in  0.690 seconds
Domain Reload Profiling: 1225ms
	BeginReloadAssembly (120ms)
		ExecutionOrderSort (0ms)
		DisableScriptedObjects (4ms)
		BackupInstance (0ms)
		ReleaseScriptingObjects (0ms)
		CreateAndSetChildDomain (18ms)
	RebuildCommonClasses (34ms)
	RebuildNativeTypeToScriptingClass (11ms)
	initialDomainReloadingComplete (29ms)
	LoadAllAssembliesAndSetupDomain (340ms)
		LoadAssemblies (269ms)
		RebuildTransferFunctionScriptingTraits (0ms)
		AnalyzeDomain (142ms)
			TypeCache.Refresh (120ms)
				TypeCache.ScanAssembly (106ms)
			ScanForSourceGeneratedMonoScriptInfo (16ms)
			ResolveRequiredComponents (5ms)
	FinalizeReload (690ms)
		ReleaseScriptCaches (0ms)
		RebuildScriptCaches (0ms)
		SetupLoadedEditorAssemblies (566ms)
			LogAssemblyErrors (0ms)
			InitializePlatformSupportModulesInManaged (5ms)
			SetLoadedEditorAssemblies (3ms)
			RefreshPlugins (0ms)
			BeforeProcessingInitializeOnLoad (66ms)
			ProcessInitializeOnLoadAttributes (472ms)
			ProcessInitializeOnLoadMethodAttributes (15ms)
			AfterProcessingInitializeOnLoad (4ms)
			EditorAssembliesLoaded (0ms)
		ExecutionOrderSort2 (0ms)
		AwakeInstancesAfterBackupRestoration (5ms)
Launched and connected shader compiler UnityShaderCompiler.exe after 0.04 seconds
Refreshing native plugins compatible for Editor in 2.81 ms, found 3 plugins.
Preloading 0 native plugins for Editor in 0.00 ms.
Unloading 3508 Unused Serialized files (Serialized files now loaded: 0)
Unloading 38 unused Assets / (30.1 KB). Loaded Objects now: 4018.
Memory consumption went from 157.3 MB to 157.3 MB.
Total: 3.824600 ms (FindLiveObjects: 0.235700 ms CreateObjectMapping: 0.209800 ms MarkObjects: 3.319100 ms  DeleteObjects: 0.058300 ms)

AssetImportParameters requested are different than current active one (requested -> active):
  custom:container-demuxer-ogg: 62fdf1f143b41e24485cea50d1cbac27 -> 
  custom:video-codec-MediaFoundation-h265: 746d11721c4dcdbdad8f713fa42b33f4 -> 
  custom:video-decoder-ogg-theora: a1e56fd34408186e4bbccfd4996cb3dc -> 
  custom:framework-win-MediaFoundation: 216162199b28c13a410421893ffa2e32 -> 
  custom:CustomObjectIndexerAttribute: 756ad292c208cfabdd7b50bc23989ffe -> 
  custom:container-demuxer-webm: 4f35f7cbe854078d1ac9338744f61a02 -> 
  custom:container-muxer-webm: aa71ff27fc2769a1b78a27578f13a17b -> 
  custom:video-decoder-webm-vp8: 9c59270c3fd7afecdb556c50c9e8de78 -> 
  custom:SearchIndexIgnoredProperties: e643bd26f0fe6173181afceb89e7c659 -> 
  custom:AudioImporter_EditorPlatform: d09bf68614088b80899f8185d706f6e7 -> 
  custom:video-encoder-webm-vp8: eb34c28f22e8b96e1ab97ce403110664 -> 
  custom:audio-decoder-ogg-vorbis: bf7c407c2cedff20999df2af8eb42d56 -> 
  custom:audio-encoder-webm-vorbis: bf7c407c2cedff20999df2af8eb42d56 -> 
========================================================================
Received Import Request.
  Time since last request: 711783.397577 seconds.
  path: Assets/unitytyann/unity-chan!/Unity-chan! Model/Art/UnityChanShader/Materials/eyeline.mat
  artifactKey: Guid(7bac98231102243919a4534a06cc74ba) Importer(815301076,1909f56bfc062723c751e8b465ee728b)
Start importing Assets/unitytyann/unity-chan!/Unity-chan! Model/Art/UnityChanShader/Materials/eyeline.mat using Guid(7bac98231102243919a4534a06cc74ba) Importer(815301076,1909f56bfc062723c751e8b465ee728b)  -> (artifact id: '80867cb365e75f4bbffeb45e09651968') in 0.211782 seconds
Number of updated asset objects reloaded before import = 0
Number of asset objects unloaded after import = 4
========================================================================
Received Import Request.
  Time since last request: 0.000038 seconds.
  path: Assets/Simple Modular Dungeon/Components/Materials/Floor Variation 001/Floor Stones.mat
  artifactKey: Guid(5da169b1541cbbf43b01906bea73f3d4) Importer(815301076,1909f56bfc062723c751e8b465ee728b)
Start importing Assets/Simple Modular Dungeon/Components/Materials/Floor Variation 001/Floor Stones.mat using Guid(5da169b1541cbbf43b01906bea73f3d4) Importer(815301076,1909f56bfc062723c751e8b465ee728b)  -> (artifact id: '6e6ca60e096ef4f343c55eda2eb1b646') in 0.089258 seconds
Number of updated asset objects reloaded before import = 0
Number of asset objects unloaded after import = 6
========================================================================
Received Import Request.
  Time since last request: 0.000016 seconds.
  path: Assets/unitytyann/unity-chan!/Unity-chan! Model/Art/Materials/eyebase.mat
  artifactKey: Guid(9bec51fc47eda6047ba5cc01addbf46f) Importer(815301076,1909f56bfc062723c751e8b465ee728b)
Start importing Assets/unitytyann/unity-chan!/Unity-chan! Model/Art/Materials/eyebase.mat using Guid(9bec51fc47eda6047ba5cc01addbf46f) Importer(815301076,1909f56bfc062723c751e8b465ee728b)  -> (artifact id: '921ec1ab8a954a30d6bc286f9d268cef') in 0.022156 seconds
Number of updated asset objects reloaded before import = 0
Number of asset objects unloaded after import = 4
========================================================================
Received Import Request.
  Time since last request: 0.000015 seconds.
  path: Assets/Simple Modular Dungeon/Components/Materials/Barrel 001/Barrel Metal.mat
  artifactKey: Guid(f484b6ff3d890664095a3ea9dc3bf8ac) Importer(815301076,1909f56bfc062723c751e8b465ee728b)
Start importing Assets/Simple Modular Dungeon/Components/Materials/Barrel 001/Barrel Metal.mat using Guid(f484b6ff3d890664095a3ea9dc3bf8ac) Importer(815301076,1909f56bfc062723c751e8b465ee728b)  -> (artifact id: '031327b0ff3b366b18ae688969168c8b') in 0.071779 seconds
Number of updated asset objects reloaded before import = 0
Number of asset objects unloaded after import = 6
========================================================================
Received Import Request.
  Time since last request: 0.000015 seconds.
  path: Assets/unitytyann/unity-chan!/Unity-chan! Model/Art/Materials/Left.mat
  artifactKey: Guid(00cf17fb11d4e76448c2096f7ee6aa4f) Importer(815301076,1909f56bfc062723c751e8b465ee728b)
Start importing Assets/unitytyann/unity-chan!/Unity-chan! Model/Art/Materials/Left.mat using Guid(00cf17fb11d4e76448c2096f7ee6aa4f) Importer(815301076,1909f56bfc062723c751e8b465ee728b)  -> (artifact id: '84b94c7e30b97b3b19f12f31edf60656') in 0.022073 seconds
Number of updated asset objects reloaded before import = 0
Number of asset objects unloaded after import = 1
========================================================================
Received Import Request.
  Time since last request: 0.000051 seconds.
  path: Assets/Rakshi_Realistic Pack Tree 12/Textures/branch2.mat
  artifactKey: Guid(c1fe8c963deef974d8fc4f38baec23e2) Importer(815301076,1909f56bfc062723c751e8b465ee728b)
Start importing Assets/Rakshi_Realistic Pack Tree 12/Textures/branch2.mat using Guid(c1fe8c963deef974d8fc4f38baec23e2) Importer(815301076,1909f56bfc062723c751e8b465ee728b)  -> (artifact id: '80194e3ee943388523b5dc3308e16925') in 0.125729 seconds
Number of updated asset objects reloaded before import = 0
Number of asset objects unloaded after import = 3
========================================================================
Received Import Request.
  Time since last request: 0.000015 seconds.
  path: Assets/Cartoon Heroes/Female/3D/Legs/Legs_2/Materials/Female_Legs_2_Brown.mat
  artifactKey: Guid(f7a7e64aed780514a91d38782fd2bbfe) Importer(815301076,1909f56bfc062723c751e8b465ee728b)
Start importing Assets/Cartoon Heroes/Female/3D/Legs/Legs_2/Materials/Female_Legs_2_Brown.mat using Guid(f7a7e64aed780514a91d38782fd2bbfe) Importer(815301076,1909f56bfc062723c751e8b465ee728b)  -> (artifact id: '38b40cd4cdef7c2c3615f9ba1d91e0b9') in 0.045289 seconds
Number of updated asset objects reloaded before import = 0
Number of asset objects unloaded after import = 3
========================================================================
Received Import Request.
  Time since last request: 0.000015 seconds.
  path: Assets/unitytyann/unity-chan!/Unity-chan! Model/Art/Materials/hair.mat
  artifactKey: Guid(5ebb6caef8207d243a588a574971408c) Importer(815301076,1909f56bfc062723c751e8b465ee728b)
Start importing Assets/unitytyann/unity-chan!/Unity-chan! Model/Art/Materials/hair.mat using Guid(5ebb6caef8207d243a588a574971408c) Importer(815301076,1909f56bfc062723c751e8b465ee728b)  -> (artifact id: '912c2ff1eccd61bd0fdb2b8f8caafc62') in 0.079532 seconds
Number of updated asset objects reloaded before import = 0
Number of asset objects unloaded after import = 7
========================================================================
Received Import Request.
  Time since last request: 0.000020 seconds.
  path: Assets/Hovl Studio/Magic effects pack/Materials/Flare.mat
  artifactKey: Guid(818e127314f46c844a3b31d893dcfe6a) Importer(815301076,1909f56bfc062723c751e8b465ee728b)
Start importing Assets/Hovl Studio/Magic effects pack/Materials/Flare.mat using Guid(818e127314f46c844a3b31d893dcfe6a) Importer(815301076,1909f56bfc062723c751e8b465ee728b)  -> (artifact id: '173aca0ff13f7b2c05243be9c2a495e6') in 0.030873 seconds
Number of updated asset objects reloaded before import = 0
Number of asset objects unloaded after import = 2
========================================================================
Received Import Request.
  Time since last request: 0.000023 seconds.
  path: Assets/PBR_Brick_Material_Free/Material/Floor.mat
  artifactKey: Guid(e45192ac8142f43688fd2ddded53bbc8) Importer(815301076,1909f56bfc062723c751e8b465ee728b)
Start importing Assets/PBR_Brick_Material_Free/Material/Floor.mat using Guid(e45192ac8142f43688fd2ddded53bbc8) Importer(815301076,1909f56bfc062723c751e8b465ee728b)  -> (artifact id: '0cfe38be70f5320b76f12cf96d95528a') in 0.018855 seconds
Number of updated asset objects reloaded before import = 0
Number of asset objects unloaded after import = 1
========================================================================
Received Import Request.
  Time since last request: 0.000015 seconds.
  path: Assets/Cartoon Heroes/Female/3D/Legs/Legs_1/Materials/Female_Legs_1_Skin_Covered.mat
  artifactKey: Guid(4e8cbb08ff4e44f4892a0f2976b73f55) Importer(815301076,1909f56bfc062723c751e8b465ee728b)
Start importing Assets/Cartoon Heroes/Female/3D/Legs/Legs_1/Materials/Female_Legs_1_Skin_Covered.mat using Guid(4e8cbb08ff4e44f4892a0f2976b73f55) Importer(815301076,1909f56bfc062723c751e8b465ee728b)  -> (artifact id: '46f313878dfba0ff68824fbcca15aaf9') in 0.047315 seconds
Number of updated asset objects reloaded before import = 0
Number of asset objects unloaded after import = 3
========================================================================
Received Import Request.
  Time since last request: 0.000019 seconds.
  path: Assets/unitytyann/unity-chan!/Unity-chan! Model/Art/UnityChanShader/Materials/eyebase.mat
  artifactKey: Guid(c7d8484a18b294b4ea192d6a82f2e0d5) Importer(815301076,1909f56bfc062723c751e8b465ee728b)
Start importing Assets/unitytyann/unity-chan!/Unity-chan! Model/Art/UnityChanShader/Materials/eyebase.mat using Guid(c7d8484a18b294b4ea192d6a82f2e0d5) Importer(815301076,1909f56bfc062723c751e8b465ee728b)  -> (artifact id: '7b168d3c5cfda7c0c42e335fc91e1234') in 0.027151 seconds
Number of updated asset objects reloaded before import = 0
Number of asset objects unloaded after import = 4
========================================================================
Received Import Request.
  Time since last request: 0.000015 seconds.
  path: Assets/com/heparo/terrain/toolkit/demonstration/materials/Demo_SkyBox_Material.mat
  artifactKey: Guid(2b7fecfc9c9646e4f8255f0ad4681d03) Importer(815301076,1909f56bfc062723c751e8b465ee728b)
Start importing Assets/com/heparo/terrain/toolkit/demonstration/materials/Demo_SkyBox_Material.mat using Guid(2b7fecfc9c9646e4f8255f0ad4681d03) Importer(815301076,1909f56bfc062723c751e8b465ee728b)  -> (artifact id: '7e5581e3b39fff2439b32862862d507f') in 0.062517 seconds
Number of updated asset objects reloaded before import = 0
Number of asset objects unloaded after import = 7
========================================================================
Received Import Request.
  Time since last request: 0.000018 seconds.
  path: Assets/Cartoon Heroes/Female/3D/Hairs/Hair_4/Materials/Female_Hair_4_Black.mat
  artifactKey: Guid(6164e9094bb262044b435a6b01d50c9c) Importer(815301076,1909f56bfc062723c751e8b465ee728b)
Start importing Assets/Cartoon Heroes/Female/3D/Hairs/Hair_4/Materials/Female_Hair_4_Black.mat using Guid(6164e9094bb262044b435a6b01d50c9c) Importer(815301076,1909f56bfc062723c751e8b465ee728b)  -> (artifact id: '40ed7a1b509d21f5a007d843b40d107d') in 0.049881 seconds
Number of updated asset objects reloaded before import = 0
Number of asset objects unloaded after import = 3
========================================================================
Received Import Request.
  Time since last request: 0.000017 seconds.
  path: Assets/Cartoon Heroes/Female/3D/Torsos/Base Torso/Materials/Female_Base_Torso_Light.mat
  artifactKey: Guid(dd05f9426540d2c4a8e08a24f11eb8d1) Importer(815301076,1909f56bfc062723c751e8b465ee728b)
Start importing Assets/Cartoon Heroes/Female/3D/Torsos/Base Torso/Materials/Female_Base_Torso_Light.mat using Guid(dd05f9426540d2c4a8e08a24f11eb8d1) Importer(815301076,1909f56bfc062723c751e8b465ee728b)  -> (artifact id: 'b218fe81dbb548ee0788d688c6e34d65') in 0.025723 seconds
Number of updated asset objects reloaded before import = 0
Number of asset objects unloaded after import = 3
========================================================================
Received Import Request.
  Time since last request: 0.000024 seconds.
  path: Assets/SkythianCat/Glowing_Forest/Materials/Birch_branch.mat
  artifactKey: Guid(ee0734e6008f396418d3f554a811649d) Importer(815301076,1909f56bfc062723c751e8b465ee728b)
Start importing Assets/SkythianCat/Glowing_Forest/Materials/Birch_branch.mat using Guid(ee0734e6008f396418d3f554a811649d) Importer(815301076,1909f56bfc062723c751e8b465ee728b)  -> (artifact id: '7bfee49653bae8442adf90b0829fd155') in 0.014518 seconds
Number of updated asset objects reloaded before import = 0
Number of asset objects unloaded after import = 2
========================================================================
Received Import Request.
  Time since last request: 0.000024 seconds.
  path: Assets/Simple Modular Dungeon/Components/Materials/Book 004/Book Binding 004.mat
  artifactKey: Guid(d7bdd627571c0ad4dadb305551c6a5a0) Importer(815301076,1909f56bfc062723c751e8b465ee728b)
Start importing Assets/Simple Modular Dungeon/Components/Materials/Book 004/Book Binding 004.mat using Guid(d7bdd627571c0ad4dadb305551c6a5a0) Importer(815301076,1909f56bfc062723c751e8b465ee728b)  -> (artifact id: '3d9184c77a220f7ce5dfc21986fcc659') in 0.046191 seconds
Number of updated asset objects reloaded before import = 0
Number of asset objects unloaded after import = 6
========================================================================
Received Import Request.
  Time since last request: 0.000015 seconds.
  path: Assets/Simple Modular Dungeon/Components/Materials/Bookshelf 001/Binding 004.mat
  artifactKey: Guid(3f47d85ab1cba404c9f4b18f90925a23) Importer(815301076,1909f56bfc062723c751e8b465ee728b)
Start importing Assets/Simple Modular Dungeon/Components/Materials/Bookshelf 001/Binding 004.mat using Guid(3f47d85ab1cba404c9f4b18f90925a23) Importer(815301076,1909f56bfc062723c751e8b465ee728b)  -> (artifact id: '3639537a5af88e16c4e44885f465db68') in 0.079336 seconds
Number of updated asset objects reloaded before import = 0
Number of asset objects unloaded after import = 6
========================================================================
Received Import Request.
  Time since last request: 0.000019 seconds.
  path: Assets/Simple Modular Dungeon/Components/Materials/Book 009/Book Binding 009.mat
  artifactKey: Guid(4fecdfd8e9b79804fa31696364e67861) Importer(815301076,1909f56bfc062723c751e8b465ee728b)
Start importing Assets/Simple Modular Dungeon/Components/Materials/Book 009/Book Binding 009.mat using Guid(4fecdfd8e9b79804fa31696364e67861) Importer(815301076,1909f56bfc062723c751e8b465ee728b)  -> (artifact id: 'a0a6ee0bb7f37fc5b98be3db214a13ee') in 0.046017 seconds
Number of updated asset objects reloaded before import = 0
Number of asset objects unloaded after import = 6
========================================================================
Received Import Request.
  Time since last request: 0.000015 seconds.
  path: Assets/Cartoon Heroes/Female/3D/Torsos/Torso_2/Materials/Female_Torso_2_Green.mat
  artifactKey: Guid(36e85cc99a1790b41a147803cc76eb4d) Importer(815301076,1909f56bfc062723c751e8b465ee728b)
Start importing Assets/Cartoon Heroes/Female/3D/Torsos/Torso_2/Materials/Female_Torso_2_Green.mat using Guid(36e85cc99a1790b41a147803cc76eb4d) Importer(815301076,1909f56bfc062723c751e8b465ee728b)  -> (artifact id: '00a8e867ca5e89275b18dd9cac45d2d4') in 0.032981 seconds
Number of updated asset objects reloaded before import = 0
Number of asset objects unloaded after import = 3
========================================================================
Received Import Request.
  Time since last request: 0.000016 seconds.
  path: Assets/Simple Modular Dungeon/Components/Materials/Book 003/Book Binding 003.mat
  artifactKey: Guid(9984f814f4839054b837869d5db8f5a3) Importer(815301076,1909f56bfc062723c751e8b465ee728b)
Start importing Assets/Simple Modular Dungeon/Components/Materials/Book 003/Book Binding 003.mat using Guid(9984f814f4839054b837869d5db8f5a3) Importer(815301076,1909f56bfc062723c751e8b465ee728b)  -> (artifact id: 'c7cf14ebd10e1b75e9a7a8bcdaa86be7') in 0.055927 seconds
Number of updated asset objects reloaded before import = 0
Number of asset objects unloaded after import = 6
========================================================================
Received Import Request.
  Time since last request: 0.000021 seconds.
  path: Assets/Simple Modular Dungeon/Components/Materials/Book 005/Book Binding 005.mat
  artifactKey: Guid(83bda6833a1180c41b31ba06c93883b2) Importer(815301076,1909f56bfc062723c751e8b465ee728b)
Start importing Assets/Simple Modular Dungeon/Components/Materials/Book 005/Book Binding 005.mat using Guid(83bda6833a1180c41b31ba06c93883b2) Importer(815301076,1909f56bfc062723c751e8b465ee728b)  -> (artifact id: 'c9df685c53d9978922c079b1744cf22e') in 0.045794 seconds
Number of updated asset objects reloaded before import = 0
Number of asset objects unloaded after import = 6
========================================================================
Received Import Request.
  Time since last request: 0.000016 seconds.
  path: Assets/SkythianCat/Glowing_Forest/Materials/Bush01.mat
  artifactKey: Guid(b3380417daec2034d93bd26cf14050e6) Importer(815301076,1909f56bfc062723c751e8b465ee728b)
Start importing Assets/SkythianCat/Glowing_Forest/Materials/Bush01.mat using Guid(b3380417daec2034d93bd26cf14050e6) Importer(815301076,1909f56bfc062723c751e8b465ee728b)  -> (artifact id: '8420dcede936d96a72d0d2507af550e0') in 0.019238 seconds
Number of updated asset objects reloaded before import = 0
Number of asset objects unloaded after import = 2
========================================================================
Received Import Request.
  Time since last request: 0.000019 seconds.
  path: Assets/Hatogame_new/Lizard/Material/LizardB_Mat.mat
  artifactKey: Guid(f01071a5027bcef4884d5733c630b0a8) Importer(815301076,1909f56bfc062723c751e8b465ee728b)
Start importing Assets/Hatogame_new/Lizard/Material/LizardB_Mat.mat using Guid(f01071a5027bcef4884d5733c630b0a8) Importer(815301076,1909f56bfc062723c751e8b465ee728b)  -> (artifact id: 'e15b79446ad7dfa6d62326b8882713cf') in 0.030851 seconds
Number of updated asset objects reloaded before import = 0
Number of asset objects unloaded after import = 4
========================================================================
Received Import Request.
  Time since last request: 0.000015 seconds.
  path: Assets/Cartoon Heroes/Female/3D/Torsos/Torso_3/Materials/Female_Torso_3_Yellow.mat
  artifactKey: Guid(da7a13480ddb58044980a6563b562d9a) Importer(815301076,1909f56bfc062723c751e8b465ee728b)
Start importing Assets/Cartoon Heroes/Female/3D/Torsos/Torso_3/Materials/Female_Torso_3_Yellow.mat using Guid(da7a13480ddb58044980a6563b562d9a) Importer(815301076,1909f56bfc062723c751e8b465ee728b)  -> (artifact id: '519051c00e41fc4b8fa8df739c0eee41') in 0.056049 seconds
Number of updated asset objects reloaded before import = 0
Number of asset objects unloaded after import = 3
========================================================================
Received Import Request.
  Time since last request: 0.000017 seconds.
  path: Assets/Cartoon Heroes/Female/3D/Torsos/Torso_3/Materials/Female_Torso_3_Skin.mat
  artifactKey: Guid(a20148f9afdb1a741a2cb99fee42ee51) Importer(815301076,1909f56bfc062723c751e8b465ee728b)
Start importing Assets/Cartoon Heroes/Female/3D/Torsos/Torso_3/Materials/Female_Torso_3_Skin.mat using Guid(a20148f9afdb1a741a2cb99fee42ee51) Importer(815301076,1909f56bfc062723c751e8b465ee728b)  -> (artifact id: '61ac283e04cccf4feeb650d4f5d7b603') in 0.020550 seconds
Number of updated asset objects reloaded before import = 0
Number of asset objects unloaded after import = 3
========================================================================
Received Import Request.
  Time since last request: 0.000015 seconds.
  path: Assets/Simple Modular Dungeon/Components/Materials/Barrel 001/Barrel Wood.mat
  artifactKey: Guid(0f9519adb2e397b4b973cd32af80fd6c) Importer(815301076,1909f56bfc062723c751e8b465ee728b)
Start importing Assets/Simple Modular Dungeon/Components/Materials/Barrel 001/Barrel Wood.mat using Guid(0f9519adb2e397b4b973cd32af80fd6c) Importer(815301076,1909f56bfc062723c751e8b465ee728b)  -> (artifact id: '56f62792404434f399fedc587ba026fa') in 0.051247 seconds
Number of updated asset objects reloaded before import = 0
Number of asset objects unloaded after import = 6
========================================================================
Received Import Request.
  Time since last request: 0.000027 seconds.
  path: Assets/Cartoon Heroes/Female/3D/Legs/Legs_3/Materials/Female_Legs_3_Skin_Light.mat
  artifactKey: Guid(1bd40f27ff5070a40b4b0c304b6f8d03) Importer(815301076,1909f56bfc062723c751e8b465ee728b)
Start importing Assets/Cartoon Heroes/Female/3D/Legs/Legs_3/Materials/Female_Legs_3_Skin_Light.mat using Guid(1bd40f27ff5070a40b4b0c304b6f8d03) Importer(815301076,1909f56bfc062723c751e8b465ee728b)  -> (artifact id: '3d44acf69c7cd0bdbe31f59c62ec7732') in 0.034448 seconds
Number of updated asset objects reloaded before import = 0
Number of asset objects unloaded after import = 3
========================================================================
Received Import Request.
  Time since last request: 0.000025 seconds.
  path: Assets/Cartoon Heroes/Female/3D/Legs/Legs_1/Materials/Female_Legs_1_Skin_Dark.mat
  artifactKey: Guid(d669654d82295e441b8e1e47a8658068) Importer(815301076,1909f56bfc062723c751e8b465ee728b)
Start importing Assets/Cartoon Heroes/Female/3D/Legs/Legs_1/Materials/Female_Legs_1_Skin_Dark.mat using Guid(d669654d82295e441b8e1e47a8658068) Importer(815301076,1909f56bfc062723c751e8b465ee728b)  -> (artifact id: 'e4a89abea9d7b4b1537d42df802ddbc3') in 0.017941 seconds
Number of updated asset objects reloaded before import = 0
Number of asset objects unloaded after import = 3
========================================================================
Received Import Request.
  Time since last request: 0.000024 seconds.
  path: Assets/Cartoon Heroes/Female/3D/Torsos/Torso_3/Materials/Female_Torso_3_Red.mat
  artifactKey: Guid(9194a78cc1925cf40a3085f3d2353a29) Importer(815301076,1909f56bfc062723c751e8b465ee728b)
Start importing Assets/Cartoon Heroes/Female/3D/Torsos/Torso_3/Materials/Female_Torso_3_Red.mat using Guid(9194a78cc1925cf40a3085f3d2353a29) Importer(815301076,1909f56bfc062723c751e8b465ee728b)  -> (artifact id: 'a07046270d90a0aa26131bbacd5b66d2') in 0.026763 seconds
Number of updated asset objects reloaded before import = 0
Number of asset objects unloaded after import = 3
Editor requested this worker to shutdown with reason: Scaling down because of idle timeout
TcpMessagingSession - receive error: operation aborted. errorcode: 995, details: スレッドの終了またはアプリケーションの要求によって、I/O 処理は中止されました。
AssetImportWorker is now disconnected from the server
Process exiting
Exiting without the bug reporter. Application will terminate with return code 0