Using pre-set license
Built from '2022.3/staging' branch; Version is '2022.3.13f1 (5f90a5ebde0f) revision 6262949'; Using compiler version '192829333'; Build Type 'Release'
OS: 'Windows 11  (10.0.22631) 64bit Professional' Language: 'ja' Physical Memory: 32560 MB
BatchMode: 1, IsHumanControllingUs: 0, StartBugReporterOnCrash: 0, Is64bit: 1, IsPro: 1

COMMAND LINE ARGUMENTS:
C:\Program Files\Unity\Hub\Editor\2022.3.13f1\Editor\Unity.exe
-adb2
-batchMode
-noUpm
-name
AssetImportWorker17
-projectPath
C:/Users/fko2347054/Documents/GitHub/TimeAttackDungeon/TimeAttackDungeon
-logFile
Logs/AssetImportWorker17.log
-srvPort
57157
Successfully changed project path to: C:/Users/fko2347054/Documents/GitHub/TimeAttackDungeon/TimeAttackDungeon
C:/Users/fko2347054/Documents/GitHub/TimeAttackDungeon/TimeAttackDungeon
[UnityMemory] Configuration Parameters - Can be set up in boot.config
    "memorysetup-bucket-allocator-granularity=16"
    "memorysetup-bucket-allocator-bucket-count=8"
    "memorysetup-bucket-allocator-block-size=33554432"
    "memorysetup-bucket-allocator-block-count=8"
    "memorysetup-main-allocator-block-size=16777216"
    "memorysetup-thread-allocator-block-size=16777216"
    "memorysetup-gfx-main-allocator-block-size=16777216"
    "memorysetup-gfx-thread-allocator-block-size=16777216"
    "memorysetup-cache-allocator-block-size=4194304"
    "memorysetup-typetree-allocator-block-size=2097152"
    "memorysetup-profiler-bucket-allocator-granularity=16"
    "memorysetup-profiler-bucket-allocator-bucket-count=8"
    "memorysetup-profiler-bucket-allocator-block-size=33554432"
    "memorysetup-profiler-bucket-allocator-block-count=8"
    "memorysetup-profiler-allocator-block-size=16777216"
    "memorysetup-profiler-editor-allocator-block-size=1048576"
    "memorysetup-temp-allocator-size-main=16777216"
    "memorysetup-job-temp-allocator-block-size=2097152"
    "memorysetup-job-temp-allocator-block-size-background=1048576"
    "memorysetup-job-temp-allocator-reduction-small-platforms=262144"
    "memorysetup-allocator-temp-initial-block-size-main=262144"
    "memorysetup-allocator-temp-initial-block-size-worker=262144"
    "memorysetup-temp-allocator-size-background-worker=32768"
    "memorysetup-temp-allocator-size-job-worker=262144"
    "memorysetup-temp-allocator-size-preload-manager=33554432"
    "memorysetup-temp-allocator-size-nav-mesh-worker=65536"
    "memorysetup-temp-allocator-size-audio-worker=65536"
    "memorysetup-temp-allocator-size-cloud-worker=32768"
    "memorysetup-temp-allocator-size-gi-baking-worker=262144"
    "memorysetup-temp-allocator-size-gfx=262144"
Player connection [65928] Host "[IP] 172.18.33.112 [Port] 0 [Flags] 2 [Guid] 4088264271 [EditorId] 4088264271 [Version] 1048832 [Id] WindowsEditor(7,FIC-PCROOM3C-12) [Debug] 1 [PackageName] WindowsEditor [ProjectName] Editor" joined multi-casting on [225.0.0.222:54997]...

Player connection [65928] Host "[IP] 172.18.33.112 [Port] 0 [Flags] 2 [Guid] 4088264271 [EditorId] 4088264271 [Version] 1048832 [Id] WindowsEditor(7,FIC-PCROOM3C-12) [Debug] 1 [PackageName] WindowsEditor [ProjectName] Editor" joined alternative multi-casting on [225.0.0.222:34997]...

[Physics::Module] Initialized MultithreadedJobDispatcher with 19 workers.
Refreshing native plugins compatible for Editor in 5.06 ms, found 3 plugins.
Preloading 0 native plugins for Editor in 0.00 ms.
Initialize engine version: 2022.3.13f1 (5f90a5ebde0f)
[Subsystems] Discovering subsystems at path C:/Program Files/Unity/Hub/Editor/2022.3.13f1/Editor/Data/Resources/UnitySubsystems
[Subsystems] Discovering subsystems at path C:/Users/fko2347054/Documents/GitHub/TimeAttackDungeon/TimeAttackDungeon/Assets
GfxDevice: creating device client; threaded=0; jobified=0
Direct3D:
    Version:  Direct3D 11.0 [level 11.1]
    Renderer: NVIDIA GeForce RTX 3070 (ID=0x2488)
    Vendor:   NVIDIA
    VRAM:     8018 MB
    Driver:   31.0.15.5168
Initialize mono
Mono path[0] = 'C:/Program Files/Unity/Hub/Editor/2022.3.13f1/Editor/Data/Managed'
Mono path[1] = 'C:/Program Files/Unity/Hub/Editor/2022.3.13f1/Editor/Data/MonoBleedingEdge/lib/mono/unityjit-win32'
Mono config path = 'C:/Program Files/Unity/Hub/Editor/2022.3.13f1/Editor/Data/MonoBleedingEdge/etc'
Using monoOptions --debugger-agent=transport=dt_socket,embedding=1,server=y,suspend=n,address=127.0.0.1:56800
Begin MonoManager ReloadAssembly
Registering precompiled unity dll's ...
Register platform support module: C:/Program Files/Unity/Hub/Editor/2022.3.13f1/Editor/Data/PlaybackEngines/WebGLSupport/UnityEditor.WebGL.Extensions.dll
Register platform support module: C:/Program Files/Unity/Hub/Editor/2022.3.13f1/Editor/Data/PlaybackEngines/WindowsStandaloneSupport/UnityEditor.WindowsStandalone.Extensions.dll
Registered in 0.005313 seconds.
- Loaded All Assemblies, in  0.265 seconds
Native extension for WindowsStandalone target not found
Native extension for WebGL target not found
Mono: successfully reloaded assembly
- Finished resetting the current domain, in  0.179 seconds
Domain Reload Profiling: 443ms
	BeginReloadAssembly (78ms)
		ExecutionOrderSort (0ms)
		DisableScriptedObjects (0ms)
		BackupInstance (0ms)
		ReleaseScriptingObjects (0ms)
		CreateAndSetChildDomain (1ms)
	RebuildCommonClasses (28ms)
	RebuildNativeTypeToScriptingClass (8ms)
	initialDomainReloadingComplete (47ms)
	LoadAllAssembliesAndSetupDomain (102ms)
		LoadAssemblies (77ms)
		RebuildTransferFunctionScriptingTraits (0ms)
		AnalyzeDomain (100ms)
			TypeCache.Refresh (99ms)
				TypeCache.ScanAssembly (90ms)
			ScanForSourceGeneratedMonoScriptInfo (0ms)
			ResolveRequiredComponents (0ms)
	FinalizeReload (179ms)
		ReleaseScriptCaches (0ms)
		RebuildScriptCaches (0ms)
		SetupLoadedEditorAssemblies (139ms)
			LogAssemblyErrors (0ms)
			InitializePlatformSupportModulesInManaged (7ms)
			SetLoadedEditorAssemblies (4ms)
			RefreshPlugins (0ms)
			BeforeProcessingInitializeOnLoad (2ms)
			ProcessInitializeOnLoadAttributes (92ms)
			ProcessInitializeOnLoadMethodAttributes (34ms)
			AfterProcessingInitializeOnLoad (0ms)
			EditorAssembliesLoaded (0ms)
		ExecutionOrderSort2 (0ms)
		AwakeInstancesAfterBackupRestoration (0ms)
========================================================================
Worker process is ready to serve import requests
Begin MonoManager ReloadAssembly
- Loaded All Assemblies, in  0.422 seconds
Refreshing native plugins compatible for Editor in 1.40 ms, found 3 plugins.
Native extension for WindowsStandalone target not found
Native extension for WebGL target not found
Package Manager log level set to [2]
[Package Manager] Server::EnsureServerProcessIsRunning -- launch failed, reason: Unity was launched with the -noUpm command-line argument
[Package Manager] UpmClient::Send -- Unable to send message (not connected to UPM process).
[Package Manager] Cannot connect to Unity Package Manager local server
Mono: successfully reloaded assembly
- Finished resetting the current domain, in  0.491 seconds
Domain Reload Profiling: 912ms
	BeginReloadAssembly (110ms)
		ExecutionOrderSort (0ms)
		DisableScriptedObjects (5ms)
		BackupInstance (0ms)
		ReleaseScriptingObjects (0ms)
		CreateAndSetChildDomain (17ms)
	RebuildCommonClasses (22ms)
	RebuildNativeTypeToScriptingClass (7ms)
	initialDomainReloadingComplete (29ms)
	LoadAllAssembliesAndSetupDomain (252ms)
		LoadAssemblies (200ms)
		RebuildTransferFunctionScriptingTraits (0ms)
		AnalyzeDomain (112ms)
			TypeCache.Refresh (100ms)
				TypeCache.ScanAssembly (90ms)
			ScanForSourceGeneratedMonoScriptInfo (9ms)
			ResolveRequiredComponents (2ms)
	FinalizeReload (491ms)
		ReleaseScriptCaches (0ms)
		RebuildScriptCaches (0ms)
		SetupLoadedEditorAssemblies (386ms)
			LogAssemblyErrors (0ms)
			InitializePlatformSupportModulesInManaged (4ms)
			SetLoadedEditorAssemblies (3ms)
			RefreshPlugins (0ms)
			BeforeProcessingInitializeOnLoad (37ms)
			ProcessInitializeOnLoadAttributes (325ms)
			ProcessInitializeOnLoadMethodAttributes (13ms)
			AfterProcessingInitializeOnLoad (4ms)
			EditorAssembliesLoaded (0ms)
		ExecutionOrderSort2 (0ms)
		AwakeInstancesAfterBackupRestoration (4ms)
Launched and connected shader compiler UnityShaderCompiler.exe after 0.03 seconds
Refreshing native plugins compatible for Editor in 1.68 ms, found 3 plugins.
Preloading 0 native plugins for Editor in 0.00 ms.
Unloading 3168 Unused Serialized files (Serialized files now loaded: 0)
Unloading 37 unused Assets / (1.9 MB). Loaded Objects now: 3657.
Memory consumption went from 141.5 MB to 139.6 MB.
Total: 3.271000 ms (FindLiveObjects: 0.186400 ms CreateObjectMapping: 0.104200 ms MarkObjects: 2.262600 ms  DeleteObjects: 0.716200 ms)

AssetImportParameters requested are different than current active one (requested -> active):
  custom:container-demuxer-ogg: 62fdf1f143b41e24485cea50d1cbac27 -> 
  custom:video-codec-MediaFoundation-h265: 746d11721c4dcdbdad8f713fa42b33f4 -> 
  custom:video-decoder-ogg-theora: a1e56fd34408186e4bbccfd4996cb3dc -> 
  custom:framework-win-MediaFoundation: 216162199b28c13a410421893ffa2e32 -> 
  custom:CustomObjectIndexerAttribute: 756ad292c208cfabdd7b50bc23989ffe -> 
  custom:container-demuxer-webm: 4f35f7cbe854078d1ac9338744f61a02 -> 
  custom:container-muxer-webm: aa71ff27fc2769a1b78a27578f13a17b -> 
  custom:video-decoder-webm-vp8: 9c59270c3fd7afecdb556c50c9e8de78 -> 
  custom:SearchIndexIgnoredProperties: e643bd26f0fe6173181afceb89e7c659 -> 
  custom:AudioImporter_EditorPlatform: d09bf68614088b80899f8185d706f6e7 -> 
  custom:video-encoder-webm-vp8: eb34c28f22e8b96e1ab97ce403110664 -> 
  custom:audio-decoder-ogg-vorbis: bf7c407c2cedff20999df2af8eb42d56 -> 
  custom:audio-encoder-webm-vorbis: bf7c407c2cedff20999df2af8eb42d56 -> 
========================================================================
Received Import Request.
  Time since last request: 1045008.603762 seconds.
  path: Assets/Cartoon Heroes/Male/Textures/Torsos/Torso_1/Male_Torso_1_Skin.tga
  artifactKey: Guid(da4ecba8a5f9f0a46bc026657126cc9e) Importer(815301076,1909f56bfc062723c751e8b465ee728b)
Start importing Assets/Cartoon Heroes/Male/Textures/Torsos/Torso_1/Male_Torso_1_Skin.tga using Guid(da4ecba8a5f9f0a46bc026657126cc9e) Importer(815301076,1909f56bfc062723c751e8b465ee728b)  -> (artifact id: '5668570ef9a5771ff356eb3f2d576643') in 0.052851 seconds
Number of updated asset objects reloaded before import = 0
Number of asset objects unloaded after import = 2
========================================================================
Received Import Request.
  Time since last request: 0.000018 seconds.
  path: Assets/Cartoon Heroes/Male/Textures/Torsos/Torso_2/Male_Torso_2_Blue.tga
  artifactKey: Guid(f96fd69eb7b0e654cbd0a40ab5bf51ad) Importer(815301076,1909f56bfc062723c751e8b465ee728b)
Start importing Assets/Cartoon Heroes/Male/Textures/Torsos/Torso_2/Male_Torso_2_Blue.tga using Guid(f96fd69eb7b0e654cbd0a40ab5bf51ad) Importer(815301076,1909f56bfc062723c751e8b465ee728b)  -> (artifact id: 'a75a5321045ec65a16dee13a59884ea3') in 0.024403 seconds
Number of updated asset objects reloaded before import = 0
Number of asset objects unloaded after import = 2
========================================================================
Received Import Request.
  Time since last request: 0.003407 seconds.
  path: Assets/Cartoon Heroes/Male/Textures/Torsos/Torso_3/Male_Torso_3_Normals.tga
  artifactKey: Guid(bbb551d3f2b654042b680962e551ea19) Importer(815301076,1909f56bfc062723c751e8b465ee728b)
Start importing Assets/Cartoon Heroes/Male/Textures/Torsos/Torso_3/Male_Torso_3_Normals.tga using Guid(bbb551d3f2b654042b680962e551ea19) Importer(815301076,1909f56bfc062723c751e8b465ee728b)  -> (artifact id: '3f0326ced89decf7d8157938ec64e0fc') in 0.039622 seconds
Number of updated asset objects reloaded before import = 0
Number of asset objects unloaded after import = 2
========================================================================
Received Import Request.
  Time since last request: 0.253334 seconds.
  path: Assets/com/heparo/terrain/toolkit/editor/resources/Model_01_Visual.png
  artifactKey: Guid(c72e8c7e50cc4144fae0eeda87b78e73) Importer(815301076,1909f56bfc062723c751e8b465ee728b)
Start importing Assets/com/heparo/terrain/toolkit/editor/resources/Model_01_Visual.png using Guid(c72e8c7e50cc4144fae0eeda87b78e73) Importer(815301076,1909f56bfc062723c751e8b465ee728b)  -> (artifact id: '3e5cd900d00196b0538109d6f3c22a31') in 0.025648 seconds
Number of updated asset objects reloaded before import = 0
Number of asset objects unloaded after import = 2
========================================================================
Received Import Request.
  Time since last request: 0.012700 seconds.
  path: Assets/com/heparo/terrain/toolkit/editor/resources/modelBackgroundDown.png
  artifactKey: Guid(069090165514e814285334729a6e5bcd) Importer(815301076,1909f56bfc062723c751e8b465ee728b)
Start importing Assets/com/heparo/terrain/toolkit/editor/resources/modelBackgroundDown.png using Guid(069090165514e814285334729a6e5bcd) Importer(815301076,1909f56bfc062723c751e8b465ee728b)  -> (artifact id: 'a2d9535b4de67757efa434431a6a5ee4') in 0.012556 seconds
Number of updated asset objects reloaded before import = 0
Number of asset objects unloaded after import = 2
========================================================================
Received Import Request.
  Time since last request: 32.452138 seconds.
  path: Assets/com/heparo/terrain/toolkit/documentation/images/paypal.me-128-32.jpg
  artifactKey: Guid(34d37a39b49efc444bc904414d33fb6b) Importer(815301076,1909f56bfc062723c751e8b465ee728b)
Start importing Assets/com/heparo/terrain/toolkit/documentation/images/paypal.me-128-32.jpg using Guid(34d37a39b49efc444bc904414d33fb6b) Importer(815301076,1909f56bfc062723c751e8b465ee728b)  -> (artifact id: '4fdeb71a605fe898e59e0d1581c21679') in 0.019753 seconds
Number of updated asset objects reloaded before import = 0
Number of asset objects unloaded after import = 2
========================================================================
Received Import Request.
  Time since last request: 0.000078 seconds.
  path: Assets/com/heparo/terrain/toolkit/textures/Sand (Beach).jpg
  artifactKey: Guid(62c1e9920bcb39c4588acbafb79ca6cc) Importer(815301076,1909f56bfc062723c751e8b465ee728b)
Start importing Assets/com/heparo/terrain/toolkit/textures/Sand (Beach).jpg using Guid(62c1e9920bcb39c4588acbafb79ca6cc) Importer(815301076,1909f56bfc062723c751e8b465ee728b)  -> (artifact id: '84050430eb7751cdd8af41c779eeb3ba') in 0.019504 seconds
Number of updated asset objects reloaded before import = 0
Number of asset objects unloaded after import = 2
========================================================================
Received Import Request.
  Time since last request: 0.000052 seconds.
  path: Assets/com/heparo/terrain/toolkit/editor/resources/slopeStop2.png
  artifactKey: Guid(6da9213b25ffb1c41ade0ca8c13256c3) Importer(815301076,1909f56bfc062723c751e8b465ee728b)
Start importing Assets/com/heparo/terrain/toolkit/editor/resources/slopeStop2.png using Guid(6da9213b25ffb1c41ade0ca8c13256c3) Importer(815301076,1909f56bfc062723c751e8b465ee728b)  -> (artifact id: '1b9c30bac16b37aa3cc83f81122f5221') in 0.014335 seconds
Number of updated asset objects reloaded before import = 0
Number of asset objects unloaded after import = 2
========================================================================
Received Import Request.
  Time since last request: 0.000015 seconds.
  path: Assets/com/heparo/terrain/toolkit/textures/Rock (Basic).jpg
  artifactKey: Guid(dbfc5d13048a35f4ab8778d8f4ab9e1d) Importer(815301076,1909f56bfc062723c751e8b465ee728b)
Start importing Assets/com/heparo/terrain/toolkit/textures/Rock (Basic).jpg using Guid(dbfc5d13048a35f4ab8778d8f4ab9e1d) Importer(815301076,1909f56bfc062723c751e8b465ee728b)  -> (artifact id: 'be80e3a1745a24bcbb001327741a2fb6') in 0.014564 seconds
Number of updated asset objects reloaded before import = 0
Number of asset objects unloaded after import = 2
========================================================================
Received Import Request.
  Time since last request: 0.288545 seconds.
  path: Assets/Cartoon Heroes/Weapons/Sword_1/Textures/Sword_1_Yellow.tga
  artifactKey: Guid(86ed158731880cf4b8bbf6e6cd521f66) Importer(815301076,1909f56bfc062723c751e8b465ee728b)
Start importing Assets/Cartoon Heroes/Weapons/Sword_1/Textures/Sword_1_Yellow.tga using Guid(86ed158731880cf4b8bbf6e6cd521f66) Importer(815301076,1909f56bfc062723c751e8b465ee728b)  -> (artifact id: 'a51bd9e8268f1a602819ab0a0a6581fa') in 0.023058 seconds
Number of updated asset objects reloaded before import = 0
Number of asset objects unloaded after import = 2
========================================================================
Received Import Request.
  Time since last request: 0.014313 seconds.
  path: Assets/Cartoon Heroes/Weapons/Sword_3/Textures/Sword_3_Normals.tga
  artifactKey: Guid(fb3ee849257f4fe459a30f98315c6061) Importer(815301076,1909f56bfc062723c751e8b465ee728b)
Start importing Assets/Cartoon Heroes/Weapons/Sword_3/Textures/Sword_3_Normals.tga using Guid(fb3ee849257f4fe459a30f98315c6061) Importer(815301076,1909f56bfc062723c751e8b465ee728b)  -> (artifact id: '5ce204b5c652a5bc96ffad89f9017932') in 0.023482 seconds
Number of updated asset objects reloaded before import = 0
Number of asset objects unloaded after import = 2
========================================================================
Received Import Request.
  Time since last request: 0.000013 seconds.
  path: Assets/com/heparo/terrain/toolkit/documentation/images/tertoolkit_manual_000.jpg
  artifactKey: Guid(ea9a020629890c1469a802149ab9e1a0) Importer(815301076,1909f56bfc062723c751e8b465ee728b)
Start importing Assets/com/heparo/terrain/toolkit/documentation/images/tertoolkit_manual_000.jpg using Guid(ea9a020629890c1469a802149ab9e1a0) Importer(815301076,1909f56bfc062723c751e8b465ee728b)  -> (artifact id: '17cc642bb69b5f3032954e7b9a70894c') in 0.022076 seconds
Number of updated asset objects reloaded before import = 0
Number of asset objects unloaded after import = 2
========================================================================
Received Import Request.
  Time since last request: 0.736745 seconds.
  path: Assets/com/heparo/terrain/toolkit/documentation/images/tertoolkit_manual_005.jpg
  artifactKey: Guid(ab2f02d002123a44cb613cb8be749244) Importer(815301076,1909f56bfc062723c751e8b465ee728b)
Start importing Assets/com/heparo/terrain/toolkit/documentation/images/tertoolkit_manual_005.jpg using Guid(ab2f02d002123a44cb613cb8be749244) Importer(815301076,1909f56bfc062723c751e8b465ee728b)  -> (artifact id: '85bda82751f742ca8293e6ed9abdbd61') in 0.027585 seconds
Number of updated asset objects reloaded before import = 0
Number of asset objects unloaded after import = 2
========================================================================
Received Import Request.
  Time since last request: 0.000016 seconds.
  path: Assets/com/heparo/terrain/toolkit/documentation/images/tertoolkit_manual_008.jpg
  artifactKey: Guid(3b3bef0efde1f7a429ed6124ab19c84e) Importer(815301076,1909f56bfc062723c751e8b465ee728b)
Start importing Assets/com/heparo/terrain/toolkit/documentation/images/tertoolkit_manual_008.jpg using Guid(3b3bef0efde1f7a429ed6124ab19c84e) Importer(815301076,1909f56bfc062723c751e8b465ee728b)  -> (artifact id: '4b0494ba0da626c2d2b63974be24dea0') in 0.020947 seconds
Number of updated asset objects reloaded before import = 0
Number of asset objects unloaded after import = 2
========================================================================
Received Import Request.
  Time since last request: 0.075477 seconds.
  path: Assets/com/heparo/terrain/toolkit/documentation/images/tertoolkit_manual_015.jpg
  artifactKey: Guid(f6b2cd6c95157a54494fba9367c6bc2b) Importer(815301076,1909f56bfc062723c751e8b465ee728b)
Start importing Assets/com/heparo/terrain/toolkit/documentation/images/tertoolkit_manual_015.jpg using Guid(f6b2cd6c95157a54494fba9367c6bc2b) Importer(815301076,1909f56bfc062723c751e8b465ee728b)  -> (artifact id: 'b08686b6b96b66c9abd54167757cf9c0') in 0.034631 seconds
Number of updated asset objects reloaded before import = 0
Number of asset objects unloaded after import = 2
========================================================================
Received Import Request.
  Time since last request: 0.000015 seconds.
  path: Assets/com/heparo/terrain/toolkit/documentation/images/tertoolkit_manual_027.jpg
  artifactKey: Guid(32c3f3491fe138444ac8e8b6b265b08c) Importer(815301076,1909f56bfc062723c751e8b465ee728b)
Start importing Assets/com/heparo/terrain/toolkit/documentation/images/tertoolkit_manual_027.jpg using Guid(32c3f3491fe138444ac8e8b6b265b08c) Importer(815301076,1909f56bfc062723c751e8b465ee728b)  -> (artifact id: '589546bedf3a4245cbcc12be0dfcb353') in 0.014249 seconds
Number of updated asset objects reloaded before import = 0
Number of asset objects unloaded after import = 2
========================================================================
Received Import Request.
  Time since last request: 0.000030 seconds.
  path: Assets/com/heparo/terrain/toolkit/documentation/images/tertoolkit_manual_026.jpg
  artifactKey: Guid(ca1d0055a7ce3c14ea4a2e8039b97c9d) Importer(815301076,1909f56bfc062723c751e8b465ee728b)
Start importing Assets/com/heparo/terrain/toolkit/documentation/images/tertoolkit_manual_026.jpg using Guid(ca1d0055a7ce3c14ea4a2e8039b97c9d) Importer(815301076,1909f56bfc062723c751e8b465ee728b)  -> (artifact id: '64d5d983ddb8fec1c5b64de7f91c634d') in 0.014535 seconds
Number of updated asset objects reloaded before import = 0
Number of asset objects unloaded after import = 2
========================================================================
Received Import Request.
  Time since last request: 0.553873 seconds.
  path: Assets/com/heparo/terrain/toolkit/editor/resources/whiteStopRollover.png
  artifactKey: Guid(40db04cf1eae4ba43aec1d1d7f547214) Importer(815301076,1909f56bfc062723c751e8b465ee728b)
Start importing Assets/com/heparo/terrain/toolkit/editor/resources/whiteStopRollover.png using Guid(40db04cf1eae4ba43aec1d1d7f547214) Importer(815301076,1909f56bfc062723c751e8b465ee728b)  -> (artifact id: '76d86c5f13969562edf3acb382266ef6') in 0.022871 seconds
Number of updated asset objects reloaded before import = 0
Number of asset objects unloaded after import = 2
========================================================================
Received Import Request.
  Time since last request: 651.808007 seconds.
  path: Assets/Fabgrid/Materials/FabgridPreviewMaterial.mat
  artifactKey: Guid(a5e04f2e82795b74e9c60d288631a2f5) Importer(815301076,1909f56bfc062723c751e8b465ee728b)
Start importing Assets/Fabgrid/Materials/FabgridPreviewMaterial.mat using Guid(a5e04f2e82795b74e9c60d288631a2f5) Importer(815301076,1909f56bfc062723c751e8b465ee728b)  -> (artifact id: '41fd50d52b3d7686f14e739c82897c34') in 0.040117 seconds
Number of updated asset objects reloaded before import = 0
Number of asset objects unloaded after import = 2
========================================================================
Received Prepare
Begin MonoManager ReloadAssembly
- Loaded All Assemblies, in  0.293 seconds
Refreshing native plugins compatible for Editor in 1.68 ms, found 3 plugins.
Native extension for WindowsStandalone target not found
Native extension for WebGL target not found
[Package Manager] Server::EnsureServerProcessIsRunning -- launch failed, reason: Unity was launched with the -noUpm command-line argument
[Package Manager] UpmClient::Send -- Unable to send message (not connected to UPM process).
[Package Manager] Cannot connect to Unity Package Manager local server
Mono: successfully reloaded assembly
- Finished resetting the current domain, in  0.675 seconds
Domain Reload Profiling: 967ms
	BeginReloadAssembly (113ms)
		ExecutionOrderSort (0ms)
		DisableScriptedObjects (3ms)
		BackupInstance (0ms)
		ReleaseScriptingObjects (0ms)
		CreateAndSetChildDomain (26ms)
	RebuildCommonClasses (21ms)
	RebuildNativeTypeToScriptingClass (7ms)
	initialDomainReloadingComplete (18ms)
	LoadAllAssembliesAndSetupDomain (133ms)
		LoadAssemblies (184ms)
		RebuildTransferFunctionScriptingTraits (0ms)
		AnalyzeDomain (9ms)
			TypeCache.Refresh (5ms)
				TypeCache.ScanAssembly (0ms)
			ScanForSourceGeneratedMonoScriptInfo (0ms)
			ResolveRequiredComponents (3ms)
	FinalizeReload (676ms)
		ReleaseScriptCaches (0ms)
		RebuildScriptCaches (0ms)
		SetupLoadedEditorAssemblies (411ms)
			LogAssemblyErrors (0ms)
			InitializePlatformSupportModulesInManaged (4ms)
			SetLoadedEditorAssemblies (3ms)
			RefreshPlugins (0ms)
			BeforeProcessingInitializeOnLoad (45ms)
			ProcessInitializeOnLoadAttributes (339ms)
			ProcessInitializeOnLoadMethodAttributes (15ms)
			AfterProcessingInitializeOnLoad (4ms)
			EditorAssembliesLoaded (0ms)
		ExecutionOrderSort2 (0ms)
		AwakeInstancesAfterBackupRestoration (5ms)
Refreshing native plugins compatible for Editor in 2.89 ms, found 3 plugins.
Preloading 0 native plugins for Editor in 0.00 ms.
Unloading 3160 Unused Serialized files (Serialized files now loaded: 0)
Unloading 27 unused Assets / (1.9 MB). Loaded Objects now: 3708.
Memory consumption went from 146.5 MB to 144.7 MB.
Total: 4.340800 ms (FindLiveObjects: 0.477000 ms CreateObjectMapping: 0.155200 ms MarkObjects: 2.884600 ms  DeleteObjects: 0.822500 ms)

Prepare: number of updated asset objects reloaded= 0
AssetImportParameters requested are different than current active one (requested -> active):
  custom:container-demuxer-ogg: 62fdf1f143b41e24485cea50d1cbac27 -> 
  custom:video-codec-MediaFoundation-h265: 746d11721c4dcdbdad8f713fa42b33f4 -> 
  custom:video-decoder-ogg-theora: a1e56fd34408186e4bbccfd4996cb3dc -> 
  custom:framework-win-MediaFoundation: 216162199b28c13a410421893ffa2e32 -> 
  custom:CustomObjectIndexerAttribute: 756ad292c208cfabdd7b50bc23989ffe -> 
  custom:container-demuxer-webm: 4f35f7cbe854078d1ac9338744f61a02 -> 
  custom:container-muxer-webm: aa71ff27fc2769a1b78a27578f13a17b -> 
  custom:video-decoder-webm-vp8: 9c59270c3fd7afecdb556c50c9e8de78 -> 
  custom:SearchIndexIgnoredProperties: e643bd26f0fe6173181afceb89e7c659 -> 
  custom:AudioImporter_EditorPlatform: d09bf68614088b80899f8185d706f6e7 -> 
  custom:video-encoder-webm-vp8: eb34c28f22e8b96e1ab97ce403110664 -> 
  custom:audio-decoder-ogg-vorbis: bf7c407c2cedff20999df2af8eb42d56 -> 
  custom:audio-encoder-webm-vorbis: bf7c407c2cedff20999df2af8eb42d56 -> 
========================================================================
Received Prepare
Begin MonoManager ReloadAssembly
- Loaded All Assemblies, in  0.304 seconds
Refreshing native plugins compatible for Editor in 1.60 ms, found 3 plugins.
Native extension for WindowsStandalone target not found
Native extension for WebGL target not found
[Package Manager] Server::EnsureServerProcessIsRunning -- launch failed, reason: Unity was launched with the -noUpm command-line argument
[Package Manager] UpmClient::Send -- Unable to send message (not connected to UPM process).
[Package Manager] Cannot connect to Unity Package Manager local server
Mono: successfully reloaded assembly
- Finished resetting the current domain, in  0.605 seconds
Domain Reload Profiling: 908ms
	BeginReloadAssembly (111ms)
		ExecutionOrderSort (0ms)
		DisableScriptedObjects (4ms)
		BackupInstance (0ms)
		ReleaseScriptingObjects (0ms)
		CreateAndSetChildDomain (27ms)
	RebuildCommonClasses (21ms)
	RebuildNativeTypeToScriptingClass (7ms)
	initialDomainReloadingComplete (19ms)
	LoadAllAssembliesAndSetupDomain (146ms)
		LoadAssemblies (185ms)
		RebuildTransferFunctionScriptingTraits (0ms)
		AnalyzeDomain (17ms)
			TypeCache.Refresh (7ms)
				TypeCache.ScanAssembly (0ms)
			ScanForSourceGeneratedMonoScriptInfo (6ms)
			ResolveRequiredComponents (3ms)
	FinalizeReload (605ms)
		ReleaseScriptCaches (0ms)
		RebuildScriptCaches (0ms)
		SetupLoadedEditorAssemblies (344ms)
			LogAssemblyErrors (0ms)
			InitializePlatformSupportModulesInManaged (5ms)
			SetLoadedEditorAssemblies (3ms)
			RefreshPlugins (0ms)
			BeforeProcessingInitializeOnLoad (39ms)
			ProcessInitializeOnLoadAttributes (281ms)
			ProcessInitializeOnLoadMethodAttributes (13ms)
			AfterProcessingInitializeOnLoad (3ms)
			EditorAssembliesLoaded (0ms)
		ExecutionOrderSort2 (0ms)
		AwakeInstancesAfterBackupRestoration (4ms)
Refreshing native plugins compatible for Editor in 2.50 ms, found 3 plugins.
Preloading 0 native plugins for Editor in 0.00 ms.
Unloading 3162 Unused Serialized files (Serialized files now loaded: 0)
Unloading 27 unused Assets / (1.9 MB). Loaded Objects now: 3713.
Memory consumption went from 148.5 MB to 146.7 MB.
Total: 4.458100 ms (FindLiveObjects: 0.502700 ms CreateObjectMapping: 0.115900 ms MarkObjects: 3.072300 ms  DeleteObjects: 0.765400 ms)

Prepare: number of updated asset objects reloaded= 0
AssetImportParameters requested are different than current active one (requested -> active):
  custom:container-demuxer-ogg: 62fdf1f143b41e24485cea50d1cbac27 -> 
  custom:video-codec-MediaFoundation-h265: 746d11721c4dcdbdad8f713fa42b33f4 -> 
  custom:video-decoder-ogg-theora: a1e56fd34408186e4bbccfd4996cb3dc -> 
  custom:framework-win-MediaFoundation: 216162199b28c13a410421893ffa2e32 -> 
  custom:CustomObjectIndexerAttribute: 756ad292c208cfabdd7b50bc23989ffe -> 
  custom:container-demuxer-webm: 4f35f7cbe854078d1ac9338744f61a02 -> 
  custom:container-muxer-webm: aa71ff27fc2769a1b78a27578f13a17b -> 
  custom:video-decoder-webm-vp8: 9c59270c3fd7afecdb556c50c9e8de78 -> 
  custom:SearchIndexIgnoredProperties: e643bd26f0fe6173181afceb89e7c659 -> 
  custom:AudioImporter_EditorPlatform: d09bf68614088b80899f8185d706f6e7 -> 
  custom:video-encoder-webm-vp8: eb34c28f22e8b96e1ab97ce403110664 -> 
  custom:audio-decoder-ogg-vorbis: bf7c407c2cedff20999df2af8eb42d56 -> 
  custom:audio-encoder-webm-vorbis: bf7c407c2cedff20999df2af8eb42d56 -> 
========================================================================
Received Import Request.
  Time since last request: 3161.917377 seconds.
  path: Assets/Fabgrid/Demo/3D Game Kit - Props Pack/Props/Props/Textures/NewLayer 1.terrainlayer
  artifactKey: Guid(c23ddfb8987ef174ba87e71325ff1e44) Importer(815301076,1909f56bfc062723c751e8b465ee728b)
Start importing Assets/Fabgrid/Demo/3D Game Kit - Props Pack/Props/Props/Textures/NewLayer 1.terrainlayer using Guid(c23ddfb8987ef174ba87e71325ff1e44) Importer(815301076,1909f56bfc062723c751e8b465ee728b)  -> (artifact id: '05dd2b6d1d5a1507527207b4f12be3fd') in 0.042847 seconds
Number of updated asset objects reloaded before import = 0
Number of asset objects unloaded after import = 2
========================================================================
Received Prepare
Begin MonoManager ReloadAssembly
- Loaded All Assemblies, in  0.304 seconds
Refreshing native plugins compatible for Editor in 1.57 ms, found 3 plugins.
Native extension for WindowsStandalone target not found
Native extension for WebGL target not found
[Package Manager] Server::EnsureServerProcessIsRunning -- launch failed, reason: Unity was launched with the -noUpm command-line argument
[Package Manager] UpmClient::Send -- Unable to send message (not connected to UPM process).
[Package Manager] Cannot connect to Unity Package Manager local server
Mono: successfully reloaded assembly
- Finished resetting the current domain, in  0.680 seconds
Domain Reload Profiling: 983ms
	BeginReloadAssembly (112ms)
		ExecutionOrderSort (0ms)
		DisableScriptedObjects (4ms)
		BackupInstance (0ms)
		ReleaseScriptingObjects (0ms)
		CreateAndSetChildDomain (30ms)
	RebuildCommonClasses (23ms)
	RebuildNativeTypeToScriptingClass (11ms)
	initialDomainReloadingComplete (20ms)
	LoadAllAssembliesAndSetupDomain (137ms)
		LoadAssemblies (176ms)
		RebuildTransferFunctionScriptingTraits (0ms)
		AnalyzeDomain (14ms)
			TypeCache.Refresh (6ms)
				TypeCache.ScanAssembly (0ms)
			ScanForSourceGeneratedMonoScriptInfo (5ms)
			ResolveRequiredComponents (3ms)
	FinalizeReload (680ms)
		ReleaseScriptCaches (0ms)
		RebuildScriptCaches (0ms)
		SetupLoadedEditorAssemblies (366ms)
			LogAssemblyErrors (0ms)
			InitializePlatformSupportModulesInManaged (6ms)
			SetLoadedEditorAssemblies (3ms)
			RefreshPlugins (0ms)
			BeforeProcessingInitializeOnLoad (45ms)
			ProcessInitializeOnLoadAttributes (295ms)
			ProcessInitializeOnLoadMethodAttributes (13ms)
			AfterProcessingInitializeOnLoad (3ms)
			EditorAssembliesLoaded (0ms)
		ExecutionOrderSort2 (0ms)
		AwakeInstancesAfterBackupRestoration (4ms)
Refreshing native plugins compatible for Editor in 1.70 ms, found 3 plugins.
Preloading 0 native plugins for Editor in 0.00 ms.
Unloading 3095 Unused Serialized files (Serialized files now loaded: 0)
Unloading 84 unused Assets / (62.6 KB). Loaded Objects now: 3657.
Memory consumption went from 146.2 MB to 146.2 MB.
Total: 2.921800 ms (FindLiveObjects: 0.438500 ms CreateObjectMapping: 0.097500 ms MarkObjects: 2.284500 ms  DeleteObjects: 0.099800 ms)

Prepare: number of updated asset objects reloaded= 1
AssetImportParameters requested are different than current active one (requested -> active):
  custom:container-demuxer-ogg: 62fdf1f143b41e24485cea50d1cbac27 -> 
  custom:video-codec-MediaFoundation-h265: 746d11721c4dcdbdad8f713fa42b33f4 -> 
  custom:video-decoder-ogg-theora: a1e56fd34408186e4bbccfd4996cb3dc -> 
  custom:framework-win-MediaFoundation: 216162199b28c13a410421893ffa2e32 -> 
  custom:CustomObjectIndexerAttribute: 756ad292c208cfabdd7b50bc23989ffe -> 
  custom:container-demuxer-webm: 4f35f7cbe854078d1ac9338744f61a02 -> 
  custom:container-muxer-webm: aa71ff27fc2769a1b78a27578f13a17b -> 
  custom:video-decoder-webm-vp8: 9c59270c3fd7afecdb556c50c9e8de78 -> 
  custom:SearchIndexIgnoredProperties: e643bd26f0fe6173181afceb89e7c659 -> 
  custom:AudioImporter_EditorPlatform: d09bf68614088b80899f8185d706f6e7 -> 
  custom:video-encoder-webm-vp8: eb34c28f22e8b96e1ab97ce403110664 -> 
  custom:audio-decoder-ogg-vorbis: bf7c407c2cedff20999df2af8eb42d56 -> 
  custom:audio-encoder-webm-vorbis: bf7c407c2cedff20999df2af8eb42d56 -> 
========================================================================
Received Import Request.
  Time since last request: 54.394477 seconds.
  path: Assets/TerrainToolkitLayers/Terrain_Layers/Layer_1.terrainlayer
  artifactKey: Guid(1509710dfbda4804a98e1724f58d608b) Importer(815301076,1909f56bfc062723c751e8b465ee728b)
Start importing Assets/TerrainToolkitLayers/Terrain_Layers/Layer_1.terrainlayer using Guid(1509710dfbda4804a98e1724f58d608b) Importer(815301076,1909f56bfc062723c751e8b465ee728b)  -> (artifact id: '3989179df8b6f8b20720c41d3a07eef3') in 0.066861 seconds
Number of updated asset objects reloaded before import = 0
Number of asset objects unloaded after import = 2
========================================================================
Received Import Request.
  Time since last request: 0.000016 seconds.
  path: Assets/TerrainToolkitLayers/Terrain_Layers/Layer_2.terrainlayer
  artifactKey: Guid(7a59a117c99bfcc459453e46a1b0f872) Importer(815301076,1909f56bfc062723c751e8b465ee728b)
Start importing Assets/TerrainToolkitLayers/Terrain_Layers/Layer_2.terrainlayer using Guid(7a59a117c99bfcc459453e46a1b0f872) Importer(815301076,1909f56bfc062723c751e8b465ee728b)  -> (artifact id: '4a0a16866f6501b5786fcb747ed0973d') in 0.032849 seconds
Number of updated asset objects reloaded before import = 0
Number of asset objects unloaded after import = 2
Editor requested this worker to shutdown with reason: Scaling down because of idle timeout
TcpMessagingSession - receive error: operation aborted. errorcode: 995, details: スレッドの終了またはアプリケーションの要求によって、I/O 処理は中止されました。
AssetImportWorker is now disconnected from the server
Process exiting
Exiting without the bug reporter. Application will terminate with return code 0