Using pre-set license
Built from '2022.3/staging' branch; Version is '2022.3.13f1 (5f90a5ebde0f) revision 6262949'; Using compiler version '192829333'; Build Type 'Release'
OS: 'Windows 11  (10.0.22631) 64bit Professional' Language: 'ja' Physical Memory: 32560 MB
BatchMode: 1, IsHumanControllingUs: 0, StartBugReporterOnCrash: 0, Is64bit: 1, IsPro: 1

COMMAND LINE ARGUMENTS:
C:\Program Files\Unity\Hub\Editor\2022.3.13f1\Editor\Unity.exe
-adb2
-batchMode
-noUpm
-name
AssetImportWorker4
-projectPath
C:/Users/fko2347054/Documents/GitHub/TimeAttackDungeon/TimeAttackDungeon
-logFile
Logs/AssetImportWorker4.log
-srvPort
57157
Successfully changed project path to: C:/Users/fko2347054/Documents/GitHub/TimeAttackDungeon/TimeAttackDungeon
C:/Users/fko2347054/Documents/GitHub/TimeAttackDungeon/TimeAttackDungeon
[UnityMemory] Configuration Parameters - Can be set up in boot.config
    "memorysetup-bucket-allocator-granularity=16"
    "memorysetup-bucket-allocator-bucket-count=8"
    "memorysetup-bucket-allocator-block-size=33554432"
    "memorysetup-bucket-allocator-block-count=8"
    "memorysetup-main-allocator-block-size=16777216"
    "memorysetup-thread-allocator-block-size=16777216"
    "memorysetup-gfx-main-allocator-block-size=16777216"
    "memorysetup-gfx-thread-allocator-block-size=16777216"
    "memorysetup-cache-allocator-block-size=4194304"
    "memorysetup-typetree-allocator-block-size=2097152"
    "memorysetup-profiler-bucket-allocator-granularity=16"
    "memorysetup-profiler-bucket-allocator-bucket-count=8"
    "memorysetup-profiler-bucket-allocator-block-size=33554432"
    "memorysetup-profiler-bucket-allocator-block-count=8"
    "memorysetup-profiler-allocator-block-size=16777216"
    "memorysetup-profiler-editor-allocator-block-size=1048576"
    "memorysetup-temp-allocator-size-main=16777216"
    "memorysetup-job-temp-allocator-block-size=2097152"
    "memorysetup-job-temp-allocator-block-size-background=1048576"
    "memorysetup-job-temp-allocator-reduction-small-platforms=262144"
    "memorysetup-allocator-temp-initial-block-size-main=262144"
    "memorysetup-allocator-temp-initial-block-size-worker=262144"
    "memorysetup-temp-allocator-size-background-worker=32768"
    "memorysetup-temp-allocator-size-job-worker=262144"
    "memorysetup-temp-allocator-size-preload-manager=33554432"
    "memorysetup-temp-allocator-size-nav-mesh-worker=65536"
    "memorysetup-temp-allocator-size-audio-worker=65536"
    "memorysetup-temp-allocator-size-cloud-worker=32768"
    "memorysetup-temp-allocator-size-gi-baking-worker=262144"
    "memorysetup-temp-allocator-size-gfx=262144"
Player connection [37732] Host "[IP] 172.18.33.112 [Port] 0 [Flags] 2 [Guid] 3589769623 [EditorId] 3589769623 [Version] 1048832 [Id] WindowsEditor(7,FIC-PCROOM3C-12) [Debug] 1 [PackageName] WindowsEditor [ProjectName] Editor" joined multi-casting on [225.0.0.222:54997]...

Player connection [37732] Host "[IP] 172.18.33.112 [Port] 0 [Flags] 2 [Guid] 3589769623 [EditorId] 3589769623 [Version] 1048832 [Id] WindowsEditor(7,FIC-PCROOM3C-12) [Debug] 1 [PackageName] WindowsEditor [ProjectName] Editor" joined alternative multi-casting on [225.0.0.222:34997]...

[Physics::Module] Initialized MultithreadedJobDispatcher with 19 workers.
Refreshing native plugins compatible for Editor in 5.18 ms, found 3 plugins.
Preloading 0 native plugins for Editor in 0.00 ms.
Initialize engine version: 2022.3.13f1 (5f90a5ebde0f)
[Subsystems] Discovering subsystems at path C:/Program Files/Unity/Hub/Editor/2022.3.13f1/Editor/Data/Resources/UnitySubsystems
[Subsystems] Discovering subsystems at path C:/Users/fko2347054/Documents/GitHub/TimeAttackDungeon/TimeAttackDungeon/Assets
GfxDevice: creating device client; threaded=0; jobified=0
Direct3D:
    Version:  Direct3D 11.0 [level 11.1]
    Renderer: NVIDIA GeForce RTX 3070 (ID=0x2488)
    Vendor:   NVIDIA
    VRAM:     8018 MB
    Driver:   31.0.15.5168
Initialize mono
Mono path[0] = 'C:/Program Files/Unity/Hub/Editor/2022.3.13f1/Editor/Data/Managed'
Mono path[1] = 'C:/Program Files/Unity/Hub/Editor/2022.3.13f1/Editor/Data/MonoBleedingEdge/lib/mono/unityjit-win32'
Mono config path = 'C:/Program Files/Unity/Hub/Editor/2022.3.13f1/Editor/Data/MonoBleedingEdge/etc'
Using monoOptions --debugger-agent=transport=dt_socket,embedding=1,server=y,suspend=n,address=127.0.0.1:56772
Begin MonoManager ReloadAssembly
Registering precompiled unity dll's ...
Register platform support module: C:/Program Files/Unity/Hub/Editor/2022.3.13f1/Editor/Data/PlaybackEngines/WebGLSupport/UnityEditor.WebGL.Extensions.dll
Register platform support module: C:/Program Files/Unity/Hub/Editor/2022.3.13f1/Editor/Data/PlaybackEngines/WindowsStandaloneSupport/UnityEditor.WindowsStandalone.Extensions.dll
Registered in 0.004776 seconds.
- Loaded All Assemblies, in  0.281 seconds
Native extension for WindowsStandalone target not found
Native extension for WebGL target not found
Mono: successfully reloaded assembly
- Finished resetting the current domain, in  0.199 seconds
Domain Reload Profiling: 480ms
	BeginReloadAssembly (82ms)
		ExecutionOrderSort (0ms)
		DisableScriptedObjects (0ms)
		BackupInstance (0ms)
		ReleaseScriptingObjects (0ms)
		CreateAndSetChildDomain (1ms)
	RebuildCommonClasses (28ms)
	RebuildNativeTypeToScriptingClass (10ms)
	initialDomainReloadingComplete (43ms)
	LoadAllAssembliesAndSetupDomain (117ms)
		LoadAssemblies (81ms)
		RebuildTransferFunctionScriptingTraits (0ms)
		AnalyzeDomain (116ms)
			TypeCache.Refresh (115ms)
				TypeCache.ScanAssembly (105ms)
			ScanForSourceGeneratedMonoScriptInfo (0ms)
			ResolveRequiredComponents (0ms)
	FinalizeReload (200ms)
		ReleaseScriptCaches (0ms)
		RebuildScriptCaches (0ms)
		SetupLoadedEditorAssemblies (155ms)
			LogAssemblyErrors (0ms)
			InitializePlatformSupportModulesInManaged (8ms)
			SetLoadedEditorAssemblies (4ms)
			RefreshPlugins (0ms)
			BeforeProcessingInitializeOnLoad (2ms)
			ProcessInitializeOnLoadAttributes (103ms)
			ProcessInitializeOnLoadMethodAttributes (38ms)
			AfterProcessingInitializeOnLoad (0ms)
			EditorAssembliesLoaded (0ms)
		ExecutionOrderSort2 (0ms)
		AwakeInstancesAfterBackupRestoration (0ms)
========================================================================
Worker process is ready to serve import requests
Begin MonoManager ReloadAssembly
- Loaded All Assemblies, in  0.444 seconds
Refreshing native plugins compatible for Editor in 1.52 ms, found 3 plugins.
Native extension for WindowsStandalone target not found
Native extension for WebGL target not found
Package Manager log level set to [2]
[Package Manager] Server::EnsureServerProcessIsRunning -- launch failed, reason: Unity was launched with the -noUpm command-line argument
[Package Manager] UpmClient::Send -- Unable to send message (not connected to UPM process).
[Package Manager] Cannot connect to Unity Package Manager local server
Mono: successfully reloaded assembly
- Finished resetting the current domain, in  0.536 seconds
Domain Reload Profiling: 979ms
	BeginReloadAssembly (110ms)
		ExecutionOrderSort (0ms)
		DisableScriptedObjects (5ms)
		BackupInstance (0ms)
		ReleaseScriptingObjects (0ms)
		CreateAndSetChildDomain (16ms)
	RebuildCommonClasses (23ms)
	RebuildNativeTypeToScriptingClass (8ms)
	initialDomainReloadingComplete (32ms)
	LoadAllAssembliesAndSetupDomain (269ms)
		LoadAssemblies (209ms)
		RebuildTransferFunctionScriptingTraits (0ms)
		AnalyzeDomain (123ms)
			TypeCache.Refresh (107ms)
				TypeCache.ScanAssembly (96ms)
			ScanForSourceGeneratedMonoScriptInfo (11ms)
			ResolveRequiredComponents (4ms)
	FinalizeReload (537ms)
		ReleaseScriptCaches (0ms)
		RebuildScriptCaches (0ms)
		SetupLoadedEditorAssemblies (426ms)
			LogAssemblyErrors (0ms)
			InitializePlatformSupportModulesInManaged (5ms)
			SetLoadedEditorAssemblies (2ms)
			RefreshPlugins (0ms)
			BeforeProcessingInitializeOnLoad (41ms)
			ProcessInitializeOnLoadAttributes (359ms)
			ProcessInitializeOnLoadMethodAttributes (15ms)
			AfterProcessingInitializeOnLoad (4ms)
			EditorAssembliesLoaded (0ms)
		ExecutionOrderSort2 (0ms)
		AwakeInstancesAfterBackupRestoration (5ms)
Launched and connected shader compiler UnityShaderCompiler.exe after 0.04 seconds
Refreshing native plugins compatible for Editor in 2.67 ms, found 3 plugins.
Preloading 0 native plugins for Editor in 0.00 ms.
Unloading 3166 Unused Serialized files (Serialized files now loaded: 0)
Unloading 32 unused Assets / (58.5 KB). Loaded Objects now: 3660.
Memory consumption went from 141.4 MB to 141.3 MB.
Total: 3.476200 ms (FindLiveObjects: 0.219900 ms CreateObjectMapping: 0.125500 ms MarkObjects: 2.963700 ms  DeleteObjects: 0.165200 ms)

AssetImportParameters requested are different than current active one (requested -> active):
  custom:container-demuxer-ogg: 62fdf1f143b41e24485cea50d1cbac27 -> 
  custom:video-codec-MediaFoundation-h265: 746d11721c4dcdbdad8f713fa42b33f4 -> 
  custom:video-decoder-ogg-theora: a1e56fd34408186e4bbccfd4996cb3dc -> 
  custom:framework-win-MediaFoundation: 216162199b28c13a410421893ffa2e32 -> 
  custom:CustomObjectIndexerAttribute: 756ad292c208cfabdd7b50bc23989ffe -> 
  custom:container-demuxer-webm: 4f35f7cbe854078d1ac9338744f61a02 -> 
  custom:container-muxer-webm: aa71ff27fc2769a1b78a27578f13a17b -> 
  custom:video-decoder-webm-vp8: 9c59270c3fd7afecdb556c50c9e8de78 -> 
  custom:SearchIndexIgnoredProperties: e643bd26f0fe6173181afceb89e7c659 -> 
  custom:AudioImporter_EditorPlatform: d09bf68614088b80899f8185d706f6e7 -> 
  custom:video-encoder-webm-vp8: eb34c28f22e8b96e1ab97ce403110664 -> 
  custom:audio-decoder-ogg-vorbis: bf7c407c2cedff20999df2af8eb42d56 -> 
  custom:audio-encoder-webm-vorbis: bf7c407c2cedff20999df2af8eb42d56 -> 
========================================================================
Received Import Request.
  Time since last request: 1040403.805311 seconds.
  path: Assets/Fabgrid/Demo/Prefabs
  artifactKey: Guid(aceec2cf2b7e8c14c93b95bffea8047b) Importer(815301076,1909f56bfc062723c751e8b465ee728b)
Start importing Assets/Fabgrid/Demo/Prefabs using Guid(aceec2cf2b7e8c14c93b95bffea8047b) Importer(815301076,1909f56bfc062723c751e8b465ee728b)  -> (artifact id: '9aacc1197dffc8aa47b956d2d4c1dbdd') in 0.001916 seconds
Number of updated asset objects reloaded before import = 0
Number of asset objects unloaded after import = 0
========================================================================
Received Import Request.
  Time since last request: 75.122140 seconds.
  path: Assets/Fabgrid/Demo/3D Game Kit - Props Pack/Environment/Rocks/Textures/RockDetail_normal.tif
  artifactKey: Guid(eb1605a43e874444c8ab618296f0ab23) Importer(815301076,1909f56bfc062723c751e8b465ee728b)
Start importing Assets/Fabgrid/Demo/3D Game Kit - Props Pack/Environment/Rocks/Textures/RockDetail_normal.tif using Guid(eb1605a43e874444c8ab618296f0ab23) Importer(815301076,1909f56bfc062723c751e8b465ee728b)  -> (artifact id: '05eb85d4b18bd473fde208c28073b20e') in 0.067247 seconds
Number of updated asset objects reloaded before import = 0
Number of asset objects unloaded after import = 2
========================================================================
Received Import Request.
  Time since last request: 8.911941 seconds.
  path: Assets/Fabgrid/Demo/3D Game Kit - Props Pack/Props/Stonework/Textures/FloorPanel01_Albedo.tif
  artifactKey: Guid(1804e5cb71c560f4fb078fae6cee1818) Importer(815301076,1909f56bfc062723c751e8b465ee728b)
Start importing Assets/Fabgrid/Demo/3D Game Kit - Props Pack/Props/Stonework/Textures/FloorPanel01_Albedo.tif using Guid(1804e5cb71c560f4fb078fae6cee1818) Importer(815301076,1909f56bfc062723c751e8b465ee728b)  -> (artifact id: '790cc2aef0a490516835459e2f23b8cd') in 0.067197 seconds
Number of updated asset objects reloaded before import = 0
Number of asset objects unloaded after import = 2
========================================================================
Received Import Request.
  Time since last request: 0.000049 seconds.
  path: Assets/Fabgrid/Demo/3D Game Kit - Props Pack/Props/Stonework/Textures/FloorPanel01_Occlusion.tif
  artifactKey: Guid(7a8cdb6432284964fbe4f923a2ec2a81) Importer(815301076,1909f56bfc062723c751e8b465ee728b)
Start importing Assets/Fabgrid/Demo/3D Game Kit - Props Pack/Props/Stonework/Textures/FloorPanel01_Occlusion.tif using Guid(7a8cdb6432284964fbe4f923a2ec2a81) Importer(815301076,1909f56bfc062723c751e8b465ee728b)  -> (artifact id: 'a847f30b8a042617da1fc55de2115bca') in 0.019556 seconds
Number of updated asset objects reloaded before import = 0
Number of asset objects unloaded after import = 2
========================================================================
Received Import Request.
  Time since last request: 0.000061 seconds.
  path: Assets/Fabgrid/Demo/3D Game Kit - Props Pack/Props/Stonework/Textures/Wall02_Albedo.tif
  artifactKey: Guid(4f5c5d619105ddd439c3d46122abad1b) Importer(815301076,1909f56bfc062723c751e8b465ee728b)
Start importing Assets/Fabgrid/Demo/3D Game Kit - Props Pack/Props/Stonework/Textures/Wall02_Albedo.tif using Guid(4f5c5d619105ddd439c3d46122abad1b) Importer(815301076,1909f56bfc062723c751e8b465ee728b)  -> (artifact id: '788514748cec4378b61d4aa0ea213657') in 0.041142 seconds
Number of updated asset objects reloaded before import = 0
Number of asset objects unloaded after import = 2
========================================================================
Received Import Request.
  Time since last request: 0.000019 seconds.
  path: Assets/Fabgrid/Demo/3D Game Kit - Props Pack/Props/Stonework/Textures/Platform_MetallicSmooth.tif
  artifactKey: Guid(22438b7f2c9e62848ab214bb955b86ed) Importer(815301076,1909f56bfc062723c751e8b465ee728b)
Start importing Assets/Fabgrid/Demo/3D Game Kit - Props Pack/Props/Stonework/Textures/Platform_MetallicSmooth.tif using Guid(22438b7f2c9e62848ab214bb955b86ed) Importer(815301076,1909f56bfc062723c751e8b465ee728b)  -> (artifact id: '62456217c2f4bef624533d10106f1530') in 0.010042 seconds
Number of updated asset objects reloaded before import = 0
Number of asset objects unloaded after import = 2
========================================================================
Received Import Request.
  Time since last request: 0.000017 seconds.
  path: Assets/Fabgrid/Demo/3D Game Kit - Props Pack/Props/Stonework/Textures/Platform_Albedo.tif
  artifactKey: Guid(44883f8242deb6446aa6380b4b7c6c19) Importer(815301076,1909f56bfc062723c751e8b465ee728b)
Start importing Assets/Fabgrid/Demo/3D Game Kit - Props Pack/Props/Stonework/Textures/Platform_Albedo.tif using Guid(44883f8242deb6446aa6380b4b7c6c19) Importer(815301076,1909f56bfc062723c751e8b465ee728b)  -> (artifact id: '35d5cbc1589d20517b933f70ad74cdd3') in 0.020923 seconds
Number of updated asset objects reloaded before import = 0
Number of asset objects unloaded after import = 2
========================================================================
Received Import Request.
  Time since last request: 0.000015 seconds.
  path: Assets/Fabgrid/Demo/3D Game Kit - Props Pack/Props/Stonework/Textures/FloorPanel01_Normal.tif
  artifactKey: Guid(f34c5978f2dd7104c9b37a554ff3ff21) Importer(815301076,1909f56bfc062723c751e8b465ee728b)
Start importing Assets/Fabgrid/Demo/3D Game Kit - Props Pack/Props/Stonework/Textures/FloorPanel01_Normal.tif using Guid(f34c5978f2dd7104c9b37a554ff3ff21) Importer(815301076,1909f56bfc062723c751e8b465ee728b)  -> (artifact id: '421b4b172afa00a5a084a44b20735d70') in 0.016474 seconds
Number of updated asset objects reloaded before import = 0
Number of asset objects unloaded after import = 2
========================================================================
Received Import Request.
  Time since last request: 0.000015 seconds.
  path: Assets/Fabgrid/Demo/3D Game Kit - Props Pack/Props/Stonework/Textures/Wall01_Albedo.tif
  artifactKey: Guid(1c84e259d9e345842b552133208e8e99) Importer(815301076,1909f56bfc062723c751e8b465ee728b)
Start importing Assets/Fabgrid/Demo/3D Game Kit - Props Pack/Props/Stonework/Textures/Wall01_Albedo.tif using Guid(1c84e259d9e345842b552133208e8e99) Importer(815301076,1909f56bfc062723c751e8b465ee728b)  -> (artifact id: 'b1c95661db35fbaf93e679a2dcaa41d6') in 0.015703 seconds
Number of updated asset objects reloaded before import = 0
Number of asset objects unloaded after import = 2
========================================================================
Received Import Request.
  Time since last request: 0.000016 seconds.
  path: Assets/Fabgrid/Demo/3D Game Kit - Props Pack/Props/Stonework/Textures/Platform_Occlusion.tif
  artifactKey: Guid(fe09e21edfe432443b04690a2e37774e) Importer(815301076,1909f56bfc062723c751e8b465ee728b)
Start importing Assets/Fabgrid/Demo/3D Game Kit - Props Pack/Props/Stonework/Textures/Platform_Occlusion.tif using Guid(fe09e21edfe432443b04690a2e37774e) Importer(815301076,1909f56bfc062723c751e8b465ee728b)  -> (artifact id: '3d9d0a02687989278348f8791afdc604') in 0.032640 seconds
Number of updated asset objects reloaded before import = 0
Number of asset objects unloaded after import = 2
========================================================================
Received Import Request.
  Time since last request: 0.000015 seconds.
  path: Assets/Fabgrid/Demo/3D Game Kit - Props Pack/Props/Stonework/Textures/StairsNarrow01_MetallicSmooth.tif
  artifactKey: Guid(46e1ebd33450cd74f8dc9462961a8e6d) Importer(815301076,1909f56bfc062723c751e8b465ee728b)
Start importing Assets/Fabgrid/Demo/3D Game Kit - Props Pack/Props/Stonework/Textures/StairsNarrow01_MetallicSmooth.tif using Guid(46e1ebd33450cd74f8dc9462961a8e6d) Importer(815301076,1909f56bfc062723c751e8b465ee728b)  -> (artifact id: '3c02b04aec46dba0f630d498077cbc7a') in 0.011467 seconds
Number of updated asset objects reloaded before import = 0
Number of asset objects unloaded after import = 2
========================================================================
Received Import Request.
  Time since last request: 0.000015 seconds.
  path: Assets/Fabgrid/Demo/3D Game Kit - Props Pack/Props/Stonework/Textures/Wall01_MetallicSmooth.tif
  artifactKey: Guid(f3eb753eaeefd7e499a796b706bf3dab) Importer(815301076,1909f56bfc062723c751e8b465ee728b)
Start importing Assets/Fabgrid/Demo/3D Game Kit - Props Pack/Props/Stonework/Textures/Wall01_MetallicSmooth.tif using Guid(f3eb753eaeefd7e499a796b706bf3dab) Importer(815301076,1909f56bfc062723c751e8b465ee728b)  -> (artifact id: 'efba74ea1ad143640d4b4da116dd14fa') in 0.009706 seconds
Number of updated asset objects reloaded before import = 0
Number of asset objects unloaded after import = 2
========================================================================
Received Import Request.
  Time since last request: 0.000036 seconds.
  path: Assets/Fabgrid/Demo/3D Game Kit - Props Pack/Props/Stonework/Textures/StairsNarrow01_Normal.tif
  artifactKey: Guid(5cd087b363a503b41ae70ea2cb03fdfa) Importer(815301076,1909f56bfc062723c751e8b465ee728b)
Start importing Assets/Fabgrid/Demo/3D Game Kit - Props Pack/Props/Stonework/Textures/StairsNarrow01_Normal.tif using Guid(5cd087b363a503b41ae70ea2cb03fdfa) Importer(815301076,1909f56bfc062723c751e8b465ee728b)  -> (artifact id: 'c8f2b61ddc2674634761958ab7fd2eb5') in 0.015644 seconds
Number of updated asset objects reloaded before import = 0
Number of asset objects unloaded after import = 2
========================================================================
Received Import Request.
  Time since last request: 0.621514 seconds.
  path: Assets/Fabgrid/Demo/3D Game Kit - Props Pack/Props/Stonework/Models/FloorPanel1x1.fbx
  artifactKey: Guid(3b5c3c85a0e987c4b926faf48f51dd88) Importer(815301076,1909f56bfc062723c751e8b465ee728b)
Start importing Assets/Fabgrid/Demo/3D Game Kit - Props Pack/Props/Stonework/Models/FloorPanel1x1.fbx using Guid(3b5c3c85a0e987c4b926faf48f51dd88) Importer(815301076,1909f56bfc062723c751e8b465ee728b)  -> (artifact id: '2e9e305e2048ca5ed1b88ff3b370d6a0') in 0.077042 seconds
Number of updated asset objects reloaded before import = 0
Number of asset objects unloaded after import = 24
========================================================================
Received Import Request.
  Time since last request: 0.000017 seconds.
  path: Assets/Fabgrid/Demo/3D Game Kit - Props Pack/Props/Stonework/Models/WallShort01.fbx
  artifactKey: Guid(7fcaaac27d89cdd4482ed70129f9cf81) Importer(815301076,1909f56bfc062723c751e8b465ee728b)
Start importing Assets/Fabgrid/Demo/3D Game Kit - Props Pack/Props/Stonework/Models/WallShort01.fbx using Guid(7fcaaac27d89cdd4482ed70129f9cf81) Importer(815301076,1909f56bfc062723c751e8b465ee728b)  -> (artifact id: '1cdb4439c5442fdac38c62db05e04c48') in 0.038668 seconds
Number of updated asset objects reloaded before import = 0
Number of asset objects unloaded after import = 24
========================================================================
Received Import Request.
  Time since last request: 1.714986 seconds.
  path: Assets/Fabgrid/Demo/3D Game Kit - Props Pack/Props/Stonework/Materials/FloorPanel03_Mat.mat
  artifactKey: Guid(96b29c39d6e3d5c4a8bf9c1b9baeac8d) Importer(815301076,1909f56bfc062723c751e8b465ee728b)
Start importing Assets/Fabgrid/Demo/3D Game Kit - Props Pack/Props/Stonework/Materials/FloorPanel03_Mat.mat using Guid(96b29c39d6e3d5c4a8bf9c1b9baeac8d) Importer(815301076,1909f56bfc062723c751e8b465ee728b)  -> (artifact id: 'e3363247ebc7ba8f61042a7dd0bc58f1') in 0.040989 seconds
Number of updated asset objects reloaded before import = 0
Number of asset objects unloaded after import = 9
========================================================================
Received Import Request.
  Time since last request: 2.262550 seconds.
  path: Assets/Fabgrid/Demo/3D Game Kit - Props Pack/Props/Props/Textures/Box_Albedo.tif
  artifactKey: Guid(8a9d5557235013a47890ceb510b06ae7) Importer(815301076,1909f56bfc062723c751e8b465ee728b)
Start importing Assets/Fabgrid/Demo/3D Game Kit - Props Pack/Props/Props/Textures/Box_Albedo.tif using Guid(8a9d5557235013a47890ceb510b06ae7) Importer(815301076,1909f56bfc062723c751e8b465ee728b)  -> (artifact id: '5793453f9aa5a9f160ee14f40b529cf8') in 0.018354 seconds
Number of updated asset objects reloaded before import = 0
Number of asset objects unloaded after import = 2
========================================================================
Received Import Request.
  Time since last request: 0.000023 seconds.
  path: Assets/Fabgrid/Demo/3D Game Kit - Props Pack/Props/Props/Textures/PressurePad_Normal.tif
  artifactKey: Guid(62cd1a3b8454b6e4293c779fbc4b99e0) Importer(815301076,1909f56bfc062723c751e8b465ee728b)
Start importing Assets/Fabgrid/Demo/3D Game Kit - Props Pack/Props/Props/Textures/PressurePad_Normal.tif using Guid(62cd1a3b8454b6e4293c779fbc4b99e0) Importer(815301076,1909f56bfc062723c751e8b465ee728b)  -> (artifact id: '64727d6228891c93e6d5991958ce4dc7') in 0.023482 seconds
Number of updated asset objects reloaded before import = 0
Number of asset objects unloaded after import = 2
========================================================================
Received Import Request.
  Time since last request: 0.000016 seconds.
  path: Assets/Fabgrid/Demo/3D Game Kit - Props Pack/Props/Props/Textures/SwitchCrystal_MetallicSmooth.png
  artifactKey: Guid(2e4213c0aeeca1349af64e36e9adaa37) Importer(815301076,1909f56bfc062723c751e8b465ee728b)
Start importing Assets/Fabgrid/Demo/3D Game Kit - Props Pack/Props/Props/Textures/SwitchCrystal_MetallicSmooth.png using Guid(2e4213c0aeeca1349af64e36e9adaa37) Importer(815301076,1909f56bfc062723c751e8b465ee728b)  -> (artifact id: 'e390f0540bccf50ebe0646e611720375') in 0.011005 seconds
Number of updated asset objects reloaded before import = 0
Number of asset objects unloaded after import = 2
========================================================================
Received Import Request.
  Time since last request: 0.000060 seconds.
  path: Assets/Fabgrid/Demo/3D Game Kit - Props Pack/Props/Props/Textures/KeyCrystal_Occlusion.tif
  artifactKey: Guid(c5609add94fb30c45be5a0593a47ed5f) Importer(815301076,1909f56bfc062723c751e8b465ee728b)
Start importing Assets/Fabgrid/Demo/3D Game Kit - Props Pack/Props/Props/Textures/KeyCrystal_Occlusion.tif using Guid(c5609add94fb30c45be5a0593a47ed5f) Importer(815301076,1909f56bfc062723c751e8b465ee728b)  -> (artifact id: '17724dca40c85d8c41ee52e332d4b1d9') in 0.010772 seconds
Number of updated asset objects reloaded before import = 0
Number of asset objects unloaded after import = 2
========================================================================
Received Import Request.
  Time since last request: 0.000011 seconds.
  path: Assets/Fabgrid/Demo/3D Game Kit - Props Pack/Props/Props/Textures/KeyCrystal_Normal.tif
  artifactKey: Guid(56d663bbaeef3b749a84045be0607c29) Importer(815301076,1909f56bfc062723c751e8b465ee728b)
Start importing Assets/Fabgrid/Demo/3D Game Kit - Props Pack/Props/Props/Textures/KeyCrystal_Normal.tif using Guid(56d663bbaeef3b749a84045be0607c29) Importer(815301076,1909f56bfc062723c751e8b465ee728b)  -> (artifact id: '8c39901bae660cc253b62032c9c6c8ae') in 0.018848 seconds
Number of updated asset objects reloaded before import = 0
Number of asset objects unloaded after import = 2
========================================================================
Received Import Request.
  Time since last request: 0.000041 seconds.
  path: Assets/Fabgrid/Demo/3D Game Kit - Props Pack/Props/Props/Textures/HealthBox_Normal.tif
  artifactKey: Guid(19d94b070db6e1747a4634266f81d875) Importer(815301076,1909f56bfc062723c751e8b465ee728b)
Start importing Assets/Fabgrid/Demo/3D Game Kit - Props Pack/Props/Props/Textures/HealthBox_Normal.tif using Guid(19d94b070db6e1747a4634266f81d875) Importer(815301076,1909f56bfc062723c751e8b465ee728b)  -> (artifact id: '6efdff0e57e93da35fe804b0460e2bf9') in 0.021598 seconds
Number of updated asset objects reloaded before import = 0
Number of asset objects unloaded after import = 2
========================================================================
Received Import Request.
  Time since last request: 0.000013 seconds.
  path: Assets/Fabgrid/Demo/3D Game Kit - Props Pack/Props/Props/Textures/BoxBreakable_Emission.tif
  artifactKey: Guid(d452b1e1b50fd664d9e5d199ae04d16f) Importer(815301076,1909f56bfc062723c751e8b465ee728b)
Start importing Assets/Fabgrid/Demo/3D Game Kit - Props Pack/Props/Props/Textures/BoxBreakable_Emission.tif using Guid(d452b1e1b50fd664d9e5d199ae04d16f) Importer(815301076,1909f56bfc062723c751e8b465ee728b)  -> (artifact id: '855f541a27473845763564c3a45bd72f') in 0.015566 seconds
Number of updated asset objects reloaded before import = 0
Number of asset objects unloaded after import = 2
========================================================================
Received Import Request.
  Time since last request: 0.000036 seconds.
  path: Assets/Fabgrid/Demo/3D Game Kit - Props Pack/Props/Props/Textures/Switch_MetallicSmooth.png
  artifactKey: Guid(13328b092cd2f084eacb7906c6c78d2c) Importer(815301076,1909f56bfc062723c751e8b465ee728b)
Start importing Assets/Fabgrid/Demo/3D Game Kit - Props Pack/Props/Props/Textures/Switch_MetallicSmooth.png using Guid(13328b092cd2f084eacb7906c6c78d2c) Importer(815301076,1909f56bfc062723c751e8b465ee728b)  -> (artifact id: '7bc1b34ff5290a6b4c880c1969ca6141') in 0.013799 seconds
Number of updated asset objects reloaded before import = 0
Number of asset objects unloaded after import = 2
========================================================================
Received Import Request.
  Time since last request: 0.000013 seconds.
  path: Assets/Fabgrid/Demo/3D Game Kit - Props Pack/Props/Props/Textures/HealthBox_MetallicSmooth.tif
  artifactKey: Guid(b886a1fad462d95409b927b7fd72c9a2) Importer(815301076,1909f56bfc062723c751e8b465ee728b)
Start importing Assets/Fabgrid/Demo/3D Game Kit - Props Pack/Props/Props/Textures/HealthBox_MetallicSmooth.tif using Guid(b886a1fad462d95409b927b7fd72c9a2) Importer(815301076,1909f56bfc062723c751e8b465ee728b)  -> (artifact id: 'f615df410f3b07c53686fdf8c59f1af5') in 0.008405 seconds
Number of updated asset objects reloaded before import = 0
Number of asset objects unloaded after import = 2
========================================================================
Received Import Request.
  Time since last request: 0.856929 seconds.
  path: Assets/Fabgrid/Demo/3D Game Kit - Props Pack/Props/Props/Models/Box.fbx
  artifactKey: Guid(32735b9ee3b90df4fbc4a5f3a47f17e1) Importer(815301076,1909f56bfc062723c751e8b465ee728b)
Start importing Assets/Fabgrid/Demo/3D Game Kit - Props Pack/Props/Props/Models/Box.fbx using Guid(32735b9ee3b90df4fbc4a5f3a47f17e1) Importer(815301076,1909f56bfc062723c751e8b465ee728b)  -> (artifact id: 'a48b56f5e14e578490e3d92a5ead34a3') in 0.044526 seconds
Number of updated asset objects reloaded before import = 0
Number of asset objects unloaded after import = 14
========================================================================
Received Import Request.
  Time since last request: 0.749428 seconds.
  path: Assets/Fabgrid/Demo/3D Game Kit - Props Pack/Props/Props/Materials/Box_Mat.mat
  artifactKey: Guid(c90acb39326143642a25b630416a7c8a) Importer(815301076,1909f56bfc062723c751e8b465ee728b)
Start importing Assets/Fabgrid/Demo/3D Game Kit - Props Pack/Props/Props/Materials/Box_Mat.mat using Guid(c90acb39326143642a25b630416a7c8a) Importer(815301076,1909f56bfc062723c751e8b465ee728b)  -> (artifact id: '1bc4c58ff23dcf5f4f8929578917518d') in 0.033485 seconds
Number of updated asset objects reloaded before import = 0
Number of asset objects unloaded after import = 7
========================================================================
Received Import Request.
  Time since last request: 0.000017 seconds.
  path: Assets/Fabgrid/Demo/3D Game Kit - Props Pack/Props/Props/Materials/PressurePad_Mat.mat
  artifactKey: Guid(d1ceeaadc3450694eafc85a314039392) Importer(815301076,1909f56bfc062723c751e8b465ee728b)
Start importing Assets/Fabgrid/Demo/3D Game Kit - Props Pack/Props/Props/Materials/PressurePad_Mat.mat using Guid(d1ceeaadc3450694eafc85a314039392) Importer(815301076,1909f56bfc062723c751e8b465ee728b)  -> (artifact id: '7b7b7552c02200535828cb4ba8b854a1') in 0.019128 seconds
Number of updated asset objects reloaded before import = 0
Number of asset objects unloaded after import = 7
========================================================================
Received Import Request.
  Time since last request: 33.041708 seconds.
  path: Assets/Scenes/SecondFloor.unity
  artifactKey: Guid(f58440b42db2c1e48aa719999630bfd6) Importer(815301076,1909f56bfc062723c751e8b465ee728b)
Start importing Assets/Scenes/SecondFloor.unity using Guid(f58440b42db2c1e48aa719999630bfd6) Importer(815301076,1909f56bfc062723c751e8b465ee728b)  -> (artifact id: '30dd1127b7c5c29acd285856641d9cdf') in 0.000708 seconds
Number of updated asset objects reloaded before import = 0
Number of asset objects unloaded after import = 0
========================================================================
Received Import Request.
  Time since last request: 101.958520 seconds.
  path: Assets/Fabgrid/Scripts
  artifactKey: Guid(a6087f7dc3a874c429acdcdb5ac0f584) Importer(815301076,1909f56bfc062723c751e8b465ee728b)
Start importing Assets/Fabgrid/Scripts using Guid(a6087f7dc3a874c429acdcdb5ac0f584) Importer(815301076,1909f56bfc062723c751e8b465ee728b)  -> (artifact id: '12ca71de31d211d950e6c7d4ae5eb2f3') in 0.000465 seconds
Number of updated asset objects reloaded before import = 0
Number of asset objects unloaded after import = 0
========================================================================
Received Import Request.
  Time since last request: 0.148969 seconds.
  path: Assets/Fabgrid/Scripts/Fabgrid.asmdef
  artifactKey: Guid(b7ba567aa1eda9941b5092651b8fd147) Importer(815301076,1909f56bfc062723c751e8b465ee728b)
Start importing Assets/Fabgrid/Scripts/Fabgrid.asmdef using Guid(b7ba567aa1eda9941b5092651b8fd147) Importer(815301076,1909f56bfc062723c751e8b465ee728b)  -> (artifact id: '0a682cb829c80782701d0fb4957a8b47') in 0.000483 seconds
Number of updated asset objects reloaded before import = 0
Number of asset objects unloaded after import = 0
========================================================================
Received Import Request.
  Time since last request: 12.607783 seconds.
  path: Assets/Fabgrid/Scripts/Tilemap3D.cs
  artifactKey: Guid(9a6ecf9861c932d4aaaaa7d01dfd9470) Importer(815301076,1909f56bfc062723c751e8b465ee728b)
Start importing Assets/Fabgrid/Scripts/Tilemap3D.cs using Guid(9a6ecf9861c932d4aaaaa7d01dfd9470) Importer(815301076,1909f56bfc062723c751e8b465ee728b)  -> (artifact id: '69792a4b904357d7095fccb4f8052f4d') in 0.000415 seconds
Number of updated asset objects reloaded before import = 0
Number of asset objects unloaded after import = 0
========================================================================
Received Import Request.
  Time since last request: 5.052431 seconds.
  path: Assets/Fabgrid/Scripts/TileSet.cs
  artifactKey: Guid(b01265a4838ea844bb0ac1cf248df8d8) Importer(815301076,1909f56bfc062723c751e8b465ee728b)
Start importing Assets/Fabgrid/Scripts/TileSet.cs using Guid(b01265a4838ea844bb0ac1cf248df8d8) Importer(815301076,1909f56bfc062723c751e8b465ee728b)  -> (artifact id: 'ada67d105a1839f0adc32949558bf91d') in 0.000385 seconds
Number of updated asset objects reloaded before import = 0
Number of asset objects unloaded after import = 0
========================================================================
Received Import Request.
  Time since last request: 2.193962 seconds.
  path: Assets/Fabgrid/Scripts/Tile.cs
  artifactKey: Guid(040230ec8be5a7247a050d973941fec0) Importer(815301076,1909f56bfc062723c751e8b465ee728b)
Start importing Assets/Fabgrid/Scripts/Tile.cs using Guid(040230ec8be5a7247a050d973941fec0) Importer(815301076,1909f56bfc062723c751e8b465ee728b)  -> (artifact id: 'bfa4666e77ca694d5d48c78a376f8a06') in 0.000477 seconds
Number of updated asset objects reloaded before import = 0
Number of asset objects unloaded after import = 0
========================================================================
Received Import Request.
  Time since last request: 5.244760 seconds.
  path: Assets/Fabgrid/Scripts/Extensions
  artifactKey: Guid(d3b1a5613a94d45488168054e100a8ae) Importer(815301076,1909f56bfc062723c751e8b465ee728b)
Start importing Assets/Fabgrid/Scripts/Extensions using Guid(d3b1a5613a94d45488168054e100a8ae) Importer(815301076,1909f56bfc062723c751e8b465ee728b)  -> (artifact id: 'b48ddea55f1e3a03ed1c0ac56f2e3304') in 0.000371 seconds
Number of updated asset objects reloaded before import = 0
Number of asset objects unloaded after import = 0
========================================================================
Received Import Request.
  Time since last request: 159.713070 seconds.
  path: Assets/Simple Modular Dungeon/Prefabs/Props/Books/Book Parent 002.prefab
  artifactKey: Guid(e9c8a5779f5ada546983fa0209e9f03a) Importer(815301076,1909f56bfc062723c751e8b465ee728b)
Start importing Assets/Simple Modular Dungeon/Prefabs/Props/Books/Book Parent 002.prefab using Guid(e9c8a5779f5ada546983fa0209e9f03a) Importer(815301076,1909f56bfc062723c751e8b465ee728b)  -> (artifact id: 'e725ebf24c07649021d29bf2579b778d') in 0.056514 seconds
Number of updated asset objects reloaded before import = 0
Number of asset objects unloaded after import = 20
========================================================================
Received Import Request.
  Time since last request: 11.034140 seconds.
  path: Assets/Fabgrid/Prefabs/Sphere.prefab
  artifactKey: Guid(888a4b6c25fd97c448ccc3d9e6d1942e) Importer(815301076,1909f56bfc062723c751e8b465ee728b)
Start importing Assets/Fabgrid/Prefabs/Sphere.prefab using Guid(888a4b6c25fd97c448ccc3d9e6d1942e) Importer(815301076,1909f56bfc062723c751e8b465ee728b)  -> (artifact id: '1ed1fe2242a40a2e4363b60fdeb379e6') in 0.018081 seconds
Number of updated asset objects reloaded before import = 0
Number of asset objects unloaded after import = 7
========================================================================
Received Import Request.
  Time since last request: 65.298940 seconds.
  path: Assets/Fabgrid/Scripts/LayerBehaviour.cs
  artifactKey: Guid(b71dae363d4ddae4793816fdc194b046) Importer(815301076,1909f56bfc062723c751e8b465ee728b)
Start importing Assets/Fabgrid/Scripts/LayerBehaviour.cs using Guid(b71dae363d4ddae4793816fdc194b046) Importer(815301076,1909f56bfc062723c751e8b465ee728b)  -> (artifact id: 'd7bd64e7f33d791919a2b9e428a009be') in 0.000396 seconds
Number of updated asset objects reloaded before import = 0
Number of asset objects unloaded after import = 0
========================================================================
Received Prepare
Begin MonoManager ReloadAssembly
- Loaded All Assemblies, in  0.291 seconds
Refreshing native plugins compatible for Editor in 1.66 ms, found 3 plugins.
Native extension for WindowsStandalone target not found
Native extension for WebGL target not found
[Package Manager] Server::EnsureServerProcessIsRunning -- launch failed, reason: Unity was launched with the -noUpm command-line argument
[Package Manager] UpmClient::Send -- Unable to send message (not connected to UPM process).
[Package Manager] Cannot connect to Unity Package Manager local server
Mono: successfully reloaded assembly
- Finished resetting the current domain, in  0.651 seconds
Domain Reload Profiling: 941ms
	BeginReloadAssembly (106ms)
		ExecutionOrderSort (0ms)
		DisableScriptedObjects (3ms)
		BackupInstance (0ms)
		ReleaseScriptingObjects (0ms)
		CreateAndSetChildDomain (26ms)
	RebuildCommonClasses (21ms)
	RebuildNativeTypeToScriptingClass (7ms)
	initialDomainReloadingComplete (18ms)
	LoadAllAssembliesAndSetupDomain (138ms)
		LoadAssemblies (177ms)
		RebuildTransferFunctionScriptingTraits (0ms)
		AnalyzeDomain (14ms)
			TypeCache.Refresh (6ms)
				TypeCache.ScanAssembly (0ms)
			ScanForSourceGeneratedMonoScriptInfo (4ms)
			ResolveRequiredComponents (3ms)
	FinalizeReload (651ms)
		ReleaseScriptCaches (0ms)
		RebuildScriptCaches (0ms)
		SetupLoadedEditorAssemblies (361ms)
			LogAssemblyErrors (0ms)
			InitializePlatformSupportModulesInManaged (5ms)
			SetLoadedEditorAssemblies (3ms)
			RefreshPlugins (0ms)
			BeforeProcessingInitializeOnLoad (42ms)
			ProcessInitializeOnLoadAttributes (294ms)
			ProcessInitializeOnLoadMethodAttributes (13ms)
			AfterProcessingInitializeOnLoad (4ms)
			EditorAssembliesLoaded (0ms)
		ExecutionOrderSort2 (0ms)
		AwakeInstancesAfterBackupRestoration (5ms)
Refreshing native plugins compatible for Editor in 2.21 ms, found 3 plugins.
Preloading 0 native plugins for Editor in 0.00 ms.
Unloading 3091 Unused Serialized files (Serialized files now loaded: 0)
Unloading 83 unused Assets / (61.9 KB). Loaded Objects now: 3651.
Memory consumption went from 144.3 MB to 144.2 MB.
Total: 3.295200 ms (FindLiveObjects: 0.201100 ms CreateObjectMapping: 0.075400 ms MarkObjects: 2.864600 ms  DeleteObjects: 0.152300 ms)

Prepare: number of updated asset objects reloaded= 5
AssetImportParameters requested are different than current active one (requested -> active):
  custom:container-demuxer-ogg: 62fdf1f143b41e24485cea50d1cbac27 -> 
  custom:video-codec-MediaFoundation-h265: 746d11721c4dcdbdad8f713fa42b33f4 -> 
  custom:video-decoder-ogg-theora: a1e56fd34408186e4bbccfd4996cb3dc -> 
  custom:framework-win-MediaFoundation: 216162199b28c13a410421893ffa2e32 -> 
  custom:CustomObjectIndexerAttribute: 756ad292c208cfabdd7b50bc23989ffe -> 
  custom:container-demuxer-webm: 4f35f7cbe854078d1ac9338744f61a02 -> 
  custom:container-muxer-webm: aa71ff27fc2769a1b78a27578f13a17b -> 
  custom:video-decoder-webm-vp8: 9c59270c3fd7afecdb556c50c9e8de78 -> 
  custom:SearchIndexIgnoredProperties: e643bd26f0fe6173181afceb89e7c659 -> 
  custom:AudioImporter_EditorPlatform: d09bf68614088b80899f8185d706f6e7 -> 
  custom:video-encoder-webm-vp8: eb34c28f22e8b96e1ab97ce403110664 -> 
  custom:audio-decoder-ogg-vorbis: bf7c407c2cedff20999df2af8eb42d56 -> 
  custom:audio-encoder-webm-vorbis: bf7c407c2cedff20999df2af8eb42d56 -> 
========================================================================
Received Prepare
Begin MonoManager ReloadAssembly
- Loaded All Assemblies, in  0.312 seconds
Refreshing native plugins compatible for Editor in 1.68 ms, found 3 plugins.
Native extension for WindowsStandalone target not found
Native extension for WebGL target not found
[Package Manager] Server::EnsureServerProcessIsRunning -- launch failed, reason: Unity was launched with the -noUpm command-line argument
[Package Manager] UpmClient::Send -- Unable to send message (not connected to UPM process).
[Package Manager] Cannot connect to Unity Package Manager local server
Mono: successfully reloaded assembly
- Finished resetting the current domain, in  0.706 seconds
Domain Reload Profiling: 1017ms
	BeginReloadAssembly (109ms)
		ExecutionOrderSort (0ms)
		DisableScriptedObjects (4ms)
		BackupInstance (0ms)
		ReleaseScriptingObjects (0ms)
		CreateAndSetChildDomain (25ms)
	RebuildCommonClasses (21ms)
	RebuildNativeTypeToScriptingClass (7ms)
	initialDomainReloadingComplete (19ms)
	LoadAllAssembliesAndSetupDomain (155ms)
		LoadAssemblies (190ms)
		RebuildTransferFunctionScriptingTraits (0ms)
		AnalyzeDomain (19ms)
			TypeCache.Refresh (8ms)
				TypeCache.ScanAssembly (1ms)
			ScanForSourceGeneratedMonoScriptInfo (6ms)
			ResolveRequiredComponents (4ms)
	FinalizeReload (706ms)
		ReleaseScriptCaches (0ms)
		RebuildScriptCaches (0ms)
		SetupLoadedEditorAssemblies (436ms)
			LogAssemblyErrors (0ms)
			InitializePlatformSupportModulesInManaged (5ms)
			SetLoadedEditorAssemblies (3ms)
			RefreshPlugins (0ms)
			BeforeProcessingInitializeOnLoad (45ms)
			ProcessInitializeOnLoadAttributes (362ms)
			ProcessInitializeOnLoadMethodAttributes (16ms)
			AfterProcessingInitializeOnLoad (4ms)
			EditorAssembliesLoaded (0ms)
		ExecutionOrderSort2 (0ms)
		AwakeInstancesAfterBackupRestoration (5ms)
Refreshing native plugins compatible for Editor in 3.64 ms, found 3 plugins.
Preloading 0 native plugins for Editor in 0.00 ms.
Unloading 3093 Unused Serialized files (Serialized files now loaded: 0)
Unloading 22 unused Assets / (30.4 KB). Loaded Objects now: 3651.
Memory consumption went from 144.3 MB to 144.2 MB.
Total: 3.717200 ms (FindLiveObjects: 0.240900 ms CreateObjectMapping: 0.176300 ms MarkObjects: 3.233500 ms  DeleteObjects: 0.064600 ms)

Prepare: number of updated asset objects reloaded= 0
AssetImportParameters requested are different than current active one (requested -> active):
  custom:container-demuxer-ogg: 62fdf1f143b41e24485cea50d1cbac27 -> 
  custom:video-codec-MediaFoundation-h265: 746d11721c4dcdbdad8f713fa42b33f4 -> 
  custom:video-decoder-ogg-theora: a1e56fd34408186e4bbccfd4996cb3dc -> 
  custom:framework-win-MediaFoundation: 216162199b28c13a410421893ffa2e32 -> 
  custom:CustomObjectIndexerAttribute: 756ad292c208cfabdd7b50bc23989ffe -> 
  custom:container-demuxer-webm: 4f35f7cbe854078d1ac9338744f61a02 -> 
  custom:container-muxer-webm: aa71ff27fc2769a1b78a27578f13a17b -> 
  custom:video-decoder-webm-vp8: 9c59270c3fd7afecdb556c50c9e8de78 -> 
  custom:SearchIndexIgnoredProperties: e643bd26f0fe6173181afceb89e7c659 -> 
  custom:AudioImporter_EditorPlatform: d09bf68614088b80899f8185d706f6e7 -> 
  custom:video-encoder-webm-vp8: eb34c28f22e8b96e1ab97ce403110664 -> 
  custom:audio-decoder-ogg-vorbis: bf7c407c2cedff20999df2af8eb42d56 -> 
  custom:audio-encoder-webm-vorbis: bf7c407c2cedff20999df2af8eb42d56 -> 
========================================================================
Received Prepare
Begin MonoManager ReloadAssembly
- Loaded All Assemblies, in  0.292 seconds
Refreshing native plugins compatible for Editor in 1.74 ms, found 3 plugins.
Native extension for WindowsStandalone target not found
Native extension for WebGL target not found
[Package Manager] Server::EnsureServerProcessIsRunning -- launch failed, reason: Unity was launched with the -noUpm command-line argument
[Package Manager] UpmClient::Send -- Unable to send message (not connected to UPM process).
[Package Manager] Cannot connect to Unity Package Manager local server
Mono: successfully reloaded assembly
- Finished resetting the current domain, in  0.768 seconds
Domain Reload Profiling: 1059ms
	BeginReloadAssembly (107ms)
		ExecutionOrderSort (0ms)
		DisableScriptedObjects (4ms)
		BackupInstance (0ms)
		ReleaseScriptingObjects (0ms)
		CreateAndSetChildDomain (25ms)
	RebuildCommonClasses (23ms)
	RebuildNativeTypeToScriptingClass (10ms)
	initialDomainReloadingComplete (24ms)
	LoadAllAssembliesAndSetupDomain (127ms)
		LoadAssemblies (171ms)
		RebuildTransferFunctionScriptingTraits (0ms)
		AnalyzeDomain (9ms)
			TypeCache.Refresh (5ms)
				TypeCache.ScanAssembly (0ms)
			ScanForSourceGeneratedMonoScriptInfo (0ms)
			ResolveRequiredComponents (3ms)
	FinalizeReload (768ms)
		ReleaseScriptCaches (0ms)
		RebuildScriptCaches (0ms)
		SetupLoadedEditorAssemblies (467ms)
			LogAssemblyErrors (0ms)
			InitializePlatformSupportModulesInManaged (5ms)
			SetLoadedEditorAssemblies (4ms)
			RefreshPlugins (0ms)
			BeforeProcessingInitializeOnLoad (45ms)
			ProcessInitializeOnLoadAttributes (391ms)
			ProcessInitializeOnLoadMethodAttributes (17ms)
			AfterProcessingInitializeOnLoad (5ms)
			EditorAssembliesLoaded (0ms)
		ExecutionOrderSort2 (0ms)
		AwakeInstancesAfterBackupRestoration (5ms)
Refreshing native plugins compatible for Editor in 2.55 ms, found 3 plugins.
Preloading 0 native plugins for Editor in 0.00 ms.
Unloading 3093 Unused Serialized files (Serialized files now loaded: 0)
Unloading 22 unused Assets / (30.4 KB). Loaded Objects now: 3654.
Memory consumption went from 146.2 MB to 146.2 MB.
Total: 3.183600 ms (FindLiveObjects: 0.171200 ms CreateObjectMapping: 0.089800 ms MarkObjects: 2.878300 ms  DeleteObjects: 0.043300 ms)

Prepare: number of updated asset objects reloaded= 0
AssetImportParameters requested are different than current active one (requested -> active):
  custom:container-demuxer-ogg: 62fdf1f143b41e24485cea50d1cbac27 -> 
  custom:video-codec-MediaFoundation-h265: 746d11721c4dcdbdad8f713fa42b33f4 -> 
  custom:video-decoder-ogg-theora: a1e56fd34408186e4bbccfd4996cb3dc -> 
  custom:framework-win-MediaFoundation: 216162199b28c13a410421893ffa2e32 -> 
  custom:CustomObjectIndexerAttribute: 756ad292c208cfabdd7b50bc23989ffe -> 
  custom:container-demuxer-webm: 4f35f7cbe854078d1ac9338744f61a02 -> 
  custom:container-muxer-webm: aa71ff27fc2769a1b78a27578f13a17b -> 
  custom:video-decoder-webm-vp8: 9c59270c3fd7afecdb556c50c9e8de78 -> 
  custom:SearchIndexIgnoredProperties: e643bd26f0fe6173181afceb89e7c659 -> 
  custom:AudioImporter_EditorPlatform: d09bf68614088b80899f8185d706f6e7 -> 
  custom:video-encoder-webm-vp8: eb34c28f22e8b96e1ab97ce403110664 -> 
  custom:audio-decoder-ogg-vorbis: bf7c407c2cedff20999df2af8eb42d56 -> 
  custom:audio-encoder-webm-vorbis: bf7c407c2cedff20999df2af8eb42d56 -> 
========================================================================
Received Import Request.
  Time since last request: 951.437903 seconds.
  path: Assets/com/heparo/terrain/toolkit/editor/resources/bannerTerrainToolkit.png
  artifactKey: Guid(dd462f206a127b4479650292dc950e42) Importer(815301076,1909f56bfc062723c751e8b465ee728b)
Start importing Assets/com/heparo/terrain/toolkit/editor/resources/bannerTerrainToolkit.png using Guid(dd462f206a127b4479650292dc950e42) Importer(815301076,1909f56bfc062723c751e8b465ee728b)  -> (artifact id: 'd46d29aa2cb594370c6f05c3fd36d92c') in 0.065324 seconds
Number of updated asset objects reloaded before import = 0
Number of asset objects unloaded after import = 2
========================================================================
Received Import Request.
  Time since last request: 24.615410 seconds.
  path: Assets/com/heparo/terrain/toolkit/scripts/TerrainToolkit.cs
  artifactKey: Guid(4531ff2a79e8c8c4e9a70e7d5b874e01) Importer(815301076,1909f56bfc062723c751e8b465ee728b)
Start importing Assets/com/heparo/terrain/toolkit/scripts/TerrainToolkit.cs using Guid(4531ff2a79e8c8c4e9a70e7d5b874e01) Importer(815301076,1909f56bfc062723c751e8b465ee728b)  -> (artifact id: '881baf7f3457f2df66f00257645bfe3f') in 0.000513 seconds
Number of updated asset objects reloaded before import = 0
Number of asset objects unloaded after import = 0
========================================================================
Received Import Request.
  Time since last request: 2.238448 seconds.
  path: Assets/com/heparo/terrain/toolkit/editor/TerrainToolkitEditor.cs
  artifactKey: Guid(416f252c39d159d4e823d362d6e2def4) Importer(815301076,1909f56bfc062723c751e8b465ee728b)
Start importing Assets/com/heparo/terrain/toolkit/editor/TerrainToolkitEditor.cs using Guid(416f252c39d159d4e823d362d6e2def4) Importer(815301076,1909f56bfc062723c751e8b465ee728b)  -> (artifact id: '4070b526dcf5873a9f7d18682ce30196') in 0.000373 seconds
Number of updated asset objects reloaded before import = 0
Number of asset objects unloaded after import = 0
========================================================================
Received Import Request.
  Time since last request: 66.955884 seconds.
  path: Assets/com/heparo/terrain/toolkit/editor/resources/Model_04_Cliff.jpg
  artifactKey: Guid(ca36746d235d7574f9df1a0ebaff19d0) Importer(815301076,1909f56bfc062723c751e8b465ee728b)
Start importing Assets/com/heparo/terrain/toolkit/editor/resources/Model_04_Cliff.jpg using Guid(ca36746d235d7574f9df1a0ebaff19d0) Importer(815301076,1909f56bfc062723c751e8b465ee728b)  -> (artifact id: '2eee0e39a9c14e5b8f20bae301a816bc') in 0.015193 seconds
Number of updated asset objects reloaded before import = 0
Number of asset objects unloaded after import = 2
========================================================================
Received Import Request.
  Time since last request: 0.000016 seconds.
  path: Assets/com/heparo/terrain/toolkit/editor/resources/Model_04_Tx2.jpg
  artifactKey: Guid(d0d37caa55753394b8c49c45b3f4a577) Importer(815301076,1909f56bfc062723c751e8b465ee728b)
Start importing Assets/com/heparo/terrain/toolkit/editor/resources/Model_04_Tx2.jpg using Guid(d0d37caa55753394b8c49c45b3f4a577) Importer(815301076,1909f56bfc062723c751e8b465ee728b)  -> (artifact id: '887118dc55115ae69edf125852423bbb') in 0.020368 seconds
Number of updated asset objects reloaded before import = 0
Number of asset objects unloaded after import = 2
========================================================================
Received Import Request.
  Time since last request: 6.332422 seconds.
  path: Assets/com/heparo/terrain/toolkit/editor/resources/Model_02_Cliff.jpg
  artifactKey: Guid(fe89f0865d86c8a4383b71ad900b48d7) Importer(815301076,1909f56bfc062723c751e8b465ee728b)
Start importing Assets/com/heparo/terrain/toolkit/editor/resources/Model_02_Cliff.jpg using Guid(fe89f0865d86c8a4383b71ad900b48d7) Importer(815301076,1909f56bfc062723c751e8b465ee728b)  -> (artifact id: '0a4de28d4b17d5ca0ebf2ad45f2da0cb') in 0.016413 seconds
Number of updated asset objects reloaded before import = 0
Number of asset objects unloaded after import = 2
========================================================================
Received Import Request.
  Time since last request: 0.000046 seconds.
  path: Assets/com/heparo/terrain/toolkit/editor/resources/Model_02_Tx4.jpg
  artifactKey: Guid(822785365423b4041a0e65ea78bd3a78) Importer(815301076,1909f56bfc062723c751e8b465ee728b)
Start importing Assets/com/heparo/terrain/toolkit/editor/resources/Model_02_Tx4.jpg using Guid(822785365423b4041a0e65ea78bd3a78) Importer(815301076,1909f56bfc062723c751e8b465ee728b)  -> (artifact id: 'd548d08d557d6cc5607ff11af1093519') in 0.018391 seconds
Number of updated asset objects reloaded before import = 0
Number of asset objects unloaded after import = 2
========================================================================
Received Import Request.
  Time since last request: 0.000015 seconds.
  path: Assets/com/heparo/terrain/toolkit/editor/resources/Model_02_Tx3.jpg
  artifactKey: Guid(dc4dd15be86f08d4f845a7662d2b0a32) Importer(815301076,1909f56bfc062723c751e8b465ee728b)
Start importing Assets/com/heparo/terrain/toolkit/editor/resources/Model_02_Tx3.jpg using Guid(dc4dd15be86f08d4f845a7662d2b0a32) Importer(815301076,1909f56bfc062723c751e8b465ee728b)  -> (artifact id: '6a01014e1ebb3ed4ff22f2c87ca844fb') in 0.015339 seconds
Number of updated asset objects reloaded before import = 0
Number of asset objects unloaded after import = 2
========================================================================
Received Import Request.
  Time since last request: 37.635245 seconds.
  path: Assets/com/heparo/terrain/toolkit/editor/resources/Model_00_Cliff.jpg
  artifactKey: Guid(312d6c9402aedc34e959cc59b1e8942f) Importer(815301076,1909f56bfc062723c751e8b465ee728b)
Start importing Assets/com/heparo/terrain/toolkit/editor/resources/Model_00_Cliff.jpg using Guid(312d6c9402aedc34e959cc59b1e8942f) Importer(815301076,1909f56bfc062723c751e8b465ee728b)  -> (artifact id: '012d5cf1e81ed332ccef185e464b1ac0') in 0.016370 seconds
Number of updated asset objects reloaded before import = 0
Number of asset objects unloaded after import = 2
========================================================================
Received Import Request.
  Time since last request: 40.477659 seconds.
  path: Assets/com/heparo/terrain/toolkit/editor/resources/Model_01_Tx1.jpg
  artifactKey: Guid(8cd1ee1eeafaa194794628592442e5a4) Importer(815301076,1909f56bfc062723c751e8b465ee728b)
Start importing Assets/com/heparo/terrain/toolkit/editor/resources/Model_01_Tx1.jpg using Guid(8cd1ee1eeafaa194794628592442e5a4) Importer(815301076,1909f56bfc062723c751e8b465ee728b)  -> (artifact id: '0da6ba9618678282b23b9b7516a2d8bc') in 0.013783 seconds
Number of updated asset objects reloaded before import = 0
Number of asset objects unloaded after import = 2
========================================================================
Received Import Request.
  Time since last request: 5.750578 seconds.
  path: Assets/com/heparo/terrain/toolkit/editor/resources/Model_05_Cliff.jpg
  artifactKey: Guid(785934d49a1960e43b4e88ba725ce335) Importer(815301076,1909f56bfc062723c751e8b465ee728b)
Start importing Assets/com/heparo/terrain/toolkit/editor/resources/Model_05_Cliff.jpg using Guid(785934d49a1960e43b4e88ba725ce335) Importer(815301076,1909f56bfc062723c751e8b465ee728b)  -> (artifact id: '6c36f417fd1e0ddff4e918a96beffb6c') in 0.012575 seconds
Number of updated asset objects reloaded before import = 0
Number of asset objects unloaded after import = 2
========================================================================
Received Import Request.
  Time since last request: 34.047705 seconds.
  path: Assets/com/heparo/terrain/toolkit/editor/resources/Model_03_Cliff.jpg
  artifactKey: Guid(efdd472a85b26c148b41ceea1b92e678) Importer(815301076,1909f56bfc062723c751e8b465ee728b)
Start importing Assets/com/heparo/terrain/toolkit/editor/resources/Model_03_Cliff.jpg using Guid(efdd472a85b26c148b41ceea1b92e678) Importer(815301076,1909f56bfc062723c751e8b465ee728b)  -> (artifact id: '396a51b63e8192d2df9f3f3c9bb26322') in 0.016020 seconds
Number of updated asset objects reloaded before import = 0
Number of asset objects unloaded after import = 2
========================================================================
Received Import Request.
  Time since last request: 0.000057 seconds.
  path: Assets/com/heparo/terrain/toolkit/editor/resources/Model_03_Tx2.jpg
  artifactKey: Guid(fe8cc0e0cd4c79a4e98580db78c1c2a7) Importer(815301076,1909f56bfc062723c751e8b465ee728b)
Start importing Assets/com/heparo/terrain/toolkit/editor/resources/Model_03_Tx2.jpg using Guid(fe8cc0e0cd4c79a4e98580db78c1c2a7) Importer(815301076,1909f56bfc062723c751e8b465ee728b)  -> (artifact id: '2ec71b398e0758e30dc4eb130a88070f') in 0.012545 seconds
Number of updated asset objects reloaded before import = 0
Number of asset objects unloaded after import = 2
========================================================================
Received Import Request.
  Time since last request: 91.775532 seconds.
  path: Assets/TerrainDemo/TerrainData_3a94c7a2-83f5-4a5d-8556-c02a1b591f94.asset
  artifactKey: Guid(cfc72f4491f20e44f8d729306d562743) Importer(815301076,1909f56bfc062723c751e8b465ee728b)
Start importing Assets/TerrainDemo/TerrainData_3a94c7a2-83f5-4a5d-8556-c02a1b591f94.asset using Guid(cfc72f4491f20e44f8d729306d562743) Importer(815301076,1909f56bfc062723c751e8b465ee728b)  -> (artifact id: 'd6a45df69e9f2d9d83fc58149d076a30') in 0.025917 seconds
Number of updated asset objects reloaded before import = 0
Number of asset objects unloaded after import = 3
========================================================================
Received Import Request.
  Time since last request: 0.000016 seconds.
  path: Assets/TerrainDemo/TerrainData_eb98a83a-befd-4e41-8a86-cc3a9cdf0644.asset
  artifactKey: Guid(2190a83e224b15846a34f5f7c0b7e2d3) Importer(815301076,1909f56bfc062723c751e8b465ee728b)
Start importing Assets/TerrainDemo/TerrainData_eb98a83a-befd-4e41-8a86-cc3a9cdf0644.asset using Guid(2190a83e224b15846a34f5f7c0b7e2d3) Importer(815301076,1909f56bfc062723c751e8b465ee728b)  -> (artifact id: '3264d0f94a5c0e120fd65f7134b1ca01') in 0.012868 seconds
Number of updated asset objects reloaded before import = 0
Number of asset objects unloaded after import = 3
========================================================================
Received Import Request.
  Time since last request: 0.000019 seconds.
  path: Assets/TerrainDemo/TerrainData_97c6c535-d992-424a-8cd7-1e3e246619ab.asset
  artifactKey: Guid(862001866b961144fab0281b14fd8d14) Importer(815301076,1909f56bfc062723c751e8b465ee728b)
Start importing Assets/TerrainDemo/TerrainData_97c6c535-d992-424a-8cd7-1e3e246619ab.asset using Guid(862001866b961144fab0281b14fd8d14) Importer(815301076,1909f56bfc062723c751e8b465ee728b)  -> (artifact id: '09c94fc0f00353456d746c0a22609b58') in 0.009725 seconds
Number of updated asset objects reloaded before import = 0
Number of asset objects unloaded after import = 3
========================================================================
Received Import Request.
  Time since last request: 0.000015 seconds.
  path: Assets/TerrainDemo/TerrainData_52c6c559-b769-41eb-af63-f995975ab247.asset
  artifactKey: Guid(b3ac99e7dfa944b48af0ec804e384268) Importer(815301076,1909f56bfc062723c751e8b465ee728b)
Start importing Assets/TerrainDemo/TerrainData_52c6c559-b769-41eb-af63-f995975ab247.asset using Guid(b3ac99e7dfa944b48af0ec804e384268) Importer(815301076,1909f56bfc062723c751e8b465ee728b)  -> (artifact id: 'a85063774fa1c6e987e6e61c7e6189b4') in 0.008601 seconds
Number of updated asset objects reloaded before import = 0
Number of asset objects unloaded after import = 3
========================================================================
Received Import Request.
  Time since last request: 32.907284 seconds.
  path: Assets/com/heparo/terrain/toolkit
  artifactKey: Guid(d1f29f5a1f8b5c94899f99c1df234d0e) Importer(815301076,1909f56bfc062723c751e8b465ee728b)
Start importing Assets/com/heparo/terrain/toolkit using Guid(d1f29f5a1f8b5c94899f99c1df234d0e) Importer(815301076,1909f56bfc062723c751e8b465ee728b)  -> (artifact id: 'bd645227a023484678c4db9e7c00588a') in 0.000536 seconds
Number of updated asset objects reloaded before import = 0
Number of asset objects unloaded after import = 0
========================================================================
Received Import Request.
  Time since last request: 0.858035 seconds.
  path: Assets/com/heparo/terrain/toolkit/demonstration
  artifactKey: Guid(f22dd89165f4e7e4a95e95d15a91a927) Importer(815301076,1909f56bfc062723c751e8b465ee728b)
Start importing Assets/com/heparo/terrain/toolkit/demonstration using Guid(f22dd89165f4e7e4a95e95d15a91a927) Importer(815301076,1909f56bfc062723c751e8b465ee728b)  -> (artifact id: '6eec96aa2a136ade9f914024b5f94396') in 0.000367 seconds
Number of updated asset objects reloaded before import = 0
Number of asset objects unloaded after import = 0
========================================================================
Received Import Request.
  Time since last request: 0.657918 seconds.
  path: Assets/com/heparo/terrain/toolkit/demonstration/materials
  artifactKey: Guid(a5fbf662b5e1bf04e9df24fa128c31ac) Importer(815301076,1909f56bfc062723c751e8b465ee728b)
Start importing Assets/com/heparo/terrain/toolkit/demonstration/materials using Guid(a5fbf662b5e1bf04e9df24fa128c31ac) Importer(815301076,1909f56bfc062723c751e8b465ee728b)  -> (artifact id: '00628e3500792da3425d3e07f96b53d4') in 0.000368 seconds
Number of updated asset objects reloaded before import = 0
Number of asset objects unloaded after import = 0
========================================================================
Received Import Request.
  Time since last request: 0.077105 seconds.
  path: Assets/com/heparo/terrain/toolkit/demonstration/materials/Demo_SkyBox_Material.mat
  artifactKey: Guid(2b7fecfc9c9646e4f8255f0ad4681d03) Importer(815301076,1909f56bfc062723c751e8b465ee728b)
Start importing Assets/com/heparo/terrain/toolkit/demonstration/materials/Demo_SkyBox_Material.mat using Guid(2b7fecfc9c9646e4f8255f0ad4681d03) Importer(815301076,1909f56bfc062723c751e8b465ee728b)  -> (artifact id: '06133cb23bda8b0a4edd4c298c87df0d') in 0.137829 seconds
Number of updated asset objects reloaded before import = 0
Number of asset objects unloaded after import = 7
========================================================================
Received Import Request.
  Time since last request: 3.532929 seconds.
  path: Assets/com/heparo/terrain/toolkit/demonstration/textures/Sunny2_back.tif
  artifactKey: Guid(df28bd3459400874ea6438c740102e4b) Importer(815301076,1909f56bfc062723c751e8b465ee728b)
Start importing Assets/com/heparo/terrain/toolkit/demonstration/textures/Sunny2_back.tif using Guid(df28bd3459400874ea6438c740102e4b) Importer(815301076,1909f56bfc062723c751e8b465ee728b)  -> (artifact id: '9a0871f450d602f27dcda56fd30296ce') in 0.015782 seconds
Number of updated asset objects reloaded before import = 0
Number of asset objects unloaded after import = 2
========================================================================
Received Import Request.
  Time since last request: 0.000017 seconds.
  path: Assets/com/heparo/terrain/toolkit/demonstration/textures/Sunny2_right.tif
  artifactKey: Guid(f7b9e6ef55761314284044ad1c37b3cb) Importer(815301076,1909f56bfc062723c751e8b465ee728b)
Start importing Assets/com/heparo/terrain/toolkit/demonstration/textures/Sunny2_right.tif using Guid(f7b9e6ef55761314284044ad1c37b3cb) Importer(815301076,1909f56bfc062723c751e8b465ee728b)  -> (artifact id: 'e5d98f3a78a0f7ddf3dc20e6c7196889') in 0.015546 seconds
Number of updated asset objects reloaded before import = 0
Number of asset objects unloaded after import = 2
Editor requested this worker to shutdown with reason: Scaling down because of idle timeout
TcpMessagingSession - receive error: operation aborted. errorcode: 995, details: XbhIAvP[VvAI/O ~B
AssetImportWorker is now disconnected from the server
Process exiting
Exiting without the bug reporter. Application will terminate with return code 0