Using pre-set license
Built from '2022.3/staging' branch; Version is '2022.3.13f1 (5f90a5ebde0f) revision 6262949'; Using compiler version '192829333'; Build Type 'Release'
OS: 'Windows 11  (10.0.22631) 64bit Professional' Language: 'ja' Physical Memory: 32560 MB
BatchMode: 1, IsHumanControllingUs: 0, StartBugReporterOnCrash: 0, Is64bit: 1, IsPro: 1

COMMAND LINE ARGUMENTS:
C:\Program Files\Unity\Hub\Editor\2022.3.13f1\Editor\Unity.exe
-adb2
-batchMode
-noUpm
-name
AssetImportWorker8
-projectPath
C:/Users/fko2347054/Documents/GitHub/TimeAttackDungeon/TimeAttackDungeon
-logFile
Logs/AssetImportWorker8.log
-srvPort
64502
Successfully changed project path to: C:/Users/fko2347054/Documents/GitHub/TimeAttackDungeon/TimeAttackDungeon
C:/Users/fko2347054/Documents/GitHub/TimeAttackDungeon/TimeAttackDungeon
[UnityMemory] Configuration Parameters - Can be set up in boot.config
    "memorysetup-bucket-allocator-granularity=16"
    "memorysetup-bucket-allocator-bucket-count=8"
    "memorysetup-bucket-allocator-block-size=33554432"
    "memorysetup-bucket-allocator-block-count=8"
    "memorysetup-main-allocator-block-size=16777216"
    "memorysetup-thread-allocator-block-size=16777216"
    "memorysetup-gfx-main-allocator-block-size=16777216"
    "memorysetup-gfx-thread-allocator-block-size=16777216"
    "memorysetup-cache-allocator-block-size=4194304"
    "memorysetup-typetree-allocator-block-size=2097152"
    "memorysetup-profiler-bucket-allocator-granularity=16"
    "memorysetup-profiler-bucket-allocator-bucket-count=8"
    "memorysetup-profiler-bucket-allocator-block-size=33554432"
    "memorysetup-profiler-bucket-allocator-block-count=8"
    "memorysetup-profiler-allocator-block-size=16777216"
    "memorysetup-profiler-editor-allocator-block-size=1048576"
    "memorysetup-temp-allocator-size-main=16777216"
    "memorysetup-job-temp-allocator-block-size=2097152"
    "memorysetup-job-temp-allocator-block-size-background=1048576"
    "memorysetup-job-temp-allocator-reduction-small-platforms=262144"
    "memorysetup-allocator-temp-initial-block-size-main=262144"
    "memorysetup-allocator-temp-initial-block-size-worker=262144"
    "memorysetup-temp-allocator-size-background-worker=32768"
    "memorysetup-temp-allocator-size-job-worker=262144"
    "memorysetup-temp-allocator-size-preload-manager=33554432"
    "memorysetup-temp-allocator-size-nav-mesh-worker=65536"
    "memorysetup-temp-allocator-size-audio-worker=65536"
    "memorysetup-temp-allocator-size-cloud-worker=32768"
    "memorysetup-temp-allocator-size-gi-baking-worker=262144"
    "memorysetup-temp-allocator-size-gfx=262144"
Player connection [9672] Host "[IP] 172.18.33.112 [Port] 0 [Flags] 2 [Guid] 239636603 [EditorId] 239636603 [Version] 1048832 [Id] WindowsEditor(7,FIC-PCROOM3C-12) [Debug] 1 [PackageName] WindowsEditor [ProjectName] Editor" joined multi-casting on [225.0.0.222:54997]...

Player connection [9672] Host "[IP] 172.18.33.112 [Port] 0 [Flags] 2 [Guid] 239636603 [EditorId] 239636603 [Version] 1048832 [Id] WindowsEditor(7,FIC-PCROOM3C-12) [Debug] 1 [PackageName] WindowsEditor [ProjectName] Editor" joined alternative multi-casting on [225.0.0.222:34997]...

[Physics::Module] Initialized MultithreadedJobDispatcher with 19 workers.
Refreshing native plugins compatible for Editor in 5.04 ms, found 3 plugins.
Preloading 0 native plugins for Editor in 0.00 ms.
Initialize engine version: 2022.3.13f1 (5f90a5ebde0f)
[Subsystems] Discovering subsystems at path C:/Program Files/Unity/Hub/Editor/2022.3.13f1/Editor/Data/Resources/UnitySubsystems
[Subsystems] Discovering subsystems at path C:/Users/fko2347054/Documents/GitHub/TimeAttackDungeon/TimeAttackDungeon/Assets
GfxDevice: creating device client; threaded=0; jobified=0
Direct3D:
    Version:  Direct3D 11.0 [level 11.1]
    Renderer: NVIDIA GeForce RTX 3070 (ID=0x2488)
    Vendor:   NVIDIA
    VRAM:     8032 MB
    Driver:   31.0.15.3619
Initialize mono
Mono path[0] = 'C:/Program Files/Unity/Hub/Editor/2022.3.13f1/Editor/Data/Managed'
Mono path[1] = 'C:/Program Files/Unity/Hub/Editor/2022.3.13f1/Editor/Data/MonoBleedingEdge/lib/mono/unityjit-win32'
Mono config path = 'C:/Program Files/Unity/Hub/Editor/2022.3.13f1/Editor/Data/MonoBleedingEdge/etc'
Using monoOptions --debugger-agent=transport=dt_socket,embedding=1,server=y,suspend=n,address=127.0.0.1:56096
Begin MonoManager ReloadAssembly
Registering precompiled unity dll's ...
Register platform support module: C:/Program Files/Unity/Hub/Editor/2022.3.13f1/Editor/Data/PlaybackEngines/WebGLSupport/UnityEditor.WebGL.Extensions.dll
Register platform support module: C:/Program Files/Unity/Hub/Editor/2022.3.13f1/Editor/Data/PlaybackEngines/WindowsStandaloneSupport/UnityEditor.WindowsStandalone.Extensions.dll
Registered in 0.005143 seconds.
- Loaded All Assemblies, in  0.230 seconds
Native extension for WindowsStandalone target not found
Native extension for WebGL target not found
Mono: successfully reloaded assembly
- Finished resetting the current domain, in  0.168 seconds
Domain Reload Profiling: 397ms
	BeginReloadAssembly (73ms)
		ExecutionOrderSort (0ms)
		DisableScriptedObjects (0ms)
		BackupInstance (0ms)
		ReleaseScriptingObjects (0ms)
		CreateAndSetChildDomain (1ms)
	RebuildCommonClasses (24ms)
	RebuildNativeTypeToScriptingClass (7ms)
	initialDomainReloadingComplete (38ms)
	LoadAllAssembliesAndSetupDomain (86ms)
		LoadAssemblies (72ms)
		RebuildTransferFunctionScriptingTraits (0ms)
		AnalyzeDomain (85ms)
			TypeCache.Refresh (84ms)
				TypeCache.ScanAssembly (75ms)
			ScanForSourceGeneratedMonoScriptInfo (0ms)
			ResolveRequiredComponents (0ms)
	FinalizeReload (168ms)
		ReleaseScriptCaches (0ms)
		RebuildScriptCaches (0ms)
		SetupLoadedEditorAssemblies (131ms)
			LogAssemblyErrors (0ms)
			InitializePlatformSupportModulesInManaged (6ms)
			SetLoadedEditorAssemblies (4ms)
			RefreshPlugins (0ms)
			BeforeProcessingInitializeOnLoad (1ms)
			ProcessInitializeOnLoadAttributes (84ms)
			ProcessInitializeOnLoadMethodAttributes (35ms)
			AfterProcessingInitializeOnLoad (0ms)
			EditorAssembliesLoaded (0ms)
		ExecutionOrderSort2 (0ms)
		AwakeInstancesAfterBackupRestoration (0ms)
========================================================================
Worker process is ready to serve import requests
Begin MonoManager ReloadAssembly
- Loaded All Assemblies, in  0.392 seconds
Refreshing native plugins compatible for Editor in 1.74 ms, found 3 plugins.
Native extension for WindowsStandalone target not found
Native extension for WebGL target not found
Package Manager log level set to [2]
[Package Manager] Server::EnsureServerProcessIsRunning -- launch failed, reason: Unity was launched with the -noUpm command-line argument
[Package Manager] UpmClient::Send -- Unable to send message (not connected to UPM process).
[Package Manager] Cannot connect to Unity Package Manager local server
Mono: successfully reloaded assembly
- Finished resetting the current domain, in  0.454 seconds
Domain Reload Profiling: 845ms
	BeginReloadAssembly (97ms)
		ExecutionOrderSort (0ms)
		DisableScriptedObjects (3ms)
		BackupInstance (0ms)
		ReleaseScriptingObjects (0ms)
		CreateAndSetChildDomain (14ms)
	RebuildCommonClasses (20ms)
	RebuildNativeTypeToScriptingClass (6ms)
	initialDomainReloadingComplete (27ms)
	LoadAllAssembliesAndSetupDomain (240ms)
		LoadAssemblies (187ms)
		RebuildTransferFunctionScriptingTraits (0ms)
		AnalyzeDomain (109ms)
			TypeCache.Refresh (97ms)
				TypeCache.ScanAssembly (88ms)
			ScanForSourceGeneratedMonoScriptInfo (9ms)
			ResolveRequiredComponents (2ms)
	FinalizeReload (455ms)
		ReleaseScriptCaches (0ms)
		RebuildScriptCaches (0ms)
		SetupLoadedEditorAssemblies (362ms)
			LogAssemblyErrors (0ms)
			InitializePlatformSupportModulesInManaged (4ms)
			SetLoadedEditorAssemblies (2ms)
			RefreshPlugins (0ms)
			BeforeProcessingInitializeOnLoad (36ms)
			ProcessInitializeOnLoadAttributes (302ms)
			ProcessInitializeOnLoadMethodAttributes (13ms)
			AfterProcessingInitializeOnLoad (3ms)
			EditorAssembliesLoaded (0ms)
		ExecutionOrderSort2 (0ms)
		AwakeInstancesAfterBackupRestoration (4ms)
Launched and connected shader compiler UnityShaderCompiler.exe after 0.03 seconds
Refreshing native plugins compatible for Editor in 1.60 ms, found 3 plugins.
Preloading 0 native plugins for Editor in 0.00 ms.
Unloading 3095 Unused Serialized files (Serialized files now loaded: 0)
Unloading 32 unused Assets / (57.1 KB). Loaded Objects now: 3576.
Memory consumption went from 130.6 MB to 130.6 MB.
Total: 2.320100 ms (FindLiveObjects: 0.156600 ms CreateObjectMapping: 0.068200 ms MarkObjects: 2.017700 ms  DeleteObjects: 0.076400 ms)

AssetImportParameters requested are different than current active one (requested -> active):
  custom:container-demuxer-ogg: 62fdf1f143b41e24485cea50d1cbac27 -> 
  custom:video-codec-MediaFoundation-h265: 746d11721c4dcdbdad8f713fa42b33f4 -> 
  custom:video-decoder-ogg-theora: a1e56fd34408186e4bbccfd4996cb3dc -> 
  custom:framework-win-MediaFoundation: 216162199b28c13a410421893ffa2e32 -> 
  custom:CustomObjectIndexerAttribute: 756ad292c208cfabdd7b50bc23989ffe -> 
  custom:container-demuxer-webm: 4f35f7cbe854078d1ac9338744f61a02 -> 
  custom:container-muxer-webm: aa71ff27fc2769a1b78a27578f13a17b -> 
  custom:video-decoder-webm-vp8: 9c59270c3fd7afecdb556c50c9e8de78 -> 
  custom:SearchIndexIgnoredProperties: e643bd26f0fe6173181afceb89e7c659 -> 
  custom:AudioImporter_EditorPlatform: d09bf68614088b80899f8185d706f6e7 -> 
  custom:video-encoder-webm-vp8: eb34c28f22e8b96e1ab97ce403110664 -> 
  custom:audio-decoder-ogg-vorbis: bf7c407c2cedff20999df2af8eb42d56 -> 
  custom:audio-encoder-webm-vorbis: bf7c407c2cedff20999df2af8eb42d56 -> 
========================================================================
Received Import Request.
  Time since last request: 459240.515311 seconds.
  path: Assets/SkythianCat/Glowing_Forest/Meshes/Birch.fbx
  artifactKey: Guid(a58d4029a00459e4d89ddb56b680be38) Importer(815301076,1909f56bfc062723c751e8b465ee728b)
Start importing Assets/SkythianCat/Glowing_Forest/Meshes/Birch.fbx using Guid(a58d4029a00459e4d89ddb56b680be38) Importer(815301076,1909f56bfc062723c751e8b465ee728b)  -> (artifact id: '2bff0401fdd045055490404df68eb2c2') in 0.212283 seconds
Number of updated asset objects reloaded before import = 0
Number of asset objects unloaded after import = 7
========================================================================
Received Import Request.
  Time since last request: 0.000021 seconds.
  path: Assets/SkythianCat/Glowing_Forest/Meshes/Oak.fbx
  artifactKey: Guid(6eebcf1884e24384babc25d3234ec0b5) Importer(815301076,1909f56bfc062723c751e8b465ee728b)
Start importing Assets/SkythianCat/Glowing_Forest/Meshes/Oak.fbx using Guid(6eebcf1884e24384babc25d3234ec0b5) Importer(815301076,1909f56bfc062723c751e8b465ee728b)  -> (artifact id: '557d7fd89070878941793d6eb2ec05cf') in 0.024739 seconds
Number of updated asset objects reloaded before import = 0
Number of asset objects unloaded after import = 7
========================================================================
Received Import Request.
  Time since last request: 4.616836 seconds.
  path: Assets/SkythianCat/Glowing_Forest/Prefabs/Plants/Birch.prefab
  artifactKey: Guid(a35ad1ca558615943a3a42547e7bef8e) Importer(815301076,1909f56bfc062723c751e8b465ee728b)
Start importing Assets/SkythianCat/Glowing_Forest/Prefabs/Plants/Birch.prefab using Guid(a35ad1ca558615943a3a42547e7bef8e) Importer(815301076,1909f56bfc062723c751e8b465ee728b)  -> (artifact id: '0a57e3efa61e6114c359779652d8cae4') in 0.025912 seconds
Number of updated asset objects reloaded before import = 0
Number of asset objects unloaded after import = 21
========================================================================
Received Import Request.
  Time since last request: 0.000015 seconds.
  path: Assets/SkythianCat/Glowing_Forest/Prefabs/Plants/Mushrooms02.prefab
  artifactKey: Guid(12c49111266b30b4d855c0c5b77eb3fe) Importer(815301076,1909f56bfc062723c751e8b465ee728b)
Start importing Assets/SkythianCat/Glowing_Forest/Prefabs/Plants/Mushrooms02.prefab using Guid(12c49111266b30b4d855c0c5b77eb3fe) Importer(815301076,1909f56bfc062723c751e8b465ee728b)  -> (artifact id: 'df378aab1f4c9bb4e84215f5e6064e3a') in 0.050983 seconds
Number of updated asset objects reloaded before import = 0
Number of asset objects unloaded after import = 13
========================================================================
Received Import Request.
  Time since last request: 0.504078 seconds.
  path: Assets/SkythianCat/Glowing_Forest/Prefabs/Props/Fence.prefab
  artifactKey: Guid(8f9905bf996cdc74cb9766b8781e580e) Importer(815301076,1909f56bfc062723c751e8b465ee728b)
Start importing Assets/SkythianCat/Glowing_Forest/Prefabs/Props/Fence.prefab using Guid(8f9905bf996cdc74cb9766b8781e580e) Importer(815301076,1909f56bfc062723c751e8b465ee728b)  -> (artifact id: '83c84085c26fe5406d92d63f0ca1a9da') in 0.017189 seconds
Number of updated asset objects reloaded before import = 0
Number of asset objects unloaded after import = 10
========================================================================
Received Import Request.
  Time since last request: 4.661304 seconds.
  path: Assets/SkythianCat/Glowing_Forest/Textures/Landscape/Grass.png
  artifactKey: Guid(9709e23867081984fabb092ec5f720be) Importer(815301076,1909f56bfc062723c751e8b465ee728b)
Start importing Assets/SkythianCat/Glowing_Forest/Textures/Landscape/Grass.png using Guid(9709e23867081984fabb092ec5f720be) Importer(815301076,1909f56bfc062723c751e8b465ee728b)  -> (artifact id: 'fa5fb65b27109f0e3715c76be6649e6f') in 0.033438 seconds
Number of updated asset objects reloaded before import = 0
Number of asset objects unloaded after import = 2
========================================================================
Received Import Request.
  Time since last request: 0.000013 seconds.
  path: Assets/SkythianCat/Glowing_Forest/Textures/Landscape/Road_grass.png
  artifactKey: Guid(324e4bf54dd10b044962116825d31249) Importer(815301076,1909f56bfc062723c751e8b465ee728b)
Start importing Assets/SkythianCat/Glowing_Forest/Textures/Landscape/Road_grass.png using Guid(324e4bf54dd10b044962116825d31249) Importer(815301076,1909f56bfc062723c751e8b465ee728b)  -> (artifact id: 'a4f77cab9930b00a8d6dd51ee219b171') in 0.038983 seconds
Number of updated asset objects reloaded before import = 0
Number of asset objects unloaded after import = 2
========================================================================
Received Import Request.
  Time since last request: 0.777182 seconds.
  path: Assets/SkythianCat/Glowing_Forest/Textures/Plants/Birch_bark_d.png
  artifactKey: Guid(b9b6b444c3816a240aaf529b658420b6) Importer(815301076,1909f56bfc062723c751e8b465ee728b)
Start importing Assets/SkythianCat/Glowing_Forest/Textures/Plants/Birch_bark_d.png using Guid(b9b6b444c3816a240aaf529b658420b6) Importer(815301076,1909f56bfc062723c751e8b465ee728b)  -> (artifact id: '56eb1d6d2901315a88dcc5146414a5a2') in 0.028922 seconds
Number of updated asset objects reloaded before import = 0
Number of asset objects unloaded after import = 2
========================================================================
Received Import Request.
  Time since last request: 0.000050 seconds.
  path: Assets/SkythianCat/Glowing_Forest/Textures/Plants/Oak_bark_d.png
  artifactKey: Guid(afef7b2a1fb9b9a4097eaceb1ae1eb24) Importer(815301076,1909f56bfc062723c751e8b465ee728b)
Start importing Assets/SkythianCat/Glowing_Forest/Textures/Plants/Oak_bark_d.png using Guid(afef7b2a1fb9b9a4097eaceb1ae1eb24) Importer(815301076,1909f56bfc062723c751e8b465ee728b)  -> (artifact id: '3d3cd169799fcd6adfebdece90411b92') in 0.037998 seconds
Number of updated asset objects reloaded before import = 0
Number of asset objects unloaded after import = 2
========================================================================
Received Import Request.
  Time since last request: 0.000016 seconds.
  path: Assets/SkythianCat/Glowing_Forest/Textures/Plants/Mushrooms01_e.png
  artifactKey: Guid(3706cb2257a06354782130d31c45964a) Importer(815301076,1909f56bfc062723c751e8b465ee728b)
Start importing Assets/SkythianCat/Glowing_Forest/Textures/Plants/Mushrooms01_e.png using Guid(3706cb2257a06354782130d31c45964a) Importer(815301076,1909f56bfc062723c751e8b465ee728b)  -> (artifact id: '4452e9db824e94f7d46ec4370872584f') in 0.028340 seconds
Number of updated asset objects reloaded before import = 0
Number of asset objects unloaded after import = 2
========================================================================
Received Import Request.
  Time since last request: 0.764642 seconds.
  path: Assets/SkythianCat/Glowing_Forest/Textures/Props/Fence_d.png
  artifactKey: Guid(3be7aa9edebf7d143b02cd75461e2b9a) Importer(815301076,1909f56bfc062723c751e8b465ee728b)
Start importing Assets/SkythianCat/Glowing_Forest/Textures/Props/Fence_d.png using Guid(3be7aa9edebf7d143b02cd75461e2b9a) Importer(815301076,1909f56bfc062723c751e8b465ee728b)  -> (artifact id: '6eb2336b5b1cb9203289e3eb8e531d21') in 0.024517 seconds
Number of updated asset objects reloaded before import = 0
Number of asset objects unloaded after import = 2
========================================================================
Received Import Request.
  Time since last request: 18.313129 seconds.
  path: Assets/Hatogame_new/Lizard/Material/LizardA_Mat.mat
  artifactKey: Guid(14830531b59d3b443885c8aaacb7e16e) Importer(815301076,1909f56bfc062723c751e8b465ee728b)
Start importing Assets/Hatogame_new/Lizard/Material/LizardA_Mat.mat using Guid(14830531b59d3b443885c8aaacb7e16e) Importer(815301076,1909f56bfc062723c751e8b465ee728b)  -> (artifact id: 'ed5b81bf6c241e81fdbb1a53c4f90250') in 0.198484 seconds
Number of updated asset objects reloaded before import = 0
Number of asset objects unloaded after import = 4
========================================================================
Received Import Request.
  Time since last request: 0.910584 seconds.
  path: Assets/Hatogame_new/Lizard/Mesh/Lizard_skin.FBX
  artifactKey: Guid(2fcb218bae311564bb0644962a1b1d0d) Importer(815301076,1909f56bfc062723c751e8b465ee728b)
Start importing Assets/Hatogame_new/Lizard/Mesh/Lizard_skin.FBX using Guid(2fcb218bae311564bb0644962a1b1d0d) Importer(815301076,1909f56bfc062723c751e8b465ee728b)  -> (artifact id: 'bca1f89e36cb26b3b0c1f3b514645619') in 0.027872 seconds
Number of updated asset objects reloaded before import = 0
Number of asset objects unloaded after import = 89
========================================================================
Received Import Request.
  Time since last request: 1.194370 seconds.
  path: Assets/Hatogame_new/Lizard/Perfabs/Lizard_A.prefab
  artifactKey: Guid(7dc7b54399d54194e9f2619f1832e8d5) Importer(815301076,1909f56bfc062723c751e8b465ee728b)
Start importing Assets/Hatogame_new/Lizard/Perfabs/Lizard_A.prefab using Guid(7dc7b54399d54194e9f2619f1832e8d5) Importer(815301076,1909f56bfc062723c751e8b465ee728b)  -> (artifact id: 'ad9926e93865d7602a7bde5645044721') in 0.031697 seconds
Number of updated asset objects reloaded before import = 0
Number of asset objects unloaded after import = 207
========================================================================
Received Import Request.
  Time since last request: 2.608408 seconds.
  path: Assets/Hatogame_new/Lizard/Textures/Lizard_Albedo.png
  artifactKey: Guid(70fa7566e56ae3840b2a4423b625a0e8) Importer(815301076,1909f56bfc062723c751e8b465ee728b)
Start importing Assets/Hatogame_new/Lizard/Textures/Lizard_Albedo.png using Guid(70fa7566e56ae3840b2a4423b625a0e8) Importer(815301076,1909f56bfc062723c751e8b465ee728b)  -> (artifact id: 'c4742e4650cefdd695d1f9e68fde1f3b') in 0.017981 seconds
Number of updated asset objects reloaded before import = 0
Number of asset objects unloaded after import = 2
========================================================================
Received Import Request.
  Time since last request: 5.542638 seconds.
  path: Assets/Hatogame_new/Lizard
  artifactKey: Guid(de5aeb31917a4f54681201f891fc701e) Importer(815301076,1909f56bfc062723c751e8b465ee728b)
Start importing Assets/Hatogame_new/Lizard using Guid(de5aeb31917a4f54681201f891fc701e) Importer(815301076,1909f56bfc062723c751e8b465ee728b)  -> (artifact id: '17e92576204a440d94ad0742f7cf4a41') in 0.000494 seconds
Number of updated asset objects reloaded before import = 0
Number of asset objects unloaded after import = 0
========================================================================
Received Import Request.
  Time since last request: 6.859280 seconds.
  path: Assets/Hatogame_new/Lizard/Perfabs
  artifactKey: Guid(2bfef50e3dbf8954786b89890a1770a4) Importer(815301076,1909f56bfc062723c751e8b465ee728b)
Start importing Assets/Hatogame_new/Lizard/Perfabs using Guid(2bfef50e3dbf8954786b89890a1770a4) Importer(815301076,1909f56bfc062723c751e8b465ee728b)  -> (artifact id: '4498faa51b707982badf1553eae35025') in 0.000387 seconds
Number of updated asset objects reloaded before import = 0
Number of asset objects unloaded after import = 0
========================================================================
Received Prepare
Begin MonoManager ReloadAssembly
- Loaded All Assemblies, in  0.291 seconds
Refreshing native plugins compatible for Editor in 1.92 ms, found 3 plugins.
Native extension for WindowsStandalone target not found
Native extension for WebGL target not found
[Package Manager] Server::EnsureServerProcessIsRunning -- launch failed, reason: Unity was launched with the -noUpm command-line argument
[Package Manager] UpmClient::Send -- Unable to send message (not connected to UPM process).
[Package Manager] Cannot connect to Unity Package Manager local server
Mono: successfully reloaded assembly
- Finished resetting the current domain, in  0.677 seconds
Domain Reload Profiling: 968ms
	BeginReloadAssembly (109ms)
		ExecutionOrderSort (0ms)
		DisableScriptedObjects (3ms)
		BackupInstance (0ms)
		ReleaseScriptingObjects (0ms)
		CreateAndSetChildDomain (25ms)
	RebuildCommonClasses (26ms)
	RebuildNativeTypeToScriptingClass (7ms)
	initialDomainReloadingComplete (18ms)
	LoadAllAssembliesAndSetupDomain (130ms)
		LoadAssemblies (177ms)
		RebuildTransferFunctionScriptingTraits (0ms)
		AnalyzeDomain (10ms)
			TypeCache.Refresh (5ms)
				TypeCache.ScanAssembly (0ms)
			ScanForSourceGeneratedMonoScriptInfo (0ms)
			ResolveRequiredComponents (4ms)
	FinalizeReload (678ms)
		ReleaseScriptCaches (0ms)
		RebuildScriptCaches (0ms)
		SetupLoadedEditorAssemblies (399ms)
			LogAssemblyErrors (0ms)
			InitializePlatformSupportModulesInManaged (5ms)
			SetLoadedEditorAssemblies (3ms)
			RefreshPlugins (0ms)
			BeforeProcessingInitializeOnLoad (42ms)
			ProcessInitializeOnLoadAttributes (330ms)
			ProcessInitializeOnLoadMethodAttributes (15ms)
			AfterProcessingInitializeOnLoad (4ms)
			EditorAssembliesLoaded (0ms)
		ExecutionOrderSort2 (0ms)
		AwakeInstancesAfterBackupRestoration (5ms)
Refreshing native plugins compatible for Editor in 2.09 ms, found 3 plugins.
Preloading 0 native plugins for Editor in 0.00 ms.
Unloading 3087 Unused Serialized files (Serialized files now loaded: 0)
Unloading 22 unused Assets / (30.2 KB). Loaded Objects now: 3626.
Memory consumption went from 137.4 MB to 137.4 MB.
Total: 4.168400 ms (FindLiveObjects: 0.470200 ms CreateObjectMapping: 0.118300 ms MarkObjects: 3.523700 ms  DeleteObjects: 0.054400 ms)

Prepare: number of updated asset objects reloaded= 0
AssetImportParameters requested are different than current active one (requested -> active):
  custom:container-demuxer-ogg: 62fdf1f143b41e24485cea50d1cbac27 -> 
  custom:video-codec-MediaFoundation-h265: 746d11721c4dcdbdad8f713fa42b33f4 -> 
  custom:video-decoder-ogg-theora: a1e56fd34408186e4bbccfd4996cb3dc -> 
  custom:framework-win-MediaFoundation: 216162199b28c13a410421893ffa2e32 -> 
  custom:CustomObjectIndexerAttribute: 756ad292c208cfabdd7b50bc23989ffe -> 
  custom:container-demuxer-webm: 4f35f7cbe854078d1ac9338744f61a02 -> 
  custom:container-muxer-webm: aa71ff27fc2769a1b78a27578f13a17b -> 
  custom:video-decoder-webm-vp8: 9c59270c3fd7afecdb556c50c9e8de78 -> 
  custom:SearchIndexIgnoredProperties: e643bd26f0fe6173181afceb89e7c659 -> 
  custom:AudioImporter_EditorPlatform: d09bf68614088b80899f8185d706f6e7 -> 
  custom:video-encoder-webm-vp8: eb34c28f22e8b96e1ab97ce403110664 -> 
  custom:audio-decoder-ogg-vorbis: bf7c407c2cedff20999df2af8eb42d56 -> 
  custom:audio-encoder-webm-vorbis: bf7c407c2cedff20999df2af8eb42d56 -> 
