Using pre-set license
Built from '2022.3/staging' branch; Version is '2022.3.13f1 (5f90a5ebde0f) revision 6262949'; Using compiler version '192829333'; Build Type 'Release'
OS: 'Windows 11  (10.0.22631) 64bit Professional' Language: 'ja' Physical Memory: 32560 MB
BatchMode: 1, IsHumanControllingUs: 0, StartBugReporterOnCrash: 0, Is64bit: 1, IsPro: 1

COMMAND LINE ARGUMENTS:
C:\Program Files\Unity\Hub\Editor\2022.3.13f1\Editor\Unity.exe
-adb2
-batchMode
-noUpm
-name
AssetImportWorker7
-projectPath
C:/Users/fko2347054/Documents/GitHub/TimeAttackDungeon/TimeAttackDungeon
-logFile
Logs/AssetImportWorker7.log
-srvPort
64502
Successfully changed project path to: C:/Users/fko2347054/Documents/GitHub/TimeAttackDungeon/TimeAttackDungeon
C:/Users/fko2347054/Documents/GitHub/TimeAttackDungeon/TimeAttackDungeon
[UnityMemory] Configuration Parameters - Can be set up in boot.config
    "memorysetup-bucket-allocator-granularity=16"
    "memorysetup-bucket-allocator-bucket-count=8"
    "memorysetup-bucket-allocator-block-size=33554432"
    "memorysetup-bucket-allocator-block-count=8"
    "memorysetup-main-allocator-block-size=16777216"
    "memorysetup-thread-allocator-block-size=16777216"
    "memorysetup-gfx-main-allocator-block-size=16777216"
    "memorysetup-gfx-thread-allocator-block-size=16777216"
    "memorysetup-cache-allocator-block-size=4194304"
    "memorysetup-typetree-allocator-block-size=2097152"
    "memorysetup-profiler-bucket-allocator-granularity=16"
    "memorysetup-profiler-bucket-allocator-bucket-count=8"
    "memorysetup-profiler-bucket-allocator-block-size=33554432"
    "memorysetup-profiler-bucket-allocator-block-count=8"
    "memorysetup-profiler-allocator-block-size=16777216"
    "memorysetup-profiler-editor-allocator-block-size=1048576"
    "memorysetup-temp-allocator-size-main=16777216"
    "memorysetup-job-temp-allocator-block-size=2097152"
    "memorysetup-job-temp-allocator-block-size-background=1048576"
    "memorysetup-job-temp-allocator-reduction-small-platforms=262144"
    "memorysetup-allocator-temp-initial-block-size-main=262144"
    "memorysetup-allocator-temp-initial-block-size-worker=262144"
    "memorysetup-temp-allocator-size-background-worker=32768"
    "memorysetup-temp-allocator-size-job-worker=262144"
    "memorysetup-temp-allocator-size-preload-manager=33554432"
    "memorysetup-temp-allocator-size-nav-mesh-worker=65536"
    "memorysetup-temp-allocator-size-audio-worker=65536"
    "memorysetup-temp-allocator-size-cloud-worker=32768"
    "memorysetup-temp-allocator-size-gi-baking-worker=262144"
    "memorysetup-temp-allocator-size-gfx=262144"
Player connection [36960] Host "[IP] 172.18.33.112 [Port] 0 [Flags] 2 [Guid] 1146922898 [EditorId] 1146922898 [Version] 1048832 [Id] WindowsEditor(7,FIC-PCROOM3C-12) [Debug] 1 [PackageName] WindowsEditor [ProjectName] Editor" joined multi-casting on [225.0.0.222:54997]...

Player connection [36960] Host "[IP] 172.18.33.112 [Port] 0 [Flags] 2 [Guid] 1146922898 [EditorId] 1146922898 [Version] 1048832 [Id] WindowsEditor(7,FIC-PCROOM3C-12) [Debug] 1 [PackageName] WindowsEditor [ProjectName] Editor" joined alternative multi-casting on [225.0.0.222:34997]...

[Physics::Module] Initialized MultithreadedJobDispatcher with 19 workers.
Refreshing native plugins compatible for Editor in 6.59 ms, found 3 plugins.
Preloading 0 native plugins for Editor in 0.00 ms.
Initialize engine version: 2022.3.13f1 (5f90a5ebde0f)
[Subsystems] Discovering subsystems at path C:/Program Files/Unity/Hub/Editor/2022.3.13f1/Editor/Data/Resources/UnitySubsystems
[Subsystems] Discovering subsystems at path C:/Users/fko2347054/Documents/GitHub/TimeAttackDungeon/TimeAttackDungeon/Assets
GfxDevice: creating device client; threaded=0; jobified=0
Direct3D:
    Version:  Direct3D 11.0 [level 11.1]
    Renderer: NVIDIA GeForce RTX 3070 (ID=0x2488)
    Vendor:   NVIDIA
    VRAM:     8032 MB
    Driver:   31.0.15.3619
Initialize mono
Mono path[0] = 'C:/Program Files/Unity/Hub/Editor/2022.3.13f1/Editor/Data/Managed'
Mono path[1] = 'C:/Program Files/Unity/Hub/Editor/2022.3.13f1/Editor/Data/MonoBleedingEdge/lib/mono/unityjit-win32'
Mono config path = 'C:/Program Files/Unity/Hub/Editor/2022.3.13f1/Editor/Data/MonoBleedingEdge/etc'
Using monoOptions --debugger-agent=transport=dt_socket,embedding=1,server=y,suspend=n,address=127.0.0.1:56108
Begin MonoManager ReloadAssembly
Registering precompiled unity dll's ...
Register platform support module: C:/Program Files/Unity/Hub/Editor/2022.3.13f1/Editor/Data/PlaybackEngines/WebGLSupport/UnityEditor.WebGL.Extensions.dll
Register platform support module: C:/Program Files/Unity/Hub/Editor/2022.3.13f1/Editor/Data/PlaybackEngines/WindowsStandaloneSupport/UnityEditor.WindowsStandalone.Extensions.dll
Registered in 0.004182 seconds.
- Loaded All Assemblies, in  0.213 seconds
Native extension for WindowsStandalone target not found
Native extension for WebGL target not found
Mono: successfully reloaded assembly
- Finished resetting the current domain, in  0.160 seconds
Domain Reload Profiling: 372ms
	BeginReloadAssembly (69ms)
		ExecutionOrderSort (0ms)
		DisableScriptedObjects (0ms)
		BackupInstance (0ms)
		ReleaseScriptingObjects (0ms)
		CreateAndSetChildDomain (1ms)
	RebuildCommonClasses (20ms)
	RebuildNativeTypeToScriptingClass (6ms)
	initialDomainReloadingComplete (34ms)
	LoadAllAssembliesAndSetupDomain (83ms)
		LoadAssemblies (67ms)
		RebuildTransferFunctionScriptingTraits (0ms)
		AnalyzeDomain (82ms)
			TypeCache.Refresh (81ms)
				TypeCache.ScanAssembly (73ms)
			ScanForSourceGeneratedMonoScriptInfo (0ms)
			ResolveRequiredComponents (0ms)
	FinalizeReload (160ms)
		ReleaseScriptCaches (0ms)
		RebuildScriptCaches (0ms)
		SetupLoadedEditorAssemblies (124ms)
			LogAssemblyErrors (0ms)
			InitializePlatformSupportModulesInManaged (6ms)
			SetLoadedEditorAssemblies (4ms)
			RefreshPlugins (0ms)
			BeforeProcessingInitializeOnLoad (1ms)
			ProcessInitializeOnLoadAttributes (82ms)
			ProcessInitializeOnLoadMethodAttributes (31ms)
			AfterProcessingInitializeOnLoad (0ms)
			EditorAssembliesLoaded (0ms)
		ExecutionOrderSort2 (0ms)
		AwakeInstancesAfterBackupRestoration (0ms)
========================================================================
Worker process is ready to serve import requests
Begin MonoManager ReloadAssembly
- Loaded All Assemblies, in  0.408 seconds
Refreshing native plugins compatible for Editor in 1.64 ms, found 3 plugins.
Native extension for WindowsStandalone target not found
Native extension for WebGL target not found
Package Manager log level set to [2]
[Package Manager] Server::EnsureServerProcessIsRunning -- launch failed, reason: Unity was launched with the -noUpm command-line argument
[Package Manager] UpmClient::Send -- Unable to send message (not connected to UPM process).
[Package Manager] Cannot connect to Unity Package Manager local server
Mono: successfully reloaded assembly
- Finished resetting the current domain, in  0.466 seconds
Domain Reload Profiling: 873ms
	BeginReloadAssembly (90ms)
		ExecutionOrderSort (0ms)
		DisableScriptedObjects (3ms)
		BackupInstance (0ms)
		ReleaseScriptingObjects (0ms)
		CreateAndSetChildDomain (12ms)
	RebuildCommonClasses (20ms)
	RebuildNativeTypeToScriptingClass (6ms)
	initialDomainReloadingComplete (26ms)
	LoadAllAssembliesAndSetupDomain (265ms)
		LoadAssemblies (208ms)
		RebuildTransferFunctionScriptingTraits (0ms)
		AnalyzeDomain (109ms)
			TypeCache.Refresh (98ms)
				TypeCache.ScanAssembly (88ms)
			ScanForSourceGeneratedMonoScriptInfo (9ms)
			ResolveRequiredComponents (2ms)
	FinalizeReload (466ms)
		ReleaseScriptCaches (0ms)
		RebuildScriptCaches (0ms)
		SetupLoadedEditorAssemblies (374ms)
			LogAssemblyErrors (0ms)
			InitializePlatformSupportModulesInManaged (4ms)
			SetLoadedEditorAssemblies (2ms)
			RefreshPlugins (0ms)
			BeforeProcessingInitializeOnLoad (34ms)
			ProcessInitializeOnLoadAttributes (312ms)
			ProcessInitializeOnLoadMethodAttributes (18ms)
			AfterProcessingInitializeOnLoad (4ms)
			EditorAssembliesLoaded (0ms)
		ExecutionOrderSort2 (0ms)
		AwakeInstancesAfterBackupRestoration (5ms)
Launched and connected shader compiler UnityShaderCompiler.exe after 0.03 seconds
Refreshing native plugins compatible for Editor in 1.99 ms, found 3 plugins.
Preloading 0 native plugins for Editor in 0.00 ms.
Unloading 3095 Unused Serialized files (Serialized files now loaded: 0)
Unloading 32 unused Assets / (57.1 KB). Loaded Objects now: 3576.
Memory consumption went from 130.6 MB to 130.6 MB.
Total: 2.623600 ms (FindLiveObjects: 0.164500 ms CreateObjectMapping: 0.070500 ms MarkObjects: 2.292200 ms  DeleteObjects: 0.094600 ms)

AssetImportParameters requested are different than current active one (requested -> active):
  custom:container-demuxer-ogg: 62fdf1f143b41e24485cea50d1cbac27 -> 
  custom:video-codec-MediaFoundation-h265: 746d11721c4dcdbdad8f713fa42b33f4 -> 
  custom:video-decoder-ogg-theora: a1e56fd34408186e4bbccfd4996cb3dc -> 
  custom:framework-win-MediaFoundation: 216162199b28c13a410421893ffa2e32 -> 
  custom:CustomObjectIndexerAttribute: 756ad292c208cfabdd7b50bc23989ffe -> 
  custom:container-demuxer-webm: 4f35f7cbe854078d1ac9338744f61a02 -> 
  custom:container-muxer-webm: aa71ff27fc2769a1b78a27578f13a17b -> 
  custom:video-decoder-webm-vp8: 9c59270c3fd7afecdb556c50c9e8de78 -> 
  custom:SearchIndexIgnoredProperties: e643bd26f0fe6173181afceb89e7c659 -> 
  custom:AudioImporter_EditorPlatform: d09bf68614088b80899f8185d706f6e7 -> 
  custom:video-encoder-webm-vp8: eb34c28f22e8b96e1ab97ce403110664 -> 
  custom:audio-decoder-ogg-vorbis: bf7c407c2cedff20999df2af8eb42d56 -> 
  custom:audio-encoder-webm-vorbis: bf7c407c2cedff20999df2af8eb42d56 -> 
========================================================================
Received Import Request.
  Time since last request: 459102.347722 seconds.
  path: Assets/Simple Modular Dungeon/Components/Texture Maps/ModularDungeonSeperatedMaterials_Book Binding (Bookshelf Variation 002).005_AmbientOcclusion.png
  artifactKey: Guid(2812d0cf3cc7aa74fb7ea32122ce0198) Importer(815301076,1909f56bfc062723c751e8b465ee728b)
Start importing Assets/Simple Modular Dungeon/Components/Texture Maps/ModularDungeonSeperatedMaterials_Book Binding (Bookshelf Variation 002).005_AmbientOcclusion.png using Guid(2812d0cf3cc7aa74fb7ea32122ce0198) Importer(815301076,1909f56bfc062723c751e8b465ee728b)  -> (artifact id: '9f0e3b48a6b25e854b247f4b06d70fb7') in 0.055622 seconds
Number of updated asset objects reloaded before import = 0
Number of asset objects unloaded after import = 2
========================================================================
Received Import Request.
  Time since last request: 0.000024 seconds.
  path: Assets/Simple Modular Dungeon/Components/Texture Maps/ModularDungeonSeperatedMaterials_Book Binding (Bookshelf Variation 002).007_Metallic.png
  artifactKey: Guid(f32703cfbe2fba24baa9541d08cf2678) Importer(815301076,1909f56bfc062723c751e8b465ee728b)
Start importing Assets/Simple Modular Dungeon/Components/Texture Maps/ModularDungeonSeperatedMaterials_Book Binding (Bookshelf Variation 002).007_Metallic.png using Guid(f32703cfbe2fba24baa9541d08cf2678) Importer(815301076,1909f56bfc062723c751e8b465ee728b)  -> (artifact id: '17d283d1c0ba3412bee75d5fcf3a9f93') in 0.007987 seconds
Number of updated asset objects reloaded before import = 0
Number of asset objects unloaded after import = 2
========================================================================
Received Import Request.
  Time since last request: 11.453771 seconds.
  path: Assets/Simple Modular Dungeon/Components/Texture Maps/ModularDungeonSeperatedMaterials_Book Pages (Book Variation 004)_Height.png
  artifactKey: Guid(045948e45e30e4041a8e4d9d20d1d756) Importer(815301076,1909f56bfc062723c751e8b465ee728b)
Start importing Assets/Simple Modular Dungeon/Components/Texture Maps/ModularDungeonSeperatedMaterials_Book Pages (Book Variation 004)_Height.png using Guid(045948e45e30e4041a8e4d9d20d1d756) Importer(815301076,1909f56bfc062723c751e8b465ee728b)  -> (artifact id: '33b349ae9a846fa1d318e2a251a0d547') in 0.024140 seconds
Number of updated asset objects reloaded before import = 0
Number of asset objects unloaded after import = 2
========================================================================
Received Import Request.
  Time since last request: 0.000052 seconds.
  path: Assets/Simple Modular Dungeon/Components/Texture Maps/ModularDungeonSeperatedMaterials_Book Pages (Book Variation 005)_Normal.png
  artifactKey: Guid(04984d0adc0a03a43b58f47caf748cb1) Importer(815301076,1909f56bfc062723c751e8b465ee728b)
Start importing Assets/Simple Modular Dungeon/Components/Texture Maps/ModularDungeonSeperatedMaterials_Book Pages (Book Variation 005)_Normal.png using Guid(04984d0adc0a03a43b58f47caf748cb1) Importer(815301076,1909f56bfc062723c751e8b465ee728b)  -> (artifact id: '7a5444932ed61cc6b99457008ced2f44') in 0.031327 seconds
Number of updated asset objects reloaded before import = 0
Number of asset objects unloaded after import = 2
========================================================================
Received Import Request.
  Time since last request: 0.000016 seconds.
  path: Assets/Simple Modular Dungeon/Components/Texture Maps/ModularDungeonSeperatedMaterials_Book Pages (Book Variation 007)_AmbientOcclusion.png
  artifactKey: Guid(2f3339197e98ded408113270bb5c17fa) Importer(815301076,1909f56bfc062723c751e8b465ee728b)
Start importing Assets/Simple Modular Dungeon/Components/Texture Maps/ModularDungeonSeperatedMaterials_Book Pages (Book Variation 007)_AmbientOcclusion.png using Guid(2f3339197e98ded408113270bb5c17fa) Importer(815301076,1909f56bfc062723c751e8b465ee728b)  -> (artifact id: '4252e2a70f5f28fbe97ec0c322199949') in 0.014768 seconds
Number of updated asset objects reloaded before import = 0
Number of asset objects unloaded after import = 2
========================================================================
Received Import Request.
  Time since last request: 0.000014 seconds.
  path: Assets/Simple Modular Dungeon/Components/Texture Maps/ModularDungeonSeperatedMaterials_Book Pages (Book Variation 007)_Albedo.png
  artifactKey: Guid(ed35e1c4c2ea8954f9815ec80a84ac07) Importer(815301076,1909f56bfc062723c751e8b465ee728b)
Start importing Assets/Simple Modular Dungeon/Components/Texture Maps/ModularDungeonSeperatedMaterials_Book Pages (Book Variation 007)_Albedo.png using Guid(ed35e1c4c2ea8954f9815ec80a84ac07) Importer(815301076,1909f56bfc062723c751e8b465ee728b)  -> (artifact id: '66949f6b1bfe2fd96e6626336b271986') in 0.007658 seconds
Number of updated asset objects reloaded before import = 0
Number of asset objects unloaded after import = 2
========================================================================
Received Import Request.
  Time since last request: 0.000013 seconds.
  path: Assets/Simple Modular Dungeon/Components/Texture Maps/ModularDungeonSeperatedMaterials_Book Pages (Book Variation 006)_Normal.png
  artifactKey: Guid(3acca596e32c471419378868f2353e72) Importer(815301076,1909f56bfc062723c751e8b465ee728b)
Start importing Assets/Simple Modular Dungeon/Components/Texture Maps/ModularDungeonSeperatedMaterials_Book Pages (Book Variation 006)_Normal.png using Guid(3acca596e32c471419378868f2353e72) Importer(815301076,1909f56bfc062723c751e8b465ee728b)  -> (artifact id: '5e620ff2281d32f0910bd51285ed1724') in 0.013428 seconds
Number of updated asset objects reloaded before import = 0
Number of asset objects unloaded after import = 2
========================================================================
Received Import Request.
  Time since last request: 0.352389 seconds.
  path: Assets/Simple Modular Dungeon/Components/Texture Maps/ModularDungeonSeperatedMaterials_Book Pages (Book Variation 009)_BaseMap.png
  artifactKey: Guid(b0d4b2d725eb4f24e99acc42106ee3ef) Importer(815301076,1909f56bfc062723c751e8b465ee728b)
Start importing Assets/Simple Modular Dungeon/Components/Texture Maps/ModularDungeonSeperatedMaterials_Book Pages (Book Variation 009)_BaseMap.png using Guid(b0d4b2d725eb4f24e99acc42106ee3ef) Importer(815301076,1909f56bfc062723c751e8b465ee728b)  -> (artifact id: '862d65c5cfcb92edecc04191b762be58') in 0.023958 seconds
Number of updated asset objects reloaded before import = 0
Number of asset objects unloaded after import = 2
========================================================================
Received Import Request.
  Time since last request: 0.000043 seconds.
  path: Assets/Simple Modular Dungeon/Components/Texture Maps/ModularDungeonSeperatedMaterials_Book Pages (Bookshelf Variation 001)_Albedo.png
  artifactKey: Guid(342d54a1cd17dc54c87c887b6a1e2416) Importer(815301076,1909f56bfc062723c751e8b465ee728b)
Start importing Assets/Simple Modular Dungeon/Components/Texture Maps/ModularDungeonSeperatedMaterials_Book Pages (Bookshelf Variation 001)_Albedo.png using Guid(342d54a1cd17dc54c87c887b6a1e2416) Importer(815301076,1909f56bfc062723c751e8b465ee728b)  -> (artifact id: 'fdb7b5e63b5004912b7b14c4c216a921') in 0.015083 seconds
Number of updated asset objects reloaded before import = 0
Number of asset objects unloaded after import = 2
========================================================================
Received Import Request.
  Time since last request: 0.000012 seconds.
  path: Assets/Simple Modular Dungeon/Components/Texture Maps/ModularDungeonSeperatedMaterials_Book Pages (Bookshelf Variation 001)_Metallic.png
  artifactKey: Guid(7196feb58f94a1c41af2154f1f65a110) Importer(815301076,1909f56bfc062723c751e8b465ee728b)
Start importing Assets/Simple Modular Dungeon/Components/Texture Maps/ModularDungeonSeperatedMaterials_Book Pages (Bookshelf Variation 001)_Metallic.png using Guid(7196feb58f94a1c41af2154f1f65a110) Importer(815301076,1909f56bfc062723c751e8b465ee728b)  -> (artifact id: 'b6adb8ea3d86992c7c49c84463cb5c3b') in 0.010167 seconds
Number of updated asset objects reloaded before import = 0
Number of asset objects unloaded after import = 2
========================================================================
Received Import Request.
  Time since last request: 0.000013 seconds.
  path: Assets/Simple Modular Dungeon/Components/Texture Maps/ModularDungeonSeperatedMaterials_Book Pages (Book Variation 010)_MaskMap.png
  artifactKey: Guid(2f0f370ae83e62f489d3f2b00c800e15) Importer(815301076,1909f56bfc062723c751e8b465ee728b)
Start importing Assets/Simple Modular Dungeon/Components/Texture Maps/ModularDungeonSeperatedMaterials_Book Pages (Book Variation 010)_MaskMap.png using Guid(2f0f370ae83e62f489d3f2b00c800e15) Importer(815301076,1909f56bfc062723c751e8b465ee728b)  -> (artifact id: '3d4d10cc8d20649952a51e8adca2d594') in 0.012138 seconds
Number of updated asset objects reloaded before import = 0
Number of asset objects unloaded after import = 2
========================================================================
Received Import Request.
  Time since last request: 0.000013 seconds.
  path: Assets/Simple Modular Dungeon/Components/Texture Maps/ModularDungeonSeperatedMaterials_Brown Wood (Crate Variation 001)_AmbientOcclusion.png
  artifactKey: Guid(a87de5915df26f74380c0dfb7b5440a8) Importer(815301076,1909f56bfc062723c751e8b465ee728b)
Start importing Assets/Simple Modular Dungeon/Components/Texture Maps/ModularDungeonSeperatedMaterials_Brown Wood (Crate Variation 001)_AmbientOcclusion.png using Guid(a87de5915df26f74380c0dfb7b5440a8) Importer(815301076,1909f56bfc062723c751e8b465ee728b)  -> (artifact id: '86cccc178bf15fe58b8d63fb3d737274') in 0.013152 seconds
Number of updated asset objects reloaded before import = 0
Number of asset objects unloaded after import = 2
========================================================================
Received Import Request.
  Time since last request: 0.000077 seconds.
  path: Assets/Simple Modular Dungeon/Components/Texture Maps/ModularDungeonSeperatedMaterials_Brown Wood (Door Variation 001)_Height.png
  artifactKey: Guid(9f65bb9e1eacdf648ae63d9f946e42e8) Importer(815301076,1909f56bfc062723c751e8b465ee728b)
Start importing Assets/Simple Modular Dungeon/Components/Texture Maps/ModularDungeonSeperatedMaterials_Brown Wood (Door Variation 001)_Height.png using Guid(9f65bb9e1eacdf648ae63d9f946e42e8) Importer(815301076,1909f56bfc062723c751e8b465ee728b)  -> (artifact id: 'fa3fdf847a981847d82f1d126fb5421e') in 0.013544 seconds
Number of updated asset objects reloaded before import = 0
Number of asset objects unloaded after import = 2
========================================================================
Received Import Request.
  Time since last request: 0.000056 seconds.
  path: Assets/Simple Modular Dungeon/Components/Texture Maps/ModularDungeonSeperatedMaterials_Book Pages (Bookshelf Variation 002)_BaseMap.png
  artifactKey: Guid(446f400a6b6e82145b4a23f88b2d19e0) Importer(815301076,1909f56bfc062723c751e8b465ee728b)
Start importing Assets/Simple Modular Dungeon/Components/Texture Maps/ModularDungeonSeperatedMaterials_Book Pages (Bookshelf Variation 002)_BaseMap.png using Guid(446f400a6b6e82145b4a23f88b2d19e0) Importer(815301076,1909f56bfc062723c751e8b465ee728b)  -> (artifact id: 'b325009b4dd2184656b0d10079c88d4d') in 0.008622 seconds
Number of updated asset objects reloaded before import = 0
Number of asset objects unloaded after import = 2
========================================================================
Received Import Request.
  Time since last request: 0.000012 seconds.
  path: Assets/Simple Modular Dungeon/Components/Texture Maps/ModularDungeonSeperatedMaterials_Brown Wood (Doorway Variation 006)_AmbientOcclusion.png
  artifactKey: Guid(7a08605a9f09c5643b57d673d16ffbc8) Importer(815301076,1909f56bfc062723c751e8b465ee728b)
Start importing Assets/Simple Modular Dungeon/Components/Texture Maps/ModularDungeonSeperatedMaterials_Brown Wood (Doorway Variation 006)_AmbientOcclusion.png using Guid(7a08605a9f09c5643b57d673d16ffbc8) Importer(815301076,1909f56bfc062723c751e8b465ee728b)  -> (artifact id: '361b97ec7ca1a0012ea19d3753f2f13b') in 0.012998 seconds
Number of updated asset objects reloaded before import = 0
Number of asset objects unloaded after import = 2
========================================================================
Received Import Request.
  Time since last request: 0.000016 seconds.
  path: Assets/Simple Modular Dungeon/Components/Texture Maps/ModularDungeonSeperatedMaterials_Book Pages (Book Variation 009)_MaskMap.png
  artifactKey: Guid(c1c6353818dc6b14284fc68f84f590fe) Importer(815301076,1909f56bfc062723c751e8b465ee728b)
Start importing Assets/Simple Modular Dungeon/Components/Texture Maps/ModularDungeonSeperatedMaterials_Book Pages (Book Variation 009)_MaskMap.png using Guid(c1c6353818dc6b14284fc68f84f590fe) Importer(815301076,1909f56bfc062723c751e8b465ee728b)  -> (artifact id: '8cb8babb854dae3878646f141fcfc276') in 0.013051 seconds
Number of updated asset objects reloaded before import = 0
Number of asset objects unloaded after import = 2
========================================================================
Received Import Request.
  Time since last request: 0.000012 seconds.
  path: Assets/Simple Modular Dungeon/Components/Texture Maps/ModularDungeonSeperatedMaterials_Brown Wood (Barrel Variation 001)_BaseMap.png
  artifactKey: Guid(b11d9eaae43806147a7d4ea8f71ba84b) Importer(815301076,1909f56bfc062723c751e8b465ee728b)
Start importing Assets/Simple Modular Dungeon/Components/Texture Maps/ModularDungeonSeperatedMaterials_Brown Wood (Barrel Variation 001)_BaseMap.png using Guid(b11d9eaae43806147a7d4ea8f71ba84b) Importer(815301076,1909f56bfc062723c751e8b465ee728b)  -> (artifact id: '69da055816eaa37c223c26054770871a') in 0.013217 seconds
Number of updated asset objects reloaded before import = 0
Number of asset objects unloaded after import = 2
========================================================================
Received Import Request.
  Time since last request: 0.000013 seconds.
  path: Assets/Simple Modular Dungeon/Components/Texture Maps/ModularDungeonSeperatedMaterials_Brown Wood (Barrel Variation 001)_Metallic.png
  artifactKey: Guid(eec245c78607adf48afc4996c212964f) Importer(815301076,1909f56bfc062723c751e8b465ee728b)
Start importing Assets/Simple Modular Dungeon/Components/Texture Maps/ModularDungeonSeperatedMaterials_Brown Wood (Barrel Variation 001)_Metallic.png using Guid(eec245c78607adf48afc4996c212964f) Importer(815301076,1909f56bfc062723c751e8b465ee728b)  -> (artifact id: '2699ee34d2a096f1ed0c3e5bdb331695') in 0.008418 seconds
Number of updated asset objects reloaded before import = 0
Number of asset objects unloaded after import = 2
========================================================================
Received Import Request.
  Time since last request: 0.000012 seconds.
  path: Assets/Simple Modular Dungeon/Components/Texture Maps/ModularDungeonSeperatedMaterials_Brown Wood (Doorway Variation 005)_Normal.png
  artifactKey: Guid(94c5900a24c630840a9c4393dc746b7f) Importer(815301076,1909f56bfc062723c751e8b465ee728b)
Start importing Assets/Simple Modular Dungeon/Components/Texture Maps/ModularDungeonSeperatedMaterials_Brown Wood (Doorway Variation 005)_Normal.png using Guid(94c5900a24c630840a9c4393dc746b7f) Importer(815301076,1909f56bfc062723c751e8b465ee728b)  -> (artifact id: 'f2004633c31f175b70f638d6e21f93e7') in 0.018778 seconds
Number of updated asset objects reloaded before import = 0
Number of asset objects unloaded after import = 2
========================================================================
Received Import Request.
  Time since last request: 0.000014 seconds.
  path: Assets/Simple Modular Dungeon/Components/Texture Maps/ModularDungeonSeperatedMaterials_Brown Wood (Doorway Variation 005)_AmbientOcclusion.png
  artifactKey: Guid(dc08db87f01e16e4a96f13ec58380fcf) Importer(815301076,1909f56bfc062723c751e8b465ee728b)
Start importing Assets/Simple Modular Dungeon/Components/Texture Maps/ModularDungeonSeperatedMaterials_Brown Wood (Doorway Variation 005)_AmbientOcclusion.png using Guid(dc08db87f01e16e4a96f13ec58380fcf) Importer(815301076,1909f56bfc062723c751e8b465ee728b)  -> (artifact id: '076e360e4d062f3172d54e61051ea42b') in 0.012808 seconds
Number of updated asset objects reloaded before import = 0
Number of asset objects unloaded after import = 2
========================================================================
Received Import Request.
  Time since last request: 0.000050 seconds.
  path: Assets/Simple Modular Dungeon/Components/Texture Maps/ModularDungeonSeperatedMaterials_Book Pages (Bookshelf Variation 002)_Height.png
  artifactKey: Guid(a9ba3a39e3135794ca9fcc01d2a21a1d) Importer(815301076,1909f56bfc062723c751e8b465ee728b)
Start importing Assets/Simple Modular Dungeon/Components/Texture Maps/ModularDungeonSeperatedMaterials_Book Pages (Bookshelf Variation 002)_Height.png using Guid(a9ba3a39e3135794ca9fcc01d2a21a1d) Importer(815301076,1909f56bfc062723c751e8b465ee728b)  -> (artifact id: 'ff73559cb9e5a05cdc71e2a34495b1f1') in 0.013554 seconds
Number of updated asset objects reloaded before import = 0
Number of asset objects unloaded after import = 2
========================================================================
Received Import Request.
  Time since last request: 0.000074 seconds.
  path: Assets/Simple Modular Dungeon/Components/Texture Maps/ModularDungeonSeperatedMaterials_Brown Wood (Bookshelf Variation 001)_MaskMap.png
  artifactKey: Guid(aa494020f1788e748926149cc329011f) Importer(815301076,1909f56bfc062723c751e8b465ee728b)
Start importing Assets/Simple Modular Dungeon/Components/Texture Maps/ModularDungeonSeperatedMaterials_Brown Wood (Bookshelf Variation 001)_MaskMap.png using Guid(aa494020f1788e748926149cc329011f) Importer(815301076,1909f56bfc062723c751e8b465ee728b)  -> (artifact id: '6902c522bc596ad57ee3b88bf144c626') in 0.013300 seconds
Number of updated asset objects reloaded before import = 0
Number of asset objects unloaded after import = 2
========================================================================
Received Import Request.
  Time since last request: 0.000013 seconds.
  path: Assets/Simple Modular Dungeon/Components/Texture Maps/ModularDungeonSeperatedMaterials_Brown Wood (Door Variation 001)_Normal.png
  artifactKey: Guid(cabb8d54290843f4a9884f33119083ac) Importer(815301076,1909f56bfc062723c751e8b465ee728b)
Start importing Assets/Simple Modular Dungeon/Components/Texture Maps/ModularDungeonSeperatedMaterials_Brown Wood (Door Variation 001)_Normal.png using Guid(cabb8d54290843f4a9884f33119083ac) Importer(815301076,1909f56bfc062723c751e8b465ee728b)  -> (artifact id: 'cde1626937f4c9ba9e10c396fe2c6828') in 0.017066 seconds
Number of updated asset objects reloaded before import = 0
Number of asset objects unloaded after import = 2
========================================================================
Received Import Request.
  Time since last request: 0.000016 seconds.
  path: Assets/Simple Modular Dungeon/Components/Texture Maps/ModularDungeonSeperatedMaterials_Book Pages (Bookshelf Variation 002)_AmbientOcclusion.png
  artifactKey: Guid(f1971fd42f729f846a28d8f1612b220d) Importer(815301076,1909f56bfc062723c751e8b465ee728b)
Start importing Assets/Simple Modular Dungeon/Components/Texture Maps/ModularDungeonSeperatedMaterials_Book Pages (Bookshelf Variation 002)_AmbientOcclusion.png using Guid(f1971fd42f729f846a28d8f1612b220d) Importer(815301076,1909f56bfc062723c751e8b465ee728b)  -> (artifact id: 'cfc0c4a5b7f628541eba2d918691d298') in 0.013686 seconds
Number of updated asset objects reloaded before import = 0
Number of asset objects unloaded after import = 2
========================================================================
Received Import Request.
  Time since last request: 0.153739 seconds.
  path: Assets/Simple Modular Dungeon/Components/Texture Maps/ModularDungeonSeperatedMaterials_Brown Wood (Small Crate Variation 001)_Height.png
  artifactKey: Guid(b7f1dc7457f3a36479a070e605fbce4d) Importer(815301076,1909f56bfc062723c751e8b465ee728b)
Start importing Assets/Simple Modular Dungeon/Components/Texture Maps/ModularDungeonSeperatedMaterials_Brown Wood (Small Crate Variation 001)_Height.png using Guid(b7f1dc7457f3a36479a070e605fbce4d) Importer(815301076,1909f56bfc062723c751e8b465ee728b)  -> (artifact id: '1f76b53d6807a8d38b02628bce8a78ac') in 0.035057 seconds
Number of updated asset objects reloaded before import = 0
Number of asset objects unloaded after import = 2
========================================================================
Received Import Request.
  Time since last request: 0.000024 seconds.
  path: Assets/Simple Modular Dungeon/Components/Texture Maps/ModularDungeonSeperatedMaterials_Brown Wood (Torch Variation 002)_MaskMap.png
  artifactKey: Guid(c709ce25949e52843bcdc811aac0cc46) Importer(815301076,1909f56bfc062723c751e8b465ee728b)
Start importing Assets/Simple Modular Dungeon/Components/Texture Maps/ModularDungeonSeperatedMaterials_Brown Wood (Torch Variation 002)_MaskMap.png using Guid(c709ce25949e52843bcdc811aac0cc46) Importer(815301076,1909f56bfc062723c751e8b465ee728b)  -> (artifact id: 'b3c8ced7c8f1cb9c581866139fd102b9') in 0.014383 seconds
Number of updated asset objects reloaded before import = 0
Number of asset objects unloaded after import = 2
========================================================================
Received Import Request.
  Time since last request: 0.000063 seconds.
  path: Assets/Simple Modular Dungeon/Components/Texture Maps/ModularDungeonSeperatedMaterials_Fire (Torch Variation 001)_AmbientOcclusion.png
  artifactKey: Guid(42a0e8b7e44c0fe4e9ab6ecfc5485c17) Importer(815301076,1909f56bfc062723c751e8b465ee728b)
Start importing Assets/Simple Modular Dungeon/Components/Texture Maps/ModularDungeonSeperatedMaterials_Fire (Torch Variation 001)_AmbientOcclusion.png using Guid(42a0e8b7e44c0fe4e9ab6ecfc5485c17) Importer(815301076,1909f56bfc062723c751e8b465ee728b)  -> (artifact id: 'e49a6312cf4cacbaf38ab34159344c93') in 0.012833 seconds
Number of updated asset objects reloaded before import = 0
Number of asset objects unloaded after import = 2
========================================================================
Received Import Request.
  Time since last request: 0.000014 seconds.
  path: Assets/Simple Modular Dungeon/Components/Texture Maps/ModularDungeonSeperatedMaterials_Brown Wood (Torch Variation 002)_AmbientOcclusion.png
  artifactKey: Guid(c9be85b71c66d2e43899fef3f547bc58) Importer(815301076,1909f56bfc062723c751e8b465ee728b)
Start importing Assets/Simple Modular Dungeon/Components/Texture Maps/ModularDungeonSeperatedMaterials_Brown Wood (Torch Variation 002)_AmbientOcclusion.png using Guid(c9be85b71c66d2e43899fef3f547bc58) Importer(815301076,1909f56bfc062723c751e8b465ee728b)  -> (artifact id: 'f9ec09c0a003d69ebfc36517987f0957') in 0.013324 seconds
Number of updated asset objects reloaded before import = 0
Number of asset objects unloaded after import = 2
========================================================================
Received Import Request.
  Time since last request: 0.000218 seconds.
  path: Assets/Simple Modular Dungeon/Components/Texture Maps/ModularDungeonSeperatedMaterials_Fire (Fire Chalice Variation 001)_Albedo.png
  artifactKey: Guid(e403bae8ff105d74dafe899daf86895e) Importer(815301076,1909f56bfc062723c751e8b465ee728b)
Start importing Assets/Simple Modular Dungeon/Components/Texture Maps/ModularDungeonSeperatedMaterials_Fire (Fire Chalice Variation 001)_Albedo.png using Guid(e403bae8ff105d74dafe899daf86895e) Importer(815301076,1909f56bfc062723c751e8b465ee728b)  -> (artifact id: 'dc400b6e270be59da87943d0a4399408') in 0.007197 seconds
Number of updated asset objects reloaded before import = 0
Number of asset objects unloaded after import = 2
========================================================================
Received Import Request.
  Time since last request: 0.000030 seconds.
  path: Assets/Simple Modular Dungeon/Components/Texture Maps/ModularDungeonSeperatedMaterials_Brown Wood (Torch Variation 001)_MaskMap.png
  artifactKey: Guid(6806f7d0dea886f418d8fdcd08e79c08) Importer(815301076,1909f56bfc062723c751e8b465ee728b)
Start importing Assets/Simple Modular Dungeon/Components/Texture Maps/ModularDungeonSeperatedMaterials_Brown Wood (Torch Variation 001)_MaskMap.png using Guid(6806f7d0dea886f418d8fdcd08e79c08) Importer(815301076,1909f56bfc062723c751e8b465ee728b)  -> (artifact id: '76f96a1ad0f4c6d2f0f68d1549fda766') in 0.013067 seconds
Number of updated asset objects reloaded before import = 0
Number of asset objects unloaded after import = 2
========================================================================
Received Import Request.
  Time since last request: 0.000014 seconds.
  path: Assets/Simple Modular Dungeon/Components/Texture Maps/ModularDungeonSeperatedMaterials_Brown Wood (Small Crate Variation 001)_Normal.png
  artifactKey: Guid(28f148b8a00f7c2459c4ba422b343325) Importer(815301076,1909f56bfc062723c751e8b465ee728b)
Start importing Assets/Simple Modular Dungeon/Components/Texture Maps/ModularDungeonSeperatedMaterials_Brown Wood (Small Crate Variation 001)_Normal.png using Guid(28f148b8a00f7c2459c4ba422b343325) Importer(815301076,1909f56bfc062723c751e8b465ee728b)  -> (artifact id: '363b11a47691f052c75a6668a9a16e0a') in 0.012480 seconds
Number of updated asset objects reloaded before import = 0
Number of asset objects unloaded after import = 2
========================================================================
Received Import Request.
  Time since last request: 0.897655 seconds.
  path: Assets/Simple Modular Dungeon/Components/Texture Maps/ModularDungeonSeperatedMaterials_Floor Stones (Floor Rock Variation 001)_BaseMap.png
  artifactKey: Guid(f398faa488094d548ad99286fbc72576) Importer(815301076,1909f56bfc062723c751e8b465ee728b)
Start importing Assets/Simple Modular Dungeon/Components/Texture Maps/ModularDungeonSeperatedMaterials_Floor Stones (Floor Rock Variation 001)_BaseMap.png using Guid(f398faa488094d548ad99286fbc72576) Importer(815301076,1909f56bfc062723c751e8b465ee728b)  -> (artifact id: '71497e361df0d011787feb0133c50f05') in 0.019793 seconds
Number of updated asset objects reloaded before import = 0
Number of asset objects unloaded after import = 2
========================================================================
Received Import Request.
  Time since last request: 0.000014 seconds.
  path: Assets/Simple Modular Dungeon/Components/Texture Maps/ModularDungeonSeperatedMaterials_Floor Stones (Floor Rock Variation 001)_Metallic.png
  artifactKey: Guid(f70050ca014f6a94ba6beaca01bd916f) Importer(815301076,1909f56bfc062723c751e8b465ee728b)
Start importing Assets/Simple Modular Dungeon/Components/Texture Maps/ModularDungeonSeperatedMaterials_Floor Stones (Floor Rock Variation 001)_Metallic.png using Guid(f70050ca014f6a94ba6beaca01bd916f) Importer(815301076,1909f56bfc062723c751e8b465ee728b)  -> (artifact id: '29ddd9ad5399114787ef8583a2e43110') in 0.012147 seconds
Number of updated asset objects reloaded before import = 0
Number of asset objects unloaded after import = 2
========================================================================
Received Import Request.
  Time since last request: 0.000012 seconds.
  path: Assets/Simple Modular Dungeon/Components/Texture Maps/ModularDungeonSeperatedMaterials_Floor Stones (Floor Rock Variation 001)_Normal.png
  artifactKey: Guid(1b4383cc8690ddf4e9bdb686e4a54da8) Importer(815301076,1909f56bfc062723c751e8b465ee728b)
Start importing Assets/Simple Modular Dungeon/Components/Texture Maps/ModularDungeonSeperatedMaterials_Floor Stones (Floor Rock Variation 001)_Normal.png using Guid(1b4383cc8690ddf4e9bdb686e4a54da8) Importer(815301076,1909f56bfc062723c751e8b465ee728b)  -> (artifact id: '6e51e88fe7750bc83fa580f8fc5010ba') in 0.014708 seconds
Number of updated asset objects reloaded before import = 0
Number of asset objects unloaded after import = 2
========================================================================
Received Import Request.
  Time since last request: 0.000013 seconds.
  path: Assets/Simple Modular Dungeon/Components/Texture Maps/ModularDungeonSeperatedMaterials_Floor Stones (Floor rock Variation 002)_BaseMap.png
  artifactKey: Guid(fe5a03f2feb6c14489a46f20d0174acb) Importer(815301076,1909f56bfc062723c751e8b465ee728b)
Start importing Assets/Simple Modular Dungeon/Components/Texture Maps/ModularDungeonSeperatedMaterials_Floor Stones (Floor rock Variation 002)_BaseMap.png using Guid(fe5a03f2feb6c14489a46f20d0174acb) Importer(815301076,1909f56bfc062723c751e8b465ee728b)  -> (artifact id: '5f20d089d2a7959fbb343e46d9da7956') in 0.013139 seconds
Number of updated asset objects reloaded before import = 0
Number of asset objects unloaded after import = 2
========================================================================
Received Import Request.
  Time since last request: 0.000024 seconds.
  path: Assets/Simple Modular Dungeon/Components/Texture Maps/ModularDungeonSeperatedMaterials_Light Brown Wood (Bookshelf empty Variation 002)_BaseMap.png
  artifactKey: Guid(5927c5f824f75564bb084da0c80bc6ae) Importer(815301076,1909f56bfc062723c751e8b465ee728b)
Start importing Assets/Simple Modular Dungeon/Components/Texture Maps/ModularDungeonSeperatedMaterials_Light Brown Wood (Bookshelf empty Variation 002)_BaseMap.png using Guid(5927c5f824f75564bb084da0c80bc6ae) Importer(815301076,1909f56bfc062723c751e8b465ee728b)  -> (artifact id: 'b19c0cd601ddefb4f50a0a6ed0a4d455') in 0.017712 seconds
Number of updated asset objects reloaded before import = 0
Number of asset objects unloaded after import = 2
========================================================================
Received Import Request.
  Time since last request: 0.000014 seconds.
  path: Assets/Simple Modular Dungeon/Components/Texture Maps/ModularDungeonSeperatedMaterials_Lava Grate (Lava Grate Variation 001)_AmbientOcclusion.png
  artifactKey: Guid(29f5295d8ddf89c44a31a3876f8372aa) Importer(815301076,1909f56bfc062723c751e8b465ee728b)
Start importing Assets/Simple Modular Dungeon/Components/Texture Maps/ModularDungeonSeperatedMaterials_Lava Grate (Lava Grate Variation 001)_AmbientOcclusion.png using Guid(29f5295d8ddf89c44a31a3876f8372aa) Importer(815301076,1909f56bfc062723c751e8b465ee728b)  -> (artifact id: '12c74abb4a4ac68c456c579451545051') in 0.012529 seconds
Number of updated asset objects reloaded before import = 0
Number of asset objects unloaded after import = 2
========================================================================
Received Import Request.
  Time since last request: 0.000075 seconds.
  path: Assets/Simple Modular Dungeon/Components/Texture Maps/ModularDungeonSeperatedMaterials_Floor Stones (Floor Rock Variation 003)_Metallic.png
  artifactKey: Guid(8d19059ed593ccf4592e8aa0e48ce649) Importer(815301076,1909f56bfc062723c751e8b465ee728b)
Start importing Assets/Simple Modular Dungeon/Components/Texture Maps/ModularDungeonSeperatedMaterials_Floor Stones (Floor Rock Variation 003)_Metallic.png using Guid(8d19059ed593ccf4592e8aa0e48ce649) Importer(815301076,1909f56bfc062723c751e8b465ee728b)  -> (artifact id: '582a50595950cd0ae28dceb6da85ab03') in 0.007788 seconds
Number of updated asset objects reloaded before import = 0
Number of asset objects unloaded after import = 2
========================================================================
Received Import Request.
  Time since last request: 1.473957 seconds.
  path: Assets/Simple Modular Dungeon/Components/Texture Maps/ModularDungeonSeperatedMaterials_Light Brown Wood (Bookshelf Variation 002)_AmbientOcclusion.png
  artifactKey: Guid(8e0ac8111453ab74c82381c042e6d0b1) Importer(815301076,1909f56bfc062723c751e8b465ee728b)
Start importing Assets/Simple Modular Dungeon/Components/Texture Maps/ModularDungeonSeperatedMaterials_Light Brown Wood (Bookshelf Variation 002)_AmbientOcclusion.png using Guid(8e0ac8111453ab74c82381c042e6d0b1) Importer(815301076,1909f56bfc062723c751e8b465ee728b)  -> (artifact id: '30cf73ae5d281f7278c6736f8e4041cb') in 0.020186 seconds
Number of updated asset objects reloaded before import = 0
Number of asset objects unloaded after import = 2
========================================================================
Received Import Request.
  Time since last request: 0.000015 seconds.
  path: Assets/Simple Modular Dungeon/Components/Texture Maps/ModularDungeonSeperatedMaterials_Metal (Barrel Variation 001)_Normal.png
  artifactKey: Guid(465edbdd569f2fc4f9662c1cdb267a85) Importer(815301076,1909f56bfc062723c751e8b465ee728b)
Start importing Assets/Simple Modular Dungeon/Components/Texture Maps/ModularDungeonSeperatedMaterials_Metal (Barrel Variation 001)_Normal.png using Guid(465edbdd569f2fc4f9662c1cdb267a85) Importer(815301076,1909f56bfc062723c751e8b465ee728b)  -> (artifact id: 'bf649b396a6be6dd0e38495c1b9af799') in 0.018864 seconds
Number of updated asset objects reloaded before import = 0
Number of asset objects unloaded after import = 2
========================================================================
Received Import Request.
  Time since last request: 0.000013 seconds.
  path: Assets/Simple Modular Dungeon/Components/Texture Maps/ModularDungeonSeperatedMaterials_Metal (Barrel Variation 001)_Height.png
  artifactKey: Guid(337c8ad8adebee240a85f7bb98acbb92) Importer(815301076,1909f56bfc062723c751e8b465ee728b)
Start importing Assets/Simple Modular Dungeon/Components/Texture Maps/ModularDungeonSeperatedMaterials_Metal (Barrel Variation 001)_Height.png using Guid(337c8ad8adebee240a85f7bb98acbb92) Importer(815301076,1909f56bfc062723c751e8b465ee728b)  -> (artifact id: '4fd70cc83d630cc6a02916afec9cd8be') in 0.014479 seconds
Number of updated asset objects reloaded before import = 0
Number of asset objects unloaded after import = 2
========================================================================
Received Import Request.
  Time since last request: 0.010938 seconds.
  path: Assets/Simple Modular Dungeon/Components/Texture Maps/ModularDungeonSeperatedMaterials_Metal (Candelabra Variation 001)_MaskMap.png
  artifactKey: Guid(bdea102ae4430224ba47a90f66d38eb9) Importer(815301076,1909f56bfc062723c751e8b465ee728b)
Start importing Assets/Simple Modular Dungeon/Components/Texture Maps/ModularDungeonSeperatedMaterials_Metal (Candelabra Variation 001)_MaskMap.png using Guid(bdea102ae4430224ba47a90f66d38eb9) Importer(815301076,1909f56bfc062723c751e8b465ee728b)  -> (artifact id: '8260e3eb9d4fb2e282e396b21c1c21f2') in 0.019572 seconds
Number of updated asset objects reloaded before import = 0
Number of asset objects unloaded after import = 2
========================================================================
Received Import Request.
  Time since last request: 0.000066 seconds.
  path: Assets/Simple Modular Dungeon/Components/Texture Maps/ModularDungeonSeperatedMaterials_Metal (Candelabra Variation 001)_Metallic.png
  artifactKey: Guid(5750b2fafdc9d8047988557533ed9748) Importer(815301076,1909f56bfc062723c751e8b465ee728b)
Start importing Assets/Simple Modular Dungeon/Components/Texture Maps/ModularDungeonSeperatedMaterials_Metal (Candelabra Variation 001)_Metallic.png using Guid(5750b2fafdc9d8047988557533ed9748) Importer(815301076,1909f56bfc062723c751e8b465ee728b)  -> (artifact id: '423fa18c037b84264af7859e483a71f7') in 0.018115 seconds
Number of updated asset objects reloaded before import = 0
Number of asset objects unloaded after import = 2
========================================================================
Received Import Request.
  Time since last request: 0.000014 seconds.
  path: Assets/Simple Modular Dungeon/Components/Texture Maps/ModularDungeonSeperatedMaterials_Metal (Candelabra Variation 001)_Normal.png
  artifactKey: Guid(cd5831b9e466b0545ac5fd7acbe7528f) Importer(815301076,1909f56bfc062723c751e8b465ee728b)
Start importing Assets/Simple Modular Dungeon/Components/Texture Maps/ModularDungeonSeperatedMaterials_Metal (Candelabra Variation 001)_Normal.png using Guid(cd5831b9e466b0545ac5fd7acbe7528f) Importer(815301076,1909f56bfc062723c751e8b465ee728b)  -> (artifact id: '04428d1c0316ba6d8f8a3b942e5a4fbc') in 0.014153 seconds
Number of updated asset objects reloaded before import = 0
Number of asset objects unloaded after import = 2
========================================================================
Received Import Request.
  Time since last request: 0.982089 seconds.
  path: Assets/Simple Modular Dungeon/Components/Texture Maps/ModularDungeonSeperatedMaterials_Metal (Doorway Gated Variation 002)_Albedo.png
  artifactKey: Guid(1238b0ea83547ef48ab308a2eae63288) Importer(815301076,1909f56bfc062723c751e8b465ee728b)
Start importing Assets/Simple Modular Dungeon/Components/Texture Maps/ModularDungeonSeperatedMaterials_Metal (Doorway Gated Variation 002)_Albedo.png using Guid(1238b0ea83547ef48ab308a2eae63288) Importer(815301076,1909f56bfc062723c751e8b465ee728b)  -> (artifact id: 'bca9c96cbf9b14a9b0a7ee742f57e6f2') in 0.025806 seconds
Number of updated asset objects reloaded before import = 0
Number of asset objects unloaded after import = 2
========================================================================
Received Import Request.
  Time since last request: 0.000015 seconds.
  path: Assets/Simple Modular Dungeon/Components/Texture Maps/ModularDungeonSeperatedMaterials_Metal (Doorway Gated Variation 003)_Height.png
  artifactKey: Guid(21bcac5846118a042bbb96e7197d1840) Importer(815301076,1909f56bfc062723c751e8b465ee728b)
Start importing Assets/Simple Modular Dungeon/Components/Texture Maps/ModularDungeonSeperatedMaterials_Metal (Doorway Gated Variation 003)_Height.png using Guid(21bcac5846118a042bbb96e7197d1840) Importer(815301076,1909f56bfc062723c751e8b465ee728b)  -> (artifact id: 'a048a70dc62423661f02e237dd5c3485') in 0.009790 seconds
Number of updated asset objects reloaded before import = 0
Number of asset objects unloaded after import = 2
========================================================================
Received Import Request.
  Time since last request: 0.000014 seconds.
  path: Assets/Simple Modular Dungeon/Components/Texture Maps/ModularDungeonSeperatedMaterials_Metal (Doorway Gated Variation 002)_Height.png
  artifactKey: Guid(e94b70216cabe2349af46918468747c5) Importer(815301076,1909f56bfc062723c751e8b465ee728b)
Start importing Assets/Simple Modular Dungeon/Components/Texture Maps/ModularDungeonSeperatedMaterials_Metal (Doorway Gated Variation 002)_Height.png using Guid(e94b70216cabe2349af46918468747c5) Importer(815301076,1909f56bfc062723c751e8b465ee728b)  -> (artifact id: '5b884802cd7018dd62cf1da9de929dad') in 0.007655 seconds
Number of updated asset objects reloaded before import = 0
Number of asset objects unloaded after import = 2
========================================================================
Received Import Request.
  Time since last request: 0.000013 seconds.
  path: Assets/Simple Modular Dungeon/Components/Texture Maps/ModularDungeonSeperatedMaterials_Metal (Doorway Gated Variation 002)_AmbientOcclusion.png
  artifactKey: Guid(ad9293f9b34e43f4c9d691cdd3691e0b) Importer(815301076,1909f56bfc062723c751e8b465ee728b)
Start importing Assets/Simple Modular Dungeon/Components/Texture Maps/ModularDungeonSeperatedMaterials_Metal (Doorway Gated Variation 002)_AmbientOcclusion.png using Guid(ad9293f9b34e43f4c9d691cdd3691e0b) Importer(815301076,1909f56bfc062723c751e8b465ee728b)  -> (artifact id: 'a402678e072df87bad56287865d8f478') in 0.019956 seconds
Number of updated asset objects reloaded before import = 0
Number of asset objects unloaded after import = 2
========================================================================
Received Import Request.
  Time since last request: 0.006475 seconds.
  path: Assets/Simple Modular Dungeon/Components/Texture Maps/ModularDungeonSeperatedMaterials_Metal (Doorway Variation 004)_Height.png
  artifactKey: Guid(331e639db5b835a40a5a8386b4116efc) Importer(815301076,1909f56bfc062723c751e8b465ee728b)
Start importing Assets/Simple Modular Dungeon/Components/Texture Maps/ModularDungeonSeperatedMaterials_Metal (Doorway Variation 004)_Height.png using Guid(331e639db5b835a40a5a8386b4116efc) Importer(815301076,1909f56bfc062723c751e8b465ee728b)  -> (artifact id: '0829543408fe03a6d3b7686cfd118713') in 0.014887 seconds
Number of updated asset objects reloaded before import = 0
Number of asset objects unloaded after import = 2
========================================================================
Received Import Request.
  Time since last request: 0.000013 seconds.
  path: Assets/Simple Modular Dungeon/Components/Texture Maps/ModularDungeonSeperatedMaterials_Metal (Doorway Variation 005)_Height.png
  artifactKey: Guid(7cb3775275f24724785c9220dd7a49c0) Importer(815301076,1909f56bfc062723c751e8b465ee728b)
Start importing Assets/Simple Modular Dungeon/Components/Texture Maps/ModularDungeonSeperatedMaterials_Metal (Doorway Variation 005)_Height.png using Guid(7cb3775275f24724785c9220dd7a49c0) Importer(815301076,1909f56bfc062723c751e8b465ee728b)  -> (artifact id: '09a633764a3b0de37402b65c142a2b42') in 0.018205 seconds
Number of updated asset objects reloaded before import = 0
Number of asset objects unloaded after import = 2
========================================================================
Received Import Request.
  Time since last request: 0.000015 seconds.
  path: Assets/Simple Modular Dungeon/Components/Texture Maps/ModularDungeonSeperatedMaterials_Metal (Doorway Variation 004)_Normal.png
  artifactKey: Guid(8d15dcf92258c7d4c8de37f3754187c0) Importer(815301076,1909f56bfc062723c751e8b465ee728b)
Start importing Assets/Simple Modular Dungeon/Components/Texture Maps/ModularDungeonSeperatedMaterials_Metal (Doorway Variation 004)_Normal.png using Guid(8d15dcf92258c7d4c8de37f3754187c0) Importer(815301076,1909f56bfc062723c751e8b465ee728b)  -> (artifact id: 'c5a684f890450e55da88e95c08f0b11b') in 0.018404 seconds
Number of updated asset objects reloaded before import = 0
Number of asset objects unloaded after import = 2
========================================================================
Received Import Request.
  Time since last request: 0.000012 seconds.
  path: Assets/Simple Modular Dungeon/Components/Texture Maps/ModularDungeonSeperatedMaterials_Metal (Doorway Variation 006)_MaskMap.png
  artifactKey: Guid(3f1a96ded7c4281489297c277416eb65) Importer(815301076,1909f56bfc062723c751e8b465ee728b)
Start importing Assets/Simple Modular Dungeon/Components/Texture Maps/ModularDungeonSeperatedMaterials_Metal (Doorway Variation 006)_MaskMap.png using Guid(3f1a96ded7c4281489297c277416eb65) Importer(815301076,1909f56bfc062723c751e8b465ee728b)  -> (artifact id: 'b97a7aeabaa97af6af6078874d45c4a9') in 0.015147 seconds
Number of updated asset objects reloaded before import = 0
Number of asset objects unloaded after import = 2
========================================================================
Received Import Request.
  Time since last request: 0.000014 seconds.
  path: Assets/Simple Modular Dungeon/Components/Texture Maps/ModularDungeonSeperatedMaterials_Metal (Grate Variation 001)_MaskMap.png
  artifactKey: Guid(21f541ba24c7ce643b832d5b37faa90a) Importer(815301076,1909f56bfc062723c751e8b465ee728b)
Start importing Assets/Simple Modular Dungeon/Components/Texture Maps/ModularDungeonSeperatedMaterials_Metal (Grate Variation 001)_MaskMap.png using Guid(21f541ba24c7ce643b832d5b37faa90a) Importer(815301076,1909f56bfc062723c751e8b465ee728b)  -> (artifact id: 'b3684106ea615e53abab789fc60ffacd') in 0.014950 seconds
Number of updated asset objects reloaded before import = 0
Number of asset objects unloaded after import = 2
========================================================================
Received Import Request.
  Time since last request: 0.000021 seconds.
  path: Assets/Simple Modular Dungeon/Components/Texture Maps/ModularDungeonSeperatedMaterials_Metal (Lava Grate Variation 001)_BaseMap.png
  artifactKey: Guid(4cced18ba84627c47b0fe4aa0d9b7a23) Importer(815301076,1909f56bfc062723c751e8b465ee728b)
Start importing Assets/Simple Modular Dungeon/Components/Texture Maps/ModularDungeonSeperatedMaterials_Metal (Lava Grate Variation 001)_BaseMap.png using Guid(4cced18ba84627c47b0fe4aa0d9b7a23) Importer(815301076,1909f56bfc062723c751e8b465ee728b)  -> (artifact id: '38f0124ce86b5580220ea55d747afa59') in 0.014475 seconds
Number of updated asset objects reloaded before import = 0
Number of asset objects unloaded after import = 2
========================================================================
Received Import Request.
  Time since last request: 0.000013 seconds.
  path: Assets/Simple Modular Dungeon/Components/Texture Maps/ModularDungeonSeperatedMaterials_Metal (Lava Grate Variation 001)_Albedo.png
  artifactKey: Guid(c8e44df564667434a99851802401252c) Importer(815301076,1909f56bfc062723c751e8b465ee728b)
Start importing Assets/Simple Modular Dungeon/Components/Texture Maps/ModularDungeonSeperatedMaterials_Metal (Lava Grate Variation 001)_Albedo.png using Guid(c8e44df564667434a99851802401252c) Importer(815301076,1909f56bfc062723c751e8b465ee728b)  -> (artifact id: '3c0cca7fc736f93b97eabb477cd88086') in 0.016203 seconds
Number of updated asset objects reloaded before import = 0
Number of asset objects unloaded after import = 2
========================================================================
Received Import Request.
  Time since last request: 0.359749 seconds.
  path: Assets/Simple Modular Dungeon/Components/Texture Maps/ModularDungeonSeperatedMaterials_Metal (Torch Variation 001)_BaseMap.png
  artifactKey: Guid(6568069883bb22348a2c5cd75dc55a84) Importer(815301076,1909f56bfc062723c751e8b465ee728b)
Start importing Assets/Simple Modular Dungeon/Components/Texture Maps/ModularDungeonSeperatedMaterials_Metal (Torch Variation 001)_BaseMap.png using Guid(6568069883bb22348a2c5cd75dc55a84) Importer(815301076,1909f56bfc062723c751e8b465ee728b)  -> (artifact id: '1d44d7e21478d908bd19eb6a987061f5') in 0.020380 seconds
Number of updated asset objects reloaded before import = 0
Number of asset objects unloaded after import = 2
========================================================================
Received Import Request.
  Time since last request: 0.000057 seconds.
  path: Assets/Simple Modular Dungeon/Components/Texture Maps/ModularDungeonSeperatedMaterials_Metal (Torch Variation 001)_Height.png
  artifactKey: Guid(a37e1fb1da472d0439c769f4c29c2619) Importer(815301076,1909f56bfc062723c751e8b465ee728b)
Start importing Assets/Simple Modular Dungeon/Components/Texture Maps/ModularDungeonSeperatedMaterials_Metal (Torch Variation 001)_Height.png using Guid(a37e1fb1da472d0439c769f4c29c2619) Importer(815301076,1909f56bfc062723c751e8b465ee728b)  -> (artifact id: '348c1ee2bd96276d8ca998312c8ea750') in 0.015036 seconds
Number of updated asset objects reloaded before import = 0
Number of asset objects unloaded after import = 2
========================================================================
Received Import Request.
  Time since last request: 0.000022 seconds.
  path: Assets/Simple Modular Dungeon/Components/Texture Maps/ModularDungeonSeperatedMaterials_Secondary Stone (Arch Variation 001)_Height.png
  artifactKey: Guid(f2e4fd28b8d99394da3dea5833eac258) Importer(815301076,1909f56bfc062723c751e8b465ee728b)
Start importing Assets/Simple Modular Dungeon/Components/Texture Maps/ModularDungeonSeperatedMaterials_Secondary Stone (Arch Variation 001)_Height.png using Guid(f2e4fd28b8d99394da3dea5833eac258) Importer(815301076,1909f56bfc062723c751e8b465ee728b)  -> (artifact id: 'ae61a692c5eec5769b17f209ec1c32a6') in 0.013562 seconds
Number of updated asset objects reloaded before import = 0
Number of asset objects unloaded after import = 2
========================================================================
Received Import Request.
  Time since last request: 0.000013 seconds.
  path: Assets/Simple Modular Dungeon/Components/Texture Maps/ModularDungeonSeperatedMaterials_Secondary Stone (Arch Variation 001)_Albedo.png
  artifactKey: Guid(e25b1c14f71497140a658590716870f6) Importer(815301076,1909f56bfc062723c751e8b465ee728b)
Start importing Assets/Simple Modular Dungeon/Components/Texture Maps/ModularDungeonSeperatedMaterials_Secondary Stone (Arch Variation 001)_Albedo.png using Guid(e25b1c14f71497140a658590716870f6) Importer(815301076,1909f56bfc062723c751e8b465ee728b)  -> (artifact id: '70490bdb00bc88a4ce68954a0b38ddc4') in 0.014148 seconds
Number of updated asset objects reloaded before import = 0
Number of asset objects unloaded after import = 2
========================================================================
Received Import Request.
  Time since last request: 0.000068 seconds.
  path: Assets/Simple Modular Dungeon/Components/Texture Maps/ModularDungeonSeperatedMaterials_Secondary Stone (Arch Variation 001)_AmbientOcclusion.png
  artifactKey: Guid(aa7b90ca4b6909e44b3328cccb59dbc4) Importer(815301076,1909f56bfc062723c751e8b465ee728b)
Start importing Assets/Simple Modular Dungeon/Components/Texture Maps/ModularDungeonSeperatedMaterials_Secondary Stone (Arch Variation 001)_AmbientOcclusion.png using Guid(aa7b90ca4b6909e44b3328cccb59dbc4) Importer(815301076,1909f56bfc062723c751e8b465ee728b)  -> (artifact id: '4230f6edb05e9f13f47a690cdb40887e') in 0.015470 seconds
Number of updated asset objects reloaded before import = 0
Number of asset objects unloaded after import = 2
========================================================================
Received Import Request.
  Time since last request: 0.000014 seconds.
  path: Assets/Simple Modular Dungeon/Components/Texture Maps/ModularDungeonSeperatedMaterials_Secondary Stone (Doorway Gated Variation 002)_Metallic.png
  artifactKey: Guid(b11f1b05955400841bce590912a220fe) Importer(815301076,1909f56bfc062723c751e8b465ee728b)
Start importing Assets/Simple Modular Dungeon/Components/Texture Maps/ModularDungeonSeperatedMaterials_Secondary Stone (Doorway Gated Variation 002)_Metallic.png using Guid(b11f1b05955400841bce590912a220fe) Importer(815301076,1909f56bfc062723c751e8b465ee728b)  -> (artifact id: '370a89bf6800bb28a8b711e50affaa8e') in 0.007632 seconds
Number of updated asset objects reloaded before import = 0
Number of asset objects unloaded after import = 2
========================================================================
Received Import Request.
  Time since last request: 0.000013 seconds.
  path: Assets/Simple Modular Dungeon/Components/Texture Maps/ModularDungeonSeperatedMaterials_Secondary Stone (Doorway Gated Variation 002)_MaskMap.png
  artifactKey: Guid(ad63de817bf63034297b8fdb6ca7d402) Importer(815301076,1909f56bfc062723c751e8b465ee728b)
Start importing Assets/Simple Modular Dungeon/Components/Texture Maps/ModularDungeonSeperatedMaterials_Secondary Stone (Doorway Gated Variation 002)_MaskMap.png using Guid(ad63de817bf63034297b8fdb6ca7d402) Importer(815301076,1909f56bfc062723c751e8b465ee728b)  -> (artifact id: '0072df05bb3442e593c18f4c76430a6d') in 0.016348 seconds
Number of updated asset objects reloaded before import = 0
Number of asset objects unloaded after import = 2
========================================================================
Received Import Request.
  Time since last request: 0.000013 seconds.
  path: Assets/Simple Modular Dungeon/Components/Texture Maps/ModularDungeonSeperatedMaterials_Secondary Stone (Doorway Variation 002)_Albedo.png
  artifactKey: Guid(38b199a9b89c2b4429d14e5b4764ae9e) Importer(815301076,1909f56bfc062723c751e8b465ee728b)
Start importing Assets/Simple Modular Dungeon/Components/Texture Maps/ModularDungeonSeperatedMaterials_Secondary Stone (Doorway Variation 002)_Albedo.png using Guid(38b199a9b89c2b4429d14e5b4764ae9e) Importer(815301076,1909f56bfc062723c751e8b465ee728b)  -> (artifact id: '2cb37acb828c68bd4f48d716e5a65786') in 0.014237 seconds
Number of updated asset objects reloaded before import = 0
Number of asset objects unloaded after import = 2
========================================================================
Received Import Request.
  Time since last request: 0.000026 seconds.
  path: Assets/Simple Modular Dungeon/Components/Texture Maps/ModularDungeonSeperatedMaterials_Secondary Stone (Doorway Variation 001)_Normal.png
  artifactKey: Guid(b118779cbd5c59749b5633108ce97490) Importer(815301076,1909f56bfc062723c751e8b465ee728b)
Start importing Assets/Simple Modular Dungeon/Components/Texture Maps/ModularDungeonSeperatedMaterials_Secondary Stone (Doorway Variation 001)_Normal.png using Guid(b118779cbd5c59749b5633108ce97490) Importer(815301076,1909f56bfc062723c751e8b465ee728b)  -> (artifact id: '4c06973c1dfa3dcfd8ac8d54779c6a3b') in 0.016701 seconds
Number of updated asset objects reloaded before import = 0
Number of asset objects unloaded after import = 2
========================================================================
Received Import Request.
  Time since last request: 0.000015 seconds.
  path: Assets/Simple Modular Dungeon/Components/Texture Maps/ModularDungeonSeperatedMaterials_Metal (Water Grate Variation 001)_BaseMap.png
  artifactKey: Guid(bc319464a1026614c88c027b58142c4d) Importer(815301076,1909f56bfc062723c751e8b465ee728b)
Start importing Assets/Simple Modular Dungeon/Components/Texture Maps/ModularDungeonSeperatedMaterials_Metal (Water Grate Variation 001)_BaseMap.png using Guid(bc319464a1026614c88c027b58142c4d) Importer(815301076,1909f56bfc062723c751e8b465ee728b)  -> (artifact id: '6c0b64d019034f8f6693f84ef82c458b') in 0.017814 seconds
Number of updated asset objects reloaded before import = 0
Number of asset objects unloaded after import = 2
========================================================================
Received Import Request.
  Time since last request: 0.000026 seconds.
  path: Assets/Simple Modular Dungeon/Components/Texture Maps/ModularDungeonSeperatedMaterials_Secondary Stone (Doorway Gated Variation 001)_BaseMap.png
  artifactKey: Guid(3263c10722938d74ab2fce9b564e5d35) Importer(815301076,1909f56bfc062723c751e8b465ee728b)
Start importing Assets/Simple Modular Dungeon/Components/Texture Maps/ModularDungeonSeperatedMaterials_Secondary Stone (Doorway Gated Variation 001)_BaseMap.png using Guid(3263c10722938d74ab2fce9b564e5d35) Importer(815301076,1909f56bfc062723c751e8b465ee728b)  -> (artifact id: '080fb73e1da6a3f6347f6356bf45ddae') in 0.018082 seconds
Number of updated asset objects reloaded before import = 0
Number of asset objects unloaded after import = 2
========================================================================
Received Import Request.
  Time since last request: 0.000014 seconds.
  path: Assets/Simple Modular Dungeon/Components/Texture Maps/ModularDungeonSeperatedMaterials_Secondary Stone (Doorway Gated Variation 003)_Height.png
  artifactKey: Guid(05d6289a957809f46bc63094a772faec) Importer(815301076,1909f56bfc062723c751e8b465ee728b)
Start importing Assets/Simple Modular Dungeon/Components/Texture Maps/ModularDungeonSeperatedMaterials_Secondary Stone (Doorway Gated Variation 003)_Height.png using Guid(05d6289a957809f46bc63094a772faec) Importer(815301076,1909f56bfc062723c751e8b465ee728b)  -> (artifact id: '88948fe1d596a659649ca2e9db646c12') in 0.013925 seconds
Number of updated asset objects reloaded before import = 0
Number of asset objects unloaded after import = 2
========================================================================
Received Import Request.
  Time since last request: 0.000014 seconds.
  path: Assets/Simple Modular Dungeon/Components/Texture Maps/ModularDungeonSeperatedMaterials_Secondary Stone (Doorway Variation 001)_Metallic.png
  artifactKey: Guid(2cf97ca3c753e2e4085b446ccc76f5b5) Importer(815301076,1909f56bfc062723c751e8b465ee728b)
Start importing Assets/Simple Modular Dungeon/Components/Texture Maps/ModularDungeonSeperatedMaterials_Secondary Stone (Doorway Variation 001)_Metallic.png using Guid(2cf97ca3c753e2e4085b446ccc76f5b5) Importer(815301076,1909f56bfc062723c751e8b465ee728b)  -> (artifact id: '1dbd01029139c26bbc19c7c815560846') in 0.010704 seconds
Number of updated asset objects reloaded before import = 0
Number of asset objects unloaded after import = 2
========================================================================
Received Import Request.
  Time since last request: 0.000013 seconds.
  path: Assets/Simple Modular Dungeon/Components/Texture Maps/ModularDungeonSeperatedMaterials_Metal (Torch Variation 002)_Normal.png
  artifactKey: Guid(390eb8c44177e1f42b8514515705fbb1) Importer(815301076,1909f56bfc062723c751e8b465ee728b)
Start importing Assets/Simple Modular Dungeon/Components/Texture Maps/ModularDungeonSeperatedMaterials_Metal (Torch Variation 002)_Normal.png using Guid(390eb8c44177e1f42b8514515705fbb1) Importer(815301076,1909f56bfc062723c751e8b465ee728b)  -> (artifact id: 'c34a5e480e34d3201204db4f16375052') in 0.017421 seconds
Number of updated asset objects reloaded before import = 0
Number of asset objects unloaded after import = 2
========================================================================
Received Import Request.
  Time since last request: 0.473166 seconds.
  path: Assets/Simple Modular Dungeon/Components/Texture Maps/ModularDungeonSeperatedMaterials_Secondary Stone (Doorway Variation 004)_Albedo.png
  artifactKey: Guid(43be12d17f7c7294b9e5020b02ccca8f) Importer(815301076,1909f56bfc062723c751e8b465ee728b)
Start importing Assets/Simple Modular Dungeon/Components/Texture Maps/ModularDungeonSeperatedMaterials_Secondary Stone (Doorway Variation 004)_Albedo.png using Guid(43be12d17f7c7294b9e5020b02ccca8f) Importer(815301076,1909f56bfc062723c751e8b465ee728b)  -> (artifact id: 'aee357ccec90bb84c1cfd78b8442b89a') in 0.023277 seconds
Number of updated asset objects reloaded before import = 0
Number of asset objects unloaded after import = 2
========================================================================
Received Import Request.
  Time since last request: 0.000014 seconds.
  path: Assets/Simple Modular Dungeon/Components/Texture Maps/ModularDungeonSeperatedMaterials_Secondary Stone (Doorway Variation 004)_AmbientOcclusion.png
  artifactKey: Guid(e7c9903c297b5b14aaeb54ba9a71d816) Importer(815301076,1909f56bfc062723c751e8b465ee728b)
Start importing Assets/Simple Modular Dungeon/Components/Texture Maps/ModularDungeonSeperatedMaterials_Secondary Stone (Doorway Variation 004)_AmbientOcclusion.png using Guid(e7c9903c297b5b14aaeb54ba9a71d816) Importer(815301076,1909f56bfc062723c751e8b465ee728b)  -> (artifact id: 'a85abbfbded2bbd512b313cbbf9b8c78') in 0.019097 seconds
Number of updated asset objects reloaded before import = 0
Number of asset objects unloaded after import = 2
========================================================================
Received Import Request.
  Time since last request: 0.000013 seconds.
  path: Assets/Simple Modular Dungeon/Components/Texture Maps/ModularDungeonSeperatedMaterials_Secondary Stone (Doorway Variation 005)_Albedo.png
  artifactKey: Guid(f4f0221aeb39b8241ad33b95330a616b) Importer(815301076,1909f56bfc062723c751e8b465ee728b)
Start importing Assets/Simple Modular Dungeon/Components/Texture Maps/ModularDungeonSeperatedMaterials_Secondary Stone (Doorway Variation 005)_Albedo.png using Guid(f4f0221aeb39b8241ad33b95330a616b) Importer(815301076,1909f56bfc062723c751e8b465ee728b)  -> (artifact id: 'da8922ea8c804926b5212a7fe6e20951') in 0.016333 seconds
Number of updated asset objects reloaded before import = 0
Number of asset objects unloaded after import = 2
========================================================================
Received Import Request.
  Time since last request: 22.041508 seconds.
  path: Assets/Simple Modular Dungeon/Prefabs/Arch & Pillars/Pillar Parent 003.prefab
  artifactKey: Guid(3d8c114f6e9c83e4ca04a6782f008b1b) Importer(815301076,1909f56bfc062723c751e8b465ee728b)
Start importing Assets/Simple Modular Dungeon/Prefabs/Arch & Pillars/Pillar Parent 003.prefab using Guid(3d8c114f6e9c83e4ca04a6782f008b1b) Importer(815301076,1909f56bfc062723c751e8b465ee728b)  -> (artifact id: '01864933927f38c9fb287d3969d4d589') in 0.254239 seconds
Number of updated asset objects reloaded before import = 0
Number of asset objects unloaded after import = 22
========================================================================
Received Import Request.
  Time since last request: 13.334728 seconds.
  path: Assets/SkythianCat/Glowing_Forest/Materials/Bush02.mat
  artifactKey: Guid(248b7cf269a683c4fa35eae347e84bfd) Importer(815301076,1909f56bfc062723c751e8b465ee728b)
Start importing Assets/SkythianCat/Glowing_Forest/Materials/Bush02.mat using Guid(248b7cf269a683c4fa35eae347e84bfd) Importer(815301076,1909f56bfc062723c751e8b465ee728b)  -> (artifact id: '2e41dfcbf6bbd9ee6ba20a957f8dce9e') in 0.121830 seconds
Number of updated asset objects reloaded before import = 0
Number of asset objects unloaded after import = 2
========================================================================
Received Import Request.
  Time since last request: 0.000017 seconds.
  path: Assets/SkythianCat/Glowing_Forest/Materials/Stump_tip.mat
  artifactKey: Guid(549e88fcc1f31da44b2fe9da79c561f9) Importer(815301076,1909f56bfc062723c751e8b465ee728b)
Start importing Assets/SkythianCat/Glowing_Forest/Materials/Stump_tip.mat using Guid(549e88fcc1f31da44b2fe9da79c561f9) Importer(815301076,1909f56bfc062723c751e8b465ee728b)  -> (artifact id: '8dddd1ff2b5a1af18c67bc1ad931f815') in 0.022844 seconds
Number of updated asset objects reloaded before import = 0
Number of asset objects unloaded after import = 2
========================================================================
Received Import Request.
  Time since last request: 0.000022 seconds.
  path: Assets/SkythianCat/Glowing_Forest/Materials/Oak_bark.mat
  artifactKey: Guid(912e20b258c53444eb779e0a8a50abfc) Importer(815301076,1909f56bfc062723c751e8b465ee728b)
Start importing Assets/SkythianCat/Glowing_Forest/Materials/Oak_bark.mat using Guid(912e20b258c53444eb779e0a8a50abfc) Importer(815301076,1909f56bfc062723c751e8b465ee728b)  -> (artifact id: 'b45d4052d0a506d395149119ae3f85d9') in 0.050576 seconds
Number of updated asset objects reloaded before import = 0
Number of asset objects unloaded after import = 2
========================================================================
Received Import Request.
  Time since last request: 0.000015 seconds.
  path: Assets/SkythianCat/Glowing_Forest/Materials/Water_wave.mat
  artifactKey: Guid(79eaef812c9bef1409c3a4ad3fdee804) Importer(815301076,1909f56bfc062723c751e8b465ee728b)
Start importing Assets/SkythianCat/Glowing_Forest/Materials/Water_wave.mat using Guid(79eaef812c9bef1409c3a4ad3fdee804) Importer(815301076,1909f56bfc062723c751e8b465ee728b)  -> (artifact id: '34979ebd2d52a936023b1d89caea69d3') in 0.039739 seconds
Number of updated asset objects reloaded before import = 0
Number of asset objects unloaded after import = 2
Editor requested this worker to shutdown with reason: Scaling down because of idle timeout
TcpMessagingSession - receive error
AssetImportWorkerClient::OnTransportError - code=2 error=End of file
AssetImportWorker is now disconnected from the server
Process exiting
Exiting without the bug reporter. Application will terminate with return code 0