Using pre-set license
Built from '2022.3/staging' branch; Version is '2022.3.13f1 (5f90a5ebde0f) revision 6262949'; Using compiler version '192829333'; Build Type 'Release'
OS: 'Windows 11  (10.0.22631) 64bit Professional' Language: 'ja' Physical Memory: 32560 MB
BatchMode: 1, IsHumanControllingUs: 0, StartBugReporterOnCrash: 0, Is64bit: 1, IsPro: 1

COMMAND LINE ARGUMENTS:
C:\Program Files\Unity\Hub\Editor\2022.3.13f1\Editor\Unity.exe
-adb2
-batchMode
-noUpm
-name
AssetImportWorker1
-projectPath
C:/Users/fko2347054/Documents/GitHub/TimeAttackDungeon/TimeAttackDungeon
-logFile
Logs/AssetImportWorker1.log
-srvPort
57157
Successfully changed project path to: C:/Users/fko2347054/Documents/GitHub/TimeAttackDungeon/TimeAttackDungeon
C:/Users/fko2347054/Documents/GitHub/TimeAttackDungeon/TimeAttackDungeon
[UnityMemory] Configuration Parameters - Can be set up in boot.config
    "memorysetup-bucket-allocator-granularity=16"
    "memorysetup-bucket-allocator-bucket-count=8"
    "memorysetup-bucket-allocator-block-size=33554432"
    "memorysetup-bucket-allocator-block-count=8"
    "memorysetup-main-allocator-block-size=16777216"
    "memorysetup-thread-allocator-block-size=16777216"
    "memorysetup-gfx-main-allocator-block-size=16777216"
    "memorysetup-gfx-thread-allocator-block-size=16777216"
    "memorysetup-cache-allocator-block-size=4194304"
    "memorysetup-typetree-allocator-block-size=2097152"
    "memorysetup-profiler-bucket-allocator-granularity=16"
    "memorysetup-profiler-bucket-allocator-bucket-count=8"
    "memorysetup-profiler-bucket-allocator-block-size=33554432"
    "memorysetup-profiler-bucket-allocator-block-count=8"
    "memorysetup-profiler-allocator-block-size=16777216"
    "memorysetup-profiler-editor-allocator-block-size=1048576"
    "memorysetup-temp-allocator-size-main=16777216"
    "memorysetup-job-temp-allocator-block-size=2097152"
    "memorysetup-job-temp-allocator-block-size-background=1048576"
    "memorysetup-job-temp-allocator-reduction-small-platforms=262144"
    "memorysetup-allocator-temp-initial-block-size-main=262144"
    "memorysetup-allocator-temp-initial-block-size-worker=262144"
    "memorysetup-temp-allocator-size-background-worker=32768"
    "memorysetup-temp-allocator-size-job-worker=262144"
    "memorysetup-temp-allocator-size-preload-manager=33554432"
    "memorysetup-temp-allocator-size-nav-mesh-worker=65536"
    "memorysetup-temp-allocator-size-audio-worker=65536"
    "memorysetup-temp-allocator-size-cloud-worker=32768"
    "memorysetup-temp-allocator-size-gi-baking-worker=262144"
    "memorysetup-temp-allocator-size-gfx=262144"
Player connection [39076] Host "[IP] 172.18.33.112 [Port] 0 [Flags] 2 [Guid] 3529112425 [EditorId] 3529112425 [Version] 1048832 [Id] WindowsEditor(7,FIC-PCROOM3C-12) [Debug] 1 [PackageName] WindowsEditor [ProjectName] Editor" joined multi-casting on [225.0.0.222:54997]...

Player connection [39076] Host "[IP] 172.18.33.112 [Port] 0 [Flags] 2 [Guid] 3529112425 [EditorId] 3529112425 [Version] 1048832 [Id] WindowsEditor(7,FIC-PCROOM3C-12) [Debug] 1 [PackageName] WindowsEditor [ProjectName] Editor" joined alternative multi-casting on [225.0.0.222:34997]...

[Physics::Module] Initialized MultithreadedJobDispatcher with 19 workers.
Refreshing native plugins compatible for Editor in 4.86 ms, found 3 plugins.
Preloading 0 native plugins for Editor in 0.00 ms.
Initialize engine version: 2022.3.13f1 (5f90a5ebde0f)
[Subsystems] Discovering subsystems at path C:/Program Files/Unity/Hub/Editor/2022.3.13f1/Editor/Data/Resources/UnitySubsystems
[Subsystems] Discovering subsystems at path C:/Users/fko2347054/Documents/GitHub/TimeAttackDungeon/TimeAttackDungeon/Assets
GfxDevice: creating device client; threaded=0; jobified=0
Direct3D:
    Version:  Direct3D 11.0 [level 11.1]
    Renderer: NVIDIA GeForce RTX 3070 (ID=0x2488)
    Vendor:   NVIDIA
    VRAM:     8018 MB
    Driver:   31.0.15.5168
Initialize mono
Mono path[0] = 'C:/Program Files/Unity/Hub/Editor/2022.3.13f1/Editor/Data/Managed'
Mono path[1] = 'C:/Program Files/Unity/Hub/Editor/2022.3.13f1/Editor/Data/MonoBleedingEdge/lib/mono/unityjit-win32'
Mono config path = 'C:/Program Files/Unity/Hub/Editor/2022.3.13f1/Editor/Data/MonoBleedingEdge/etc'
Using monoOptions --debugger-agent=transport=dt_socket,embedding=1,server=y,suspend=n,address=127.0.0.1:56080
Begin MonoManager ReloadAssembly
Registering precompiled unity dll's ...
Register platform support module: C:/Program Files/Unity/Hub/Editor/2022.3.13f1/Editor/Data/PlaybackEngines/WebGLSupport/UnityEditor.WebGL.Extensions.dll
Register platform support module: C:/Program Files/Unity/Hub/Editor/2022.3.13f1/Editor/Data/PlaybackEngines/WindowsStandaloneSupport/UnityEditor.WindowsStandalone.Extensions.dll
Registered in 0.004152 seconds.
- Loaded All Assemblies, in  0.243 seconds
Native extension for WindowsStandalone target not found
Native extension for WebGL target not found
Mono: successfully reloaded assembly
- Finished resetting the current domain, in  0.178 seconds
Domain Reload Profiling: 421ms
	BeginReloadAssembly (78ms)
		ExecutionOrderSort (0ms)
		DisableScriptedObjects (0ms)
		BackupInstance (0ms)
		ReleaseScriptingObjects (0ms)
		CreateAndSetChildDomain (1ms)
	RebuildCommonClasses (23ms)
	RebuildNativeTypeToScriptingClass (7ms)
	initialDomainReloadingComplete (40ms)
	LoadAllAssembliesAndSetupDomain (95ms)
		LoadAssemblies (76ms)
		RebuildTransferFunctionScriptingTraits (0ms)
		AnalyzeDomain (94ms)
			TypeCache.Refresh (93ms)
				TypeCache.ScanAssembly (84ms)
			ScanForSourceGeneratedMonoScriptInfo (0ms)
			ResolveRequiredComponents (0ms)
	FinalizeReload (179ms)
		ReleaseScriptCaches (0ms)
		RebuildScriptCaches (0ms)
		SetupLoadedEditorAssemblies (136ms)
			LogAssemblyErrors (0ms)
			InitializePlatformSupportModulesInManaged (6ms)
			SetLoadedEditorAssemblies (4ms)
			RefreshPlugins (0ms)
			BeforeProcessingInitializeOnLoad (2ms)
			ProcessInitializeOnLoadAttributes (90ms)
			ProcessInitializeOnLoadMethodAttributes (33ms)
			AfterProcessingInitializeOnLoad (0ms)
			EditorAssembliesLoaded (0ms)
		ExecutionOrderSort2 (0ms)
		AwakeInstancesAfterBackupRestoration (0ms)
========================================================================
Worker process is ready to serve import requests
Begin MonoManager ReloadAssembly
- Loaded All Assemblies, in  0.416 seconds
Refreshing native plugins compatible for Editor in 1.48 ms, found 3 plugins.
Native extension for WindowsStandalone target not found
Native extension for WebGL target not found
Package Manager log level set to [2]
[Package Manager] Server::EnsureServerProcessIsRunning -- launch failed, reason: Unity was launched with the -noUpm command-line argument
[Package Manager] UpmClient::Send -- Unable to send message (not connected to UPM process).
[Package Manager] Cannot connect to Unity Package Manager local server
Mono: successfully reloaded assembly
- Finished resetting the current domain, in  0.506 seconds
Domain Reload Profiling: 921ms
	BeginReloadAssembly (100ms)
		ExecutionOrderSort (0ms)
		DisableScriptedObjects (4ms)
		BackupInstance (0ms)
		ReleaseScriptingObjects (0ms)
		CreateAndSetChildDomain (14ms)
	RebuildCommonClasses (21ms)
	RebuildNativeTypeToScriptingClass (9ms)
	initialDomainReloadingComplete (27ms)
	LoadAllAssembliesAndSetupDomain (258ms)
		LoadAssemblies (191ms)
		RebuildTransferFunctionScriptingTraits (0ms)
		AnalyzeDomain (124ms)
			TypeCache.Refresh (108ms)
				TypeCache.ScanAssembly (98ms)
			ScanForSourceGeneratedMonoScriptInfo (10ms)
			ResolveRequiredComponents (5ms)
	FinalizeReload (507ms)
		ReleaseScriptCaches (0ms)
		RebuildScriptCaches (0ms)
		SetupLoadedEditorAssemblies (406ms)
			LogAssemblyErrors (0ms)
			InitializePlatformSupportModulesInManaged (4ms)
			SetLoadedEditorAssemblies (2ms)
			RefreshPlugins (0ms)
			BeforeProcessingInitializeOnLoad (38ms)
			ProcessInitializeOnLoadAttributes (344ms)
			ProcessInitializeOnLoadMethodAttributes (14ms)
			AfterProcessingInitializeOnLoad (4ms)
			EditorAssembliesLoaded (0ms)
		ExecutionOrderSort2 (0ms)
		AwakeInstancesAfterBackupRestoration (4ms)
Launched and connected shader compiler UnityShaderCompiler.exe after 0.03 seconds
Refreshing native plugins compatible for Editor in 2.62 ms, found 3 plugins.
Preloading 0 native plugins for Editor in 0.00 ms.
Unloading 3166 Unused Serialized files (Serialized files now loaded: 0)
Unloading 32 unused Assets / (57.7 KB). Loaded Objects now: 3660.
Memory consumption went from 141.5 MB to 141.5 MB.
Total: 3.714000 ms (FindLiveObjects: 0.275200 ms CreateObjectMapping: 0.177700 ms MarkObjects: 3.132700 ms  DeleteObjects: 0.126200 ms)

AssetImportParameters requested are different than current active one (requested -> active):
  custom:container-demuxer-ogg: 62fdf1f143b41e24485cea50d1cbac27 -> 
  custom:video-codec-MediaFoundation-h265: 746d11721c4dcdbdad8f713fa42b33f4 -> 
  custom:video-decoder-ogg-theora: a1e56fd34408186e4bbccfd4996cb3dc -> 
  custom:framework-win-MediaFoundation: 216162199b28c13a410421893ffa2e32 -> 
  custom:CustomObjectIndexerAttribute: 756ad292c208cfabdd7b50bc23989ffe -> 
  custom:container-demuxer-webm: 4f35f7cbe854078d1ac9338744f61a02 -> 
  custom:container-muxer-webm: aa71ff27fc2769a1b78a27578f13a17b -> 
  custom:video-decoder-webm-vp8: 9c59270c3fd7afecdb556c50c9e8de78 -> 
  custom:SearchIndexIgnoredProperties: e643bd26f0fe6173181afceb89e7c659 -> 
  custom:AudioImporter_EditorPlatform: d09bf68614088b80899f8185d706f6e7 -> 
  custom:video-encoder-webm-vp8: eb34c28f22e8b96e1ab97ce403110664 -> 
  custom:audio-decoder-ogg-vorbis: bf7c407c2cedff20999df2af8eb42d56 -> 
  custom:audio-encoder-webm-vorbis: bf7c407c2cedff20999df2af8eb42d56 -> 
========================================================================
Received Import Request.
  Time since last request: 1040235.720073 seconds.
  path: Assets/TerrainDemo/New Terrain.asset
  artifactKey: Guid(fb8f41feee9285a42a5e4ca6dc5a9eea) Importer(815301076,1909f56bfc062723c751e8b465ee728b)
Start importing Assets/TerrainDemo/New Terrain.asset using Guid(fb8f41feee9285a42a5e4ca6dc5a9eea) Importer(815301076,1909f56bfc062723c751e8b465ee728b)  -> (artifact id: 'b5fe102851a3090ce0e9fd989ff75ce3') in 0.014691 seconds
Number of updated asset objects reloaded before import = 0
Number of asset objects unloaded after import = 1
========================================================================
Received Import Request.
  Time since last request: 0.000029 seconds.
  path: Assets/TerrainDemo/TerrainData_9dcce588-5875-4af4-bbea-d66f8b516130.asset
  artifactKey: Guid(b95765863d07dec45aac54899c68747f) Importer(815301076,1909f56bfc062723c751e8b465ee728b)
Start importing Assets/TerrainDemo/TerrainData_9dcce588-5875-4af4-bbea-d66f8b516130.asset using Guid(b95765863d07dec45aac54899c68747f) Importer(815301076,1909f56bfc062723c751e8b465ee728b)  -> (artifact id: '02537fbd4e4d41def30a73c0f29a0fe7') in 0.003619 seconds
Number of updated asset objects reloaded before import = 0
Number of asset objects unloaded after import = 1
========================================================================
Received Import Request.
  Time since last request: 73.463764 seconds.
  path: Assets/Fabgrid/Demo/3D Game Kit - Props Pack/Environment/Ground/Textures/Moss_MetallicSmooth.tif
  artifactKey: Guid(959fe93954fd6c349a6274a09ed4e1e5) Importer(815301076,1909f56bfc062723c751e8b465ee728b)
Start importing Assets/Fabgrid/Demo/3D Game Kit - Props Pack/Environment/Ground/Textures/Moss_MetallicSmooth.tif using Guid(959fe93954fd6c349a6274a09ed4e1e5) Importer(815301076,1909f56bfc062723c751e8b465ee728b)  -> (artifact id: '24b519389e2c06a5ef41725a6e460d2f') in 0.040187 seconds
Number of updated asset objects reloaded before import = 0
Number of asset objects unloaded after import = 2
========================================================================
Received Import Request.
  Time since last request: 0.000014 seconds.
  path: Assets/Fabgrid/Demo/3D Game Kit - Props Pack/Environment/Ground/Textures/Moss_Normal.tif
  artifactKey: Guid(ba636111ccf91df469cf93c2e9c9bb42) Importer(815301076,1909f56bfc062723c751e8b465ee728b)
Start importing Assets/Fabgrid/Demo/3D Game Kit - Props Pack/Environment/Ground/Textures/Moss_Normal.tif using Guid(ba636111ccf91df469cf93c2e9c9bb42) Importer(815301076,1909f56bfc062723c751e8b465ee728b)  -> (artifact id: '34b7a5d74725b46fec6eea220cb51d78') in 0.033367 seconds
Number of updated asset objects reloaded before import = 0
Number of asset objects unloaded after import = 2
========================================================================
Received Import Request.
  Time since last request: 36.383375 seconds.
  path: Assets/Fabgrid/Demo/Prefabs/FloorPanel1x1.prefab
  artifactKey: Guid(8cdeb2c78b3834942b1d820ad9f668dc) Importer(815301076,1909f56bfc062723c751e8b465ee728b)
Start importing Assets/Fabgrid/Demo/Prefabs/FloorPanel1x1.prefab using Guid(8cdeb2c78b3834942b1d820ad9f668dc) Importer(815301076,1909f56bfc062723c751e8b465ee728b)  -> (artifact id: '703c74893e49e947bd15a5c00355e2ea') in 0.245886 seconds
Number of updated asset objects reloaded before import = 0
Number of asset objects unloaded after import = 24
========================================================================
Received Import Request.
  Time since last request: 0.000018 seconds.
  path: Assets/Fabgrid/Demo/Prefabs/WeaponPedestal.prefab
  artifactKey: Guid(b6068ba9471625a46a00d460d71a0535) Importer(815301076,1909f56bfc062723c751e8b465ee728b)
Start importing Assets/Fabgrid/Demo/Prefabs/WeaponPedestal.prefab using Guid(b6068ba9471625a46a00d460d71a0535) Importer(815301076,1909f56bfc062723c751e8b465ee728b)  -> (artifact id: '598fcadf69bb2d54724a3677508a7665') in 0.027425 seconds
Number of updated asset objects reloaded before import = 0
Number of asset objects unloaded after import = 15
========================================================================
Received Import Request.
  Time since last request: 0.000025 seconds.
  path: Assets/Fabgrid/Demo/Prefabs/PlatformShort.prefab
  artifactKey: Guid(8b64a65c1b03e0a4fa97e8041c167e34) Importer(815301076,1909f56bfc062723c751e8b465ee728b)
Start importing Assets/Fabgrid/Demo/Prefabs/PlatformShort.prefab using Guid(8b64a65c1b03e0a4fa97e8041c167e34) Importer(815301076,1909f56bfc062723c751e8b465ee728b)  -> (artifact id: '0e365af6413bb1ca5268107afb6b16c3') in 0.031630 seconds
Number of updated asset objects reloaded before import = 0
Number of asset objects unloaded after import = 16
========================================================================
Received Import Request.
  Time since last request: 0.000015 seconds.
  path: Assets/Fabgrid/Demo/Prefabs/WallCorner02.prefab
  artifactKey: Guid(fc511734fb75311448bf4f4e964d21b8) Importer(815301076,1909f56bfc062723c751e8b465ee728b)
Start importing Assets/Fabgrid/Demo/Prefabs/WallCorner02.prefab using Guid(fc511734fb75311448bf4f4e964d21b8) Importer(815301076,1909f56bfc062723c751e8b465ee728b)  -> (artifact id: 'a94c472f8947a28d09f0afc9376fca52') in 0.031510 seconds
Number of updated asset objects reloaded before import = 0
Number of asset objects unloaded after import = 24
========================================================================
Received Import Request.
  Time since last request: 0.000016 seconds.
  path: Assets/Fabgrid/Demo/Prefabs/WallShort01.prefab
  artifactKey: Guid(598b6cf2d36bee34189eb01306d1a942) Importer(815301076,1909f56bfc062723c751e8b465ee728b)
Start importing Assets/Fabgrid/Demo/Prefabs/WallShort01.prefab using Guid(598b6cf2d36bee34189eb01306d1a942) Importer(815301076,1909f56bfc062723c751e8b465ee728b)  -> (artifact id: '28e86d380e4bd382c9f222934bb27d4f') in 0.028750 seconds
Number of updated asset objects reloaded before import = 0
Number of asset objects unloaded after import = 24
========================================================================
Received Import Request.
  Time since last request: 0.000019 seconds.
  path: Assets/Fabgrid/Demo/Prefabs/StairsNarrow01.prefab
  artifactKey: Guid(33ac18db2277db3489502c64af3fab26) Importer(815301076,1909f56bfc062723c751e8b465ee728b)
Start importing Assets/Fabgrid/Demo/Prefabs/StairsNarrow01.prefab using Guid(33ac18db2277db3489502c64af3fab26) Importer(815301076,1909f56bfc062723c751e8b465ee728b)  -> (artifact id: 'd05dd1617fe84371e026736a4fdfe882') in 0.029174 seconds
Number of updated asset objects reloaded before import = 0
Number of asset objects unloaded after import = 16
========================================================================
Received Import Request.
  Time since last request: 0.000022 seconds.
  path: Assets/Fabgrid/Demo/Prefabs/HealthBox.prefab
  artifactKey: Guid(1b7df19f208a3ee488df53ce116a3e63) Importer(815301076,1909f56bfc062723c751e8b465ee728b)
Start importing Assets/Fabgrid/Demo/Prefabs/HealthBox.prefab using Guid(1b7df19f208a3ee488df53ce116a3e63) Importer(815301076,1909f56bfc062723c751e8b465ee728b)  -> (artifact id: '00b197b58beaac625181a001a0e4554f') in 0.034603 seconds
Number of updated asset objects reloaded before import = 0
Number of asset objects unloaded after import = 31
Editor requested this worker to shutdown with reason: Scaling down because of idle timeout
TcpMessagingSession - receive error: operation aborted. errorcode: 995, details: スレッドの終了またはアプリケーションの要求によって、I/O 処理は中止されました。
AssetImportWorker is now disconnected from the server
Process exiting
Exiting without the bug reporter. Application will terminate with return code 0