Using pre-set license
Built from '2022.3/staging' branch; Version is '2022.3.13f1 (5f90a5ebde0f) revision 6262949'; Using compiler version '192829333'; Build Type 'Release'
OS: 'Windows 11  (10.0.22631) 64bit Professional' Language: 'ja' Physical Memory: 32560 MB
BatchMode: 1, IsHumanControllingUs: 0, StartBugReporterOnCrash: 0, Is64bit: 1, IsPro: 1

COMMAND LINE ARGUMENTS:
C:\Program Files\Unity\Hub\Editor\2022.3.13f1\Editor\Unity.exe
-adb2
-batchMode
-noUpm
-name
AssetImportWorker7
-projectPath
C:/Users/fko2347054/Documents/GitHub/TimeAttackDungeon/TimeAttackDungeon
-logFile
Logs/AssetImportWorker7.log
-srvPort
62028
Successfully changed project path to: C:/Users/fko2347054/Documents/GitHub/TimeAttackDungeon/TimeAttackDungeon
C:/Users/fko2347054/Documents/GitHub/TimeAttackDungeon/TimeAttackDungeon
[UnityMemory] Configuration Parameters - Can be set up in boot.config
    "memorysetup-bucket-allocator-granularity=16"
    "memorysetup-bucket-allocator-bucket-count=8"
    "memorysetup-bucket-allocator-block-size=33554432"
    "memorysetup-bucket-allocator-block-count=8"
    "memorysetup-main-allocator-block-size=16777216"
    "memorysetup-thread-allocator-block-size=16777216"
    "memorysetup-gfx-main-allocator-block-size=16777216"
    "memorysetup-gfx-thread-allocator-block-size=16777216"
    "memorysetup-cache-allocator-block-size=4194304"
    "memorysetup-typetree-allocator-block-size=2097152"
    "memorysetup-profiler-bucket-allocator-granularity=16"
    "memorysetup-profiler-bucket-allocator-bucket-count=8"
    "memorysetup-profiler-bucket-allocator-block-size=33554432"
    "memorysetup-profiler-bucket-allocator-block-count=8"
    "memorysetup-profiler-allocator-block-size=16777216"
    "memorysetup-profiler-editor-allocator-block-size=1048576"
    "memorysetup-temp-allocator-size-main=16777216"
    "memorysetup-job-temp-allocator-block-size=2097152"
    "memorysetup-job-temp-allocator-block-size-background=1048576"
    "memorysetup-job-temp-allocator-reduction-small-platforms=262144"
    "memorysetup-allocator-temp-initial-block-size-main=262144"
    "memorysetup-allocator-temp-initial-block-size-worker=262144"
    "memorysetup-temp-allocator-size-background-worker=32768"
    "memorysetup-temp-allocator-size-job-worker=262144"
    "memorysetup-temp-allocator-size-preload-manager=33554432"
    "memorysetup-temp-allocator-size-nav-mesh-worker=65536"
    "memorysetup-temp-allocator-size-audio-worker=65536"
    "memorysetup-temp-allocator-size-cloud-worker=32768"
    "memorysetup-temp-allocator-size-gi-baking-worker=262144"
    "memorysetup-temp-allocator-size-gfx=262144"
Player connection [57452] Host "[IP] 172.18.33.112 [Port] 0 [Flags] 2 [Guid] 2309528309 [EditorId] 2309528309 [Version] 1048832 [Id] WindowsEditor(7,FIC-PCROOM3C-12) [Debug] 1 [PackageName] WindowsEditor [ProjectName] Editor" joined multi-casting on [225.0.0.222:54997]...

Player connection [57452] Host "[IP] 172.18.33.112 [Port] 0 [Flags] 2 [Guid] 2309528309 [EditorId] 2309528309 [Version] 1048832 [Id] WindowsEditor(7,FIC-PCROOM3C-12) [Debug] 1 [PackageName] WindowsEditor [ProjectName] Editor" joined alternative multi-casting on [225.0.0.222:34997]...

[Physics::Module] Initialized MultithreadedJobDispatcher with 19 workers.
Refreshing native plugins compatible for Editor in 5.11 ms, found 3 plugins.
Preloading 0 native plugins for Editor in 0.00 ms.
Initialize engine version: 2022.3.13f1 (5f90a5ebde0f)
[Subsystems] Discovering subsystems at path C:/Program Files/Unity/Hub/Editor/2022.3.13f1/Editor/Data/Resources/UnitySubsystems
[Subsystems] Discovering subsystems at path C:/Users/fko2347054/Documents/GitHub/TimeAttackDungeon/TimeAttackDungeon/Assets
GfxDevice: creating device client; threaded=0; jobified=0
Direct3D:
    Version:  Direct3D 11.0 [level 11.1]
    Renderer: NVIDIA GeForce RTX 3070 (ID=0x2488)
    Vendor:   NVIDIA
    VRAM:     8018 MB
    Driver:   31.0.15.5168
Initialize mono
Mono path[0] = 'C:/Program Files/Unity/Hub/Editor/2022.3.13f1/Editor/Data/Managed'
Mono path[1] = 'C:/Program Files/Unity/Hub/Editor/2022.3.13f1/Editor/Data/MonoBleedingEdge/lib/mono/unityjit-win32'
Mono config path = 'C:/Program Files/Unity/Hub/Editor/2022.3.13f1/Editor/Data/MonoBleedingEdge/etc'
Using monoOptions --debugger-agent=transport=dt_socket,embedding=1,server=y,suspend=n,address=127.0.0.1:56120
Begin MonoManager ReloadAssembly
Registering precompiled unity dll's ...
Register platform support module: C:/Program Files/Unity/Hub/Editor/2022.3.13f1/Editor/Data/PlaybackEngines/WebGLSupport/UnityEditor.WebGL.Extensions.dll
Register platform support module: C:/Program Files/Unity/Hub/Editor/2022.3.13f1/Editor/Data/PlaybackEngines/WindowsStandaloneSupport/UnityEditor.WindowsStandalone.Extensions.dll
Registered in 0.004212 seconds.
- Loaded All Assemblies, in  0.233 seconds
Native extension for WindowsStandalone target not found
Native extension for WebGL target not found
Mono: successfully reloaded assembly
- Finished resetting the current domain, in  0.169 seconds
Domain Reload Profiling: 400ms
	BeginReloadAssembly (72ms)
		ExecutionOrderSort (0ms)
		DisableScriptedObjects (0ms)
		BackupInstance (0ms)
		ReleaseScriptingObjects (0ms)
		CreateAndSetChildDomain (1ms)
	RebuildCommonClasses (23ms)
	RebuildNativeTypeToScriptingClass (7ms)
	initialDomainReloadingComplete (37ms)
	LoadAllAssembliesAndSetupDomain (93ms)
		LoadAssemblies (70ms)
		RebuildTransferFunctionScriptingTraits (0ms)
		AnalyzeDomain (92ms)
			TypeCache.Refresh (91ms)
				TypeCache.ScanAssembly (82ms)
			ScanForSourceGeneratedMonoScriptInfo (0ms)
			ResolveRequiredComponents (0ms)
	FinalizeReload (169ms)
		ReleaseScriptCaches (0ms)
		RebuildScriptCaches (0ms)
		SetupLoadedEditorAssemblies (130ms)
			LogAssemblyErrors (0ms)
			InitializePlatformSupportModulesInManaged (6ms)
			SetLoadedEditorAssemblies (4ms)
			RefreshPlugins (0ms)
			BeforeProcessingInitializeOnLoad (2ms)
			ProcessInitializeOnLoadAttributes (85ms)
			ProcessInitializeOnLoadMethodAttributes (33ms)
			AfterProcessingInitializeOnLoad (0ms)
			EditorAssembliesLoaded (0ms)
		ExecutionOrderSort2 (0ms)
		AwakeInstancesAfterBackupRestoration (0ms)
========================================================================
Worker process is ready to serve import requests
Begin MonoManager ReloadAssembly
- Loaded All Assemblies, in  0.432 seconds
Refreshing native plugins compatible for Editor in 1.51 ms, found 3 plugins.
Native extension for WindowsStandalone target not found
Native extension for WebGL target not found
Package Manager log level set to [2]
[Package Manager] Server::EnsureServerProcessIsRunning -- launch failed, reason: Unity was launched with the -noUpm command-line argument
[Package Manager] UpmClient::Send -- Unable to send message (not connected to UPM process).
[Package Manager] Cannot connect to Unity Package Manager local server
Mono: successfully reloaded assembly
- Finished resetting the current domain, in  0.518 seconds
Domain Reload Profiling: 949ms
	BeginReloadAssembly (108ms)
		ExecutionOrderSort (0ms)
		DisableScriptedObjects (4ms)
		BackupInstance (0ms)
		ReleaseScriptingObjects (0ms)
		CreateAndSetChildDomain (16ms)
	RebuildCommonClasses (22ms)
	RebuildNativeTypeToScriptingClass (7ms)
	initialDomainReloadingComplete (29ms)
	LoadAllAssembliesAndSetupDomain (265ms)
		LoadAssemblies (211ms)
		RebuildTransferFunctionScriptingTraits (0ms)
		AnalyzeDomain (117ms)
			TypeCache.Refresh (101ms)
				TypeCache.ScanAssembly (92ms)
			ScanForSourceGeneratedMonoScriptInfo (9ms)
			ResolveRequiredComponents (5ms)
	FinalizeReload (519ms)
		ReleaseScriptCaches (0ms)
		RebuildScriptCaches (0ms)
		SetupLoadedEditorAssemblies (423ms)
			LogAssemblyErrors (0ms)
			InitializePlatformSupportModulesInManaged (4ms)
			SetLoadedEditorAssemblies (2ms)
			RefreshPlugins (0ms)
			BeforeProcessingInitializeOnLoad (37ms)
			ProcessInitializeOnLoadAttributes (360ms)
			ProcessInitializeOnLoadMethodAttributes (16ms)
			AfterProcessingInitializeOnLoad (4ms)
			EditorAssembliesLoaded (0ms)
		ExecutionOrderSort2 (0ms)
		AwakeInstancesAfterBackupRestoration (4ms)
Launched and connected shader compiler UnityShaderCompiler.exe after 0.03 seconds
Refreshing native plugins compatible for Editor in 2.78 ms, found 3 plugins.
Preloading 0 native plugins for Editor in 0.00 ms.
Unloading 3099 Unused Serialized files (Serialized files now loaded: 0)
Unloading 32 unused Assets / (57.0 KB). Loaded Objects now: 3588.
Memory consumption went from 131.7 MB to 131.6 MB.
Total: 3.620600 ms (FindLiveObjects: 0.213600 ms CreateObjectMapping: 0.136300 ms MarkObjects: 3.146800 ms  DeleteObjects: 0.122200 ms)

AssetImportParameters requested are different than current active one (requested -> active):
  custom:container-demuxer-ogg: 62fdf1f143b41e24485cea50d1cbac27 -> 
  custom:video-codec-MediaFoundation-h265: 746d11721c4dcdbdad8f713fa42b33f4 -> 
  custom:video-decoder-ogg-theora: a1e56fd34408186e4bbccfd4996cb3dc -> 
  custom:framework-win-MediaFoundation: 216162199b28c13a410421893ffa2e32 -> 
  custom:CustomObjectIndexerAttribute: 756ad292c208cfabdd7b50bc23989ffe -> 
  custom:container-demuxer-webm: 4f35f7cbe854078d1ac9338744f61a02 -> 
  custom:container-muxer-webm: aa71ff27fc2769a1b78a27578f13a17b -> 
  custom:video-decoder-webm-vp8: 9c59270c3fd7afecdb556c50c9e8de78 -> 
  custom:SearchIndexIgnoredProperties: e643bd26f0fe6173181afceb89e7c659 -> 
  custom:AudioImporter_EditorPlatform: d09bf68614088b80899f8185d706f6e7 -> 
  custom:video-encoder-webm-vp8: eb34c28f22e8b96e1ab97ce403110664 -> 
  custom:audio-decoder-ogg-vorbis: bf7c407c2cedff20999df2af8eb42d56 -> 
  custom:audio-encoder-webm-vorbis: bf7c407c2cedff20999df2af8eb42d56 -> 
========================================================================
Received Import Request.
  Time since last request: 967239.479930 seconds.
  path: Assets/Simple Modular Dungeon/Components/Texture Maps/ModularDungeonSeperatedMaterials_Stone (Doorway Variation 005)_Normal.png
  artifactKey: Guid(e6a0d57d9b7f923468b4aa99814c2e08) Importer(815301076,1909f56bfc062723c751e8b465ee728b)
Start importing Assets/Simple Modular Dungeon/Components/Texture Maps/ModularDungeonSeperatedMaterials_Stone (Doorway Variation 005)_Normal.png using Guid(e6a0d57d9b7f923468b4aa99814c2e08) Importer(815301076,1909f56bfc062723c751e8b465ee728b)  -> (artifact id: '2911be6313f23c7aa37e5b971aa35539') in 0.091498 seconds
Number of updated asset objects reloaded before import = 0
Number of asset objects unloaded after import = 2
========================================================================
Received Import Request.
  Time since last request: 0.000030 seconds.
  path: Assets/Simple Modular Dungeon/Components/Texture Maps/ModularDungeonSeperatedMaterials_Stone (Doorway Variation 003)_Albedo.png
  artifactKey: Guid(6ed81f20f45a60b4d8ee92a4d27019b9) Importer(815301076,1909f56bfc062723c751e8b465ee728b)
Start importing Assets/Simple Modular Dungeon/Components/Texture Maps/ModularDungeonSeperatedMaterials_Stone (Doorway Variation 003)_Albedo.png using Guid(6ed81f20f45a60b4d8ee92a4d27019b9) Importer(815301076,1909f56bfc062723c751e8b465ee728b)  -> (artifact id: 'c359988429773f0f50b555482c934908') in 0.019723 seconds
Number of updated asset objects reloaded before import = 0
Number of asset objects unloaded after import = 2
========================================================================
Received Import Request.
  Time since last request: 0.000015 seconds.
  path: Assets/Simple Modular Dungeon/Components/Texture Maps/ModularDungeonSeperatedMaterials_Stone (Fire Challice Variation 002)_Albedo.png
  artifactKey: Guid(45e44f1a766c4d342a874e9d9e9db278) Importer(815301076,1909f56bfc062723c751e8b465ee728b)
Start importing Assets/Simple Modular Dungeon/Components/Texture Maps/ModularDungeonSeperatedMaterials_Stone (Fire Challice Variation 002)_Albedo.png using Guid(45e44f1a766c4d342a874e9d9e9db278) Importer(815301076,1909f56bfc062723c751e8b465ee728b)  -> (artifact id: '8b40e22521e485b831010dfc017febe2') in 0.017141 seconds
Number of updated asset objects reloaded before import = 0
Number of asset objects unloaded after import = 2
========================================================================
Received Import Request.
  Time since last request: 0.002705 seconds.
  path: Assets/Simple Modular Dungeon/Components/Texture Maps/ModularDungeonSeperatedMaterials_Stone (Fire Challice Variation 002)_Normal.png
  artifactKey: Guid(d9eab7fb58185804f9b0e12acc6c102d) Importer(815301076,1909f56bfc062723c751e8b465ee728b)
Start importing Assets/Simple Modular Dungeon/Components/Texture Maps/ModularDungeonSeperatedMaterials_Stone (Fire Challice Variation 002)_Normal.png using Guid(d9eab7fb58185804f9b0e12acc6c102d) Importer(815301076,1909f56bfc062723c751e8b465ee728b)  -> (artifact id: '5c8ee880f88f002092186f851b679dfe') in 0.022214 seconds
Number of updated asset objects reloaded before import = 0
Number of asset objects unloaded after import = 2
========================================================================
Received Import Request.
  Time since last request: 0.202569 seconds.
  path: Assets/Simple Modular Dungeon/Components/Texture Maps/ModularDungeonSeperatedMaterials_Stone (Floor Rock Variation 001)_Height.png
  artifactKey: Guid(39c4da8c557abb54a9b4054c24265887) Importer(815301076,1909f56bfc062723c751e8b465ee728b)
Start importing Assets/Simple Modular Dungeon/Components/Texture Maps/ModularDungeonSeperatedMaterials_Stone (Floor Rock Variation 001)_Height.png using Guid(39c4da8c557abb54a9b4054c24265887) Importer(815301076,1909f56bfc062723c751e8b465ee728b)  -> (artifact id: 'a1e0522555d3986ad07724e3bef0c6f3') in 0.017786 seconds
Number of updated asset objects reloaded before import = 0
Number of asset objects unloaded after import = 2
========================================================================
Received Import Request.
  Time since last request: 0.000023 seconds.
  path: Assets/Simple Modular Dungeon/Components/Texture Maps/ModularDungeonSeperatedMaterials_Stone (Floor Rock Variation 001)_Normal.png
  artifactKey: Guid(d6f78ed1abcc74f40bbedcd82caab007) Importer(815301076,1909f56bfc062723c751e8b465ee728b)
Start importing Assets/Simple Modular Dungeon/Components/Texture Maps/ModularDungeonSeperatedMaterials_Stone (Floor Rock Variation 001)_Normal.png using Guid(d6f78ed1abcc74f40bbedcd82caab007) Importer(815301076,1909f56bfc062723c751e8b465ee728b)  -> (artifact id: 'e06b98bb901d144e77064488aa09308a') in 0.035271 seconds
Number of updated asset objects reloaded before import = 0
Number of asset objects unloaded after import = 2
========================================================================
Received Import Request.
  Time since last request: 0.000014 seconds.
  path: Assets/Simple Modular Dungeon/Components/Texture Maps/ModularDungeonSeperatedMaterials_Stone (Floor Rock Variation 002)_Normal.png
  artifactKey: Guid(7a5464263597c774493cfcc2512f8340) Importer(815301076,1909f56bfc062723c751e8b465ee728b)
Start importing Assets/Simple Modular Dungeon/Components/Texture Maps/ModularDungeonSeperatedMaterials_Stone (Floor Rock Variation 002)_Normal.png using Guid(7a5464263597c774493cfcc2512f8340) Importer(815301076,1909f56bfc062723c751e8b465ee728b)  -> (artifact id: '9cbd4cb9066936ce11bb8bbd235643f8') in 0.013923 seconds
Number of updated asset objects reloaded before import = 0
Number of asset objects unloaded after import = 2
========================================================================
Received Import Request.
  Time since last request: 0.495904 seconds.
  path: Assets/Simple Modular Dungeon/Components/Texture Maps/ModularDungeonSeperatedMaterials_Stone (Lava Grate Variation 001)_Height.png
  artifactKey: Guid(231d8a5ea64889e4c9a48d9dfcd46bf2) Importer(815301076,1909f56bfc062723c751e8b465ee728b)
Start importing Assets/Simple Modular Dungeon/Components/Texture Maps/ModularDungeonSeperatedMaterials_Stone (Lava Grate Variation 001)_Height.png using Guid(231d8a5ea64889e4c9a48d9dfcd46bf2) Importer(815301076,1909f56bfc062723c751e8b465ee728b)  -> (artifact id: '1f30b184de2623735640731c5fd6f2be') in 0.014986 seconds
Number of updated asset objects reloaded before import = 0
Number of asset objects unloaded after import = 2
========================================================================
Received Import Request.
  Time since last request: 0.053212 seconds.
  path: Assets/Simple Modular Dungeon/Components/Texture Maps/ModularDungeonSeperatedMaterials_Stone (Pillar Variation 002)_Height.png
  artifactKey: Guid(7348a5763c6842a47ad8f89c435c7f64) Importer(815301076,1909f56bfc062723c751e8b465ee728b)
Start importing Assets/Simple Modular Dungeon/Components/Texture Maps/ModularDungeonSeperatedMaterials_Stone (Pillar Variation 002)_Height.png using Guid(7348a5763c6842a47ad8f89c435c7f64) Importer(815301076,1909f56bfc062723c751e8b465ee728b)  -> (artifact id: '4aaf56d68343b7431b8864ce2586c353') in 0.043403 seconds
Number of updated asset objects reloaded before import = 0
Number of asset objects unloaded after import = 2
========================================================================
Received Import Request.
  Time since last request: 0.000047 seconds.
  path: Assets/Simple Modular Dungeon/Components/Texture Maps/ModularDungeonSeperatedMaterials_Stone (Pillar Variation 003)_BaseMap.png
  artifactKey: Guid(7aba5b96625ab234388f16e85ca06250) Importer(815301076,1909f56bfc062723c751e8b465ee728b)
Start importing Assets/Simple Modular Dungeon/Components/Texture Maps/ModularDungeonSeperatedMaterials_Stone (Pillar Variation 003)_BaseMap.png using Guid(7aba5b96625ab234388f16e85ca06250) Importer(815301076,1909f56bfc062723c751e8b465ee728b)  -> (artifact id: 'a892c19f32d4aad5e57f6c7b94407b36') in 0.013847 seconds
Number of updated asset objects reloaded before import = 0
Number of asset objects unloaded after import = 2
========================================================================
Received Import Request.
  Time since last request: 0.000013 seconds.
  path: Assets/Simple Modular Dungeon/Components/Texture Maps/ModularDungeonSeperatedMaterials_Stone (Podium Circle Variation 001)_BaseMap.png
  artifactKey: Guid(2541014dfc9b1c44eaed5056d72a8cb6) Importer(815301076,1909f56bfc062723c751e8b465ee728b)
Start importing Assets/Simple Modular Dungeon/Components/Texture Maps/ModularDungeonSeperatedMaterials_Stone (Podium Circle Variation 001)_BaseMap.png using Guid(2541014dfc9b1c44eaed5056d72a8cb6) Importer(815301076,1909f56bfc062723c751e8b465ee728b)  -> (artifact id: 'eb212cd42b75149b2f6e14c22ad35d5b') in 0.013972 seconds
Number of updated asset objects reloaded before import = 0
Number of asset objects unloaded after import = 2
========================================================================
Received Import Request.
  Time since last request: 0.000026 seconds.
  path: Assets/Simple Modular Dungeon/Components/Texture Maps/ModularDungeonSeperatedMaterials_Stone (Podium Circle Variation 001)_Metallic.png
  artifactKey: Guid(702769b1b177d2f49a0b374b02f918d1) Importer(815301076,1909f56bfc062723c751e8b465ee728b)
Start importing Assets/Simple Modular Dungeon/Components/Texture Maps/ModularDungeonSeperatedMaterials_Stone (Podium Circle Variation 001)_Metallic.png using Guid(702769b1b177d2f49a0b374b02f918d1) Importer(815301076,1909f56bfc062723c751e8b465ee728b)  -> (artifact id: 'ef8b2fe4c4587cacc6a2f8d92aabf24a') in 0.007482 seconds
Number of updated asset objects reloaded before import = 0
Number of asset objects unloaded after import = 2
========================================================================
Received Import Request.
  Time since last request: 0.209898 seconds.
  path: Assets/Simple Modular Dungeon/Components/Texture Maps/ModularDungeonSeperatedMaterials_Stone (Podium Circle Variation 003)_Normal.png
  artifactKey: Guid(c65ce663b5536644e915e9644bcef45c) Importer(815301076,1909f56bfc062723c751e8b465ee728b)
Start importing Assets/Simple Modular Dungeon/Components/Texture Maps/ModularDungeonSeperatedMaterials_Stone (Podium Circle Variation 003)_Normal.png using Guid(c65ce663b5536644e915e9644bcef45c) Importer(815301076,1909f56bfc062723c751e8b465ee728b)  -> (artifact id: '6c649f317195a5e926f5ac3559eb26da') in 0.015730 seconds
Number of updated asset objects reloaded before import = 0
Number of asset objects unloaded after import = 2
========================================================================
Received Import Request.
  Time since last request: 0.005201 seconds.
  path: Assets/Simple Modular Dungeon/Components/Texture Maps/ModularDungeonSeperatedMaterials_Stone (Podium Large Variation 001)_MaskMap.png
  artifactKey: Guid(7f5a9b17fc9cba14ba069e57919cda57) Importer(815301076,1909f56bfc062723c751e8b465ee728b)
Start importing Assets/Simple Modular Dungeon/Components/Texture Maps/ModularDungeonSeperatedMaterials_Stone (Podium Large Variation 001)_MaskMap.png using Guid(7f5a9b17fc9cba14ba069e57919cda57) Importer(815301076,1909f56bfc062723c751e8b465ee728b)  -> (artifact id: '6017ea171093162b9a10cc923ba40183') in 0.015559 seconds
Number of updated asset objects reloaded before import = 0
Number of asset objects unloaded after import = 2
========================================================================
Received Import Request.
  Time since last request: 0.011532 seconds.
  path: Assets/Simple Modular Dungeon/Components/Texture Maps/ModularDungeonSeperatedMaterials_Stone (Stair Variation 001)_Height.png
  artifactKey: Guid(206d7b61a221d3748a33ce464aa0911c) Importer(815301076,1909f56bfc062723c751e8b465ee728b)
Start importing Assets/Simple Modular Dungeon/Components/Texture Maps/ModularDungeonSeperatedMaterials_Stone (Stair Variation 001)_Height.png using Guid(206d7b61a221d3748a33ce464aa0911c) Importer(815301076,1909f56bfc062723c751e8b465ee728b)  -> (artifact id: 'fcc977090defa6a0c39987660d9e4481') in 0.013653 seconds
Number of updated asset objects reloaded before import = 0
Number of asset objects unloaded after import = 2
========================================================================
Received Import Request.
  Time since last request: 0.077415 seconds.
  path: Assets/Simple Modular Dungeon/Components/Texture Maps/ModularDungeonSeperatedMaterials_Stone (Wall Variation 003)_AmbientOcclusion.png
  artifactKey: Guid(56b0e93d63191b54aa0bb46b3730f298) Importer(815301076,1909f56bfc062723c751e8b465ee728b)
Start importing Assets/Simple Modular Dungeon/Components/Texture Maps/ModularDungeonSeperatedMaterials_Stone (Wall Variation 003)_AmbientOcclusion.png using Guid(56b0e93d63191b54aa0bb46b3730f298) Importer(815301076,1909f56bfc062723c751e8b465ee728b)  -> (artifact id: '97901962c7e7d574702c6ee923e3b9d3') in 0.012650 seconds
Number of updated asset objects reloaded before import = 0
Number of asset objects unloaded after import = 2
========================================================================
Received Import Request.
  Time since last request: 0.063317 seconds.
  path: Assets/Simple Modular Dungeon/Components/Texture Maps/ModularDungeonSeperatedMaterials_Stone (Wall Variation 005)_MaskMap.png
  artifactKey: Guid(cd0a6fe926070e148bcdaeec68c30d23) Importer(815301076,1909f56bfc062723c751e8b465ee728b)
Start importing Assets/Simple Modular Dungeon/Components/Texture Maps/ModularDungeonSeperatedMaterials_Stone (Wall Variation 005)_MaskMap.png using Guid(cd0a6fe926070e148bcdaeec68c30d23) Importer(815301076,1909f56bfc062723c751e8b465ee728b)  -> (artifact id: '77f48749aa4383b20ac5b6fd27ae53a1') in 0.014062 seconds
Number of updated asset objects reloaded before import = 0
Number of asset objects unloaded after import = 2
========================================================================
Received Import Request.
  Time since last request: 0.567544 seconds.
  path: Assets/Simple Modular Dungeon/Components/Texture Maps/ModularDungeonSeperatedMaterials_Water Grate (Water Grate Variation 001)_Albedo.png
  artifactKey: Guid(61f7b39af0437c84b95155ec4cf59032) Importer(815301076,1909f56bfc062723c751e8b465ee728b)
Start importing Assets/Simple Modular Dungeon/Components/Texture Maps/ModularDungeonSeperatedMaterials_Water Grate (Water Grate Variation 001)_Albedo.png using Guid(61f7b39af0437c84b95155ec4cf59032) Importer(815301076,1909f56bfc062723c751e8b465ee728b)  -> (artifact id: '68efe32f8d74a93b1bb6c601ebc584e4') in 0.012463 seconds
Number of updated asset objects reloaded before import = 0
Number of asset objects unloaded after import = 2
========================================================================
Received Import Request.
  Time since last request: 0.276989 seconds.
  path: Assets/Simple Modular Dungeon/Components/Texture Maps/ModularDungeonSeperatedMaterials_Wick (Candelabra Variation 001)_MaskMap.png
  artifactKey: Guid(70db69fef09503f4888caaa793513f71) Importer(815301076,1909f56bfc062723c751e8b465ee728b)
Start importing Assets/Simple Modular Dungeon/Components/Texture Maps/ModularDungeonSeperatedMaterials_Wick (Candelabra Variation 001)_MaskMap.png using Guid(70db69fef09503f4888caaa793513f71) Importer(815301076,1909f56bfc062723c751e8b465ee728b)  -> (artifact id: 'cde191172034ebb771f1b62700b41357') in 0.014679 seconds
Number of updated asset objects reloaded before import = 0
Number of asset objects unloaded after import = 2
========================================================================
Received Import Request.
  Time since last request: 0.050477 seconds.
  path: Assets/Simple Modular Dungeon/Components/Texture Maps/ModularDungeonSeperatedMaterials_Wood Brown (Chest Variation 001)_Height.png
  artifactKey: Guid(82dbe028efb524d4b9a1af28707c8034) Importer(815301076,1909f56bfc062723c751e8b465ee728b)
Start importing Assets/Simple Modular Dungeon/Components/Texture Maps/ModularDungeonSeperatedMaterials_Wood Brown (Chest Variation 001)_Height.png using Guid(82dbe028efb524d4b9a1af28707c8034) Importer(815301076,1909f56bfc062723c751e8b465ee728b)  -> (artifact id: 'aa8e572b7e35a0d81726aae00a4dd2df') in 0.013877 seconds
Number of updated asset objects reloaded before import = 0
Number of asset objects unloaded after import = 2
Editor requested this worker to shutdown with reason: Scaling down because of idle timeout
TcpMessagingSession - receive error: operation aborted. errorcode: 995, details: スレッドの終了またはアプリケーションの要求によって、I/O 処理は中止されました。
AssetImportWorker is now disconnected from the server
Process exiting
Exiting without the bug reporter. Application will terminate with return code 0