Using pre-set license
Built from '2022.3/staging' branch; Version is '2022.3.13f1 (5f90a5ebde0f) revision 6262949'; Using compiler version '192829333'; Build Type 'Release'
OS: 'Windows 11  (10.0.22631) 64bit Professional' Language: 'ja' Physical Memory: 32560 MB
BatchMode: 1, IsHumanControllingUs: 0, StartBugReporterOnCrash: 0, Is64bit: 1, IsPro: 1

COMMAND LINE ARGUMENTS:
C:\Program Files\Unity\Hub\Editor\2022.3.13f1\Editor\Unity.exe
-adb2
-batchMode
-noUpm
-name
AssetImportWorker11
-projectPath
C:/Users/fko2347054/Documents/GitHub/TimeAttackDungeon/TimeAttackDungeon
-logFile
Logs/AssetImportWorker11.log
-srvPort
57157
Successfully changed project path to: C:/Users/fko2347054/Documents/GitHub/TimeAttackDungeon/TimeAttackDungeon
C:/Users/fko2347054/Documents/GitHub/TimeAttackDungeon/TimeAttackDungeon
[UnityMemory] Configuration Parameters - Can be set up in boot.config
    "memorysetup-bucket-allocator-granularity=16"
    "memorysetup-bucket-allocator-bucket-count=8"
    "memorysetup-bucket-allocator-block-size=33554432"
    "memorysetup-bucket-allocator-block-count=8"
    "memorysetup-main-allocator-block-size=16777216"
    "memorysetup-thread-allocator-block-size=16777216"
    "memorysetup-gfx-main-allocator-block-size=16777216"
    "memorysetup-gfx-thread-allocator-block-size=16777216"
    "memorysetup-cache-allocator-block-size=4194304"
    "memorysetup-typetree-allocator-block-size=2097152"
    "memorysetup-profiler-bucket-allocator-granularity=16"
    "memorysetup-profiler-bucket-allocator-bucket-count=8"
    "memorysetup-profiler-bucket-allocator-block-size=33554432"
    "memorysetup-profiler-bucket-allocator-block-count=8"
    "memorysetup-profiler-allocator-block-size=16777216"
    "memorysetup-profiler-editor-allocator-block-size=1048576"
    "memorysetup-temp-allocator-size-main=16777216"
    "memorysetup-job-temp-allocator-block-size=2097152"
    "memorysetup-job-temp-allocator-block-size-background=1048576"
    "memorysetup-job-temp-allocator-reduction-small-platforms=262144"
    "memorysetup-allocator-temp-initial-block-size-main=262144"
    "memorysetup-allocator-temp-initial-block-size-worker=262144"
    "memorysetup-temp-allocator-size-background-worker=32768"
    "memorysetup-temp-allocator-size-job-worker=262144"
    "memorysetup-temp-allocator-size-preload-manager=33554432"
    "memorysetup-temp-allocator-size-nav-mesh-worker=65536"
    "memorysetup-temp-allocator-size-audio-worker=65536"
    "memorysetup-temp-allocator-size-cloud-worker=32768"
    "memorysetup-temp-allocator-size-gi-baking-worker=262144"
    "memorysetup-temp-allocator-size-gfx=262144"
Player connection [62240] Host "[IP] 172.18.33.112 [Port] 0 [Flags] 2 [Guid] 3421830973 [EditorId] 3421830973 [Version] 1048832 [Id] WindowsEditor(7,FIC-PCROOM3C-12) [Debug] 1 [PackageName] WindowsEditor [ProjectName] Editor" joined multi-casting on [225.0.0.222:54997]...

Player connection [62240] Host "[IP] 172.18.33.112 [Port] 0 [Flags] 2 [Guid] 3421830973 [EditorId] 3421830973 [Version] 1048832 [Id] WindowsEditor(7,FIC-PCROOM3C-12) [Debug] 1 [PackageName] WindowsEditor [ProjectName] Editor" joined alternative multi-casting on [225.0.0.222:34997]...

[Physics::Module] Initialized MultithreadedJobDispatcher with 19 workers.
Refreshing native plugins compatible for Editor in 4.76 ms, found 3 plugins.
Preloading 0 native plugins for Editor in 0.00 ms.
Initialize engine version: 2022.3.13f1 (5f90a5ebde0f)
[Subsystems] Discovering subsystems at path C:/Program Files/Unity/Hub/Editor/2022.3.13f1/Editor/Data/Resources/UnitySubsystems
[Subsystems] Discovering subsystems at path C:/Users/fko2347054/Documents/GitHub/TimeAttackDungeon/TimeAttackDungeon/Assets
GfxDevice: creating device client; threaded=0; jobified=0
Direct3D:
    Version:  Direct3D 11.0 [level 11.1]
    Renderer: NVIDIA GeForce RTX 3070 (ID=0x2488)
    Vendor:   NVIDIA
    VRAM:     8018 MB
    Driver:   31.0.15.5168
Initialize mono
Mono path[0] = 'C:/Program Files/Unity/Hub/Editor/2022.3.13f1/Editor/Data/Managed'
Mono path[1] = 'C:/Program Files/Unity/Hub/Editor/2022.3.13f1/Editor/Data/MonoBleedingEdge/lib/mono/unityjit-win32'
Mono config path = 'C:/Program Files/Unity/Hub/Editor/2022.3.13f1/Editor/Data/MonoBleedingEdge/etc'
Using monoOptions --debugger-agent=transport=dt_socket,embedding=1,server=y,suspend=n,address=127.0.0.1:56924
Begin MonoManager ReloadAssembly
Registering precompiled unity dll's ...
Register platform support module: C:/Program Files/Unity/Hub/Editor/2022.3.13f1/Editor/Data/PlaybackEngines/WebGLSupport/UnityEditor.WebGL.Extensions.dll
Register platform support module: C:/Program Files/Unity/Hub/Editor/2022.3.13f1/Editor/Data/PlaybackEngines/WindowsStandaloneSupport/UnityEditor.WindowsStandalone.Extensions.dll
Registered in 0.003953 seconds.
- Loaded All Assemblies, in  0.224 seconds
Native extension for WindowsStandalone target not found
Native extension for WebGL target not found
Mono: successfully reloaded assembly
- Finished resetting the current domain, in  0.162 seconds
Domain Reload Profiling: 385ms
	BeginReloadAssembly (72ms)
		ExecutionOrderSort (0ms)
		DisableScriptedObjects (0ms)
		BackupInstance (0ms)
		ReleaseScriptingObjects (0ms)
		CreateAndSetChildDomain (1ms)
	RebuildCommonClasses (24ms)
	RebuildNativeTypeToScriptingClass (7ms)
	initialDomainReloadingComplete (36ms)
	LoadAllAssembliesAndSetupDomain (85ms)
		LoadAssemblies (71ms)
		RebuildTransferFunctionScriptingTraits (0ms)
		AnalyzeDomain (84ms)
			TypeCache.Refresh (83ms)
				TypeCache.ScanAssembly (74ms)
			ScanForSourceGeneratedMonoScriptInfo (0ms)
			ResolveRequiredComponents (0ms)
	FinalizeReload (162ms)
		ReleaseScriptCaches (0ms)
		RebuildScriptCaches (0ms)
		SetupLoadedEditorAssemblies (125ms)
			LogAssemblyErrors (0ms)
			InitializePlatformSupportModulesInManaged (6ms)
			SetLoadedEditorAssemblies (4ms)
			RefreshPlugins (0ms)
			BeforeProcessingInitializeOnLoad (1ms)
			ProcessInitializeOnLoadAttributes (83ms)
			ProcessInitializeOnLoadMethodAttributes (31ms)
			AfterProcessingInitializeOnLoad (0ms)
			EditorAssembliesLoaded (0ms)
		ExecutionOrderSort2 (0ms)
		AwakeInstancesAfterBackupRestoration (0ms)
========================================================================
Worker process is ready to serve import requests
Begin MonoManager ReloadAssembly
- Loaded All Assemblies, in  0.398 seconds
Refreshing native plugins compatible for Editor in 1.41 ms, found 3 plugins.
Native extension for WindowsStandalone target not found
Native extension for WebGL target not found
Package Manager log level set to [2]
[Package Manager] Server::EnsureServerProcessIsRunning -- launch failed, reason: Unity was launched with the -noUpm command-line argument
[Package Manager] UpmClient::Send -- Unable to send message (not connected to UPM process).
[Package Manager] Cannot connect to Unity Package Manager local server
Mono: successfully reloaded assembly
- Finished resetting the current domain, in  0.465 seconds
Domain Reload Profiling: 862ms
	BeginReloadAssembly (93ms)
		ExecutionOrderSort (0ms)
		DisableScriptedObjects (4ms)
		BackupInstance (0ms)
		ReleaseScriptingObjects (0ms)
		CreateAndSetChildDomain (15ms)
	RebuildCommonClasses (20ms)
	RebuildNativeTypeToScriptingClass (7ms)
	initialDomainReloadingComplete (26ms)
	LoadAllAssembliesAndSetupDomain (251ms)
		LoadAssemblies (185ms)
		RebuildTransferFunctionScriptingTraits (0ms)
		AnalyzeDomain (118ms)
			TypeCache.Refresh (102ms)
				TypeCache.ScanAssembly (93ms)
			ScanForSourceGeneratedMonoScriptInfo (9ms)
			ResolveRequiredComponents (6ms)
	FinalizeReload (465ms)
		ReleaseScriptCaches (0ms)
		RebuildScriptCaches (0ms)
		SetupLoadedEditorAssemblies (374ms)
			LogAssemblyErrors (0ms)
			InitializePlatformSupportModulesInManaged (4ms)
			SetLoadedEditorAssemblies (3ms)
			RefreshPlugins (0ms)
			BeforeProcessingInitializeOnLoad (37ms)
			ProcessInitializeOnLoadAttributes (313ms)
			ProcessInitializeOnLoadMethodAttributes (13ms)
			AfterProcessingInitializeOnLoad (3ms)
			EditorAssembliesLoaded (0ms)
		ExecutionOrderSort2 (0ms)
		AwakeInstancesAfterBackupRestoration (4ms)
Launched and connected shader compiler UnityShaderCompiler.exe after 0.03 seconds
Refreshing native plugins compatible for Editor in 1.73 ms, found 3 plugins.
Preloading 0 native plugins for Editor in 0.00 ms.
Unloading 3101 Unused Serialized files (Serialized files now loaded: 0)
Unloading 32 unused Assets / (58.2 KB). Loaded Objects now: 3595.
Memory consumption went from 137.2 MB to 137.2 MB.
Total: 2.357900 ms (FindLiveObjects: 0.155300 ms CreateObjectMapping: 0.067700 ms MarkObjects: 2.028700 ms  DeleteObjects: 0.104600 ms)

AssetImportParameters requested are different than current active one (requested -> active):
  custom:scripting/monoscript/fileName/Layer.cs: 28a9c15f2a2c53f65b28c92f54dbfbf9 -> 
  custom:scripting/monoscript/fileName/Category.cs: 3006d49d98db14b84aa65f2d09f1fc1e -> 
  custom:container-demuxer-ogg: 62fdf1f143b41e24485cea50d1cbac27 -> 
  custom:scripting/monoscript/fileName/Tool.cs: be099936d815189850597d589554409d -> 
  custom:scripting/monoscript/fileName/SelectionBox.cs: 731349e70fefdccf4a36d5cb0174ed16 -> 
  custom:scripting/monoscript/fileName/EraserPositionCalculator.cs: 4b8435a1abe38a6d71eeab699266d91b -> 
  custom:scripting/monoscript/fileName/Vector3Extensions.cs: e23141a9c3b911db5103025af5f1d1d3 -> 
  custom:video-codec-MediaFoundation-h265: 746d11721c4dcdbdad8f713fa42b33f4 -> 
  custom:scripting/monoscript/fileName/ToolPanelFactory.cs: 915c954fc2bfddf33b75b96de2566034 -> 
  custom:video-decoder-ogg-theora: a1e56fd34408186e4bbccfd4996cb3dc -> 
  custom:scripting/monoscript/fileName/VisualElementUtility.cs: 6f6e44d1ff7e3764ae212c768ef7a852 -> 
  custom:scripting/monoscript/fileName/Tilemap3D.cs: 0ef5190a7595674db45317b82974ae5e -> 
  custom:framework-win-MediaFoundation: 216162199b28c13a410421893ffa2e32 -> 
  custom:scripting/monoscript/fileName/FabgridHelpWindow.cs: aa519309a2347494c947590dd62d95a0 -> 
  custom:scripting/monoscript/fileName/Tilemap3DEditor.cs: cd00767e77b37927147e4a8913c930c8 -> 
  custom:scripting/monoscript/fileName/RemoveCategoryPopup.cs: 43c06d0eb2db254b508c640e70dc0b61 -> 
  custom:scripting/monoscript/fileName/TilePreviewRenderer.cs: 889a81fc16d8c2b74de30c604b576944 -> 
  custom:scripting/monoscript/fileName/LayerPanel.cs: c369fc5f8c5fa61d1a3ddb22255222d5 -> 
  custom:scripting/monoscript/fileName/SerializableDictionary.cs: 90647cc400823b41df847a6cbfc29026 -> 
  custom:scripting/monoscript/fileName/RectangleTool.cs: d6a1cda47ca34a0deb8854b34cb7d56c -> 918735360672870f95e0d13d8e122888
  custom:scripting/monoscript/fileName/TileRotator.cs: 45b90f0e8b0e8c7ccd158ab15371bf96 -> 
  custom:CustomObjectIndexerAttribute: 756ad292c208cfabdd7b50bc23989ffe -> 
  custom:scripting/monoscript/fileName/AddTile.cs: c202c1646b6e84aa7c89509968f987b0 -> 
  custom:scripting/monoscript/fileName/Configurate.cs: aef6edf58567c6f4a31ca0192a4a3cf4 -> 
  custom:scripting/monoscript/fileName/Paint.cs: a2fa6711b59db0ad07806bd55a243b3e -> 
  custom:scripting/monoscript/fileName/DrawingUtility.cs: 6442c30645f446ca00fa13f1c5db854d -> 
  custom:container-demuxer-webm: 4f35f7cbe854078d1ac9338744f61a02 -> 
  custom:scripting/monoscript/fileName/Brush.cs: 18d5959673a7cd996af46e46b605cd90 -> 
  custom:scripting/monoscript/fileName/Panel.cs: 1745f5cac944ce672f8a621b05a5fc83 -> 
  custom:scripting/monoscript/fileName/ToolFactory.cs: 3ef5cfa0b7b32db2d6de2dbc04fec70e -> 
  custom:scripting/monoscript/fileName/EditTilePopup.cs: c0b3e206bd8ef04872910b9efa46d3b2 -> 
  custom:scripting/monoscript/fileName/AddCategoryPopup.cs: 4a5af658d2ab388fd7bf02ad6e2fe420 -> 
  custom:scripting/monoscript/fileName/FabgridUtility.cs: 1cc3f6cf1d7cd6d1ab1012c7205a53a2 -> 
  custom:scripting/monoscript/fileName/BrushToolPanel.cs: 9709265a949dd0344579f1e7c1a1982c -> 
  custom:container-muxer-webm: aa71ff27fc2769a1b78a27578f13a17b -> 
  custom:scripting/monoscript/fileName/FabgridRaycaster.cs: be4e76468e2b7423cd7bce3c2c097c42 -> 
  custom:scripting/monoscript/fileName/EventHandler.cs: 5e7303d4e2b10b5e728d2f4fd3b372ee -> 
  custom:video-decoder-webm-vp8: 9c59270c3fd7afecdb556c50c9e8de78 -> 
  custom:scripting/monoscript/fileName/FloorTilePositionCalculator.cs: afc7112b63883492d5c2e8ea3289ef10 -> 
  custom:scripting/monoscript/fileName/Batching.cs: 26bc12207cfa9964552cc8dde211d43b -> 
  custom:scripting/monoscript/fileName/Eraser.cs: 03c7e26dc7dd5a3410c8c2a0cde1fbd5 -> 
  custom:SearchIndexIgnoredProperties: e643bd26f0fe6173181afceb89e7c659 -> 
  custom:AudioImporter_EditorPlatform: d09bf68614088b80899f8185d706f6e7 -> 
  custom:scripting/monoscript/fileName/FabgridLogger.cs: d6ceb16130e21d4de9a792b416cb50f6 -> 
  custom:scripting/monoscript/fileName/DebugUtility.cs: 8ed3e1e4dc05e63d9b19c72319b9a546 -> bd490dbb4d22e264b43629b4c0719413
  custom:scripting/monoscript/fileName/TileCollection.cs: 008c86c72aa38afb09d1d0f42e337a4d -> 
  custom:scripting/monoscript/fileName/PathUtility.cs: 0a6ba9c759a750c2a0a64ca279ffd9e0 -> bc44f04172a562131c264196de185160
  custom:scripting/monoscript/fileName/State.cs: 3e4eb54e7deb22faa2e6a48a5e0016b2 -> 7b399a2323d8175a0208ae1f055d7099
  custom:scripting/monoscript/fileName/ActionButton.cs: ddfa90f8c956908298db40bd352a7dd6 -> 
  custom:scripting/monoscript/fileName/TilePositionCalculator.cs: 554a420bbb5cffb933cdf4d9803d03dc -> 
  custom:scripting/monoscript/fileName/GridTilePositionCalculator.cs: 6583f323d88539dc5a5fe4ad8b7e95f1 -> 
  custom:scripting/monoscript/fileName/ToolPanel.cs: bea64f858ed9a899c33eaacd0325c60d -> 
  custom:scripting/monoscript/fileName/LayerBehaviour.cs: ab5630858ed2092989275eb0cd0280be -> 
  custom:scripting/monoscript/fileName/VisualElementExtensions.cs: 91cd1ed51432836872c4c17c65953054 -> 0aad2728225c469038631668406aebb3
  custom:scripting/monoscript/fileName/RectangleToolPanel.cs: a32449d180c6b3c23307217b59e71ca8 -> 
  custom:scripting/monoscript/fileName/StylingUtility.cs: d7b7419654dada6681caa7d717db33ad -> 
  custom:scripting/monoscript/fileName/FabgridMath.cs: 666200bf0ece9ef7fb8f579f0e930771 -> 
  custom:video-encoder-webm-vp8: eb34c28f22e8b96e1ab97ce403110664 -> 
  custom:audio-decoder-ogg-vorbis: bf7c407c2cedff20999df2af8eb42d56 -> 
  custom:scripting/monoscript/fileName/Help.cs: a7ae9747e90cbc7df887ee54b8b7dd05 -> 
  custom:scripting/monoscript/fileName/FSM.cs: af0584e512e49fdad10a1247679a9381 -> 
  custom:scripting/monoscript/fileName/BatchingUtility.cs: 2af19993efbc83dcf1b920f90b5b7582 -> 
  custom:scripting/monoscript/fileName/AdaptiveTilePositionCalculator.cs: b5143269d79b30b504659eefa7fb2e88 -> 
  custom:scripting/monoscript/fileName/TileSet.cs: ed3361b73d7499cd3ac14d49469ee5ca -> 
  custom:scripting/monoscript/fileName/Dialog.cs: 84e53688c5aab11e7e572677b14134c5 -> 
  custom:scripting/monoscript/fileName/MeshTilePositionCalculator.cs: 6413e69266cdf87585e825c5f9c9cb66 -> 
  custom:audio-encoder-webm-vorbis: bf7c407c2cedff20999df2af8eb42d56 -> 
  custom:scripting/monoscript/fileName/Tile.cs: 95629e77caf4499b42c440e93c0ffd15 -> 
  custom:scripting/monoscript/fileName/EraserToolPanel.cs: 8ee6198f59d1aac13435587b79cf016f -> 
  custom:scripting/monoscript/fileName/FabgridRaycastHit.cs: 0e0640e214306a9aa1ca40751bb1e60f -> 
========================================================================
Received Import Request.
  Time since last request: 1042187.227604 seconds.
  path: Assets/com/heparo/terrain/toolkit/demonstration/materials/Demo_Water_Material.mat
  artifactKey: Guid(b630a3ddafa85cf4caeec8e7a7461a5c) Importer(815301076,1909f56bfc062723c751e8b465ee728b)
Start importing Assets/com/heparo/terrain/toolkit/demonstration/materials/Demo_Water_Material.mat using Guid(b630a3ddafa85cf4caeec8e7a7461a5c) Importer(815301076,1909f56bfc062723c751e8b465ee728b)  -> (artifact id: '12ea6842da4d169158a80f005ed362d9') in 0.213851 seconds
Number of updated asset objects reloaded before import = 0
Number of asset objects unloaded after import = 1
========================================================================
Received Import Request.
  Time since last request: 3.454973 seconds.
  path: Assets/com/heparo/terrain/toolkit/demonstration/textures/Sunny2_down.tif
  artifactKey: Guid(a96c58dc4135b044eb89bfb769764999) Importer(815301076,1909f56bfc062723c751e8b465ee728b)
Start importing Assets/com/heparo/terrain/toolkit/demonstration/textures/Sunny2_down.tif using Guid(a96c58dc4135b044eb89bfb769764999) Importer(815301076,1909f56bfc062723c751e8b465ee728b)  -> (artifact id: '87fd43bd615a3a6c4811ed4f7b5343b7') in 0.021518 seconds
Number of updated asset objects reloaded before import = 0
Number of asset objects unloaded after import = 2
Editor requested this worker to shutdown with reason: Scaling down because of idle timeout
TcpMessagingSession - receive error: operation aborted. errorcode: 995, details: スレッドの終了またはアプリケーションの要求によって、I/O 処理は中止されました。
AssetImportWorker is now disconnected from the server
Process exiting
Exiting without the bug reporter. Application will terminate with return code 0